<?xml version="1.0" encoding="UTF-8"?>
<!-- Generated by org.testng.reporters.JUnitXMLReporter -->
<testsuite hostname="SDF4110IPM096" ignored="0" name="Default test" tests="897" failures="12" timestamp="16 Apr 2018 06:12:33 GMT" time="478.052" errors="0">
  <testcase name="getSteps" time="0.391" classname="Executer.Execute"/>
  <testcase name="getSteps" time="0.382" classname="Executer.Execute"/>
  <testcase name="getSteps" time="0.27" classname="Executer.Execute"/>
  <testcase name="getSteps" time="0.256" classname="Executer.Execute"/>
  <testcase name="getSteps" time="0.15" classname="Executer.Execute"/>
  <testcase name="getSteps" time="0.173" classname="Executer.Execute"/>
  <testcase name="getSteps" time="0.238" classname="Executer.Execute"/>
  <testcase name="getSteps" time="0.142" classname="Executer.Execute"/>
  <testcase name="getSteps" time="0.153" classname="Executer.Execute"/>
  <testcase name="getSteps" time="0.175" classname="Executer.Execute"/>
  <testcase name="getSteps" time="0.14" classname="Executer.Execute"/>
  <testcase name="getSteps" time="0.166" classname="Executer.Execute"/>
  <testcase name="getSteps" time="0.118" classname="Executer.Execute"/>
  <testcase name="getSteps" time="0.132" classname="Executer.Execute"/>
  <testcase name="getSteps" time="0.165" classname="Executer.Execute"/>
  <testcase name="getSteps" time="0.165" classname="Executer.Execute"/>
  <testcase name="getSteps" time="0.238" classname="Executer.Execute"/>
  <testcase name="getSteps" time="0.12" classname="Executer.Execute"/>
  <testcase name="getSteps" time="0.204" classname="Executer.Execute"/>
  <testcase name="getSteps" time="0.122" classname="Executer.Execute"/>
  <testcase name="getSteps" time="0.129" classname="Executer.Execute"/>
  <testcase name="getSteps" time="0.111" classname="Executer.Execute"/>
  <testcase name="getSteps" time="0.15" classname="Executer.Execute"/>
  <testcase name="getSteps" time="0.641" classname="Executer.Execute"/>
  <testcase name="getSteps" time="0.107" classname="Executer.Execute"/>
  <testcase name="getSteps" time="0.099" classname="Executer.Execute"/>
  <testcase name="getSteps" time="0.094" classname="Executer.Execute"/>
  <testcase name="getSteps" time="0.115" classname="Executer.Execute"/>
  <testcase name="getSteps" time="0.101" classname="Executer.Execute"/>
  <testcase name="getSteps" time="0.12" classname="Executer.Execute"/>
  <testcase name="getSteps" time="0.119" classname="Executer.Execute"/>
  <testcase name="getSteps" time="0.12" classname="Executer.Execute"/>
  <testcase name="getSteps" time="0.143" classname="Executer.Execute"/>
  <testcase name="getSteps" time="0.111" classname="Executer.Execute"/>
  <testcase name="getSteps" time="0.093" classname="Executer.Execute"/>
  <testcase name="getSteps" time="0.11" classname="Executer.Execute"/>
  <testcase name="getSteps" time="0.09" classname="Executer.Execute"/>
  <testcase name="getSteps" time="0.106" classname="Executer.Execute"/>
  <testcase name="getSteps" time="0.115" classname="Executer.Execute"/>
  <testcase name="getSteps" time="0.093" classname="Executer.Execute"/>
  <testcase name="getSteps" time="0.094" classname="Executer.Execute"/>
  <testcase name="getSteps" time="0.104" classname="Executer.Execute"/>
  <testcase name="getSteps" time="0.082" classname="Executer.Execute"/>
  <testcase name="getSteps" time="0.119" classname="Executer.Execute"/>
  <testcase name="getSteps" time="0.103" classname="Executer.Execute"/>
  <testcase name="getSteps" time="0.084" classname="Executer.Execute"/>
  <testcase name="getSteps" time="0.113" classname="Executer.Execute"/>
  <testcase name="getSteps" time="0.089" classname="Executer.Execute"/>
  <testcase name="getSteps" time="0.087" classname="Executer.Execute"/>
  <testcase name="getSteps" time="0.085" classname="Executer.Execute"/>
  <testcase name="getSteps" time="0.085" classname="Executer.Execute"/>
  <testcase name="getSteps" time="0.103" classname="Executer.Execute"/>
  <testcase name="getSteps" time="0.089" classname="Executer.Execute"/>
  <testcase name="getSteps" time="0.086" classname="Executer.Execute"/>
  <testcase name="getSteps" time="0.096" classname="Executer.Execute"/>
  <testcase name="getSteps" time="0.105" classname="Executer.Execute"/>
  <testcase name="getSteps" time="0.106" classname="Executer.Execute"/>
  <testcase name="getSteps" time="0.111" classname="Executer.Execute"/>
  <testcase name="getSteps" time="0.113" classname="Executer.Execute"/>
  <testcase name="getSteps" time="0.092" classname="Executer.Execute"/>
  <testcase name="getSteps" time="0.085" classname="Executer.Execute"/>
  <testcase name="getSteps" time="0.08" classname="Executer.Execute"/>
  <testcase name="getSteps" time="0.084" classname="Executer.Execute"/>
  <testcase name="getSteps" time="0.087" classname="Executer.Execute"/>
  <testcase name="getSteps" time="0.091" classname="Executer.Execute"/>
  <testcase name="getSteps" time="0.083" classname="Executer.Execute"/>
  <testcase name="getSteps" time="0.078" classname="Executer.Execute"/>
  <testcase name="getSteps" time="0.081" classname="Executer.Execute"/>
  <testcase name="getSteps" time="0.118" classname="Executer.Execute"/>
  <testcase name="getSteps" time="0.094" classname="Executer.Execute"/>
  <testcase name="getSteps" time="0.089" classname="Executer.Execute"/>
  <testcase name="getSteps" time="0.09" classname="Executer.Execute"/>
  <testcase name="getSteps" time="0.087" classname="Executer.Execute"/>
  <testcase name="getSteps" time="0.09" classname="Executer.Execute"/>
  <testcase name="getSteps" time="0.105" classname="Executer.Execute"/>
  <testcase name="getSteps" time="0.083" classname="Executer.Execute"/>
  <testcase name="getSteps" time="0.08" classname="Executer.Execute"/>
  <testcase name="getSteps" time="0.089" classname="Executer.Execute"/>
  <testcase name="getSteps" time="0.079" classname="Executer.Execute"/>
  <testcase name="getSteps" time="0.082" classname="Executer.Execute"/>
  <testcase name="getSteps" time="0.09" classname="Executer.Execute"/>
  <testcase name="getSteps" time="0.089" classname="Executer.Execute"/>
  <testcase name="getSteps" time="0.087" classname="Executer.Execute"/>
  <testcase name="getSteps" time="0.088" classname="Executer.Execute"/>
  <testcase name="getSteps" time="0.087" classname="Executer.Execute"/>
  <testcase name="getSteps" time="0.083" classname="Executer.Execute"/>
  <testcase name="getSteps" time="0.087" classname="Executer.Execute"/>
  <testcase name="getSteps" time="0.091" classname="Executer.Execute"/>
  <testcase name="getSteps" time="0.086" classname="Executer.Execute"/>
  <testcase name="getSteps" time="0.077" classname="Executer.Execute"/>
  <testcase name="getSteps" time="0.135" classname="Executer.Execute"/>
  <testcase name="getSteps" time="0.08" classname="Executer.Execute"/>
  <testcase name="getSteps" time="0.09" classname="Executer.Execute"/>
  <testcase name="getSteps" time="0.085" classname="Executer.Execute"/>
  <testcase name="getSteps" time="0.101" classname="Executer.Execute"/>
  <testcase name="getSteps" time="0.094" classname="Executer.Execute"/>
  <testcase name="getSteps" time="0.086" classname="Executer.Execute"/>
  <testcase name="getSteps" time="0.089" classname="Executer.Execute"/>
  <testcase name="getSteps" time="0.081" classname="Executer.Execute"/>
  <testcase name="getSteps" time="0.077" classname="Executer.Execute"/>
  <testcase name="getSteps" time="0.081" classname="Executer.Execute"/>
  <testcase name="getSteps" time="0.086" classname="Executer.Execute"/>
  <testcase name="getSteps" time="0.082" classname="Executer.Execute"/>
  <testcase name="getSteps" time="0.078" classname="Executer.Execute"/>
  <testcase name="getSteps" time="0.081" classname="Executer.Execute"/>
  <testcase name="getSteps" time="0.075" classname="Executer.Execute"/>
  <testcase name="getSteps" time="0.099" classname="Executer.Execute"/>
  <testcase name="getSteps" time="0.076" classname="Executer.Execute"/>
  <testcase name="getSteps" time="0.084" classname="Executer.Execute"/>
  <testcase name="getSteps" time="0.083" classname="Executer.Execute"/>
  <testcase name="getSteps" time="0.078" classname="Executer.Execute"/>
  <testcase name="getSteps" time="0.081" classname="Executer.Execute"/>
  <testcase name="getSteps" time="0.083" classname="Executer.Execute"/>
  <testcase name="getSteps" time="0.078" classname="Executer.Execute"/>
  <testcase name="getSteps" time="0.077" classname="Executer.Execute"/>
  <testcase name="getSteps" time="0.076" classname="Executer.Execute"/>
  <testcase name="getSteps" time="0.077" classname="Executer.Execute"/>
  <testcase name="getSteps" time="0.081" classname="Executer.Execute"/>
  <testcase name="getSteps" time="0.075" classname="Executer.Execute"/>
  <testcase name="getSteps" time="0.077" classname="Executer.Execute"/>
  <testcase name="getSteps" time="0.076" classname="Executer.Execute"/>
  <testcase name="getSteps" time="0.097" classname="Executer.Execute"/>
  <testcase name="getSteps" time="0.083" classname="Executer.Execute"/>
  <testcase name="getSteps" time="0.081" classname="Executer.Execute"/>
  <testcase name="getSteps" time="0.075" classname="Executer.Execute"/>
  <testcase name="getSteps" time="0.091" classname="Executer.Execute"/>
  <testcase name="getSteps" time="0.179" classname="Executer.Execute"/>
  <testcase name="getSteps" time="0.092" classname="Executer.Execute"/>
  <testcase name="getSteps" time="0.082" classname="Executer.Execute"/>
  <testcase name="getSteps" time="0.081" classname="Executer.Execute"/>
  <testcase name="getSteps" time="0.083" classname="Executer.Execute"/>
  <testcase name="getSteps" time="0.076" classname="Executer.Execute"/>
  <testcase name="getSteps" time="0.075" classname="Executer.Execute"/>
  <testcase name="getSteps" time="0.079" classname="Executer.Execute"/>
  <testcase name="getSteps" time="0.077" classname="Executer.Execute"/>
  <testcase name="getSteps" time="0.083" classname="Executer.Execute"/>
  <testcase name="getSteps" time="10.054" classname="Executer.Execute"/>
  <testcase name="getSteps" time="2.017" classname="Executer.Execute"/>
  <testcase name="getSteps" time="2.135" classname="Executer.Execute"/>
  <testcase name="getSteps" time="1.814" classname="Executer.Execute"/>
  <testcase name="getSteps" time="1.801" classname="Executer.Execute"/>
  <testcase name="getSteps" time="1.747" classname="Executer.Execute"/>
  <testcase name="getSteps" time="1.042" classname="Executer.Execute"/>
  <testcase name="getSteps" time="2.071" classname="Executer.Execute"/>
  <testcase name="getSteps" time="6.934" classname="Executer.Execute"/>
  <testcase name="getSteps" time="1.056" classname="Executer.Execute"/>
  <testcase name="getSteps" time="1.651" classname="Executer.Execute"/>
  <testcase name="getSteps" time="0.601" classname="Executer.Execute"/>
  <testcase name="getSteps" time="0.589" classname="Executer.Execute">
    <failure type="java.lang.NumberFormatException" message="For input string: &amp;quot;NA&amp;quot;">
      <![CDATA[java.lang.NumberFormatException: For input string: "NA"
at java.lang.NumberFormatException.forInputString(Unknown Source)
at java.lang.Integer.parseInt(Unknown Source)
at java.lang.Integer.parseInt(Unknown Source)
at Keywords.getText.getnumber(getText.java:54)
at Keywords.wait.waitForTime(wait.java:8)
at Executer.ExecuteKeywords.ExecuteTheKeywords(ExecuteKeywords.java:106)
at Executer.Execute.getSteps(Execute.java:26)
at sun.reflect.GeneratedMethodAccessor2.invoke(Unknown Source)
at sun.reflect.DelegatingMethodAccessorImpl.invoke(Unknown Source)
at java.lang.reflect.Method.invoke(Unknown Source)
at org.testng.internal.MethodInvocationHelper.invokeMethod(MethodInvocationHelper.java:124)
at org.testng.internal.Invoker.invokeMethod(Invoker.java:580)
at org.testng.internal.Invoker.invokeTestMethod(Invoker.java:716)
at org.testng.internal.Invoker.invokeTestMethods(Invoker.java:988)
at org.testng.internal.TestMethodWorker.invokeTestMethods(TestMethodWorker.java:125)
at org.testng.internal.TestMethodWorker.run(TestMethodWorker.java:109)
at org.testng.TestRunner.privateRun(TestRunner.java:648)
at org.testng.TestRunner.run(TestRunner.java:505)
at org.testng.SuiteRunner.runTest(SuiteRunner.java:455)
at org.testng.SuiteRunner.runSequentially(SuiteRunner.java:450)
at org.testng.SuiteRunner.privateRun(SuiteRunner.java:415)
at org.testng.SuiteRunner.run(SuiteRunner.java:364)
at org.testng.SuiteRunnerWorker.runSuite(SuiteRunnerWorker.java:52)
at org.testng.SuiteRunnerWorker.run(SuiteRunnerWorker.java:84)
at org.testng.TestNG.runSuitesSequentially(TestNG.java:1208)
at org.testng.TestNG.runSuitesLocally(TestNG.java:1137)
at org.testng.TestNG.runSuites(TestNG.java:1049)
at org.testng.TestNG.run(TestNG.java:1017)
at org.testng.remote.AbstractRemoteTestNG.run(AbstractRemoteTestNG.java:114)
at org.testng.remote.RemoteTestNG.initAndRun(RemoteTestNG.java:251)
at org.testng.remote.RemoteTestNG.main(RemoteTestNG.java:77)
]]>
    </failure>
  </testcase> <!-- getSteps -->
  <testcase name="getSteps" time="2.154" classname="Executer.Execute"/>
  <testcase name="getSteps" time="0.76" classname="Executer.Execute"/>
  <testcase name="getSteps" time="0.605" classname="Executer.Execute"/>
  <testcase name="getSteps" time="2.344" classname="Executer.Execute"/>
  <testcase name="getSteps" time="0.665" classname="Executer.Execute"/>
  <testcase name="getSteps" time="1.147" classname="Executer.Execute"/>
  <testcase name="getSteps" time="6.539" classname="Executer.Execute"/>
  <testcase name="getSteps" time="0.813" classname="Executer.Execute">
    <failure type="org.openqa.selenium.WebDriverException" message="unknown error: Element &amp;lt;ul id=&amp;quot;menu-top&amp;quot; class=&amp;quot;back-re k-widget k-reset k-header k-menu k-menu-horizontal&amp;quot; data-role=&amp;quot;menu&amp;quot; role=&amp;quot;menubar&amp;quot; tabindex=&amp;quot;0&amp;quot;&amp;gt;...&amp;lt;/ul&amp;gt; is not clickable at point (1087, 18). Other element would receive the click: &amp;lt;h4 class=&amp;quot;h_4&amp;quot;&amp;gt;...&amp;lt;/h4&amp;gt;
  (Session info: chrome=65.0.3325.181)
  (Driver info: chromedriver=2.36.540470 (e522d04694c7ebea4ba8821272dbef4f9b818c91),platform=Windows NT 6.1.7601 SP1 x86_64) (WARNING: The server did not provide any stacktrace information)
Command duration or timeout: 160 milliseconds
Build info: version: &amp;apos;2.48.2&amp;apos;, revision: &amp;apos;41bccdd10cf2c0560f637404c2d96164b67d9d67&amp;apos;, time: &amp;apos;2015-10-09 13:08:06&amp;apos;
System info: host: &amp;apos;SDF4110IPM096&amp;apos;, ip: &amp;apos;10.254.19.60&amp;apos;, os.name: &amp;apos;Windows 7&amp;apos;, os.arch: &amp;apos;amd64&amp;apos;, os.version: &amp;apos;6.1&amp;apos;, java.version: &amp;apos;1.8.0_151&amp;apos;
Driver info: org.openqa.selenium.chrome.ChromeDriver
Capabilities [{applicationCacheEnabled=false, rotatable=false, mobileEmulationEnabled=false, networkConnectionEnabled=false, chrome={chromedriverVersion=2.36.540470 (e522d04694c7ebea4ba8821272dbef4f9b818c91), userDataDir=C:\Users\JAIN~1.ANU\AppData\Local\Temp\scoped_dir6964_26814}, takesHeapSnapshot=true, pageLoadStrategy=normal, databaseEnabled=false, handlesAlerts=true, hasTouchScreen=false, version=65.0.3325.181, platform=XP, browserConnectionEnabled=false, nativeEvents=true, acceptSslCerts=false, acceptInsecureCerts=false, locationContextEnabled=true, webStorageEnabled=true, browserName=chrome, takesScreenshot=true, javascriptEnabled=true, cssSelectorsEnabled=true, setWindowRect=true, unexpectedAlertBehaviour=}]
Session ID: 81b3ba94408160ed7d4133c2d74f51a9">
      <![CDATA[org.openqa.selenium.WebDriverException: unknown error: Element <ul id="menu-top" class="back-re k-widget k-reset k-header k-menu k-menu-horizontal" data-role="menu" role="menubar" tabindex="0">...</ul> is not clickable at point (1087, 18). Other element would receive the click: <h4 class="h_4">...</h4>
  (Session info: chrome=65.0.3325.181)
  (Driver info: chromedriver=2.36.540470 (e522d04694c7ebea4ba8821272dbef4f9b818c91),platform=Windows NT 6.1.7601 SP1 x86_64) (WARNING: The server did not provide any stacktrace information)
Command duration or timeout: 160 milliseconds
Build info: version: '2.48.2', revision: '41bccdd10cf2c0560f637404c2d96164b67d9d67', time: '2015-10-09 13:08:06'
System info: host: 'SDF4110IPM096', ip: '10.254.19.60', os.name: 'Windows 7', os.arch: 'amd64', os.version: '6.1', java.version: '1.8.0_151'
Driver info: org.openqa.selenium.chrome.ChromeDriver
Capabilities [{applicationCacheEnabled=false, rotatable=false, mobileEmulationEnabled=false, networkConnectionEnabled=false, chrome={chromedriverVersion=2.36.540470 (e522d04694c7ebea4ba8821272dbef4f9b818c91), userDataDir=C:\Users\JAIN~1.ANU\AppData\Local\Temp\scoped_dir6964_26814}, takesHeapSnapshot=true, pageLoadStrategy=normal, databaseEnabled=false, handlesAlerts=true, hasTouchScreen=false, version=65.0.3325.181, platform=XP, browserConnectionEnabled=false, nativeEvents=true, acceptSslCerts=false, acceptInsecureCerts=false, locationContextEnabled=true, webStorageEnabled=true, browserName=chrome, takesScreenshot=true, javascriptEnabled=true, cssSelectorsEnabled=true, setWindowRect=true, unexpectedAlertBehaviour=}]
Session ID: 81b3ba94408160ed7d4133c2d74f51a9
at sun.reflect.NativeConstructorAccessorImpl.newInstance0(Native Method)
at sun.reflect.NativeConstructorAccessorImpl.newInstance(Unknown Source)
at sun.reflect.DelegatingConstructorAccessorImpl.newInstance(Unknown Source)
at java.lang.reflect.Constructor.newInstance(Unknown Source)
at org.openqa.selenium.remote.ErrorHandler.createThrowable(ErrorHandler.java:206)
at org.openqa.selenium.remote.ErrorHandler.throwIfResponseFailed(ErrorHandler.java:158)
at org.openqa.selenium.remote.RemoteWebDriver.execute(RemoteWebDriver.java:647)
at org.openqa.selenium.remote.RemoteWebElement.execute(RemoteWebElement.java:326)
at org.openqa.selenium.remote.RemoteWebElement.click(RemoteWebElement.java:84)
at Keywords.Logout.LoginLogoutVerify(Logout.java:16)
at Executer.ExecuteKeywords.ExecuteTheKeywords(ExecuteKeywords.java:86)
at Executer.Execute.getSteps(Execute.java:26)
at sun.reflect.GeneratedMethodAccessor2.invoke(Unknown Source)
at sun.reflect.DelegatingMethodAccessorImpl.invoke(Unknown Source)
at java.lang.reflect.Method.invoke(Unknown Source)
at org.testng.internal.MethodInvocationHelper.invokeMethod(MethodInvocationHelper.java:124)
at org.testng.internal.Invoker.invokeMethod(Invoker.java:580)
at org.testng.internal.Invoker.invokeTestMethod(Invoker.java:716)
at org.testng.internal.Invoker.invokeTestMethods(Invoker.java:988)
at org.testng.internal.TestMethodWorker.invokeTestMethods(TestMethodWorker.java:125)
at org.testng.internal.TestMethodWorker.run(TestMethodWorker.java:109)
at org.testng.TestRunner.privateRun(TestRunner.java:648)
at org.testng.TestRunner.run(TestRunner.java:505)
at org.testng.SuiteRunner.runTest(SuiteRunner.java:455)
at org.testng.SuiteRunner.runSequentially(SuiteRunner.java:450)
at org.testng.SuiteRunner.privateRun(SuiteRunner.java:415)
at org.testng.SuiteRunner.run(SuiteRunner.java:364)
at org.testng.SuiteRunnerWorker.runSuite(SuiteRunnerWorker.java:52)
at org.testng.SuiteRunnerWorker.run(SuiteRunnerWorker.java:84)
at org.testng.TestNG.runSuitesSequentially(TestNG.java:1208)
at org.testng.TestNG.runSuitesLocally(TestNG.java:1137)
at org.testng.TestNG.runSuites(TestNG.java:1049)
at org.testng.TestNG.run(TestNG.java:1017)
at org.testng.remote.AbstractRemoteTestNG.run(AbstractRemoteTestNG.java:114)
at org.testng.remote.RemoteTestNG.initAndRun(RemoteTestNG.java:251)
at org.testng.remote.RemoteTestNG.main(RemoteTestNG.java:77)
]]>
    </failure>
  </testcase> <!-- getSteps -->
  <testcase name="getSteps" time="3.584" classname="Executer.Execute"/>
  <testcase name="getSteps" time="1.859" classname="Executer.Execute"/>
  <testcase name="getSteps" time="6.331" classname="Executer.Execute"/>
  <testcase name="getSteps" time="0.997" classname="Executer.Execute"/>
  <testcase name="getSteps" time="11.549" classname="Executer.Execute">
    <failure type="org.openqa.selenium.NoSuchElementException" message="no such element: Unable to locate element: {&amp;quot;method&amp;quot;:&amp;quot;xpath&amp;quot;,&amp;quot;selector&amp;quot;:&amp;quot;.//*[@id=&amp;apos;choice1&amp;apos;]&amp;quot;}
  (Session info: chrome=65.0.3325.181)
  (Driver info: chromedriver=2.36.540470 (e522d04694c7ebea4ba8821272dbef4f9b818c91),platform=Windows NT 6.1.7601 SP1 x86_64) (WARNING: The server did not provide any stacktrace information)
Command duration or timeout: 10.60 seconds
For documentation on this error, please visit: http://seleniumhq.org/exceptions/no_such_element.html
Build info: version: &amp;apos;2.48.2&amp;apos;, revision: &amp;apos;41bccdd10cf2c0560f637404c2d96164b67d9d67&amp;apos;, time: &amp;apos;2015-10-09 13:08:06&amp;apos;
System info: host: &amp;apos;SDF4110IPM096&amp;apos;, ip: &amp;apos;10.254.19.60&amp;apos;, os.name: &amp;apos;Windows 7&amp;apos;, os.arch: &amp;apos;amd64&amp;apos;, os.version: &amp;apos;6.1&amp;apos;, java.version: &amp;apos;1.8.0_151&amp;apos;
Driver info: org.openqa.selenium.chrome.ChromeDriver
Capabilities [{applicationCacheEnabled=false, rotatable=false, mobileEmulationEnabled=false, networkConnectionEnabled=false, chrome={chromedriverVersion=2.36.540470 (e522d04694c7ebea4ba8821272dbef4f9b818c91), userDataDir=C:\Users\JAIN~1.ANU\AppData\Local\Temp\scoped_dir7004_28768}, takesHeapSnapshot=true, pageLoadStrategy=normal, databaseEnabled=false, handlesAlerts=true, hasTouchScreen=false, version=65.0.3325.181, platform=XP, browserConnectionEnabled=false, nativeEvents=true, acceptSslCerts=false, acceptInsecureCerts=false, locationContextEnabled=true, webStorageEnabled=true, browserName=chrome, takesScreenshot=true, javascriptEnabled=true, cssSelectorsEnabled=true, setWindowRect=true, unexpectedAlertBehaviour=}]
Session ID: e18d954937003294f7a66c567b21672f
*** Element info: {Using=xpath, value=.//*[@id=&amp;apos;choice1&amp;apos;]}">
      <![CDATA[org.openqa.selenium.NoSuchElementException: no such element: Unable to locate element: {"method":"xpath","selector":".//*[@id='choice1']"}
  (Session info: chrome=65.0.3325.181)
  (Driver info: chromedriver=2.36.540470 (e522d04694c7ebea4ba8821272dbef4f9b818c91),platform=Windows NT 6.1.7601 SP1 x86_64) (WARNING: The server did not provide any stacktrace information)
Command duration or timeout: 10.60 seconds
For documentation on this error, please visit: http://seleniumhq.org/exceptions/no_such_element.html
Build info: version: '2.48.2', revision: '41bccdd10cf2c0560f637404c2d96164b67d9d67', time: '2015-10-09 13:08:06'
System info: host: 'SDF4110IPM096', ip: '10.254.19.60', os.name: 'Windows 7', os.arch: 'amd64', os.version: '6.1', java.version: '1.8.0_151'
Driver info: org.openqa.selenium.chrome.ChromeDriver
Capabilities [{applicationCacheEnabled=false, rotatable=false, mobileEmulationEnabled=false, networkConnectionEnabled=false, chrome={chromedriverVersion=2.36.540470 (e522d04694c7ebea4ba8821272dbef4f9b818c91), userDataDir=C:\Users\JAIN~1.ANU\AppData\Local\Temp\scoped_dir7004_28768}, takesHeapSnapshot=true, pageLoadStrategy=normal, databaseEnabled=false, handlesAlerts=true, hasTouchScreen=false, version=65.0.3325.181, platform=XP, browserConnectionEnabled=false, nativeEvents=true, acceptSslCerts=false, acceptInsecureCerts=false, locationContextEnabled=true, webStorageEnabled=true, browserName=chrome, takesScreenshot=true, javascriptEnabled=true, cssSelectorsEnabled=true, setWindowRect=true, unexpectedAlertBehaviour=}]
Session ID: e18d954937003294f7a66c567b21672f
*** Element info: {Using=xpath, value=.//*[@id='choice1']}
at sun.reflect.NativeConstructorAccessorImpl.newInstance0(Native Method)
at sun.reflect.NativeConstructorAccessorImpl.newInstance(Unknown Source)
at sun.reflect.DelegatingConstructorAccessorImpl.newInstance(Unknown Source)
at java.lang.reflect.Constructor.newInstance(Unknown Source)
at org.openqa.selenium.remote.ErrorHandler.createThrowable(ErrorHandler.java:206)
at org.openqa.selenium.remote.ErrorHandler.throwIfResponseFailed(ErrorHandler.java:158)
at org.openqa.selenium.remote.RemoteWebDriver.execute(RemoteWebDriver.java:647)
at org.openqa.selenium.remote.RemoteWebDriver.findElement(RemoteWebDriver.java:353)
at org.openqa.selenium.remote.RemoteWebDriver.findElementByXPath(RemoteWebDriver.java:490)
at org.openqa.selenium.By$ByXPath.findElement(By.java:361)
at org.openqa.selenium.remote.RemoteWebDriver.findElement(RemoteWebDriver.java:345)
at Keywords.click.clickTheButton(click.java:15)
at Executer.ExecuteKeywords.ExecuteTheKeywords(ExecuteKeywords.java:66)
at Executer.Execute.getSteps(Execute.java:26)
at sun.reflect.GeneratedMethodAccessor2.invoke(Unknown Source)
at sun.reflect.DelegatingMethodAccessorImpl.invoke(Unknown Source)
at java.lang.reflect.Method.invoke(Unknown Source)
at org.testng.internal.MethodInvocationHelper.invokeMethod(MethodInvocationHelper.java:124)
at org.testng.internal.Invoker.invokeMethod(Invoker.java:580)
at org.testng.internal.Invoker.invokeTestMethod(Invoker.java:716)
at org.testng.internal.Invoker.invokeTestMethods(Invoker.java:988)
at org.testng.internal.TestMethodWorker.invokeTestMethods(TestMethodWorker.java:125)
at org.testng.internal.TestMethodWorker.run(TestMethodWorker.java:109)
at org.testng.TestRunner.privateRun(TestRunner.java:648)
at org.testng.TestRunner.run(TestRunner.java:505)
at org.testng.SuiteRunner.runTest(SuiteRunner.java:455)
at org.testng.SuiteRunner.runSequentially(SuiteRunner.java:450)
at org.testng.SuiteRunner.privateRun(SuiteRunner.java:415)
at org.testng.SuiteRunner.run(SuiteRunner.java:364)
at org.testng.SuiteRunnerWorker.runSuite(SuiteRunnerWorker.java:52)
at org.testng.SuiteRunnerWorker.run(SuiteRunnerWorker.java:84)
at org.testng.TestNG.runSuitesSequentially(TestNG.java:1208)
at org.testng.TestNG.runSuitesLocally(TestNG.java:1137)
at org.testng.TestNG.runSuites(TestNG.java:1049)
at org.testng.TestNG.run(TestNG.java:1017)
at org.testng.remote.AbstractRemoteTestNG.run(AbstractRemoteTestNG.java:114)
at org.testng.remote.RemoteTestNG.initAndRun(RemoteTestNG.java:251)
at org.testng.remote.RemoteTestNG.main(RemoteTestNG.java:77)
]]>
    </failure>
  </testcase> <!-- getSteps -->
  <testcase name="getSteps" time="10.498" classname="Executer.Execute">
    <failure type="org.openqa.selenium.NoSuchElementException" message="no such element: Unable to locate element: {&amp;quot;method&amp;quot;:&amp;quot;xpath&amp;quot;,&amp;quot;selector&amp;quot;:&amp;quot;.//*[@id=&amp;apos;btnSubmit&amp;apos;]&amp;quot;}
  (Session info: chrome=65.0.3325.181)
  (Driver info: chromedriver=2.36.540470 (e522d04694c7ebea4ba8821272dbef4f9b818c91),platform=Windows NT 6.1.7601 SP1 x86_64) (WARNING: The server did not provide any stacktrace information)
Command duration or timeout: 10.02 seconds
For documentation on this error, please visit: http://seleniumhq.org/exceptions/no_such_element.html
Build info: version: &amp;apos;2.48.2&amp;apos;, revision: &amp;apos;41bccdd10cf2c0560f637404c2d96164b67d9d67&amp;apos;, time: &amp;apos;2015-10-09 13:08:06&amp;apos;
System info: host: &amp;apos;SDF4110IPM096&amp;apos;, ip: &amp;apos;10.254.19.60&amp;apos;, os.name: &amp;apos;Windows 7&amp;apos;, os.arch: &amp;apos;amd64&amp;apos;, os.version: &amp;apos;6.1&amp;apos;, java.version: &amp;apos;1.8.0_151&amp;apos;
Driver info: org.openqa.selenium.chrome.ChromeDriver
Capabilities [{applicationCacheEnabled=false, rotatable=false, mobileEmulationEnabled=false, networkConnectionEnabled=false, chrome={chromedriverVersion=2.36.540470 (e522d04694c7ebea4ba8821272dbef4f9b818c91), userDataDir=C:\Users\JAIN~1.ANU\AppData\Local\Temp\scoped_dir7004_28768}, takesHeapSnapshot=true, pageLoadStrategy=normal, databaseEnabled=false, handlesAlerts=true, hasTouchScreen=false, version=65.0.3325.181, platform=XP, browserConnectionEnabled=false, nativeEvents=true, acceptSslCerts=false, acceptInsecureCerts=false, locationContextEnabled=true, webStorageEnabled=true, browserName=chrome, takesScreenshot=true, javascriptEnabled=true, cssSelectorsEnabled=true, setWindowRect=true, unexpectedAlertBehaviour=}]
Session ID: e18d954937003294f7a66c567b21672f
*** Element info: {Using=xpath, value=.//*[@id=&amp;apos;btnSubmit&amp;apos;]}">
      <![CDATA[org.openqa.selenium.NoSuchElementException: no such element: Unable to locate element: {"method":"xpath","selector":".//*[@id='btnSubmit']"}
  (Session info: chrome=65.0.3325.181)
  (Driver info: chromedriver=2.36.540470 (e522d04694c7ebea4ba8821272dbef4f9b818c91),platform=Windows NT 6.1.7601 SP1 x86_64) (WARNING: The server did not provide any stacktrace information)
Command duration or timeout: 10.02 seconds
For documentation on this error, please visit: http://seleniumhq.org/exceptions/no_such_element.html
Build info: version: '2.48.2', revision: '41bccdd10cf2c0560f637404c2d96164b67d9d67', time: '2015-10-09 13:08:06'
System info: host: 'SDF4110IPM096', ip: '10.254.19.60', os.name: 'Windows 7', os.arch: 'amd64', os.version: '6.1', java.version: '1.8.0_151'
Driver info: org.openqa.selenium.chrome.ChromeDriver
Capabilities [{applicationCacheEnabled=false, rotatable=false, mobileEmulationEnabled=false, networkConnectionEnabled=false, chrome={chromedriverVersion=2.36.540470 (e522d04694c7ebea4ba8821272dbef4f9b818c91), userDataDir=C:\Users\JAIN~1.ANU\AppData\Local\Temp\scoped_dir7004_28768}, takesHeapSnapshot=true, pageLoadStrategy=normal, databaseEnabled=false, handlesAlerts=true, hasTouchScreen=false, version=65.0.3325.181, platform=XP, browserConnectionEnabled=false, nativeEvents=true, acceptSslCerts=false, acceptInsecureCerts=false, locationContextEnabled=true, webStorageEnabled=true, browserName=chrome, takesScreenshot=true, javascriptEnabled=true, cssSelectorsEnabled=true, setWindowRect=true, unexpectedAlertBehaviour=}]
Session ID: e18d954937003294f7a66c567b21672f
*** Element info: {Using=xpath, value=.//*[@id='btnSubmit']}
at sun.reflect.NativeConstructorAccessorImpl.newInstance0(Native Method)
at sun.reflect.NativeConstructorAccessorImpl.newInstance(Unknown Source)
at sun.reflect.DelegatingConstructorAccessorImpl.newInstance(Unknown Source)
at java.lang.reflect.Constructor.newInstance(Unknown Source)
at org.openqa.selenium.remote.ErrorHandler.createThrowable(ErrorHandler.java:206)
at org.openqa.selenium.remote.ErrorHandler.throwIfResponseFailed(ErrorHandler.java:158)
at org.openqa.selenium.remote.RemoteWebDriver.execute(RemoteWebDriver.java:647)
at org.openqa.selenium.remote.RemoteWebDriver.findElement(RemoteWebDriver.java:353)
at org.openqa.selenium.remote.RemoteWebDriver.findElementByXPath(RemoteWebDriver.java:490)
at org.openqa.selenium.By$ByXPath.findElement(By.java:361)
at org.openqa.selenium.remote.RemoteWebDriver.findElement(RemoteWebDriver.java:345)
at Keywords.click.clickTheButton(click.java:15)
at Executer.ExecuteKeywords.ExecuteTheKeywords(ExecuteKeywords.java:66)
at Executer.Execute.getSteps(Execute.java:26)
at sun.reflect.GeneratedMethodAccessor2.invoke(Unknown Source)
at sun.reflect.DelegatingMethodAccessorImpl.invoke(Unknown Source)
at java.lang.reflect.Method.invoke(Unknown Source)
at org.testng.internal.MethodInvocationHelper.invokeMethod(MethodInvocationHelper.java:124)
at org.testng.internal.Invoker.invokeMethod(Invoker.java:580)
at org.testng.internal.Invoker.invokeTestMethod(Invoker.java:716)
at org.testng.internal.Invoker.invokeTestMethods(Invoker.java:988)
at org.testng.internal.TestMethodWorker.invokeTestMethods(TestMethodWorker.java:125)
at org.testng.internal.TestMethodWorker.run(TestMethodWorker.java:109)
at org.testng.TestRunner.privateRun(TestRunner.java:648)
at org.testng.TestRunner.run(TestRunner.java:505)
at org.testng.SuiteRunner.runTest(SuiteRunner.java:455)
at org.testng.SuiteRunner.runSequentially(SuiteRunner.java:450)
at org.testng.SuiteRunner.privateRun(SuiteRunner.java:415)
at org.testng.SuiteRunner.run(SuiteRunner.java:364)
at org.testng.SuiteRunnerWorker.runSuite(SuiteRunnerWorker.java:52)
at org.testng.SuiteRunnerWorker.run(SuiteRunnerWorker.java:84)
at org.testng.TestNG.runSuitesSequentially(TestNG.java:1208)
at org.testng.TestNG.runSuitesLocally(TestNG.java:1137)
at org.testng.TestNG.runSuites(TestNG.java:1049)
at org.testng.TestNG.run(TestNG.java:1017)
at org.testng.remote.AbstractRemoteTestNG.run(AbstractRemoteTestNG.java:114)
at org.testng.remote.RemoteTestNG.initAndRun(RemoteTestNG.java:251)
at org.testng.remote.RemoteTestNG.main(RemoteTestNG.java:77)
]]>
    </failure>
  </testcase> <!-- getSteps -->
  <testcase name="getSteps" time="50.442" classname="Executer.Execute"/>
  <testcase name="getSteps" time="0.668" classname="Executer.Execute"/>
  <testcase name="getSteps" time="1.617" classname="Executer.Execute"/>
  <testcase name="getSteps" time="0.599" classname="Executer.Execute"/>
  <testcase name="getSteps" time="1.695" classname="Executer.Execute"/>
  <testcase name="getSteps" time="4.426" classname="Executer.Execute"/>
  <testcase name="getSteps" time="3.562" classname="Executer.Execute"/>
  <testcase name="getSteps" time="2.215" classname="Executer.Execute"/>
  <testcase name="getSteps" time="11.441" classname="Executer.Execute"/>
  <testcase name="getSteps" time="1.593" classname="Executer.Execute"/>
  <testcase name="getSteps" time="3.618" classname="Executer.Execute"/>
  <testcase name="getSteps" time="2.189" classname="Executer.Execute"/>
  <testcase name="getSteps" time="3.481" classname="Executer.Execute"/>
  <testcase name="getSteps" time="5.649" classname="Executer.Execute"/>
  <testcase name="getSteps" time="1.148" classname="Executer.Execute"/>
  <testcase name="getSteps" time="12.599" classname="Executer.Execute">
    <failure type="org.openqa.selenium.NoSuchElementException" message="no such element: Unable to locate element: {&amp;quot;method&amp;quot;:&amp;quot;xpath&amp;quot;,&amp;quot;selector&amp;quot;:&amp;quot;.//*[@id=&amp;apos;choice1&amp;apos;]&amp;quot;}
  (Session info: chrome=65.0.3325.181)
  (Driver info: chromedriver=2.36.540470 (e522d04694c7ebea4ba8821272dbef4f9b818c91),platform=Windows NT 6.1.7601 SP1 x86_64) (WARNING: The server did not provide any stacktrace information)
Command duration or timeout: 11.84 seconds
For documentation on this error, please visit: http://seleniumhq.org/exceptions/no_such_element.html
Build info: version: &amp;apos;2.48.2&amp;apos;, revision: &amp;apos;41bccdd10cf2c0560f637404c2d96164b67d9d67&amp;apos;, time: &amp;apos;2015-10-09 13:08:06&amp;apos;
System info: host: &amp;apos;SDF4110IPM096&amp;apos;, ip: &amp;apos;10.254.19.60&amp;apos;, os.name: &amp;apos;Windows 7&amp;apos;, os.arch: &amp;apos;amd64&amp;apos;, os.version: &amp;apos;6.1&amp;apos;, java.version: &amp;apos;1.8.0_151&amp;apos;
Driver info: org.openqa.selenium.chrome.ChromeDriver
Capabilities [{applicationCacheEnabled=false, rotatable=false, mobileEmulationEnabled=false, networkConnectionEnabled=false, chrome={chromedriverVersion=2.36.540470 (e522d04694c7ebea4ba8821272dbef4f9b818c91), userDataDir=C:\Users\JAIN~1.ANU\AppData\Local\Temp\scoped_dir5172_24010}, takesHeapSnapshot=true, pageLoadStrategy=normal, databaseEnabled=false, handlesAlerts=true, hasTouchScreen=false, version=65.0.3325.181, platform=XP, browserConnectionEnabled=false, nativeEvents=true, acceptSslCerts=false, acceptInsecureCerts=false, locationContextEnabled=true, webStorageEnabled=true, browserName=chrome, takesScreenshot=true, javascriptEnabled=true, cssSelectorsEnabled=true, setWindowRect=true, unexpectedAlertBehaviour=}]
Session ID: 010e9fc6cdc54ada7dd163854ce1b8a2
*** Element info: {Using=xpath, value=.//*[@id=&amp;apos;choice1&amp;apos;]}">
      <![CDATA[org.openqa.selenium.NoSuchElementException: no such element: Unable to locate element: {"method":"xpath","selector":".//*[@id='choice1']"}
  (Session info: chrome=65.0.3325.181)
  (Driver info: chromedriver=2.36.540470 (e522d04694c7ebea4ba8821272dbef4f9b818c91),platform=Windows NT 6.1.7601 SP1 x86_64) (WARNING: The server did not provide any stacktrace information)
Command duration or timeout: 11.84 seconds
For documentation on this error, please visit: http://seleniumhq.org/exceptions/no_such_element.html
Build info: version: '2.48.2', revision: '41bccdd10cf2c0560f637404c2d96164b67d9d67', time: '2015-10-09 13:08:06'
System info: host: 'SDF4110IPM096', ip: '10.254.19.60', os.name: 'Windows 7', os.arch: 'amd64', os.version: '6.1', java.version: '1.8.0_151'
Driver info: org.openqa.selenium.chrome.ChromeDriver
Capabilities [{applicationCacheEnabled=false, rotatable=false, mobileEmulationEnabled=false, networkConnectionEnabled=false, chrome={chromedriverVersion=2.36.540470 (e522d04694c7ebea4ba8821272dbef4f9b818c91), userDataDir=C:\Users\JAIN~1.ANU\AppData\Local\Temp\scoped_dir5172_24010}, takesHeapSnapshot=true, pageLoadStrategy=normal, databaseEnabled=false, handlesAlerts=true, hasTouchScreen=false, version=65.0.3325.181, platform=XP, browserConnectionEnabled=false, nativeEvents=true, acceptSslCerts=false, acceptInsecureCerts=false, locationContextEnabled=true, webStorageEnabled=true, browserName=chrome, takesScreenshot=true, javascriptEnabled=true, cssSelectorsEnabled=true, setWindowRect=true, unexpectedAlertBehaviour=}]
Session ID: 010e9fc6cdc54ada7dd163854ce1b8a2
*** Element info: {Using=xpath, value=.//*[@id='choice1']}
at sun.reflect.NativeConstructorAccessorImpl.newInstance0(Native Method)
at sun.reflect.NativeConstructorAccessorImpl.newInstance(Unknown Source)
at sun.reflect.DelegatingConstructorAccessorImpl.newInstance(Unknown Source)
at java.lang.reflect.Constructor.newInstance(Unknown Source)
at org.openqa.selenium.remote.ErrorHandler.createThrowable(ErrorHandler.java:206)
at org.openqa.selenium.remote.ErrorHandler.throwIfResponseFailed(ErrorHandler.java:158)
at org.openqa.selenium.remote.RemoteWebDriver.execute(RemoteWebDriver.java:647)
at org.openqa.selenium.remote.RemoteWebDriver.findElement(RemoteWebDriver.java:353)
at org.openqa.selenium.remote.RemoteWebDriver.findElementByXPath(RemoteWebDriver.java:490)
at org.openqa.selenium.By$ByXPath.findElement(By.java:361)
at org.openqa.selenium.remote.RemoteWebDriver.findElement(RemoteWebDriver.java:345)
at Keywords.click.clickTheButton(click.java:15)
at Executer.ExecuteKeywords.ExecuteTheKeywords(ExecuteKeywords.java:66)
at Executer.Execute.getSteps(Execute.java:26)
at sun.reflect.GeneratedMethodAccessor2.invoke(Unknown Source)
at sun.reflect.DelegatingMethodAccessorImpl.invoke(Unknown Source)
at java.lang.reflect.Method.invoke(Unknown Source)
at org.testng.internal.MethodInvocationHelper.invokeMethod(MethodInvocationHelper.java:124)
at org.testng.internal.Invoker.invokeMethod(Invoker.java:580)
at org.testng.internal.Invoker.invokeTestMethod(Invoker.java:716)
at org.testng.internal.Invoker.invokeTestMethods(Invoker.java:988)
at org.testng.internal.TestMethodWorker.invokeTestMethods(TestMethodWorker.java:125)
at org.testng.internal.TestMethodWorker.run(TestMethodWorker.java:109)
at org.testng.TestRunner.privateRun(TestRunner.java:648)
at org.testng.TestRunner.run(TestRunner.java:505)
at org.testng.SuiteRunner.runTest(SuiteRunner.java:455)
at org.testng.SuiteRunner.runSequentially(SuiteRunner.java:450)
at org.testng.SuiteRunner.privateRun(SuiteRunner.java:415)
at org.testng.SuiteRunner.run(SuiteRunner.java:364)
at org.testng.SuiteRunnerWorker.runSuite(SuiteRunnerWorker.java:52)
at org.testng.SuiteRunnerWorker.run(SuiteRunnerWorker.java:84)
at org.testng.TestNG.runSuitesSequentially(TestNG.java:1208)
at org.testng.TestNG.runSuitesLocally(TestNG.java:1137)
at org.testng.TestNG.runSuites(TestNG.java:1049)
at org.testng.TestNG.run(TestNG.java:1017)
at org.testng.remote.AbstractRemoteTestNG.run(AbstractRemoteTestNG.java:114)
at org.testng.remote.RemoteTestNG.initAndRun(RemoteTestNG.java:251)
at org.testng.remote.RemoteTestNG.main(RemoteTestNG.java:77)
]]>
    </failure>
  </testcase> <!-- getSteps -->
  <testcase name="getSteps" time="10.535" classname="Executer.Execute">
    <failure type="org.openqa.selenium.NoSuchElementException" message="no such element: Unable to locate element: {&amp;quot;method&amp;quot;:&amp;quot;xpath&amp;quot;,&amp;quot;selector&amp;quot;:&amp;quot;.//*[@id=&amp;apos;btnSubmit&amp;apos;]&amp;quot;}
  (Session info: chrome=65.0.3325.181)
  (Driver info: chromedriver=2.36.540470 (e522d04694c7ebea4ba8821272dbef4f9b818c91),platform=Windows NT 6.1.7601 SP1 x86_64) (WARNING: The server did not provide any stacktrace information)
Command duration or timeout: 10.05 seconds
For documentation on this error, please visit: http://seleniumhq.org/exceptions/no_such_element.html
Build info: version: &amp;apos;2.48.2&amp;apos;, revision: &amp;apos;41bccdd10cf2c0560f637404c2d96164b67d9d67&amp;apos;, time: &amp;apos;2015-10-09 13:08:06&amp;apos;
System info: host: &amp;apos;SDF4110IPM096&amp;apos;, ip: &amp;apos;10.254.19.60&amp;apos;, os.name: &amp;apos;Windows 7&amp;apos;, os.arch: &amp;apos;amd64&amp;apos;, os.version: &amp;apos;6.1&amp;apos;, java.version: &amp;apos;1.8.0_151&amp;apos;
Driver info: org.openqa.selenium.chrome.ChromeDriver
Capabilities [{applicationCacheEnabled=false, rotatable=false, mobileEmulationEnabled=false, networkConnectionEnabled=false, chrome={chromedriverVersion=2.36.540470 (e522d04694c7ebea4ba8821272dbef4f9b818c91), userDataDir=C:\Users\JAIN~1.ANU\AppData\Local\Temp\scoped_dir5172_24010}, takesHeapSnapshot=true, pageLoadStrategy=normal, databaseEnabled=false, handlesAlerts=true, hasTouchScreen=false, version=65.0.3325.181, platform=XP, browserConnectionEnabled=false, nativeEvents=true, acceptSslCerts=false, acceptInsecureCerts=false, locationContextEnabled=true, webStorageEnabled=true, browserName=chrome, takesScreenshot=true, javascriptEnabled=true, cssSelectorsEnabled=true, setWindowRect=true, unexpectedAlertBehaviour=}]
Session ID: 010e9fc6cdc54ada7dd163854ce1b8a2
*** Element info: {Using=xpath, value=.//*[@id=&amp;apos;btnSubmit&amp;apos;]}">
      <![CDATA[org.openqa.selenium.NoSuchElementException: no such element: Unable to locate element: {"method":"xpath","selector":".//*[@id='btnSubmit']"}
  (Session info: chrome=65.0.3325.181)
  (Driver info: chromedriver=2.36.540470 (e522d04694c7ebea4ba8821272dbef4f9b818c91),platform=Windows NT 6.1.7601 SP1 x86_64) (WARNING: The server did not provide any stacktrace information)
Command duration or timeout: 10.05 seconds
For documentation on this error, please visit: http://seleniumhq.org/exceptions/no_such_element.html
Build info: version: '2.48.2', revision: '41bccdd10cf2c0560f637404c2d96164b67d9d67', time: '2015-10-09 13:08:06'
System info: host: 'SDF4110IPM096', ip: '10.254.19.60', os.name: 'Windows 7', os.arch: 'amd64', os.version: '6.1', java.version: '1.8.0_151'
Driver info: org.openqa.selenium.chrome.ChromeDriver
Capabilities [{applicationCacheEnabled=false, rotatable=false, mobileEmulationEnabled=false, networkConnectionEnabled=false, chrome={chromedriverVersion=2.36.540470 (e522d04694c7ebea4ba8821272dbef4f9b818c91), userDataDir=C:\Users\JAIN~1.ANU\AppData\Local\Temp\scoped_dir5172_24010}, takesHeapSnapshot=true, pageLoadStrategy=normal, databaseEnabled=false, handlesAlerts=true, hasTouchScreen=false, version=65.0.3325.181, platform=XP, browserConnectionEnabled=false, nativeEvents=true, acceptSslCerts=false, acceptInsecureCerts=false, locationContextEnabled=true, webStorageEnabled=true, browserName=chrome, takesScreenshot=true, javascriptEnabled=true, cssSelectorsEnabled=true, setWindowRect=true, unexpectedAlertBehaviour=}]
Session ID: 010e9fc6cdc54ada7dd163854ce1b8a2
*** Element info: {Using=xpath, value=.//*[@id='btnSubmit']}
at sun.reflect.NativeConstructorAccessorImpl.newInstance0(Native Method)
at sun.reflect.NativeConstructorAccessorImpl.newInstance(Unknown Source)
at sun.reflect.DelegatingConstructorAccessorImpl.newInstance(Unknown Source)
at java.lang.reflect.Constructor.newInstance(Unknown Source)
at org.openqa.selenium.remote.ErrorHandler.createThrowable(ErrorHandler.java:206)
at org.openqa.selenium.remote.ErrorHandler.throwIfResponseFailed(ErrorHandler.java:158)
at org.openqa.selenium.remote.RemoteWebDriver.execute(RemoteWebDriver.java:647)
at org.openqa.selenium.remote.RemoteWebDriver.findElement(RemoteWebDriver.java:353)
at org.openqa.selenium.remote.RemoteWebDriver.findElementByXPath(RemoteWebDriver.java:490)
at org.openqa.selenium.By$ByXPath.findElement(By.java:361)
at org.openqa.selenium.remote.RemoteWebDriver.findElement(RemoteWebDriver.java:345)
at Keywords.click.clickTheButton(click.java:15)
at Executer.ExecuteKeywords.ExecuteTheKeywords(ExecuteKeywords.java:66)
at Executer.Execute.getSteps(Execute.java:26)
at sun.reflect.GeneratedMethodAccessor2.invoke(Unknown Source)
at sun.reflect.DelegatingMethodAccessorImpl.invoke(Unknown Source)
at java.lang.reflect.Method.invoke(Unknown Source)
at org.testng.internal.MethodInvocationHelper.invokeMethod(MethodInvocationHelper.java:124)
at org.testng.internal.Invoker.invokeMethod(Invoker.java:580)
at org.testng.internal.Invoker.invokeTestMethod(Invoker.java:716)
at org.testng.internal.Invoker.invokeTestMethods(Invoker.java:988)
at org.testng.internal.TestMethodWorker.invokeTestMethods(TestMethodWorker.java:125)
at org.testng.internal.TestMethodWorker.run(TestMethodWorker.java:109)
at org.testng.TestRunner.privateRun(TestRunner.java:648)
at org.testng.TestRunner.run(TestRunner.java:505)
at org.testng.SuiteRunner.runTest(SuiteRunner.java:455)
at org.testng.SuiteRunner.runSequentially(SuiteRunner.java:450)
at org.testng.SuiteRunner.privateRun(SuiteRunner.java:415)
at org.testng.SuiteRunner.run(SuiteRunner.java:364)
at org.testng.SuiteRunnerWorker.runSuite(SuiteRunnerWorker.java:52)
at org.testng.SuiteRunnerWorker.run(SuiteRunnerWorker.java:84)
at org.testng.TestNG.runSuitesSequentially(TestNG.java:1208)
at org.testng.TestNG.runSuitesLocally(TestNG.java:1137)
at org.testng.TestNG.runSuites(TestNG.java:1049)
at org.testng.TestNG.run(TestNG.java:1017)
at org.testng.remote.AbstractRemoteTestNG.run(AbstractRemoteTestNG.java:114)
at org.testng.remote.RemoteTestNG.initAndRun(RemoteTestNG.java:251)
at org.testng.remote.RemoteTestNG.main(RemoteTestNG.java:77)
]]>
    </failure>
  </testcase> <!-- getSteps -->
  <testcase name="getSteps" time="3.518" classname="Executer.Execute"/>
  <testcase name="getSteps" time="2.152" classname="Executer.Execute"/>
  <testcase name="getSteps" time="2.027" classname="Executer.Execute"/>
  <testcase name="getSteps" time="1.803" classname="Executer.Execute"/>
  <testcase name="getSteps" time="1.478" classname="Executer.Execute"/>
  <testcase name="getSteps" time="2.695" classname="Executer.Execute"/>
  <testcase name="getSteps" time="1.63" classname="Executer.Execute"/>
  <testcase name="getSteps" time="1.91" classname="Executer.Execute"/>
  <testcase name="getSteps" time="1.513" classname="Executer.Execute"/>
  <testcase name="getSteps" time="2.728" classname="Executer.Execute"/>
  <testcase name="getSteps" time="1.575" classname="Executer.Execute"/>
  <testcase name="getSteps" time="1.654" classname="Executer.Execute"/>
  <testcase name="getSteps" time="1.487" classname="Executer.Execute"/>
  <testcase name="getSteps" time="2.701" classname="Executer.Execute"/>
  <testcase name="getSteps" time="1.607" classname="Executer.Execute"/>
  <testcase name="getSteps" time="1.618" classname="Executer.Execute"/>
  <testcase name="getSteps" time="2.151" classname="Executer.Execute"/>
  <testcase name="getSteps" time="1.636" classname="Executer.Execute"/>
  <testcase name="getSteps" time="1.828" classname="Executer.Execute"/>
  <testcase name="getSteps" time="0.978" classname="Executer.Execute">
    <failure type="com.microsoft.sqlserver.jdbc.SQLServerException" message="Login failed for user &amp;apos;sa&amp;apos;. ClientConnectionId:149b4ed6-ba9f-4913-b261-d5cee8a62d9a">
      <![CDATA[com.microsoft.sqlserver.jdbc.SQLServerException: Login failed for user 'sa'. ClientConnectionId:149b4ed6-ba9f-4913-b261-d5cee8a62d9a
at com.microsoft.sqlserver.jdbc.SQLServerException.makeFromDatabaseError(SQLServerException.java:232)
at com.microsoft.sqlserver.jdbc.TDSTokenHandler.onEOF(tdsparser.java:291)
at com.microsoft.sqlserver.jdbc.TDSParser.parse(tdsparser.java:111)
at com.microsoft.sqlserver.jdbc.SQLServerConnection.sendLogon(SQLServerConnection.java:4376)
at com.microsoft.sqlserver.jdbc.SQLServerConnection.logon(SQLServerConnection.java:3188)
at com.microsoft.sqlserver.jdbc.SQLServerConnection.access$100(SQLServerConnection.java:61)
at com.microsoft.sqlserver.jdbc.SQLServerConnection$LogonCommand.doExecute(SQLServerConnection.java:3151)
at com.microsoft.sqlserver.jdbc.TDSCommand.execute(IOBuffer.java:7535)
at com.microsoft.sqlserver.jdbc.SQLServerConnection.executeCommand(SQLServerConnection.java:2438)
at com.microsoft.sqlserver.jdbc.SQLServerConnection.connectHelper(SQLServerConnection.java:1973)
at com.microsoft.sqlserver.jdbc.SQLServerConnection.login(SQLServerConnection.java:1616)
at com.microsoft.sqlserver.jdbc.SQLServerConnection.connectInternal(SQLServerConnection.java:1447)
at com.microsoft.sqlserver.jdbc.SQLServerConnection.connect(SQLServerConnection.java:788)
at com.microsoft.sqlserver.jdbc.SQLServerDriver.connect(SQLServerDriver.java:1187)
at java.sql.DriverManager.getConnection(Unknown Source)
at java.sql.DriverManager.getConnection(Unknown Source)
at Keywords.DBConnection.ConnectionToDB(DBConnection.java:25)
at Executer.ExecuteKeywords.ExecuteTheKeywords(ExecuteKeywords.java:142)
at Executer.Execute.getSteps(Execute.java:26)
at sun.reflect.GeneratedMethodAccessor2.invoke(Unknown Source)
at sun.reflect.DelegatingMethodAccessorImpl.invoke(Unknown Source)
at java.lang.reflect.Method.invoke(Unknown Source)
at org.testng.internal.MethodInvocationHelper.invokeMethod(MethodInvocationHelper.java:124)
at org.testng.internal.Invoker.invokeMethod(Invoker.java:580)
at org.testng.internal.Invoker.invokeTestMethod(Invoker.java:716)
at org.testng.internal.Invoker.invokeTestMethods(Invoker.java:988)
at org.testng.internal.TestMethodWorker.invokeTestMethods(TestMethodWorker.java:125)
at org.testng.internal.TestMethodWorker.run(TestMethodWorker.java:109)
at org.testng.TestRunner.privateRun(TestRunner.java:648)
at org.testng.TestRunner.run(TestRunner.java:505)
at org.testng.SuiteRunner.runTest(SuiteRunner.java:455)
at org.testng.SuiteRunner.runSequentially(SuiteRunner.java:450)
at org.testng.SuiteRunner.privateRun(SuiteRunner.java:415)
at org.testng.SuiteRunner.run(SuiteRunner.java:364)
at org.testng.SuiteRunnerWorker.runSuite(SuiteRunnerWorker.java:52)
at org.testng.SuiteRunnerWorker.run(SuiteRunnerWorker.java:84)
at org.testng.TestNG.runSuitesSequentially(TestNG.java:1208)
at org.testng.TestNG.runSuitesLocally(TestNG.java:1137)
at org.testng.TestNG.runSuites(TestNG.java:1049)
at org.testng.TestNG.run(TestNG.java:1017)
at org.testng.remote.AbstractRemoteTestNG.run(AbstractRemoteTestNG.java:114)
at org.testng.remote.RemoteTestNG.initAndRun(RemoteTestNG.java:251)
at org.testng.remote.RemoteTestNG.main(RemoteTestNG.java:77)
]]>
    </failure>
  </testcase> <!-- getSteps -->
  <testcase name="getSteps" time="10.46" classname="Executer.Execute"/>
  <testcase name="getSteps" time="0.648" classname="Executer.Execute"/>
  <testcase name="getSteps" time="2.021" classname="Executer.Execute"/>
  <testcase name="getSteps" time="1.691" classname="Executer.Execute"/>
  <testcase name="getSteps" time="10.517" classname="Executer.Execute">
    <failure type="org.openqa.selenium.NoSuchElementException" message="no such element: Unable to locate element: {&amp;quot;method&amp;quot;:&amp;quot;xpath&amp;quot;,&amp;quot;selector&amp;quot;:&amp;quot;.//*[@id=&amp;apos;EntityData/SubEntityDetails?id=21&amp;amp;FieldColumn=FileSaveAnnual_Revenue&amp;amp;FieldID=155&amp;apos;]/span&amp;quot;}
  (Session info: chrome=65.0.3325.181)
  (Driver info: chromedriver=2.36.540470 (e522d04694c7ebea4ba8821272dbef4f9b818c91),platform=Windows NT 6.1.7601 SP1 x86_64) (WARNING: The server did not provide any stacktrace information)
Command duration or timeout: 10.07 seconds
For documentation on this error, please visit: http://seleniumhq.org/exceptions/no_such_element.html
Build info: version: &amp;apos;2.48.2&amp;apos;, revision: &amp;apos;41bccdd10cf2c0560f637404c2d96164b67d9d67&amp;apos;, time: &amp;apos;2015-10-09 13:08:06&amp;apos;
System info: host: &amp;apos;SDF4110IPM096&amp;apos;, ip: &amp;apos;10.254.19.60&amp;apos;, os.name: &amp;apos;Windows 7&amp;apos;, os.arch: &amp;apos;amd64&amp;apos;, os.version: &amp;apos;6.1&amp;apos;, java.version: &amp;apos;1.8.0_151&amp;apos;
Driver info: org.openqa.selenium.chrome.ChromeDriver
Capabilities [{applicationCacheEnabled=false, rotatable=false, mobileEmulationEnabled=false, networkConnectionEnabled=false, chrome={chromedriverVersion=2.36.540470 (e522d04694c7ebea4ba8821272dbef4f9b818c91), userDataDir=C:\Users\JAIN~1.ANU\AppData\Local\Temp\scoped_dir5172_24010}, takesHeapSnapshot=true, pageLoadStrategy=normal, databaseEnabled=false, handlesAlerts=true, hasTouchScreen=false, version=65.0.3325.181, platform=XP, browserConnectionEnabled=false, nativeEvents=true, acceptSslCerts=false, acceptInsecureCerts=false, locationContextEnabled=true, webStorageEnabled=true, browserName=chrome, takesScreenshot=true, javascriptEnabled=true, cssSelectorsEnabled=true, setWindowRect=true, unexpectedAlertBehaviour=}]
Session ID: 010e9fc6cdc54ada7dd163854ce1b8a2
*** Element info: {Using=xpath, value=.//*[@id=&amp;apos;EntityData/SubEntityDetails?id=21&amp;amp;FieldColumn=FileSaveAnnual_Revenue&amp;amp;FieldID=155&amp;apos;]/span}">
      <![CDATA[org.openqa.selenium.NoSuchElementException: no such element: Unable to locate element: {"method":"xpath","selector":".//*[@id='EntityData/SubEntityDetails?id=21&FieldColumn=FileSaveAnnual_Revenue&FieldID=155']/span"}
  (Session info: chrome=65.0.3325.181)
  (Driver info: chromedriver=2.36.540470 (e522d04694c7ebea4ba8821272dbef4f9b818c91),platform=Windows NT 6.1.7601 SP1 x86_64) (WARNING: The server did not provide any stacktrace information)
Command duration or timeout: 10.07 seconds
For documentation on this error, please visit: http://seleniumhq.org/exceptions/no_such_element.html
Build info: version: '2.48.2', revision: '41bccdd10cf2c0560f637404c2d96164b67d9d67', time: '2015-10-09 13:08:06'
System info: host: 'SDF4110IPM096', ip: '10.254.19.60', os.name: 'Windows 7', os.arch: 'amd64', os.version: '6.1', java.version: '1.8.0_151'
Driver info: org.openqa.selenium.chrome.ChromeDriver
Capabilities [{applicationCacheEnabled=false, rotatable=false, mobileEmulationEnabled=false, networkConnectionEnabled=false, chrome={chromedriverVersion=2.36.540470 (e522d04694c7ebea4ba8821272dbef4f9b818c91), userDataDir=C:\Users\JAIN~1.ANU\AppData\Local\Temp\scoped_dir5172_24010}, takesHeapSnapshot=true, pageLoadStrategy=normal, databaseEnabled=false, handlesAlerts=true, hasTouchScreen=false, version=65.0.3325.181, platform=XP, browserConnectionEnabled=false, nativeEvents=true, acceptSslCerts=false, acceptInsecureCerts=false, locationContextEnabled=true, webStorageEnabled=true, browserName=chrome, takesScreenshot=true, javascriptEnabled=true, cssSelectorsEnabled=true, setWindowRect=true, unexpectedAlertBehaviour=}]
Session ID: 010e9fc6cdc54ada7dd163854ce1b8a2
*** Element info: {Using=xpath, value=.//*[@id='EntityData/SubEntityDetails?id=21&FieldColumn=FileSaveAnnual_Revenue&FieldID=155']/span}
at sun.reflect.NativeConstructorAccessorImpl.newInstance0(Native Method)
at sun.reflect.NativeConstructorAccessorImpl.newInstance(Unknown Source)
at sun.reflect.DelegatingConstructorAccessorImpl.newInstance(Unknown Source)
at java.lang.reflect.Constructor.newInstance(Unknown Source)
at org.openqa.selenium.remote.ErrorHandler.createThrowable(ErrorHandler.java:206)
at org.openqa.selenium.remote.ErrorHandler.throwIfResponseFailed(ErrorHandler.java:158)
at org.openqa.selenium.remote.RemoteWebDriver.execute(RemoteWebDriver.java:647)
at org.openqa.selenium.remote.RemoteWebDriver.findElement(RemoteWebDriver.java:353)
at org.openqa.selenium.remote.RemoteWebDriver.findElementByXPath(RemoteWebDriver.java:490)
at org.openqa.selenium.By$ByXPath.findElement(By.java:361)
at org.openqa.selenium.remote.RemoteWebDriver.findElement(RemoteWebDriver.java:345)
at Keywords.click.clickTheButton(click.java:15)
at Executer.ExecuteKeywords.ExecuteTheKeywords(ExecuteKeywords.java:66)
at Executer.Execute.getSteps(Execute.java:26)
at sun.reflect.GeneratedMethodAccessor2.invoke(Unknown Source)
at sun.reflect.DelegatingMethodAccessorImpl.invoke(Unknown Source)
at java.lang.reflect.Method.invoke(Unknown Source)
at org.testng.internal.MethodInvocationHelper.invokeMethod(MethodInvocationHelper.java:124)
at org.testng.internal.Invoker.invokeMethod(Invoker.java:580)
at org.testng.internal.Invoker.invokeTestMethod(Invoker.java:716)
at org.testng.internal.Invoker.invokeTestMethods(Invoker.java:988)
at org.testng.internal.TestMethodWorker.invokeTestMethods(TestMethodWorker.java:125)
at org.testng.internal.TestMethodWorker.run(TestMethodWorker.java:109)
at org.testng.TestRunner.privateRun(TestRunner.java:648)
at org.testng.TestRunner.run(TestRunner.java:505)
at org.testng.SuiteRunner.runTest(SuiteRunner.java:455)
at org.testng.SuiteRunner.runSequentially(SuiteRunner.java:450)
at org.testng.SuiteRunner.privateRun(SuiteRunner.java:415)
at org.testng.SuiteRunner.run(SuiteRunner.java:364)
at org.testng.SuiteRunnerWorker.runSuite(SuiteRunnerWorker.java:52)
at org.testng.SuiteRunnerWorker.run(SuiteRunnerWorker.java:84)
at org.testng.TestNG.runSuitesSequentially(TestNG.java:1208)
at org.testng.TestNG.runSuitesLocally(TestNG.java:1137)
at org.testng.TestNG.runSuites(TestNG.java:1049)
at org.testng.TestNG.run(TestNG.java:1017)
at org.testng.remote.AbstractRemoteTestNG.run(AbstractRemoteTestNG.java:114)
at org.testng.remote.RemoteTestNG.initAndRun(RemoteTestNG.java:251)
at org.testng.remote.RemoteTestNG.main(RemoteTestNG.java:77)
]]>
    </failure>
  </testcase> <!-- getSteps -->
  <testcase name="getSteps" time="20.606" classname="Executer.Execute"/>
  <testcase name="getSteps" time="10.463" classname="Executer.Execute">
    <failure type="org.openqa.selenium.NoSuchElementException" message="no such element: Unable to locate element: {&amp;quot;method&amp;quot;:&amp;quot;xpath&amp;quot;,&amp;quot;selector&amp;quot;:&amp;quot;.//*[@id=&amp;apos;selectLookup&amp;apos;]&amp;quot;}
  (Session info: chrome=65.0.3325.181)
  (Driver info: chromedriver=2.36.540470 (e522d04694c7ebea4ba8821272dbef4f9b818c91),platform=Windows NT 6.1.7601 SP1 x86_64) (WARNING: The server did not provide any stacktrace information)
Command duration or timeout: 10.01 seconds
For documentation on this error, please visit: http://seleniumhq.org/exceptions/no_such_element.html
Build info: version: &amp;apos;2.48.2&amp;apos;, revision: &amp;apos;41bccdd10cf2c0560f637404c2d96164b67d9d67&amp;apos;, time: &amp;apos;2015-10-09 13:08:06&amp;apos;
System info: host: &amp;apos;SDF4110IPM096&amp;apos;, ip: &amp;apos;10.254.19.60&amp;apos;, os.name: &amp;apos;Windows 7&amp;apos;, os.arch: &amp;apos;amd64&amp;apos;, os.version: &amp;apos;6.1&amp;apos;, java.version: &amp;apos;1.8.0_151&amp;apos;
Driver info: org.openqa.selenium.chrome.ChromeDriver
Capabilities [{applicationCacheEnabled=false, rotatable=false, mobileEmulationEnabled=false, networkConnectionEnabled=false, chrome={chromedriverVersion=2.36.540470 (e522d04694c7ebea4ba8821272dbef4f9b818c91), userDataDir=C:\Users\JAIN~1.ANU\AppData\Local\Temp\scoped_dir5172_24010}, takesHeapSnapshot=true, pageLoadStrategy=normal, databaseEnabled=false, handlesAlerts=true, hasTouchScreen=false, version=65.0.3325.181, platform=XP, browserConnectionEnabled=false, nativeEvents=true, acceptSslCerts=false, acceptInsecureCerts=false, locationContextEnabled=true, webStorageEnabled=true, browserName=chrome, takesScreenshot=true, javascriptEnabled=true, cssSelectorsEnabled=true, setWindowRect=true, unexpectedAlertBehaviour=}]
Session ID: 010e9fc6cdc54ada7dd163854ce1b8a2
*** Element info: {Using=xpath, value=.//*[@id=&amp;apos;selectLookup&amp;apos;]}">
      <![CDATA[org.openqa.selenium.NoSuchElementException: no such element: Unable to locate element: {"method":"xpath","selector":".//*[@id='selectLookup']"}
  (Session info: chrome=65.0.3325.181)
  (Driver info: chromedriver=2.36.540470 (e522d04694c7ebea4ba8821272dbef4f9b818c91),platform=Windows NT 6.1.7601 SP1 x86_64) (WARNING: The server did not provide any stacktrace information)
Command duration or timeout: 10.01 seconds
For documentation on this error, please visit: http://seleniumhq.org/exceptions/no_such_element.html
Build info: version: '2.48.2', revision: '41bccdd10cf2c0560f637404c2d96164b67d9d67', time: '2015-10-09 13:08:06'
System info: host: 'SDF4110IPM096', ip: '10.254.19.60', os.name: 'Windows 7', os.arch: 'amd64', os.version: '6.1', java.version: '1.8.0_151'
Driver info: org.openqa.selenium.chrome.ChromeDriver
Capabilities [{applicationCacheEnabled=false, rotatable=false, mobileEmulationEnabled=false, networkConnectionEnabled=false, chrome={chromedriverVersion=2.36.540470 (e522d04694c7ebea4ba8821272dbef4f9b818c91), userDataDir=C:\Users\JAIN~1.ANU\AppData\Local\Temp\scoped_dir5172_24010}, takesHeapSnapshot=true, pageLoadStrategy=normal, databaseEnabled=false, handlesAlerts=true, hasTouchScreen=false, version=65.0.3325.181, platform=XP, browserConnectionEnabled=false, nativeEvents=true, acceptSslCerts=false, acceptInsecureCerts=false, locationContextEnabled=true, webStorageEnabled=true, browserName=chrome, takesScreenshot=true, javascriptEnabled=true, cssSelectorsEnabled=true, setWindowRect=true, unexpectedAlertBehaviour=}]
Session ID: 010e9fc6cdc54ada7dd163854ce1b8a2
*** Element info: {Using=xpath, value=.//*[@id='selectLookup']}
at sun.reflect.NativeConstructorAccessorImpl.newInstance0(Native Method)
at sun.reflect.NativeConstructorAccessorImpl.newInstance(Unknown Source)
at sun.reflect.DelegatingConstructorAccessorImpl.newInstance(Unknown Source)
at java.lang.reflect.Constructor.newInstance(Unknown Source)
at org.openqa.selenium.remote.ErrorHandler.createThrowable(ErrorHandler.java:206)
at org.openqa.selenium.remote.ErrorHandler.throwIfResponseFailed(ErrorHandler.java:158)
at org.openqa.selenium.remote.RemoteWebDriver.execute(RemoteWebDriver.java:647)
at org.openqa.selenium.remote.RemoteWebDriver.findElement(RemoteWebDriver.java:353)
at org.openqa.selenium.remote.RemoteWebDriver.findElementByXPath(RemoteWebDriver.java:490)
at org.openqa.selenium.By$ByXPath.findElement(By.java:361)
at org.openqa.selenium.remote.RemoteWebDriver.findElement(RemoteWebDriver.java:345)
at Keywords.click.clickTheButton(click.java:15)
at Executer.ExecuteKeywords.ExecuteTheKeywords(ExecuteKeywords.java:66)
at Executer.Execute.getSteps(Execute.java:26)
at sun.reflect.GeneratedMethodAccessor2.invoke(Unknown Source)
at sun.reflect.DelegatingMethodAccessorImpl.invoke(Unknown Source)
at java.lang.reflect.Method.invoke(Unknown Source)
at org.testng.internal.MethodInvocationHelper.invokeMethod(MethodInvocationHelper.java:124)
at org.testng.internal.Invoker.invokeMethod(Invoker.java:580)
at org.testng.internal.Invoker.invokeTestMethod(Invoker.java:716)
at org.testng.internal.Invoker.invokeTestMethods(Invoker.java:988)
at org.testng.internal.TestMethodWorker.invokeTestMethods(TestMethodWorker.java:125)
at org.testng.internal.TestMethodWorker.run(TestMethodWorker.java:109)
at org.testng.TestRunner.privateRun(TestRunner.java:648)
at org.testng.TestRunner.run(TestRunner.java:505)
at org.testng.SuiteRunner.runTest(SuiteRunner.java:455)
at org.testng.SuiteRunner.runSequentially(SuiteRunner.java:450)
at org.testng.SuiteRunner.privateRun(SuiteRunner.java:415)
at org.testng.SuiteRunner.run(SuiteRunner.java:364)
at org.testng.SuiteRunnerWorker.runSuite(SuiteRunnerWorker.java:52)
at org.testng.SuiteRunnerWorker.run(SuiteRunnerWorker.java:84)
at org.testng.TestNG.runSuitesSequentially(TestNG.java:1208)
at org.testng.TestNG.runSuitesLocally(TestNG.java:1137)
at org.testng.TestNG.runSuites(TestNG.java:1049)
at org.testng.TestNG.run(TestNG.java:1017)
at org.testng.remote.AbstractRemoteTestNG.run(AbstractRemoteTestNG.java:114)
at org.testng.remote.RemoteTestNG.initAndRun(RemoteTestNG.java:251)
at org.testng.remote.RemoteTestNG.main(RemoteTestNG.java:77)
]]>
    </failure>
  </testcase> <!-- getSteps -->
  <testcase name="getSteps" time="0.647" classname="Executer.Execute"/>
  <testcase name="getSteps" time="0.644" classname="Executer.Execute"/>
  <testcase name="getSteps" time="0.628" classname="Executer.Execute"/>
  <testcase name="getSteps" time="1.191" classname="Executer.Execute"/>
  <testcase name="getSteps" time="0.975" classname="Executer.Execute"/>
  <testcase name="getSteps" time="1.039" classname="Executer.Execute"/>
  <testcase name="getSteps" time="0.759" classname="Executer.Execute"/>
  <testcase name="getSteps" time="1.963" classname="Executer.Execute"/>
  <testcase name="getSteps" time="0.587" classname="Executer.Execute"/>
  <testcase name="getSteps" time="10.697" classname="Executer.Execute"/>
  <testcase name="getSteps" time="1.017" classname="Executer.Execute"/>
  <testcase name="getSteps" time="0.968" classname="Executer.Execute"/>
  <testcase name="getSteps" time="6.56" classname="Executer.Execute"/>
  <testcase name="getSteps" time="1.344" classname="Executer.Execute"/>
  <testcase name="getSteps" time="20.909" classname="Executer.Execute"/>
  <testcase name="getSteps" time="0.636" classname="Executer.Execute"/>
  <testcase name="getSteps" time="1.994" classname="Executer.Execute"/>
  <testcase name="getSteps" time="1.702" classname="Executer.Execute"/>
  <testcase name="getSteps" time="1.707" classname="Executer.Execute"/>
  <testcase name="getSteps" time="1.748" classname="Executer.Execute"/>
  <testcase name="getSteps" time="1.627" classname="Executer.Execute"/>
  <testcase name="getSteps" time="0.797" classname="Executer.Execute"/>
  <testcase name="getSteps" time="6.487" classname="Executer.Execute"/>
  <testcase name="getSteps" time="10.446" classname="Executer.Execute"/>
  <testcase name="getSteps" time="0.936" classname="Executer.Execute"/>
  <testcase name="getSteps" time="0.52" classname="Executer.Execute">
    <failure type="org.openqa.selenium.WebDriverException" message="unknown error: Element &amp;lt;a href=&amp;quot;&amp;quot; tabindex=&amp;quot;0&amp;quot; class=&amp;quot;k-button k-button-icontext&amp;quot; id=&amp;quot;viewTransaction&amp;quot; data-uid=&amp;quot;5a1c4279-f1ae-4b6f-8b5d-e6a05179759f&amp;quot; data-overflow=&amp;quot;auto&amp;quot; style=&amp;quot;visibility: visible;&amp;quot;&amp;gt;...&amp;lt;/a&amp;gt; is not clickable at point (472, 172). Other element would receive the click: &amp;lt;div class=&amp;quot;k-grid-content k-auto-scrollable&amp;quot; style=&amp;quot;height: 159px;&amp;quot;&amp;gt;...&amp;lt;/div&amp;gt;
  (Session info: chrome=65.0.3325.181)
  (Driver info: chromedriver=2.36.540470 (e522d04694c7ebea4ba8821272dbef4f9b818c91),platform=Windows NT 6.1.7601 SP1 x86_64) (WARNING: The server did not provide any stacktrace information)
Command duration or timeout: 63 milliseconds
Build info: version: &amp;apos;2.48.2&amp;apos;, revision: &amp;apos;41bccdd10cf2c0560f637404c2d96164b67d9d67&amp;apos;, time: &amp;apos;2015-10-09 13:08:06&amp;apos;
System info: host: &amp;apos;SDF4110IPM096&amp;apos;, ip: &amp;apos;10.254.19.60&amp;apos;, os.name: &amp;apos;Windows 7&amp;apos;, os.arch: &amp;apos;amd64&amp;apos;, os.version: &amp;apos;6.1&amp;apos;, java.version: &amp;apos;1.8.0_151&amp;apos;
Driver info: org.openqa.selenium.chrome.ChromeDriver
Capabilities [{applicationCacheEnabled=false, rotatable=false, mobileEmulationEnabled=false, networkConnectionEnabled=false, chrome={chromedriverVersion=2.36.540470 (e522d04694c7ebea4ba8821272dbef4f9b818c91), userDataDir=C:\Users\JAIN~1.ANU\AppData\Local\Temp\scoped_dir5172_24010}, takesHeapSnapshot=true, pageLoadStrategy=normal, databaseEnabled=false, handlesAlerts=true, hasTouchScreen=false, version=65.0.3325.181, platform=XP, browserConnectionEnabled=false, nativeEvents=true, acceptSslCerts=false, acceptInsecureCerts=false, locationContextEnabled=true, webStorageEnabled=true, browserName=chrome, takesScreenshot=true, javascriptEnabled=true, cssSelectorsEnabled=true, setWindowRect=true, unexpectedAlertBehaviour=}]
Session ID: 010e9fc6cdc54ada7dd163854ce1b8a2">
      <![CDATA[org.openqa.selenium.WebDriverException: unknown error: Element <a href="" tabindex="0" class="k-button k-button-icontext" id="viewTransaction" data-uid="5a1c4279-f1ae-4b6f-8b5d-e6a05179759f" data-overflow="auto" style="visibility: visible;">...</a> is not clickable at point (472, 172). Other element would receive the click: <div class="k-grid-content k-auto-scrollable" style="height: 159px;">...</div>
  (Session info: chrome=65.0.3325.181)
  (Driver info: chromedriver=2.36.540470 (e522d04694c7ebea4ba8821272dbef4f9b818c91),platform=Windows NT 6.1.7601 SP1 x86_64) (WARNING: The server did not provide any stacktrace information)
Command duration or timeout: 63 milliseconds
Build info: version: '2.48.2', revision: '41bccdd10cf2c0560f637404c2d96164b67d9d67', time: '2015-10-09 13:08:06'
System info: host: 'SDF4110IPM096', ip: '10.254.19.60', os.name: 'Windows 7', os.arch: 'amd64', os.version: '6.1', java.version: '1.8.0_151'
Driver info: org.openqa.selenium.chrome.ChromeDriver
Capabilities [{applicationCacheEnabled=false, rotatable=false, mobileEmulationEnabled=false, networkConnectionEnabled=false, chrome={chromedriverVersion=2.36.540470 (e522d04694c7ebea4ba8821272dbef4f9b818c91), userDataDir=C:\Users\JAIN~1.ANU\AppData\Local\Temp\scoped_dir5172_24010}, takesHeapSnapshot=true, pageLoadStrategy=normal, databaseEnabled=false, handlesAlerts=true, hasTouchScreen=false, version=65.0.3325.181, platform=XP, browserConnectionEnabled=false, nativeEvents=true, acceptSslCerts=false, acceptInsecureCerts=false, locationContextEnabled=true, webStorageEnabled=true, browserName=chrome, takesScreenshot=true, javascriptEnabled=true, cssSelectorsEnabled=true, setWindowRect=true, unexpectedAlertBehaviour=}]
Session ID: 010e9fc6cdc54ada7dd163854ce1b8a2
at sun.reflect.NativeConstructorAccessorImpl.newInstance0(Native Method)
at sun.reflect.NativeConstructorAccessorImpl.newInstance(Unknown Source)
at sun.reflect.DelegatingConstructorAccessorImpl.newInstance(Unknown Source)
at java.lang.reflect.Constructor.newInstance(Unknown Source)
at org.openqa.selenium.remote.ErrorHandler.createThrowable(ErrorHandler.java:206)
at org.openqa.selenium.remote.ErrorHandler.throwIfResponseFailed(ErrorHandler.java:158)
at org.openqa.selenium.remote.RemoteWebDriver.execute(RemoteWebDriver.java:647)
at org.openqa.selenium.remote.RemoteWebElement.execute(RemoteWebElement.java:326)
at org.openqa.selenium.remote.RemoteWebElement.click(RemoteWebElement.java:84)
at Keywords.click.clickTheButton(click.java:15)
at Executer.ExecuteKeywords.ExecuteTheKeywords(ExecuteKeywords.java:66)
at Executer.Execute.getSteps(Execute.java:26)
at sun.reflect.GeneratedMethodAccessor2.invoke(Unknown Source)
at sun.reflect.DelegatingMethodAccessorImpl.invoke(Unknown Source)
at java.lang.reflect.Method.invoke(Unknown Source)
at org.testng.internal.MethodInvocationHelper.invokeMethod(MethodInvocationHelper.java:124)
at org.testng.internal.Invoker.invokeMethod(Invoker.java:580)
at org.testng.internal.Invoker.invokeTestMethod(Invoker.java:716)
at org.testng.internal.Invoker.invokeTestMethods(Invoker.java:988)
at org.testng.internal.TestMethodWorker.invokeTestMethods(TestMethodWorker.java:125)
at org.testng.internal.TestMethodWorker.run(TestMethodWorker.java:109)
at org.testng.TestRunner.privateRun(TestRunner.java:648)
at org.testng.TestRunner.run(TestRunner.java:505)
at org.testng.SuiteRunner.runTest(SuiteRunner.java:455)
at org.testng.SuiteRunner.runSequentially(SuiteRunner.java:450)
at org.testng.SuiteRunner.privateRun(SuiteRunner.java:415)
at org.testng.SuiteRunner.run(SuiteRunner.java:364)
at org.testng.SuiteRunnerWorker.runSuite(SuiteRunnerWorker.java:52)
at org.testng.SuiteRunnerWorker.run(SuiteRunnerWorker.java:84)
at org.testng.TestNG.runSuitesSequentially(TestNG.java:1208)
at org.testng.TestNG.runSuitesLocally(TestNG.java:1137)
at org.testng.TestNG.runSuites(TestNG.java:1049)
at org.testng.TestNG.run(TestNG.java:1017)
at org.testng.remote.AbstractRemoteTestNG.run(AbstractRemoteTestNG.java:114)
at org.testng.remote.RemoteTestNG.initAndRun(RemoteTestNG.java:251)
at org.testng.remote.RemoteTestNG.main(RemoteTestNG.java:77)
]]>
    </failure>
  </testcase> <!-- getSteps -->
  <testcase name="getSteps" time="5.608" classname="Executer.Execute"/>
  <testcase name="getSteps" time="0.683" classname="Executer.Execute"/>
  <testcase name="getSteps" time="2.22" classname="Executer.Execute"/>
  <testcase name="getSteps" time="1.07" classname="Executer.Execute"/>
  <testcase name="getSteps" time="0.971" classname="Executer.Execute"/>
  <testcase name="getSteps" time="0.796" classname="Executer.Execute"/>
  <testcase name="getSteps" time="1.016" classname="Executer.Execute"/>
  <testcase name="getSteps" time="6.5" classname="Executer.Execute"/>
  <testcase name="getSteps" time="0.637" classname="Executer.Execute"/>
  <testcase name="getSteps" time="0.793" classname="Executer.Execute"/>
  <testcase name="getSteps" time="6.481" classname="Executer.Execute"/>
  <testcase name="getSteps" time="1.269" classname="Executer.Execute"/>
  <testcase name="getSteps" time="3.462" classname="Executer.Execute"/>
  <testcase name="getSteps" time="1.911" classname="Executer.Execute"/>
  <testcase name="getSteps" time="0.088" classname="Executer.Execute"/>
  <testcase name="getSteps" time="0.072" classname="Executer.Execute"/>
  <testcase name="getSteps" time="0.078" classname="Executer.Execute"/>
  <testcase name="getSteps" time="0.098" classname="Executer.Execute"/>
  <testcase name="getSteps" time="0.076" classname="Executer.Execute"/>
  <testcase name="getSteps" time="0.073" classname="Executer.Execute"/>
  <testcase name="getSteps" time="0.076" classname="Executer.Execute"/>
  <testcase name="getSteps" time="0.075" classname="Executer.Execute"/>
  <testcase name="getSteps" time="0.097" classname="Executer.Execute"/>
  <testcase name="getSteps" time="0.083" classname="Executer.Execute"/>
  <testcase name="getSteps" time="0.077" classname="Executer.Execute"/>
  <testcase name="getSteps" time="0.075" classname="Executer.Execute"/>
  <testcase name="getSteps" time="0.074" classname="Executer.Execute"/>
  <testcase name="getSteps" time="0.072" classname="Executer.Execute"/>
  <testcase name="getSteps" time="0.073" classname="Executer.Execute"/>
  <testcase name="getSteps" time="0.075" classname="Executer.Execute"/>
  <testcase name="getSteps" time="0.097" classname="Executer.Execute"/>
  <testcase name="getSteps" time="0.073" classname="Executer.Execute"/>
  <testcase name="getSteps" time="0.074" classname="Executer.Execute"/>
  <testcase name="getSteps" time="0.078" classname="Executer.Execute"/>
  <testcase name="getSteps" time="0.073" classname="Executer.Execute"/>
  <testcase name="getSteps" time="0.078" classname="Executer.Execute"/>
  <testcase name="getSteps" time="0.074" classname="Executer.Execute"/>
  <testcase name="getSteps" time="0.07" classname="Executer.Execute"/>
  <testcase name="getSteps" time="0.084" classname="Executer.Execute"/>
  <testcase name="getSteps" time="0.076" classname="Executer.Execute"/>
  <testcase name="getSteps" time="0.075" classname="Executer.Execute"/>
  <testcase name="getSteps" time="0.073" classname="Executer.Execute"/>
  <testcase name="getSteps" time="0.076" classname="Executer.Execute"/>
  <testcase name="getSteps" time="0.075" classname="Executer.Execute"/>
  <testcase name="getSteps" time="0.072" classname="Executer.Execute"/>
  <testcase name="getSteps" time="0.075" classname="Executer.Execute"/>
  <testcase name="getSteps" time="0.072" classname="Executer.Execute"/>
  <testcase name="getSteps" time="0.072" classname="Executer.Execute"/>
  <testcase name="getSteps" time="0.074" classname="Executer.Execute"/>
  <testcase name="getSteps" time="0.077" classname="Executer.Execute"/>
  <testcase name="getSteps" time="0.086" classname="Executer.Execute"/>
  <testcase name="getSteps" time="0.072" classname="Executer.Execute"/>
  <testcase name="getSteps" time="0.076" classname="Executer.Execute"/>
  <testcase name="getSteps" time="0.074" classname="Executer.Execute"/>
  <testcase name="getSteps" time="0.072" classname="Executer.Execute"/>
  <testcase name="getSteps" time="0.072" classname="Executer.Execute"/>
  <testcase name="getSteps" time="0.075" classname="Executer.Execute"/>
  <testcase name="getSteps" time="0.074" classname="Executer.Execute"/>
  <testcase name="getSteps" time="0.071" classname="Executer.Execute"/>
  <testcase name="getSteps" time="0.075" classname="Executer.Execute"/>
  <testcase name="getSteps" time="0.073" classname="Executer.Execute"/>
  <testcase name="getSteps" time="0.106" classname="Executer.Execute"/>
  <testcase name="getSteps" time="0.092" classname="Executer.Execute"/>
  <testcase name="getSteps" time="0.084" classname="Executer.Execute"/>
  <testcase name="getSteps" time="0.08" classname="Executer.Execute"/>
  <testcase name="getSteps" time="0.08" classname="Executer.Execute"/>
  <testcase name="getSteps" time="0.079" classname="Executer.Execute"/>
  <testcase name="getSteps" time="0.082" classname="Executer.Execute"/>
  <testcase name="getSteps" time="0.091" classname="Executer.Execute"/>
  <testcase name="getSteps" time="0.092" classname="Executer.Execute"/>
  <testcase name="getSteps" time="0.086" classname="Executer.Execute"/>
  <testcase name="getSteps" time="0.084" classname="Executer.Execute"/>
  <testcase name="getSteps" time="0.095" classname="Executer.Execute"/>
  <testcase name="getSteps" time="0.083" classname="Executer.Execute"/>
  <testcase name="getSteps" time="0.076" classname="Executer.Execute"/>
  <testcase name="getSteps" time="0.075" classname="Executer.Execute"/>
  <testcase name="getSteps" time="0.073" classname="Executer.Execute"/>
  <testcase name="getSteps" time="0.075" classname="Executer.Execute"/>
  <testcase name="getSteps" time="0.073" classname="Executer.Execute"/>
  <testcase name="getSteps" time="0.072" classname="Executer.Execute"/>
  <testcase name="getSteps" time="0.075" classname="Executer.Execute"/>
  <testcase name="getSteps" time="0.074" classname="Executer.Execute"/>
  <testcase name="getSteps" time="0.076" classname="Executer.Execute"/>
  <testcase name="getSteps" time="0.081" classname="Executer.Execute"/>
  <testcase name="getSteps" time="0.1" classname="Executer.Execute"/>
  <testcase name="getSteps" time="0.08" classname="Executer.Execute"/>
  <testcase name="getSteps" time="0.086" classname="Executer.Execute"/>
  <testcase name="getSteps" time="0.081" classname="Executer.Execute"/>
  <testcase name="getSteps" time="0.331" classname="Executer.Execute"/>
  <testcase name="getSteps" time="0.078" classname="Executer.Execute"/>
  <testcase name="getSteps" time="0.071" classname="Executer.Execute"/>
  <testcase name="getSteps" time="0.076" classname="Executer.Execute"/>
  <testcase name="getSteps" time="0.085" classname="Executer.Execute"/>
  <testcase name="getSteps" time="0.075" classname="Executer.Execute"/>
  <testcase name="getSteps" time="0.075" classname="Executer.Execute"/>
  <testcase name="getSteps" time="0.073" classname="Executer.Execute"/>
  <testcase name="getSteps" time="0.073" classname="Executer.Execute"/>
  <testcase name="getSteps" time="0.091" classname="Executer.Execute"/>
  <testcase name="getSteps" time="0.073" classname="Executer.Execute"/>
  <testcase name="getSteps" time="0.077" classname="Executer.Execute"/>
  <testcase name="getSteps" time="0.071" classname="Executer.Execute"/>
  <testcase name="getSteps" time="0.073" classname="Executer.Execute"/>
  <testcase name="getSteps" time="0.075" classname="Executer.Execute"/>
[...]
  <testcase name="getSteps" time="0.071" classname="Executer.Execute"/>
  <testcase name="getSteps" time="0.08" classname="Executer.Execute"/>
  <testcase name="getSteps" time="0.073" classname="Executer.Execute"/>
  <testcase name="getSteps" time="0.072" classname="Executer.Execute"/>
  <testcase name="getSteps" time="0.081" classname="Executer.Execute"/>
  <testcase name="getSteps" time="0.071" classname="Executer.Execute"/>
  <testcase name="getSteps" time="0.076" classname="Executer.Execute"/>
  <testcase name="getSteps" time="0.072" classname="Executer.Execute"/>
  <testcase name="getSteps" time="0.072" classname="Executer.Execute"/>
  <testcase name="getSteps" time="0.072" classname="Executer.Execute"/>
  <testcase name="getSteps" time="0.07" classname="Executer.Execute"/>
  <testcase name="getSteps" time="0.071" classname="Executer.Execute"/>
  <testcase name="getSteps" time="0.072" classname="Executer.Execute"/>
  <testcase name="getSteps" time="0.074" classname="Executer.Execute"/>
  <testcase name="getSteps" time="0.073" classname="Executer.Execute"/>
  <testcase name="getSteps" time="0.112" classname="Executer.Execute"/>
  <testcase name="getSteps" time="0.073" classname="Executer.Execute"/>
  <testcase name="getSteps" time="0.069" classname="Executer.Execute"/>
  <testcase name="getSteps" time="0.073" classname="Executer.Execute"/>
  <testcase name="getSteps" time="0.071" classname="Executer.Execute"/>
  <testcase name="getSteps" time="0.076" classname="Executer.Execute"/>
  <testcase name="getSteps" time="0.07" classname="Executer.Execute"/>
  <testcase name="getSteps" time="0.072" classname="Executer.Execute"/>
  <testcase name="getSteps" time="0.073" classname="Executer.Execute"/>
  <testcase name="getSteps" time="0.071" classname="Executer.Execute"/>
  <testcase name="getSteps" time="0.072" classname="Executer.Execute"/>
  <testcase name="getSteps" time="0.07" classname="Executer.Execute"/>
  <testcase name="getSteps" time="0.076" classname="Executer.Execute"/>
  <testcase name="getSteps" time="0.071" classname="Executer.Execute"/>
  <testcase name="getSteps" time="0.071" classname="Executer.Execute"/>
  <testcase name="getSteps" time="0.069" classname="Executer.Execute"/>
  <testcase name="getSteps" time="0.071" classname="Executer.Execute"/>
  <testcase name="getSteps" time="0.074" classname="Executer.Execute"/>
  <testcase name="getSteps" time="0.071" classname="Executer.Execute"/>
  <testcase name="getSteps" time="0.086" classname="Executer.Execute"/>
  <testcase name="getSteps" time="0.071" classname="Executer.Execute"/>
  <testcase name="getSteps" time="0.071" classname="Executer.Execute"/>
  <testcase name="getSteps" time="0.071" classname="Executer.Execute"/>
  <testcase name="getSteps" time="0.072" classname="Executer.Execute"/>
  <testcase name="getSteps" time="0.075" classname="Executer.Execute"/>
  <testcase name="getSteps" time="0.072" classname="Executer.Execute"/>
  <testcase name="getSteps" time="0.072" classname="Executer.Execute"/>
  <testcase name="getSteps" time="0.077" classname="Executer.Execute"/>
  <testcase name="getSteps" time="0.07" classname="Executer.Execute"/>
  <testcase name="getSteps" time="0.07" classname="Executer.Execute"/>
  <testcase name="getSteps" time="0.074" classname="Executer.Execute"/>
  <testcase name="getSteps" time="0.07" classname="Executer.Execute"/>
  <testcase name="getSteps" time="0.069" classname="Executer.Execute"/>
  <testcase name="getSteps" time="0.109" classname="Executer.Execute"/>
  <testcase name="getSteps" time="0.074" classname="Executer.Execute"/>
  <testcase name="getSteps" time="0.071" classname="Executer.Execute"/>
  <testcase name="getSteps" time="0.081" classname="Executer.Execute"/>
  <testcase name="getSteps" time="0.076" classname="Executer.Execute"/>
  <testcase name="getSteps" time="0.072" classname="Executer.Execute"/>
  <testcase name="getSteps" time="0.071" classname="Executer.Execute"/>
  <testcase name="getSteps" time="0.076" classname="Executer.Execute"/>
  <testcase name="getSteps" time="0.07" classname="Executer.Execute"/>
  <testcase name="getSteps" time="0.072" classname="Executer.Execute"/>
  <testcase name="getSteps" time="0.072" classname="Executer.Execute"/>
  <testcase name="getSteps" time="0.072" classname="Executer.Execute"/>
  <testcase name="getSteps" time="0.072" classname="Executer.Execute"/>
  <testcase name="getSteps" time="0.075" classname="Executer.Execute"/>
  <testcase name="getSteps" time="0.071" classname="Executer.Execute"/>
  <testcase name="getSteps" time="0.101" classname="Executer.Execute"/>
  <testcase name="getSteps" time="0.075" classname="Executer.Execute"/>
  <testcase name="getSteps" time="0.077" classname="Executer.Execute"/>
  <testcase name="getSteps" time="0.074" classname="Executer.Execute"/>
  <testcase name="getSteps" time="0.071" classname="Executer.Execute"/>
  <testcase name="getSteps" time="0.071" classname="Executer.Execute"/>
  <testcase name="getSteps" time="0.074" classname="Executer.Execute"/>
  <testcase name="getSteps" time="0.076" classname="Executer.Execute"/>
  <testcase name="getSteps" time="0.07" classname="Executer.Execute"/>
  <testcase name="getSteps" time="0.07" classname="Executer.Execute"/>
  <testcase name="getSteps" time="0.072" classname="Executer.Execute"/>
  <testcase name="getSteps" time="0.071" classname="Executer.Execute"/>
  <testcase name="getSteps" time="0.071" classname="Executer.Execute"/>
  <testcase name="getSteps" time="0.072" classname="Executer.Execute"/>
  <testcase name="getSteps" time="0.074" classname="Executer.Execute"/>
  <testcase name="getSteps" time="0.072" classname="Executer.Execute"/>
  <testcase name="getSteps" time="0.073" classname="Executer.Execute"/>
  <testcase name="getSteps" time="0.072" classname="Executer.Execute"/>
  <testcase name="getSteps" time="0.071" classname="Executer.Execute"/>
  <testcase name="getSteps" time="0.071" classname="Executer.Execute"/>
  <testcase name="getSteps" time="0.07" classname="Executer.Execute"/>
  <testcase name="getSteps" time="0.075" classname="Executer.Execute"/>
  <testcase name="getSteps" time="0.078" classname="Executer.Execute"/>
  <testcase name="getSteps" time="0.072" classname="Executer.Execute"/>
  <testcase name="getSteps" time="0.072" classname="Executer.Execute"/>
  <testcase name="getSteps" time="0.07" classname="Executer.Execute"/>
  <testcase name="getSteps" time="0.072" classname="Executer.Execute"/>
  <testcase name="getSteps" time="0.071" classname="Executer.Execute"/>
  <testcase name="getSteps" time="0.074" classname="Executer.Execute"/>
  <testcase name="getSteps" time="0.071" classname="Executer.Execute"/>
  <testcase name="getSteps" time="0.073" classname="Executer.Execute"/>
  <testcase name="getSteps" time="0.096" classname="Executer.Execute"/>
  <testcase name="getSteps" time="0.07" classname="Executer.Execute"/>
  <testcase name="getSteps" time="0.078" classname="Executer.Execute"/>
  <testcase name="getSteps" time="0.071" classname="Executer.Execute"/>
  <testcase name="getSteps" time="0.075" classname="Executer.Execute"/>
  <testcase name="getSteps" time="0.072" classname="Executer.Execute"/>
  <testcase name="getSteps" time="0.07" classname="Executer.Execute"/>
  <testcase name="getSteps" time="0.07" classname="Executer.Execute"/>
  <testcase name="getSteps" time="0.071" classname="Executer.Execute"/>
  <testcase name="getSteps" time="0.072" classname="Executer.Execute"/>
  <testcase name="getSteps" time="0.075" classname="Executer.Execute"/>
  <testcase name="getSteps" time="0.073" classname="Executer.Execute"/>
  <testcase name="getSteps" time="0.072" classname="Executer.Execute"/>
  <testcase name="getSteps" time="0.071" classname="Executer.Execute"/>
  <testcase name="getSteps" time="0.07" classname="Executer.Execute"/>
  <testcase name="getSteps" time="0.073" classname="Executer.Execute"/>
  <testcase name="getSteps" time="0.073" classname="Executer.Execute"/>
  <testcase name="getSteps" time="0.071" classname="Executer.Execute"/>
  <testcase name="getSteps" time="0.075" classname="Executer.Execute"/>
  <testcase name="getSteps" time="0.073" classname="Executer.Execute"/>
  <testcase name="getSteps" time="0.073" classname="Executer.Execute"/>
  <testcase name="getSteps" time="0.071" classname="Executer.Execute"/>
  <testcase name="getSteps" time="0.072" classname="Executer.Execute"/>
  <testcase name="getSteps" time="0.071" classname="Executer.Execute"/>
  <testcase name="getSteps" time="0.073" classname="Executer.Execute"/>
  <testcase name="getSteps" time="0.069" classname="Executer.Execute"/>
  <testcase name="getSteps" time="0.074" classname="Executer.Execute"/>
  <testcase name="getSteps" time="0.073" classname="Executer.Execute"/>
  <testcase name="getSteps" time="0.084" classname="Executer.Execute"/>
  <testcase name="getSteps" time="0.08" classname="Executer.Execute"/>
  <testcase name="getSteps" time="0.077" classname="Executer.Execute"/>
  <testcase name="getSteps" time="0.111" classname="Executer.Execute"/>
  <testcase name="getSteps" time="0.076" classname="Executer.Execute"/>
  <testcase name="getSteps" time="0.075" classname="Executer.Execute"/>
  <testcase name="getSteps" time="0.07" classname="Executer.Execute"/>
  <testcase name="getSteps" time="0.07" classname="Executer.Execute"/>
  <testcase name="getSteps" time="0.07" classname="Executer.Execute"/>
  <testcase name="getSteps" time="0.072" classname="Executer.Execute"/>
  <testcase name="getSteps" time="0.072" classname="Executer.Execute"/>
  <testcase name="getSteps" time="0.074" classname="Executer.Execute"/>
  <testcase name="getSteps" time="0.073" classname="Executer.Execute"/>
  <testcase name="getSteps" time="0.071" classname="Executer.Execute"/>
  <testcase name="getSteps" time="0.071" classname="Executer.Execute"/>
  <testcase name="getSteps" time="0.078" classname="Executer.Execute"/>
  <testcase name="getSteps" time="0.071" classname="Executer.Execute"/>
  <testcase name="getSteps" time="0.071" classname="Executer.Execute"/>
  <testcase name="getSteps" time="0.088" classname="Executer.Execute"/>
  <testcase name="getSteps" time="0.073" classname="Executer.Execute"/>
  <testcase name="getSteps" time="0.071" classname="Executer.Execute"/>
  <testcase name="getSteps" time="0.073" classname="Executer.Execute"/>
  <testcase name="getSteps" time="0.07" classname="Executer.Execute"/>
  <testcase name="getSteps" time="0.072" classname="Executer.Execute"/>
  <testcase name="getSteps" time="0.072" classname="Executer.Execute"/>
  <testcase name="getSteps" time="0.071" classname="Executer.Execute"/>
  <testcase name="getSteps" time="0.076" classname="Executer.Execute"/>
  <testcase name="getSteps" time="0.07" classname="Executer.Execute"/>
  <testcase name="getSteps" time="0.073" classname="Executer.Execute"/>
  <testcase name="getSteps" time="0.071" classname="Executer.Execute"/>
  <testcase name="getSteps" time="0.069" classname="Executer.Execute"/>
  <testcase name="getSteps" time="0.072" classname="Executer.Execute"/>
  <testcase name="getSteps" time="0.071" classname="Executer.Execute"/>
  <testcase name="getSteps" time="0.074" classname="Executer.Execute"/>
  <testcase name="getSteps" time="0.074" classname="Executer.Execute"/>
  <testcase name="getSteps" time="0.072" classname="Executer.Execute"/>
  <testcase name="getSteps" time="0.073" classname="Executer.Execute"/>
  <testcase name="getSteps" time="0.071" classname="Executer.Execute"/>
  <testcase name="getSteps" time="0.071" classname="Executer.Execute"/>
  <testcase name="getSteps" time="0.072" classname="Executer.Execute"/>
  <testcase name="getSteps" time="0.075" classname="Executer.Execute"/>
  <testcase name="getSteps" time="0.071" classname="Executer.Execute"/>
  <testcase name="getSteps" time="0.073" classname="Executer.Execute"/>
  <testcase name="getSteps" time="0.071" classname="Executer.Execute"/>
  <testcase name="getSteps" time="0.071" classname="Executer.Execute"/>
  <testcase name="getSteps" time="0.072" classname="Executer.Execute"/>
  <testcase name="getSteps" time="0.072" classname="Executer.Execute"/>
  <testcase name="getSteps" time="0.074" classname="Executer.Execute"/>
  <testcase name="getSteps" time="0.071" classname="Executer.Execute"/>
  <testcase name="getSteps" time="0.089" classname="Executer.Execute"/>
  <testcase name="getSteps" time="0.072" classname="Executer.Execute"/>
  <testcase name="getSteps" time="0.074" classname="Executer.Execute"/>
  <testcase name="getSteps" time="0.073" classname="Executer.Execute"/>
  <testcase name="getSteps" time="0.072" classname="Executer.Execute"/>
  <testcase name="getSteps" time="0.077" classname="Executer.Execute"/>
  <testcase name="getSteps" time="0.079" classname="Executer.Execute"/>
  <testcase name="getSteps" time="0.072" classname="Executer.Execute"/>
  <testcase name="getSteps" time="0.071" classname="Executer.Execute"/>
  <testcase name="getSteps" time="0.072" classname="Executer.Execute"/>
  <testcase name="getSteps" time="0.071" classname="Executer.Execute"/>
  <testcase name="getSteps" time="0.101" classname="Executer.Execute"/>
  <testcase name="getSteps" time="0.084" classname="Executer.Execute"/>
  <testcase name="getSteps" time="0.072" classname="Executer.Execute"/>
  <testcase name="getSteps" time="0.075" classname="Executer.Execute"/>
  <testcase name="getSteps" time="0.075" classname="Executer.Execute"/>
  <testcase name="getSteps" time="0.075" classname="Executer.Execute"/>
  <testcase name="getSteps" time="0.072" classname="Executer.Execute"/>
  <testcase name="getSteps" time="0.07" classname="Executer.Execute"/>
  <testcase name="getSteps" time="0.071" classname="Executer.Execute"/>
  <testcase name="getSteps" time="0.072" classname="Executer.Execute"/>
  <testcase name="getSteps" time="0.075" classname="Executer.Execute"/>
  <testcase name="getSteps" time="0.079" classname="Executer.Execute"/>
  <testcase name="getSteps" time="0.127" classname="Executer.Execute"/>
  <testcase name="getSteps" time="0.079" classname="Executer.Execute"/>
  <testcase name="getSteps" time="0.088" classname="Executer.Execute"/>
  <testcase name="getSteps" time="0.096" classname="Executer.Execute"/>
  <testcase name="getSteps" time="0.093" classname="Executer.Execute"/>
  <testcase name="getSteps" time="0.096" classname="Executer.Execute"/>
  <testcase name="getSteps" time="0.101" classname="Executer.Execute"/>
  <testcase name="getSteps" time="0.092" classname="Executer.Execute"/>
  <testcase name="getSteps" time="0.114" classname="Executer.Execute"/>
  <testcase name="getSteps" time="0.089" classname="Executer.Execute"/>
  <testcase name="getSteps" time="0.111" classname="Executer.Execute"/>
  <testcase name="getSteps" time="0.113" classname="Executer.Execute"/>
  <testcase name="getSteps" time="0.127" classname="Executer.Execute"/>
  <testcase name="getSteps" time="0.123" classname="Executer.Execute"/>
  <testcase name="getSteps" time="0.109" classname="Executer.Execute"/>
  <testcase name="getSteps" time="0.1" classname="Executer.Execute"/>
  <testcase name="getSteps" time="0.102" classname="Executer.Execute"/>
  <testcase name="getSteps" time="0.129" classname="Executer.Execute"/>
  <testcase name="getSteps" time="0.152" classname="Executer.Execute"/>
  <testcase name="getSteps" time="0.107" classname="Executer.Execute"/>
  <testcase name="getSteps" time="0.134" classname="Executer.Execute"/>
  <testcase name="getSteps" time="0.133" classname="Executer.Execute"/>
  <testcase name="getSteps" time="0.096" classname="Executer.Execute"/>
  <testcase name="getSteps" time="0.135" classname="Executer.Execute"/>
  <testcase name="getSteps" time="0.134" classname="Executer.Execute"/>
  <testcase name="getSteps" time="0.088" classname="Executer.Execute"/>
  <testcase name="getSteps" time="0.089" classname="Executer.Execute"/>
  <testcase name="getSteps" time="0.073" classname="Executer.Execute"/>
  <testcase name="getSteps" time="0.073" classname="Executer.Execute"/>
  <testcase name="getSteps" time="0.074" classname="Executer.Execute"/>
  <testcase name="getSteps" time="0.07" classname="Executer.Execute"/>
  <testcase name="getSteps" time="0.07" classname="Executer.Execute"/>
  <testcase name="getSteps" time="0.075" classname="Executer.Execute"/>
  <testcase name="getSteps" time="0.102" classname="Executer.Execute"/>
  <testcase name="getSteps" time="0.075" classname="Executer.Execute"/>
  <testcase name="getSteps" time="0.079" classname="Executer.Execute"/>
  <testcase name="getSteps" time="0.071" classname="Executer.Execute"/>
  <testcase name="getSteps" time="0.072" classname="Executer.Execute"/>
  <testcase name="getSteps" time="0.07" classname="Executer.Execute"/>
  <testcase name="getSteps" time="0.071" classname="Executer.Execute"/>
  <testcase name="getSteps" time="0.076" classname="Executer.Execute"/>
  <testcase name="getSteps" time="0.069" classname="Executer.Execute"/>
  <testcase name="getSteps" time="0.073" classname="Executer.Execute"/>
  <testcase name="getSteps" time="0.07" classname="Executer.Execute"/>
  <testcase name="getSteps" time="0.069" classname="Executer.Execute"/>
  <testcase name="getSteps" time="0.072" classname="Executer.Execute"/>
  <testcase name="getSteps" time="0.07" classname="Executer.Execute"/>
  <testcase name="getSteps" time="0.069" classname="Executer.Execute"/>
  <testcase name="getSteps" time="0.072" classname="Executer.Execute"/>
  <testcase name="getSteps" time="0.08" classname="Executer.Execute"/>
  <testcase name="getSteps" time="0.076" classname="Executer.Execute"/>
  <testcase name="getSteps" time="0.081" classname="Executer.Execute"/>
  <testcase name="getSteps" time="0.083" classname="Executer.Execute"/>
  <testcase name="getSteps" time="0.073" classname="Executer.Execute"/>
  <testcase name="getSteps" time="0.085" classname="Executer.Execute"/>
  <testcase name="getSteps" time="0.07" classname="Executer.Execute"/>
  <testcase name="getSteps" time="0.073" classname="Executer.Execute"/>
  <testcase name="getSteps" time="0.071" classname="Executer.Execute"/>
  <testcase name="getSteps" time="0.07" classname="Executer.Execute"/>
  <testcase name="getSteps" time="0.072" classname="Executer.Execute"/>
  <testcase name="getSteps" time="0.069" classname="Executer.Execute"/>
  <testcase name="getSteps" time="0.071" classname="Executer.Execute"/>
  <testcase name="getSteps" time="0.071" classname="Executer.Execute"/>
  <testcase name="getSteps" time="0.07" classname="Executer.Execute"/>
  <testcase name="getSteps" time="0.075" classname="Executer.Execute"/>
  <testcase name="getSteps" time="0.072" classname="Executer.Execute"/>
  <testcase name="getSteps" time="0.069" classname="Executer.Execute"/>
  <testcase name="getSteps" time="0.08" classname="Executer.Execute"/>
  <testcase name="getSteps" time="0.078" classname="Executer.Execute"/>
  <testcase name="getSteps" time="0.074" classname="Executer.Execute"/>
  <testcase name="getSteps" time="0.076" classname="Executer.Execute"/>
  <testcase name="getSteps" time="0.07" classname="Executer.Execute"/>
  <testcase name="getSteps" time="0.072" classname="Executer.Execute"/>
  <testcase name="getSteps" time="0.069" classname="Executer.Execute"/>
  <testcase name="getSteps" time="0.072" classname="Executer.Execute"/>
  <testcase name="getSteps" time="0.073" classname="Executer.Execute"/>
  <testcase name="getSteps" time="0.126" classname="Executer.Execute"/>
  <testcase name="getSteps" time="0.146" classname="Executer.Execute"/>
  <testcase name="getSteps" time="0.146" classname="Executer.Execute"/>
  <testcase name="getSteps" time="0.148" classname="Executer.Execute"/>
  <testcase name="getSteps" time="0.22" classname="Executer.Execute"/>
  <testcase name="getSteps" time="0.171" classname="Executer.Execute"/>
  <testcase name="getSteps" time="0.292" classname="Executer.Execute"/>
</testsuite> <!-- Default test -->
