<?xml version="1.0" encoding="UTF-8"?>
<!-- Generated by org.testng.reporters.JUnitXMLReporter -->
<testsuite hostname="SDF4110IPM096" ignored="0" name="Default test" tests="897" failures="16" timestamp="31 May 2018 06:39:47 GMT" time="483.485" errors="0">
  <testcase name="getSteps" time="8.399" classname="Executer.Execute"/>
  <testcase name="getSteps" time="1.656" classname="Executer.Execute"/>
  <testcase name="getSteps" time="12.358" classname="Executer.Execute">
    <failure type="org.openqa.selenium.NoSuchElementException" message="no such element: Unable to locate element: {&amp;quot;method&amp;quot;:&amp;quot;xpath&amp;quot;,&amp;quot;selector&amp;quot;:&amp;quot;.//*[@id=&amp;apos;choice1&amp;apos;]&amp;quot;}
  (Session info: chrome=66.0.3359.181)
  (Driver info: chromedriver=2.36.540470 (e522d04694c7ebea4ba8821272dbef4f9b818c91),platform=Windows NT 6.1.7601 SP1 x86_64) (WARNING: The server did not provide any stacktrace information)
Command duration or timeout: 11.45 seconds
For documentation on this error, please visit: http://seleniumhq.org/exceptions/no_such_element.html
Build info: version: &amp;apos;2.48.2&amp;apos;, revision: &amp;apos;41bccdd10cf2c0560f637404c2d96164b67d9d67&amp;apos;, time: &amp;apos;2015-10-09 13:08:06&amp;apos;
System info: host: &amp;apos;SDF4110IPM096&amp;apos;, ip: &amp;apos;10.254.19.60&amp;apos;, os.name: &amp;apos;Windows 7&amp;apos;, os.arch: &amp;apos;amd64&amp;apos;, os.version: &amp;apos;6.1&amp;apos;, java.version: &amp;apos;1.8.0_171&amp;apos;
Driver info: org.openqa.selenium.chrome.ChromeDriver
Capabilities [{applicationCacheEnabled=false, rotatable=false, mobileEmulationEnabled=false, networkConnectionEnabled=false, chrome={chromedriverVersion=2.36.540470 (e522d04694c7ebea4ba8821272dbef4f9b818c91), userDataDir=C:\Users\JAIN~1.ANU\AppData\Local\Temp\scoped_dir7824_11695}, takesHeapSnapshot=true, pageLoadStrategy=normal, databaseEnabled=false, handlesAlerts=true, hasTouchScreen=false, version=66.0.3359.181, platform=XP, browserConnectionEnabled=false, nativeEvents=true, acceptSslCerts=false, acceptInsecureCerts=false, locationContextEnabled=true, webStorageEnabled=true, browserName=chrome, takesScreenshot=true, javascriptEnabled=true, cssSelectorsEnabled=true, setWindowRect=true, unexpectedAlertBehaviour=}]
Session ID: 98b966bfbec56dad201293c1ddaae032
*** Element info: {Using=xpath, value=.//*[@id=&amp;apos;choice1&amp;apos;]}">
      <![CDATA[org.openqa.selenium.NoSuchElementException: no such element: Unable to locate element: {"method":"xpath","selector":".//*[@id='choice1']"}
  (Session info: chrome=66.0.3359.181)
  (Driver info: chromedriver=2.36.540470 (e522d04694c7ebea4ba8821272dbef4f9b818c91),platform=Windows NT 6.1.7601 SP1 x86_64) (WARNING: The server did not provide any stacktrace information)
Command duration or timeout: 11.45 seconds
For documentation on this error, please visit: http://seleniumhq.org/exceptions/no_such_element.html
Build info: version: '2.48.2', revision: '41bccdd10cf2c0560f637404c2d96164b67d9d67', time: '2015-10-09 13:08:06'
System info: host: 'SDF4110IPM096', ip: '10.254.19.60', os.name: 'Windows 7', os.arch: 'amd64', os.version: '6.1', java.version: '1.8.0_171'
Driver info: org.openqa.selenium.chrome.ChromeDriver
Capabilities [{applicationCacheEnabled=false, rotatable=false, mobileEmulationEnabled=false, networkConnectionEnabled=false, chrome={chromedriverVersion=2.36.540470 (e522d04694c7ebea4ba8821272dbef4f9b818c91), userDataDir=C:\Users\JAIN~1.ANU\AppData\Local\Temp\scoped_dir7824_11695}, takesHeapSnapshot=true, pageLoadStrategy=normal, databaseEnabled=false, handlesAlerts=true, hasTouchScreen=false, version=66.0.3359.181, platform=XP, browserConnectionEnabled=false, nativeEvents=true, acceptSslCerts=false, acceptInsecureCerts=false, locationContextEnabled=true, webStorageEnabled=true, browserName=chrome, takesScreenshot=true, javascriptEnabled=true, cssSelectorsEnabled=true, setWindowRect=true, unexpectedAlertBehaviour=}]
Session ID: 98b966bfbec56dad201293c1ddaae032
*** Element info: {Using=xpath, value=.//*[@id='choice1']}
at sun.reflect.NativeConstructorAccessorImpl.newInstance0(Native Method)
at sun.reflect.NativeConstructorAccessorImpl.newInstance(NativeConstructorAccessorImpl.java:62)
at sun.reflect.DelegatingConstructorAccessorImpl.newInstance(DelegatingConstructorAccessorImpl.java:45)
at java.lang.reflect.Constructor.newInstance(Constructor.java:423)
at org.openqa.selenium.remote.ErrorHandler.createThrowable(ErrorHandler.java:206)
at org.openqa.selenium.remote.ErrorHandler.throwIfResponseFailed(ErrorHandler.java:158)
at org.openqa.selenium.remote.RemoteWebDriver.execute(RemoteWebDriver.java:647)
at org.openqa.selenium.remote.RemoteWebDriver.findElement(RemoteWebDriver.java:353)
at org.openqa.selenium.remote.RemoteWebDriver.findElementByXPath(RemoteWebDriver.java:490)
at org.openqa.selenium.By$ByXPath.findElement(By.java:361)
at org.openqa.selenium.remote.RemoteWebDriver.findElement(RemoteWebDriver.java:345)
at Keywords.click.clickTheButton(click.java:14)
at Executer.ExecuteKeywords.ExecuteTheKeywords(ExecuteKeywords.java:66)
at Executer.Execute.getSteps(Execute.java:26)
at sun.reflect.NativeMethodAccessorImpl.invoke0(Native Method)
at sun.reflect.NativeMethodAccessorImpl.invoke(NativeMethodAccessorImpl.java:62)
at sun.reflect.DelegatingMethodAccessorImpl.invoke(DelegatingMethodAccessorImpl.java:43)
at java.lang.reflect.Method.invoke(Method.java:498)
at org.testng.internal.MethodInvocationHelper.invokeMethod(MethodInvocationHelper.java:124)
at org.testng.internal.Invoker.invokeMethod(Invoker.java:580)
at org.testng.internal.Invoker.invokeTestMethod(Invoker.java:716)
at org.testng.internal.Invoker.invokeTestMethods(Invoker.java:988)
at org.testng.internal.TestMethodWorker.invokeTestMethods(TestMethodWorker.java:125)
at org.testng.internal.TestMethodWorker.run(TestMethodWorker.java:109)
at org.testng.TestRunner.privateRun(TestRunner.java:648)
at org.testng.TestRunner.run(TestRunner.java:505)
at org.testng.SuiteRunner.runTest(SuiteRunner.java:455)
at org.testng.SuiteRunner.runSequentially(SuiteRunner.java:450)
at org.testng.SuiteRunner.privateRun(SuiteRunner.java:415)
at org.testng.SuiteRunner.run(SuiteRunner.java:364)
at org.testng.SuiteRunnerWorker.runSuite(SuiteRunnerWorker.java:52)
at org.testng.SuiteRunnerWorker.run(SuiteRunnerWorker.java:84)
at org.testng.TestNG.runSuitesSequentially(TestNG.java:1208)
at org.testng.TestNG.runSuitesLocally(TestNG.java:1137)
at org.testng.TestNG.runSuites(TestNG.java:1049)
at org.testng.TestNG.run(TestNG.java:1017)
at org.testng.remote.AbstractRemoteTestNG.run(AbstractRemoteTestNG.java:114)
at org.testng.remote.RemoteTestNG.initAndRun(RemoteTestNG.java:251)
at org.testng.remote.RemoteTestNG.main(RemoteTestNG.java:77)
]]>
    </failure>
  </testcase> <!-- getSteps -->
  <testcase name="getSteps" time="10.68" classname="Executer.Execute">
    <failure type="org.openqa.selenium.NoSuchElementException" message="no such element: Unable to locate element: {&amp;quot;method&amp;quot;:&amp;quot;xpath&amp;quot;,&amp;quot;selector&amp;quot;:&amp;quot;.//*[@id=&amp;apos;btnSubmit&amp;apos;]&amp;quot;}
  (Session info: chrome=66.0.3359.181)
  (Driver info: chromedriver=2.36.540470 (e522d04694c7ebea4ba8821272dbef4f9b818c91),platform=Windows NT 6.1.7601 SP1 x86_64) (WARNING: The server did not provide any stacktrace information)
Command duration or timeout: 10.04 seconds
For documentation on this error, please visit: http://seleniumhq.org/exceptions/no_such_element.html
Build info: version: &amp;apos;2.48.2&amp;apos;, revision: &amp;apos;41bccdd10cf2c0560f637404c2d96164b67d9d67&amp;apos;, time: &amp;apos;2015-10-09 13:08:06&amp;apos;
System info: host: &amp;apos;SDF4110IPM096&amp;apos;, ip: &amp;apos;10.254.19.60&amp;apos;, os.name: &amp;apos;Windows 7&amp;apos;, os.arch: &amp;apos;amd64&amp;apos;, os.version: &amp;apos;6.1&amp;apos;, java.version: &amp;apos;1.8.0_171&amp;apos;
Driver info: org.openqa.selenium.chrome.ChromeDriver
Capabilities [{applicationCacheEnabled=false, rotatable=false, mobileEmulationEnabled=false, networkConnectionEnabled=false, chrome={chromedriverVersion=2.36.540470 (e522d04694c7ebea4ba8821272dbef4f9b818c91), userDataDir=C:\Users\JAIN~1.ANU\AppData\Local\Temp\scoped_dir7824_11695}, takesHeapSnapshot=true, pageLoadStrategy=normal, databaseEnabled=false, handlesAlerts=true, hasTouchScreen=false, version=66.0.3359.181, platform=XP, browserConnectionEnabled=false, nativeEvents=true, acceptSslCerts=false, acceptInsecureCerts=false, locationContextEnabled=true, webStorageEnabled=true, browserName=chrome, takesScreenshot=true, javascriptEnabled=true, cssSelectorsEnabled=true, setWindowRect=true, unexpectedAlertBehaviour=}]
Session ID: 98b966bfbec56dad201293c1ddaae032
*** Element info: {Using=xpath, value=.//*[@id=&amp;apos;btnSubmit&amp;apos;]}">
      <![CDATA[org.openqa.selenium.NoSuchElementException: no such element: Unable to locate element: {"method":"xpath","selector":".//*[@id='btnSubmit']"}
  (Session info: chrome=66.0.3359.181)
  (Driver info: chromedriver=2.36.540470 (e522d04694c7ebea4ba8821272dbef4f9b818c91),platform=Windows NT 6.1.7601 SP1 x86_64) (WARNING: The server did not provide any stacktrace information)
Command duration or timeout: 10.04 seconds
For documentation on this error, please visit: http://seleniumhq.org/exceptions/no_such_element.html
Build info: version: '2.48.2', revision: '41bccdd10cf2c0560f637404c2d96164b67d9d67', time: '2015-10-09 13:08:06'
System info: host: 'SDF4110IPM096', ip: '10.254.19.60', os.name: 'Windows 7', os.arch: 'amd64', os.version: '6.1', java.version: '1.8.0_171'
Driver info: org.openqa.selenium.chrome.ChromeDriver
Capabilities [{applicationCacheEnabled=false, rotatable=false, mobileEmulationEnabled=false, networkConnectionEnabled=false, chrome={chromedriverVersion=2.36.540470 (e522d04694c7ebea4ba8821272dbef4f9b818c91), userDataDir=C:\Users\JAIN~1.ANU\AppData\Local\Temp\scoped_dir7824_11695}, takesHeapSnapshot=true, pageLoadStrategy=normal, databaseEnabled=false, handlesAlerts=true, hasTouchScreen=false, version=66.0.3359.181, platform=XP, browserConnectionEnabled=false, nativeEvents=true, acceptSslCerts=false, acceptInsecureCerts=false, locationContextEnabled=true, webStorageEnabled=true, browserName=chrome, takesScreenshot=true, javascriptEnabled=true, cssSelectorsEnabled=true, setWindowRect=true, unexpectedAlertBehaviour=}]
Session ID: 98b966bfbec56dad201293c1ddaae032
*** Element info: {Using=xpath, value=.//*[@id='btnSubmit']}
at sun.reflect.NativeConstructorAccessorImpl.newInstance0(Native Method)
at sun.reflect.NativeConstructorAccessorImpl.newInstance(NativeConstructorAccessorImpl.java:62)
at sun.reflect.DelegatingConstructorAccessorImpl.newInstance(DelegatingConstructorAccessorImpl.java:45)
at java.lang.reflect.Constructor.newInstance(Constructor.java:423)
at org.openqa.selenium.remote.ErrorHandler.createThrowable(ErrorHandler.java:206)
at org.openqa.selenium.remote.ErrorHandler.throwIfResponseFailed(ErrorHandler.java:158)
at org.openqa.selenium.remote.RemoteWebDriver.execute(RemoteWebDriver.java:647)
at org.openqa.selenium.remote.RemoteWebDriver.findElement(RemoteWebDriver.java:353)
at org.openqa.selenium.remote.RemoteWebDriver.findElementByXPath(RemoteWebDriver.java:490)
at org.openqa.selenium.By$ByXPath.findElement(By.java:361)
at org.openqa.selenium.remote.RemoteWebDriver.findElement(RemoteWebDriver.java:345)
at Keywords.click.clickTheButton(click.java:14)
at Executer.ExecuteKeywords.ExecuteTheKeywords(ExecuteKeywords.java:66)
at Executer.Execute.getSteps(Execute.java:26)
at sun.reflect.NativeMethodAccessorImpl.invoke0(Native Method)
at sun.reflect.NativeMethodAccessorImpl.invoke(NativeMethodAccessorImpl.java:62)
at sun.reflect.DelegatingMethodAccessorImpl.invoke(DelegatingMethodAccessorImpl.java:43)
at java.lang.reflect.Method.invoke(Method.java:498)
at org.testng.internal.MethodInvocationHelper.invokeMethod(MethodInvocationHelper.java:124)
at org.testng.internal.Invoker.invokeMethod(Invoker.java:580)
at org.testng.internal.Invoker.invokeTestMethod(Invoker.java:716)
at org.testng.internal.Invoker.invokeTestMethods(Invoker.java:988)
at org.testng.internal.TestMethodWorker.invokeTestMethods(TestMethodWorker.java:125)
at org.testng.internal.TestMethodWorker.run(TestMethodWorker.java:109)
at org.testng.TestRunner.privateRun(TestRunner.java:648)
at org.testng.TestRunner.run(TestRunner.java:505)
at org.testng.SuiteRunner.runTest(SuiteRunner.java:455)
at org.testng.SuiteRunner.runSequentially(SuiteRunner.java:450)
at org.testng.SuiteRunner.privateRun(SuiteRunner.java:415)
at org.testng.SuiteRunner.run(SuiteRunner.java:364)
at org.testng.SuiteRunnerWorker.runSuite(SuiteRunnerWorker.java:52)
at org.testng.SuiteRunnerWorker.run(SuiteRunnerWorker.java:84)
at org.testng.TestNG.runSuitesSequentially(TestNG.java:1208)
at org.testng.TestNG.runSuitesLocally(TestNG.java:1137)
at org.testng.TestNG.runSuites(TestNG.java:1049)
at org.testng.TestNG.run(TestNG.java:1017)
at org.testng.remote.AbstractRemoteTestNG.run(AbstractRemoteTestNG.java:114)
at org.testng.remote.RemoteTestNG.initAndRun(RemoteTestNG.java:251)
at org.testng.remote.RemoteTestNG.main(RemoteTestNG.java:77)
]]>
    </failure>
  </testcase> <!-- getSteps -->
  <testcase name="getSteps" time="1.984" classname="Executer.Execute"/>
  <testcase name="getSteps" time="1.02" classname="Executer.Execute"/>
  <testcase name="getSteps" time="2.261" classname="Executer.Execute"/>
  <testcase name="getSteps" time="1.938" classname="Executer.Execute"/>
  <testcase name="getSteps" time="1.868" classname="Executer.Execute"/>
  <testcase name="getSteps" time="1.821" classname="Executer.Execute"/>
  <testcase name="getSteps" time="1.737" classname="Executer.Execute"/>
  <testcase name="getSteps" time="1.764" classname="Executer.Execute"/>
  <testcase name="getSteps" time="0.965" classname="Executer.Execute"/>
  <testcase name="getSteps" time="1.527" classname="Executer.Execute"/>
  <testcase name="getSteps" time="0.775" classname="Executer.Execute"/>
  <testcase name="getSteps" time="2.022" classname="Executer.Execute"/>
  <testcase name="getSteps" time="1.729" classname="Executer.Execute"/>
  <testcase name="getSteps" time="1.669" classname="Executer.Execute"/>
  <testcase name="getSteps" time="1.745" classname="Executer.Execute"/>
  <testcase name="getSteps" time="0.693" classname="Executer.Execute"/>
  <testcase name="getSteps" time="0.787" classname="Executer.Execute"/>
  <testcase name="getSteps" time="1.403" classname="Executer.Execute"/>
  <testcase name="getSteps" time="6.658" classname="Executer.Execute"/>
  <testcase name="getSteps" time="0.633" classname="Executer.Execute">
    <failure type="org.openqa.selenium.WebDriverException" message="unknown error: Element &amp;lt;a href=&amp;quot;&amp;quot; tabindex=&amp;quot;0&amp;quot; class=&amp;quot;k-button k-button-icontext&amp;quot; id=&amp;quot;viewTransaction&amp;quot; data-uid=&amp;quot;2233134b-a99d-4614-8fc0-4e8fdc62cb84&amp;quot; data-overflow=&amp;quot;auto&amp;quot; style=&amp;quot;visibility: visible;&amp;quot;&amp;gt;...&amp;lt;/a&amp;gt; is not clickable at point (501, 162). Other element would receive the click: &amp;lt;li&amp;gt;...&amp;lt;/li&amp;gt;
  (Session info: chrome=66.0.3359.181)
  (Driver info: chromedriver=2.36.540470 (e522d04694c7ebea4ba8821272dbef4f9b818c91),platform=Windows NT 6.1.7601 SP1 x86_64) (WARNING: The server did not provide any stacktrace information)
Command duration or timeout: 70 milliseconds
Build info: version: &amp;apos;2.48.2&amp;apos;, revision: &amp;apos;41bccdd10cf2c0560f637404c2d96164b67d9d67&amp;apos;, time: &amp;apos;2015-10-09 13:08:06&amp;apos;
System info: host: &amp;apos;SDF4110IPM096&amp;apos;, ip: &amp;apos;10.254.19.60&amp;apos;, os.name: &amp;apos;Windows 7&amp;apos;, os.arch: &amp;apos;amd64&amp;apos;, os.version: &amp;apos;6.1&amp;apos;, java.version: &amp;apos;1.8.0_171&amp;apos;
Driver info: org.openqa.selenium.chrome.ChromeDriver
Capabilities [{applicationCacheEnabled=false, rotatable=false, mobileEmulationEnabled=false, networkConnectionEnabled=false, chrome={chromedriverVersion=2.36.540470 (e522d04694c7ebea4ba8821272dbef4f9b818c91), userDataDir=C:\Users\JAIN~1.ANU\AppData\Local\Temp\scoped_dir7824_11695}, takesHeapSnapshot=true, pageLoadStrategy=normal, databaseEnabled=false, handlesAlerts=true, hasTouchScreen=false, version=66.0.3359.181, platform=XP, browserConnectionEnabled=false, nativeEvents=true, acceptSslCerts=false, acceptInsecureCerts=false, locationContextEnabled=true, webStorageEnabled=true, browserName=chrome, takesScreenshot=true, javascriptEnabled=true, cssSelectorsEnabled=true, setWindowRect=true, unexpectedAlertBehaviour=}]
Session ID: 98b966bfbec56dad201293c1ddaae032">
      <![CDATA[org.openqa.selenium.WebDriverException: unknown error: Element <a href="" tabindex="0" class="k-button k-button-icontext" id="viewTransaction" data-uid="2233134b-a99d-4614-8fc0-4e8fdc62cb84" data-overflow="auto" style="visibility: visible;">...</a> is not clickable at point (501, 162). Other element would receive the click: <li>...</li>
  (Session info: chrome=66.0.3359.181)
  (Driver info: chromedriver=2.36.540470 (e522d04694c7ebea4ba8821272dbef4f9b818c91),platform=Windows NT 6.1.7601 SP1 x86_64) (WARNING: The server did not provide any stacktrace information)
Command duration or timeout: 70 milliseconds
Build info: version: '2.48.2', revision: '41bccdd10cf2c0560f637404c2d96164b67d9d67', time: '2015-10-09 13:08:06'
System info: host: 'SDF4110IPM096', ip: '10.254.19.60', os.name: 'Windows 7', os.arch: 'amd64', os.version: '6.1', java.version: '1.8.0_171'
Driver info: org.openqa.selenium.chrome.ChromeDriver
Capabilities [{applicationCacheEnabled=false, rotatable=false, mobileEmulationEnabled=false, networkConnectionEnabled=false, chrome={chromedriverVersion=2.36.540470 (e522d04694c7ebea4ba8821272dbef4f9b818c91), userDataDir=C:\Users\JAIN~1.ANU\AppData\Local\Temp\scoped_dir7824_11695}, takesHeapSnapshot=true, pageLoadStrategy=normal, databaseEnabled=false, handlesAlerts=true, hasTouchScreen=false, version=66.0.3359.181, platform=XP, browserConnectionEnabled=false, nativeEvents=true, acceptSslCerts=false, acceptInsecureCerts=false, locationContextEnabled=true, webStorageEnabled=true, browserName=chrome, takesScreenshot=true, javascriptEnabled=true, cssSelectorsEnabled=true, setWindowRect=true, unexpectedAlertBehaviour=}]
Session ID: 98b966bfbec56dad201293c1ddaae032
at sun.reflect.NativeConstructorAccessorImpl.newInstance0(Native Method)
at sun.reflect.NativeConstructorAccessorImpl.newInstance(NativeConstructorAccessorImpl.java:62)
at sun.reflect.DelegatingConstructorAccessorImpl.newInstance(DelegatingConstructorAccessorImpl.java:45)
at java.lang.reflect.Constructor.newInstance(Constructor.java:423)
at org.openqa.selenium.remote.ErrorHandler.createThrowable(ErrorHandler.java:206)
at org.openqa.selenium.remote.ErrorHandler.throwIfResponseFailed(ErrorHandler.java:158)
at org.openqa.selenium.remote.RemoteWebDriver.execute(RemoteWebDriver.java:647)
at org.openqa.selenium.remote.RemoteWebElement.execute(RemoteWebElement.java:326)
at org.openqa.selenium.remote.RemoteWebElement.click(RemoteWebElement.java:84)
at Keywords.click.clickTheButton(click.java:14)
at Executer.ExecuteKeywords.ExecuteTheKeywords(ExecuteKeywords.java:66)
at Executer.Execute.getSteps(Execute.java:26)
at sun.reflect.GeneratedMethodAccessor2.invoke(Unknown Source)
at sun.reflect.DelegatingMethodAccessorImpl.invoke(DelegatingMethodAccessorImpl.java:43)
at java.lang.reflect.Method.invoke(Method.java:498)
at org.testng.internal.MethodInvocationHelper.invokeMethod(MethodInvocationHelper.java:124)
at org.testng.internal.Invoker.invokeMethod(Invoker.java:580)
at org.testng.internal.Invoker.invokeTestMethod(Invoker.java:716)
at org.testng.internal.Invoker.invokeTestMethods(Invoker.java:988)
at org.testng.internal.TestMethodWorker.invokeTestMethods(TestMethodWorker.java:125)
at org.testng.internal.TestMethodWorker.run(TestMethodWorker.java:109)
at org.testng.TestRunner.privateRun(TestRunner.java:648)
at org.testng.TestRunner.run(TestRunner.java:505)
at org.testng.SuiteRunner.runTest(SuiteRunner.java:455)
at org.testng.SuiteRunner.runSequentially(SuiteRunner.java:450)
at org.testng.SuiteRunner.privateRun(SuiteRunner.java:415)
at org.testng.SuiteRunner.run(SuiteRunner.java:364)
at org.testng.SuiteRunnerWorker.runSuite(SuiteRunnerWorker.java:52)
at org.testng.SuiteRunnerWorker.run(SuiteRunnerWorker.java:84)
at org.testng.TestNG.runSuitesSequentially(TestNG.java:1208)
at org.testng.TestNG.runSuitesLocally(TestNG.java:1137)
at org.testng.TestNG.runSuites(TestNG.java:1049)
at org.testng.TestNG.run(TestNG.java:1017)
at org.testng.remote.AbstractRemoteTestNG.run(AbstractRemoteTestNG.java:114)
at org.testng.remote.RemoteTestNG.initAndRun(RemoteTestNG.java:251)
at org.testng.remote.RemoteTestNG.main(RemoteTestNG.java:77)
]]>
    </failure>
  </testcase> <!-- getSteps -->
  <testcase name="getSteps" time="0.949" classname="Executer.Execute"/>
  <testcase name="getSteps" time="0.879" classname="Executer.Execute"/>
  <testcase name="getSteps" time="1.034" classname="Executer.Execute"/>
  <testcase name="getSteps" time="1.271" classname="Executer.Execute"/>
  <testcase name="getSteps" time="0.693" classname="Executer.Execute">
    <failure type="java.lang.NumberFormatException" message="For input string: &amp;quot;NA&amp;quot;">
      <![CDATA[java.lang.NumberFormatException: For input string: "NA"
at java.lang.NumberFormatException.forInputString(NumberFormatException.java:65)
at java.lang.Integer.parseInt(Integer.java:580)
at java.lang.Integer.parseInt(Integer.java:615)
at Keywords.getText.getnumber(getText.java:54)
at Keywords.wait.waitForTime(wait.java:8)
at Executer.ExecuteKeywords.ExecuteTheKeywords(ExecuteKeywords.java:106)
at Executer.Execute.getSteps(Execute.java:26)
at sun.reflect.GeneratedMethodAccessor2.invoke(Unknown Source)
at sun.reflect.DelegatingMethodAccessorImpl.invoke(DelegatingMethodAccessorImpl.java:43)
at java.lang.reflect.Method.invoke(Method.java:498)
at org.testng.internal.MethodInvocationHelper.invokeMethod(MethodInvocationHelper.java:124)
at org.testng.internal.Invoker.invokeMethod(Invoker.java:580)
at org.testng.internal.Invoker.invokeTestMethod(Invoker.java:716)
at org.testng.internal.Invoker.invokeTestMethods(Invoker.java:988)
at org.testng.internal.TestMethodWorker.invokeTestMethods(TestMethodWorker.java:125)
at org.testng.internal.TestMethodWorker.run(TestMethodWorker.java:109)
at org.testng.TestRunner.privateRun(TestRunner.java:648)
at org.testng.TestRunner.run(TestRunner.java:505)
at org.testng.SuiteRunner.runTest(SuiteRunner.java:455)
at org.testng.SuiteRunner.runSequentially(SuiteRunner.java:450)
at org.testng.SuiteRunner.privateRun(SuiteRunner.java:415)
at org.testng.SuiteRunner.run(SuiteRunner.java:364)
at org.testng.SuiteRunnerWorker.runSuite(SuiteRunnerWorker.java:52)
at org.testng.SuiteRunnerWorker.run(SuiteRunnerWorker.java:84)
at org.testng.TestNG.runSuitesSequentially(TestNG.java:1208)
at org.testng.TestNG.runSuitesLocally(TestNG.java:1137)
at org.testng.TestNG.runSuites(TestNG.java:1049)
at org.testng.TestNG.run(TestNG.java:1017)
at org.testng.remote.AbstractRemoteTestNG.run(AbstractRemoteTestNG.java:114)
at org.testng.remote.RemoteTestNG.initAndRun(RemoteTestNG.java:251)
at org.testng.remote.RemoteTestNG.main(RemoteTestNG.java:77)
]]>
    </failure>
  </testcase> <!-- getSteps -->
  <testcase name="getSteps" time="1.652" classname="Executer.Execute"/>
  <testcase name="getSteps" time="1.43" classname="Executer.Execute"/>
  <testcase name="getSteps" time="1.43" classname="Executer.Execute"/>
  <testcase name="getSteps" time="6.568" classname="Executer.Execute"/>
  <testcase name="getSteps" time="2.381" classname="Executer.Execute"/>
  <testcase name="getSteps" time="1.084" classname="Executer.Execute"/>
  <testcase name="getSteps" time="2.084" classname="Executer.Execute"/>
  <testcase name="getSteps" time="1.806" classname="Executer.Execute"/>
  <testcase name="getSteps" time="2.108" classname="Executer.Execute"/>
  <testcase name="getSteps" time="1.786" classname="Executer.Execute"/>
  <testcase name="getSteps" time="1.801" classname="Executer.Execute"/>
  <testcase name="getSteps" time="1.722" classname="Executer.Execute"/>
  <testcase name="getSteps" time="1.867" classname="Executer.Execute"/>
  <testcase name="getSteps" time="1.739" classname="Executer.Execute"/>
  <testcase name="getSteps" time="1.269" classname="Executer.Execute"/>
  <testcase name="getSteps" time="6.54" classname="Executer.Execute"/>
  <testcase name="getSteps" time="0.687" classname="Executer.Execute"/>
  <testcase name="getSteps" time="0.988" classname="Executer.Execute"/>
  <testcase name="getSteps" time="6.498" classname="Executer.Execute"/>
  <testcase name="getSteps" time="10.494" classname="Executer.Execute">
    <failure type="org.openqa.selenium.NoSuchElementException" message="no such element: Unable to locate element: {&amp;quot;method&amp;quot;:&amp;quot;xpath&amp;quot;,&amp;quot;selector&amp;quot;:&amp;quot;.//*[@id=&amp;apos;RedirectonClose2&amp;apos;]&amp;quot;}
  (Session info: chrome=66.0.3359.181)
  (Driver info: chromedriver=2.36.540470 (e522d04694c7ebea4ba8821272dbef4f9b818c91),platform=Windows NT 6.1.7601 SP1 x86_64) (WARNING: The server did not provide any stacktrace information)
Command duration or timeout: 10.02 seconds
For documentation on this error, please visit: http://seleniumhq.org/exceptions/no_such_element.html
Build info: version: &amp;apos;2.48.2&amp;apos;, revision: &amp;apos;41bccdd10cf2c0560f637404c2d96164b67d9d67&amp;apos;, time: &amp;apos;2015-10-09 13:08:06&amp;apos;
System info: host: &amp;apos;SDF4110IPM096&amp;apos;, ip: &amp;apos;10.254.19.60&amp;apos;, os.name: &amp;apos;Windows 7&amp;apos;, os.arch: &amp;apos;amd64&amp;apos;, os.version: &amp;apos;6.1&amp;apos;, java.version: &amp;apos;1.8.0_171&amp;apos;
Driver info: org.openqa.selenium.chrome.ChromeDriver
Capabilities [{applicationCacheEnabled=false, rotatable=false, mobileEmulationEnabled=false, networkConnectionEnabled=false, chrome={chromedriverVersion=2.36.540470 (e522d04694c7ebea4ba8821272dbef4f9b818c91), userDataDir=C:\Users\JAIN~1.ANU\AppData\Local\Temp\scoped_dir7824_11695}, takesHeapSnapshot=true, pageLoadStrategy=normal, databaseEnabled=false, handlesAlerts=true, hasTouchScreen=false, version=66.0.3359.181, platform=XP, browserConnectionEnabled=false, nativeEvents=true, acceptSslCerts=false, acceptInsecureCerts=false, locationContextEnabled=true, webStorageEnabled=true, browserName=chrome, takesScreenshot=true, javascriptEnabled=true, cssSelectorsEnabled=true, setWindowRect=true, unexpectedAlertBehaviour=}]
Session ID: 98b966bfbec56dad201293c1ddaae032
*** Element info: {Using=xpath, value=.//*[@id=&amp;apos;RedirectonClose2&amp;apos;]}">
      <![CDATA[org.openqa.selenium.NoSuchElementException: no such element: Unable to locate element: {"method":"xpath","selector":".//*[@id='RedirectonClose2']"}
  (Session info: chrome=66.0.3359.181)
  (Driver info: chromedriver=2.36.540470 (e522d04694c7ebea4ba8821272dbef4f9b818c91),platform=Windows NT 6.1.7601 SP1 x86_64) (WARNING: The server did not provide any stacktrace information)
Command duration or timeout: 10.02 seconds
For documentation on this error, please visit: http://seleniumhq.org/exceptions/no_such_element.html
Build info: version: '2.48.2', revision: '41bccdd10cf2c0560f637404c2d96164b67d9d67', time: '2015-10-09 13:08:06'
System info: host: 'SDF4110IPM096', ip: '10.254.19.60', os.name: 'Windows 7', os.arch: 'amd64', os.version: '6.1', java.version: '1.8.0_171'
Driver info: org.openqa.selenium.chrome.ChromeDriver
Capabilities [{applicationCacheEnabled=false, rotatable=false, mobileEmulationEnabled=false, networkConnectionEnabled=false, chrome={chromedriverVersion=2.36.540470 (e522d04694c7ebea4ba8821272dbef4f9b818c91), userDataDir=C:\Users\JAIN~1.ANU\AppData\Local\Temp\scoped_dir7824_11695}, takesHeapSnapshot=true, pageLoadStrategy=normal, databaseEnabled=false, handlesAlerts=true, hasTouchScreen=false, version=66.0.3359.181, platform=XP, browserConnectionEnabled=false, nativeEvents=true, acceptSslCerts=false, acceptInsecureCerts=false, locationContextEnabled=true, webStorageEnabled=true, browserName=chrome, takesScreenshot=true, javascriptEnabled=true, cssSelectorsEnabled=true, setWindowRect=true, unexpectedAlertBehaviour=}]
Session ID: 98b966bfbec56dad201293c1ddaae032
*** Element info: {Using=xpath, value=.//*[@id='RedirectonClose2']}
at sun.reflect.NativeConstructorAccessorImpl.newInstance0(Native Method)
at sun.reflect.NativeConstructorAccessorImpl.newInstance(NativeConstructorAccessorImpl.java:62)
at sun.reflect.DelegatingConstructorAccessorImpl.newInstance(DelegatingConstructorAccessorImpl.java:45)
at java.lang.reflect.Constructor.newInstance(Constructor.java:423)
at org.openqa.selenium.remote.ErrorHandler.createThrowable(ErrorHandler.java:206)
at org.openqa.selenium.remote.ErrorHandler.throwIfResponseFailed(ErrorHandler.java:158)
at org.openqa.selenium.remote.RemoteWebDriver.execute(RemoteWebDriver.java:647)
at org.openqa.selenium.remote.RemoteWebDriver.findElement(RemoteWebDriver.java:353)
at org.openqa.selenium.remote.RemoteWebDriver.findElementByXPath(RemoteWebDriver.java:490)
at org.openqa.selenium.By$ByXPath.findElement(By.java:361)
at org.openqa.selenium.remote.RemoteWebDriver.findElement(RemoteWebDriver.java:345)
at Keywords.click.clickTheButton(click.java:14)
at Executer.ExecuteKeywords.ExecuteTheKeywords(ExecuteKeywords.java:66)
at Executer.Execute.getSteps(Execute.java:26)
at sun.reflect.GeneratedMethodAccessor2.invoke(Unknown Source)
at sun.reflect.DelegatingMethodAccessorImpl.invoke(DelegatingMethodAccessorImpl.java:43)
at java.lang.reflect.Method.invoke(Method.java:498)
at org.testng.internal.MethodInvocationHelper.invokeMethod(MethodInvocationHelper.java:124)
at org.testng.internal.Invoker.invokeMethod(Invoker.java:580)
at org.testng.internal.Invoker.invokeTestMethod(Invoker.java:716)
at org.testng.internal.Invoker.invokeTestMethods(Invoker.java:988)
at org.testng.internal.TestMethodWorker.invokeTestMethods(TestMethodWorker.java:125)
at org.testng.internal.TestMethodWorker.run(TestMethodWorker.java:109)
at org.testng.TestRunner.privateRun(TestRunner.java:648)
at org.testng.TestRunner.run(TestRunner.java:505)
at org.testng.SuiteRunner.runTest(SuiteRunner.java:455)
at org.testng.SuiteRunner.runSequentially(SuiteRunner.java:450)
at org.testng.SuiteRunner.privateRun(SuiteRunner.java:415)
at org.testng.SuiteRunner.run(SuiteRunner.java:364)
at org.testng.SuiteRunnerWorker.runSuite(SuiteRunnerWorker.java:52)
at org.testng.SuiteRunnerWorker.run(SuiteRunnerWorker.java:84)
at org.testng.TestNG.runSuitesSequentially(TestNG.java:1208)
at org.testng.TestNG.runSuitesLocally(TestNG.java:1137)
at org.testng.TestNG.runSuites(TestNG.java:1049)
at org.testng.TestNG.run(TestNG.java:1017)
at org.testng.remote.AbstractRemoteTestNG.run(AbstractRemoteTestNG.java:114)
at org.testng.remote.RemoteTestNG.initAndRun(RemoteTestNG.java:251)
at org.testng.remote.RemoteTestNG.main(RemoteTestNG.java:77)
]]>
    </failure>
  </testcase> <!-- getSteps -->
  <testcase name="getSteps" time="10.511" classname="Executer.Execute"/>
  <testcase name="getSteps" time="1.855" classname="Executer.Execute"/>
  <testcase name="getSteps" time="3.55" classname="Executer.Execute"/>
  <testcase name="getSteps" time="3.2" classname="Executer.Execute"/>
  <testcase name="getSteps" time="9.785" classname="Executer.Execute"/>
  <testcase name="getSteps" time="4.066" classname="Executer.Execute"/>
  <testcase name="getSteps" time="11.071" classname="Executer.Execute">
    <failure type="org.openqa.selenium.NoSuchElementException" message="no such element: Unable to locate element: {&amp;quot;method&amp;quot;:&amp;quot;xpath&amp;quot;,&amp;quot;selector&amp;quot;:&amp;quot;.//*[@id=&amp;apos;choice1&amp;apos;]&amp;quot;}
  (Session info: chrome=66.0.3359.181)
  (Driver info: chromedriver=2.36.540470 (e522d04694c7ebea4ba8821272dbef4f9b818c91),platform=Windows NT 6.1.7601 SP1 x86_64) (WARNING: The server did not provide any stacktrace information)
Command duration or timeout: 10.28 seconds
For documentation on this error, please visit: http://seleniumhq.org/exceptions/no_such_element.html
Build info: version: &amp;apos;2.48.2&amp;apos;, revision: &amp;apos;41bccdd10cf2c0560f637404c2d96164b67d9d67&amp;apos;, time: &amp;apos;2015-10-09 13:08:06&amp;apos;
System info: host: &amp;apos;SDF4110IPM096&amp;apos;, ip: &amp;apos;10.254.19.60&amp;apos;, os.name: &amp;apos;Windows 7&amp;apos;, os.arch: &amp;apos;amd64&amp;apos;, os.version: &amp;apos;6.1&amp;apos;, java.version: &amp;apos;1.8.0_171&amp;apos;
Driver info: org.openqa.selenium.chrome.ChromeDriver
Capabilities [{applicationCacheEnabled=false, rotatable=false, mobileEmulationEnabled=false, networkConnectionEnabled=false, chrome={chromedriverVersion=2.36.540470 (e522d04694c7ebea4ba8821272dbef4f9b818c91), userDataDir=C:\Users\JAIN~1.ANU\AppData\Local\Temp\scoped_dir7300_3444}, takesHeapSnapshot=true, pageLoadStrategy=normal, databaseEnabled=false, handlesAlerts=true, hasTouchScreen=false, version=66.0.3359.181, platform=XP, browserConnectionEnabled=false, nativeEvents=true, acceptSslCerts=false, acceptInsecureCerts=false, locationContextEnabled=true, webStorageEnabled=true, browserName=chrome, takesScreenshot=true, javascriptEnabled=true, cssSelectorsEnabled=true, setWindowRect=true, unexpectedAlertBehaviour=}]
Session ID: 67cd7efdde323fa5d2f2d24960f7a931
*** Element info: {Using=xpath, value=.//*[@id=&amp;apos;choice1&amp;apos;]}">
      <![CDATA[org.openqa.selenium.NoSuchElementException: no such element: Unable to locate element: {"method":"xpath","selector":".//*[@id='choice1']"}
  (Session info: chrome=66.0.3359.181)
  (Driver info: chromedriver=2.36.540470 (e522d04694c7ebea4ba8821272dbef4f9b818c91),platform=Windows NT 6.1.7601 SP1 x86_64) (WARNING: The server did not provide any stacktrace information)
Command duration or timeout: 10.28 seconds
For documentation on this error, please visit: http://seleniumhq.org/exceptions/no_such_element.html
Build info: version: '2.48.2', revision: '41bccdd10cf2c0560f637404c2d96164b67d9d67', time: '2015-10-09 13:08:06'
System info: host: 'SDF4110IPM096', ip: '10.254.19.60', os.name: 'Windows 7', os.arch: 'amd64', os.version: '6.1', java.version: '1.8.0_171'
Driver info: org.openqa.selenium.chrome.ChromeDriver
Capabilities [{applicationCacheEnabled=false, rotatable=false, mobileEmulationEnabled=false, networkConnectionEnabled=false, chrome={chromedriverVersion=2.36.540470 (e522d04694c7ebea4ba8821272dbef4f9b818c91), userDataDir=C:\Users\JAIN~1.ANU\AppData\Local\Temp\scoped_dir7300_3444}, takesHeapSnapshot=true, pageLoadStrategy=normal, databaseEnabled=false, handlesAlerts=true, hasTouchScreen=false, version=66.0.3359.181, platform=XP, browserConnectionEnabled=false, nativeEvents=true, acceptSslCerts=false, acceptInsecureCerts=false, locationContextEnabled=true, webStorageEnabled=true, browserName=chrome, takesScreenshot=true, javascriptEnabled=true, cssSelectorsEnabled=true, setWindowRect=true, unexpectedAlertBehaviour=}]
Session ID: 67cd7efdde323fa5d2f2d24960f7a931
*** Element info: {Using=xpath, value=.//*[@id='choice1']}
at sun.reflect.NativeConstructorAccessorImpl.newInstance0(Native Method)
at sun.reflect.NativeConstructorAccessorImpl.newInstance(NativeConstructorAccessorImpl.java:62)
at sun.reflect.DelegatingConstructorAccessorImpl.newInstance(DelegatingConstructorAccessorImpl.java:45)
at java.lang.reflect.Constructor.newInstance(Constructor.java:423)
at org.openqa.selenium.remote.ErrorHandler.createThrowable(ErrorHandler.java:206)
at org.openqa.selenium.remote.ErrorHandler.throwIfResponseFailed(ErrorHandler.java:158)
at org.openqa.selenium.remote.RemoteWebDriver.execute(RemoteWebDriver.java:647)
at org.openqa.selenium.remote.RemoteWebDriver.findElement(RemoteWebDriver.java:353)
at org.openqa.selenium.remote.RemoteWebDriver.findElementByXPath(RemoteWebDriver.java:490)
at org.openqa.selenium.By$ByXPath.findElement(By.java:361)
at org.openqa.selenium.remote.RemoteWebDriver.findElement(RemoteWebDriver.java:345)
at Keywords.click.clickTheButton(click.java:14)
at Executer.ExecuteKeywords.ExecuteTheKeywords(ExecuteKeywords.java:66)
at Executer.Execute.getSteps(Execute.java:26)
at sun.reflect.GeneratedMethodAccessor2.invoke(Unknown Source)
at sun.reflect.DelegatingMethodAccessorImpl.invoke(DelegatingMethodAccessorImpl.java:43)
at java.lang.reflect.Method.invoke(Method.java:498)
at org.testng.internal.MethodInvocationHelper.invokeMethod(MethodInvocationHelper.java:124)
at org.testng.internal.Invoker.invokeMethod(Invoker.java:580)
at org.testng.internal.Invoker.invokeTestMethod(Invoker.java:716)
at org.testng.internal.Invoker.invokeTestMethods(Invoker.java:988)
at org.testng.internal.TestMethodWorker.invokeTestMethods(TestMethodWorker.java:125)
at org.testng.internal.TestMethodWorker.run(TestMethodWorker.java:109)
at org.testng.TestRunner.privateRun(TestRunner.java:648)
at org.testng.TestRunner.run(TestRunner.java:505)
at org.testng.SuiteRunner.runTest(SuiteRunner.java:455)
at org.testng.SuiteRunner.runSequentially(SuiteRunner.java:450)
at org.testng.SuiteRunner.privateRun(SuiteRunner.java:415)
at org.testng.SuiteRunner.run(SuiteRunner.java:364)
at org.testng.SuiteRunnerWorker.runSuite(SuiteRunnerWorker.java:52)
at org.testng.SuiteRunnerWorker.run(SuiteRunnerWorker.java:84)
at org.testng.TestNG.runSuitesSequentially(TestNG.java:1208)
at org.testng.TestNG.runSuitesLocally(TestNG.java:1137)
at org.testng.TestNG.runSuites(TestNG.java:1049)
at org.testng.TestNG.run(TestNG.java:1017)
at org.testng.remote.AbstractRemoteTestNG.run(AbstractRemoteTestNG.java:114)
at org.testng.remote.RemoteTestNG.initAndRun(RemoteTestNG.java:251)
at org.testng.remote.RemoteTestNG.main(RemoteTestNG.java:77)
]]>
    </failure>
  </testcase> <!-- getSteps -->
  <testcase name="getSteps" time="10.521" classname="Executer.Execute">
    <failure type="org.openqa.selenium.NoSuchElementException" message="no such element: Unable to locate element: {&amp;quot;method&amp;quot;:&amp;quot;xpath&amp;quot;,&amp;quot;selector&amp;quot;:&amp;quot;.//*[@id=&amp;apos;btnSubmit&amp;apos;]&amp;quot;}
  (Session info: chrome=66.0.3359.181)
  (Driver info: chromedriver=2.36.540470 (e522d04694c7ebea4ba8821272dbef4f9b818c91),platform=Windows NT 6.1.7601 SP1 x86_64) (WARNING: The server did not provide any stacktrace information)
Command duration or timeout: 10.06 seconds
For documentation on this error, please visit: http://seleniumhq.org/exceptions/no_such_element.html
Build info: version: &amp;apos;2.48.2&amp;apos;, revision: &amp;apos;41bccdd10cf2c0560f637404c2d96164b67d9d67&amp;apos;, time: &amp;apos;2015-10-09 13:08:06&amp;apos;
System info: host: &amp;apos;SDF4110IPM096&amp;apos;, ip: &amp;apos;10.254.19.60&amp;apos;, os.name: &amp;apos;Windows 7&amp;apos;, os.arch: &amp;apos;amd64&amp;apos;, os.version: &amp;apos;6.1&amp;apos;, java.version: &amp;apos;1.8.0_171&amp;apos;
Driver info: org.openqa.selenium.chrome.ChromeDriver
Capabilities [{applicationCacheEnabled=false, rotatable=false, mobileEmulationEnabled=false, networkConnectionEnabled=false, chrome={chromedriverVersion=2.36.540470 (e522d04694c7ebea4ba8821272dbef4f9b818c91), userDataDir=C:\Users\JAIN~1.ANU\AppData\Local\Temp\scoped_dir7300_3444}, takesHeapSnapshot=true, pageLoadStrategy=normal, databaseEnabled=false, handlesAlerts=true, hasTouchScreen=false, version=66.0.3359.181, platform=XP, browserConnectionEnabled=false, nativeEvents=true, acceptSslCerts=false, acceptInsecureCerts=false, locationContextEnabled=true, webStorageEnabled=true, browserName=chrome, takesScreenshot=true, javascriptEnabled=true, cssSelectorsEnabled=true, setWindowRect=true, unexpectedAlertBehaviour=}]
Session ID: 67cd7efdde323fa5d2f2d24960f7a931
*** Element info: {Using=xpath, value=.//*[@id=&amp;apos;btnSubmit&amp;apos;]}">
      <![CDATA[org.openqa.selenium.NoSuchElementException: no such element: Unable to locate element: {"method":"xpath","selector":".//*[@id='btnSubmit']"}
  (Session info: chrome=66.0.3359.181)
  (Driver info: chromedriver=2.36.540470 (e522d04694c7ebea4ba8821272dbef4f9b818c91),platform=Windows NT 6.1.7601 SP1 x86_64) (WARNING: The server did not provide any stacktrace information)
Command duration or timeout: 10.06 seconds
For documentation on this error, please visit: http://seleniumhq.org/exceptions/no_such_element.html
Build info: version: '2.48.2', revision: '41bccdd10cf2c0560f637404c2d96164b67d9d67', time: '2015-10-09 13:08:06'
System info: host: 'SDF4110IPM096', ip: '10.254.19.60', os.name: 'Windows 7', os.arch: 'amd64', os.version: '6.1', java.version: '1.8.0_171'
Driver info: org.openqa.selenium.chrome.ChromeDriver
Capabilities [{applicationCacheEnabled=false, rotatable=false, mobileEmulationEnabled=false, networkConnectionEnabled=false, chrome={chromedriverVersion=2.36.540470 (e522d04694c7ebea4ba8821272dbef4f9b818c91), userDataDir=C:\Users\JAIN~1.ANU\AppData\Local\Temp\scoped_dir7300_3444}, takesHeapSnapshot=true, pageLoadStrategy=normal, databaseEnabled=false, handlesAlerts=true, hasTouchScreen=false, version=66.0.3359.181, platform=XP, browserConnectionEnabled=false, nativeEvents=true, acceptSslCerts=false, acceptInsecureCerts=false, locationContextEnabled=true, webStorageEnabled=true, browserName=chrome, takesScreenshot=true, javascriptEnabled=true, cssSelectorsEnabled=true, setWindowRect=true, unexpectedAlertBehaviour=}]
Session ID: 67cd7efdde323fa5d2f2d24960f7a931
*** Element info: {Using=xpath, value=.//*[@id='btnSubmit']}
at sun.reflect.NativeConstructorAccessorImpl.newInstance0(Native Method)
at sun.reflect.NativeConstructorAccessorImpl.newInstance(NativeConstructorAccessorImpl.java:62)
at sun.reflect.DelegatingConstructorAccessorImpl.newInstance(DelegatingConstructorAccessorImpl.java:45)
at java.lang.reflect.Constructor.newInstance(Constructor.java:423)
at org.openqa.selenium.remote.ErrorHandler.createThrowable(ErrorHandler.java:206)
at org.openqa.selenium.remote.ErrorHandler.throwIfResponseFailed(ErrorHandler.java:158)
at org.openqa.selenium.remote.RemoteWebDriver.execute(RemoteWebDriver.java:647)
at org.openqa.selenium.remote.RemoteWebDriver.findElement(RemoteWebDriver.java:353)
at org.openqa.selenium.remote.RemoteWebDriver.findElementByXPath(RemoteWebDriver.java:490)
at org.openqa.selenium.By$ByXPath.findElement(By.java:361)
at org.openqa.selenium.remote.RemoteWebDriver.findElement(RemoteWebDriver.java:345)
at Keywords.click.clickTheButton(click.java:14)
at Executer.ExecuteKeywords.ExecuteTheKeywords(ExecuteKeywords.java:66)
at Executer.Execute.getSteps(Execute.java:26)
at sun.reflect.GeneratedMethodAccessor2.invoke(Unknown Source)
at sun.reflect.DelegatingMethodAccessorImpl.invoke(DelegatingMethodAccessorImpl.java:43)
at java.lang.reflect.Method.invoke(Method.java:498)
at org.testng.internal.MethodInvocationHelper.invokeMethod(MethodInvocationHelper.java:124)
at org.testng.internal.Invoker.invokeMethod(Invoker.java:580)
at org.testng.internal.Invoker.invokeTestMethod(Invoker.java:716)
at org.testng.internal.Invoker.invokeTestMethods(Invoker.java:988)
at org.testng.internal.TestMethodWorker.invokeTestMethods(TestMethodWorker.java:125)
at org.testng.internal.TestMethodWorker.run(TestMethodWorker.java:109)
at org.testng.TestRunner.privateRun(TestRunner.java:648)
at org.testng.TestRunner.run(TestRunner.java:505)
at org.testng.SuiteRunner.runTest(SuiteRunner.java:455)
at org.testng.SuiteRunner.runSequentially(SuiteRunner.java:450)
at org.testng.SuiteRunner.privateRun(SuiteRunner.java:415)
at org.testng.SuiteRunner.run(SuiteRunner.java:364)
at org.testng.SuiteRunnerWorker.runSuite(SuiteRunnerWorker.java:52)
at org.testng.SuiteRunnerWorker.run(SuiteRunnerWorker.java:84)
at org.testng.TestNG.runSuitesSequentially(TestNG.java:1208)
at org.testng.TestNG.runSuitesLocally(TestNG.java:1137)
at org.testng.TestNG.runSuites(TestNG.java:1049)
at org.testng.TestNG.run(TestNG.java:1017)
at org.testng.remote.AbstractRemoteTestNG.run(AbstractRemoteTestNG.java:114)
at org.testng.remote.RemoteTestNG.initAndRun(RemoteTestNG.java:251)
at org.testng.remote.RemoteTestNG.main(RemoteTestNG.java:77)
]]>
    </failure>
  </testcase> <!-- getSteps -->
  <testcase name="getSteps" time="3.466" classname="Executer.Execute"/>
  <testcase name="getSteps" time="0.668" classname="Executer.Execute"/>
  <testcase name="getSteps" time="3.581" classname="Executer.Execute"/>
  <testcase name="getSteps" time="0.638" classname="Executer.Execute"/>
  <testcase name="getSteps" time="3.596" classname="Executer.Execute"/>
  <testcase name="getSteps" time="2.9" classname="Executer.Execute"/>
  <testcase name="getSteps" time="3.701" classname="Executer.Execute"/>
  <testcase name="getSteps" time="2.033" classname="Executer.Execute"/>
  <testcase name="getSteps" time="11.819" classname="Executer.Execute"/>
  <testcase name="getSteps" time="1.532" classname="Executer.Execute"/>
  <testcase name="getSteps" time="3.587" classname="Executer.Execute"/>
  <testcase name="getSteps" time="2.053" classname="Executer.Execute"/>
  <testcase name="getSteps" time="3.472" classname="Executer.Execute"/>
  <testcase name="getSteps" time="5.465" classname="Executer.Execute"/>
  <testcase name="getSteps" time="1.09" classname="Executer.Execute"/>
  <testcase name="getSteps" time="11.79" classname="Executer.Execute">
    <failure type="org.openqa.selenium.NoSuchElementException" message="no such element: Unable to locate element: {&amp;quot;method&amp;quot;:&amp;quot;xpath&amp;quot;,&amp;quot;selector&amp;quot;:&amp;quot;.//*[@id=&amp;apos;choice1&amp;apos;]&amp;quot;}
  (Session info: chrome=66.0.3359.181)
  (Driver info: chromedriver=2.36.540470 (e522d04694c7ebea4ba8821272dbef4f9b818c91),platform=Windows NT 6.1.7601 SP1 x86_64) (WARNING: The server did not provide any stacktrace information)
Command duration or timeout: 11.05 seconds
For documentation on this error, please visit: http://seleniumhq.org/exceptions/no_such_element.html
Build info: version: &amp;apos;2.48.2&amp;apos;, revision: &amp;apos;41bccdd10cf2c0560f637404c2d96164b67d9d67&amp;apos;, time: &amp;apos;2015-10-09 13:08:06&amp;apos;
System info: host: &amp;apos;SDF4110IPM096&amp;apos;, ip: &amp;apos;10.254.19.60&amp;apos;, os.name: &amp;apos;Windows 7&amp;apos;, os.arch: &amp;apos;amd64&amp;apos;, os.version: &amp;apos;6.1&amp;apos;, java.version: &amp;apos;1.8.0_171&amp;apos;
Driver info: org.openqa.selenium.chrome.ChromeDriver
Capabilities [{applicationCacheEnabled=false, rotatable=false, mobileEmulationEnabled=false, networkConnectionEnabled=false, chrome={chromedriverVersion=2.36.540470 (e522d04694c7ebea4ba8821272dbef4f9b818c91), userDataDir=C:\Users\JAIN~1.ANU\AppData\Local\Temp\scoped_dir8032_18635}, takesHeapSnapshot=true, pageLoadStrategy=normal, databaseEnabled=false, handlesAlerts=true, hasTouchScreen=false, version=66.0.3359.181, platform=XP, browserConnectionEnabled=false, nativeEvents=true, acceptSslCerts=false, acceptInsecureCerts=false, locationContextEnabled=true, webStorageEnabled=true, browserName=chrome, takesScreenshot=true, javascriptEnabled=true, cssSelectorsEnabled=true, setWindowRect=true, unexpectedAlertBehaviour=}]
Session ID: 7f3b98f391126e5dec0821c3b3652777
*** Element info: {Using=xpath, value=.//*[@id=&amp;apos;choice1&amp;apos;]}">
      <![CDATA[org.openqa.selenium.NoSuchElementException: no such element: Unable to locate element: {"method":"xpath","selector":".//*[@id='choice1']"}
  (Session info: chrome=66.0.3359.181)
  (Driver info: chromedriver=2.36.540470 (e522d04694c7ebea4ba8821272dbef4f9b818c91),platform=Windows NT 6.1.7601 SP1 x86_64) (WARNING: The server did not provide any stacktrace information)
Command duration or timeout: 11.05 seconds
For documentation on this error, please visit: http://seleniumhq.org/exceptions/no_such_element.html
Build info: version: '2.48.2', revision: '41bccdd10cf2c0560f637404c2d96164b67d9d67', time: '2015-10-09 13:08:06'
System info: host: 'SDF4110IPM096', ip: '10.254.19.60', os.name: 'Windows 7', os.arch: 'amd64', os.version: '6.1', java.version: '1.8.0_171'
Driver info: org.openqa.selenium.chrome.ChromeDriver
Capabilities [{applicationCacheEnabled=false, rotatable=false, mobileEmulationEnabled=false, networkConnectionEnabled=false, chrome={chromedriverVersion=2.36.540470 (e522d04694c7ebea4ba8821272dbef4f9b818c91), userDataDir=C:\Users\JAIN~1.ANU\AppData\Local\Temp\scoped_dir8032_18635}, takesHeapSnapshot=true, pageLoadStrategy=normal, databaseEnabled=false, handlesAlerts=true, hasTouchScreen=false, version=66.0.3359.181, platform=XP, browserConnectionEnabled=false, nativeEvents=true, acceptSslCerts=false, acceptInsecureCerts=false, locationContextEnabled=true, webStorageEnabled=true, browserName=chrome, takesScreenshot=true, javascriptEnabled=true, cssSelectorsEnabled=true, setWindowRect=true, unexpectedAlertBehaviour=}]
Session ID: 7f3b98f391126e5dec0821c3b3652777
*** Element info: {Using=xpath, value=.//*[@id='choice1']}
at sun.reflect.NativeConstructorAccessorImpl.newInstance0(Native Method)
at sun.reflect.NativeConstructorAccessorImpl.newInstance(NativeConstructorAccessorImpl.java:62)
at sun.reflect.DelegatingConstructorAccessorImpl.newInstance(DelegatingConstructorAccessorImpl.java:45)
at java.lang.reflect.Constructor.newInstance(Constructor.java:423)
at org.openqa.selenium.remote.ErrorHandler.createThrowable(ErrorHandler.java:206)
at org.openqa.selenium.remote.ErrorHandler.throwIfResponseFailed(ErrorHandler.java:158)
at org.openqa.selenium.remote.RemoteWebDriver.execute(RemoteWebDriver.java:647)
at org.openqa.selenium.remote.RemoteWebDriver.findElement(RemoteWebDriver.java:353)
at org.openqa.selenium.remote.RemoteWebDriver.findElementByXPath(RemoteWebDriver.java:490)
at org.openqa.selenium.By$ByXPath.findElement(By.java:361)
at org.openqa.selenium.remote.RemoteWebDriver.findElement(RemoteWebDriver.java:345)
at Keywords.click.clickTheButton(click.java:14)
at Executer.ExecuteKeywords.ExecuteTheKeywords(ExecuteKeywords.java:66)
at Executer.Execute.getSteps(Execute.java:26)
at sun.reflect.GeneratedMethodAccessor2.invoke(Unknown Source)
at sun.reflect.DelegatingMethodAccessorImpl.invoke(DelegatingMethodAccessorImpl.java:43)
at java.lang.reflect.Method.invoke(Method.java:498)
at org.testng.internal.MethodInvocationHelper.invokeMethod(MethodInvocationHelper.java:124)
at org.testng.internal.Invoker.invokeMethod(Invoker.java:580)
at org.testng.internal.Invoker.invokeTestMethod(Invoker.java:716)
at org.testng.internal.Invoker.invokeTestMethods(Invoker.java:988)
at org.testng.internal.TestMethodWorker.invokeTestMethods(TestMethodWorker.java:125)
at org.testng.internal.TestMethodWorker.run(TestMethodWorker.java:109)
at org.testng.TestRunner.privateRun(TestRunner.java:648)
at org.testng.TestRunner.run(TestRunner.java:505)
at org.testng.SuiteRunner.runTest(SuiteRunner.java:455)
at org.testng.SuiteRunner.runSequentially(SuiteRunner.java:450)
at org.testng.SuiteRunner.privateRun(SuiteRunner.java:415)
at org.testng.SuiteRunner.run(SuiteRunner.java:364)
at org.testng.SuiteRunnerWorker.runSuite(SuiteRunnerWorker.java:52)
at org.testng.SuiteRunnerWorker.run(SuiteRunnerWorker.java:84)
at org.testng.TestNG.runSuitesSequentially(TestNG.java:1208)
at org.testng.TestNG.runSuitesLocally(TestNG.java:1137)
at org.testng.TestNG.runSuites(TestNG.java:1049)
at org.testng.TestNG.run(TestNG.java:1017)
at org.testng.remote.AbstractRemoteTestNG.run(AbstractRemoteTestNG.java:114)
at org.testng.remote.RemoteTestNG.initAndRun(RemoteTestNG.java:251)
at org.testng.remote.RemoteTestNG.main(RemoteTestNG.java:77)
]]>
    </failure>
  </testcase> <!-- getSteps -->
  <testcase name="getSteps" time="10.555" classname="Executer.Execute">
    <failure type="org.openqa.selenium.NoSuchElementException" message="no such element: Unable to locate element: {&amp;quot;method&amp;quot;:&amp;quot;xpath&amp;quot;,&amp;quot;selector&amp;quot;:&amp;quot;.//*[@id=&amp;apos;btnSubmit&amp;apos;]&amp;quot;}
  (Session info: chrome=66.0.3359.181)
  (Driver info: chromedriver=2.36.540470 (e522d04694c7ebea4ba8821272dbef4f9b818c91),platform=Windows NT 6.1.7601 SP1 x86_64) (WARNING: The server did not provide any stacktrace information)
Command duration or timeout: 10.04 seconds
For documentation on this error, please visit: http://seleniumhq.org/exceptions/no_such_element.html
Build info: version: &amp;apos;2.48.2&amp;apos;, revision: &amp;apos;41bccdd10cf2c0560f637404c2d96164b67d9d67&amp;apos;, time: &amp;apos;2015-10-09 13:08:06&amp;apos;
System info: host: &amp;apos;SDF4110IPM096&amp;apos;, ip: &amp;apos;10.254.19.60&amp;apos;, os.name: &amp;apos;Windows 7&amp;apos;, os.arch: &amp;apos;amd64&amp;apos;, os.version: &amp;apos;6.1&amp;apos;, java.version: &amp;apos;1.8.0_171&amp;apos;
Driver info: org.openqa.selenium.chrome.ChromeDriver
Capabilities [{applicationCacheEnabled=false, rotatable=false, mobileEmulationEnabled=false, networkConnectionEnabled=false, chrome={chromedriverVersion=2.36.540470 (e522d04694c7ebea4ba8821272dbef4f9b818c91), userDataDir=C:\Users\JAIN~1.ANU\AppData\Local\Temp\scoped_dir8032_18635}, takesHeapSnapshot=true, pageLoadStrategy=normal, databaseEnabled=false, handlesAlerts=true, hasTouchScreen=false, version=66.0.3359.181, platform=XP, browserConnectionEnabled=false, nativeEvents=true, acceptSslCerts=false, acceptInsecureCerts=false, locationContextEnabled=true, webStorageEnabled=true, browserName=chrome, takesScreenshot=true, javascriptEnabled=true, cssSelectorsEnabled=true, setWindowRect=true, unexpectedAlertBehaviour=}]
Session ID: 7f3b98f391126e5dec0821c3b3652777
*** Element info: {Using=xpath, value=.//*[@id=&amp;apos;btnSubmit&amp;apos;]}">
      <![CDATA[org.openqa.selenium.NoSuchElementException: no such element: Unable to locate element: {"method":"xpath","selector":".//*[@id='btnSubmit']"}
  (Session info: chrome=66.0.3359.181)
  (Driver info: chromedriver=2.36.540470 (e522d04694c7ebea4ba8821272dbef4f9b818c91),platform=Windows NT 6.1.7601 SP1 x86_64) (WARNING: The server did not provide any stacktrace information)
Command duration or timeout: 10.04 seconds
For documentation on this error, please visit: http://seleniumhq.org/exceptions/no_such_element.html
Build info: version: '2.48.2', revision: '41bccdd10cf2c0560f637404c2d96164b67d9d67', time: '2015-10-09 13:08:06'
System info: host: 'SDF4110IPM096', ip: '10.254.19.60', os.name: 'Windows 7', os.arch: 'amd64', os.version: '6.1', java.version: '1.8.0_171'
Driver info: org.openqa.selenium.chrome.ChromeDriver
Capabilities [{applicationCacheEnabled=false, rotatable=false, mobileEmulationEnabled=false, networkConnectionEnabled=false, chrome={chromedriverVersion=2.36.540470 (e522d04694c7ebea4ba8821272dbef4f9b818c91), userDataDir=C:\Users\JAIN~1.ANU\AppData\Local\Temp\scoped_dir8032_18635}, takesHeapSnapshot=true, pageLoadStrategy=normal, databaseEnabled=false, handlesAlerts=true, hasTouchScreen=false, version=66.0.3359.181, platform=XP, browserConnectionEnabled=false, nativeEvents=true, acceptSslCerts=false, acceptInsecureCerts=false, locationContextEnabled=true, webStorageEnabled=true, browserName=chrome, takesScreenshot=true, javascriptEnabled=true, cssSelectorsEnabled=true, setWindowRect=true, unexpectedAlertBehaviour=}]
Session ID: 7f3b98f391126e5dec0821c3b3652777
*** Element info: {Using=xpath, value=.//*[@id='btnSubmit']}
at sun.reflect.NativeConstructorAccessorImpl.newInstance0(Native Method)
at sun.reflect.NativeConstructorAccessorImpl.newInstance(NativeConstructorAccessorImpl.java:62)
at sun.reflect.DelegatingConstructorAccessorImpl.newInstance(DelegatingConstructorAccessorImpl.java:45)
at java.lang.reflect.Constructor.newInstance(Constructor.java:423)
at org.openqa.selenium.remote.ErrorHandler.createThrowable(ErrorHandler.java:206)
at org.openqa.selenium.remote.ErrorHandler.throwIfResponseFailed(ErrorHandler.java:158)
at org.openqa.selenium.remote.RemoteWebDriver.execute(RemoteWebDriver.java:647)
at org.openqa.selenium.remote.RemoteWebDriver.findElement(RemoteWebDriver.java:353)
at org.openqa.selenium.remote.RemoteWebDriver.findElementByXPath(RemoteWebDriver.java:490)
at org.openqa.selenium.By$ByXPath.findElement(By.java:361)
at org.openqa.selenium.remote.RemoteWebDriver.findElement(RemoteWebDriver.java:345)
at Keywords.click.clickTheButton(click.java:14)
at Executer.ExecuteKeywords.ExecuteTheKeywords(ExecuteKeywords.java:66)
at Executer.Execute.getSteps(Execute.java:26)
at sun.reflect.GeneratedMethodAccessor2.invoke(Unknown Source)
at sun.reflect.DelegatingMethodAccessorImpl.invoke(DelegatingMethodAccessorImpl.java:43)
at java.lang.reflect.Method.invoke(Method.java:498)
at org.testng.internal.MethodInvocationHelper.invokeMethod(MethodInvocationHelper.java:124)
at org.testng.internal.Invoker.invokeMethod(Invoker.java:580)
at org.testng.internal.Invoker.invokeTestMethod(Invoker.java:716)
at org.testng.internal.Invoker.invokeTestMethods(Invoker.java:988)
at org.testng.internal.TestMethodWorker.invokeTestMethods(TestMethodWorker.java:125)
at org.testng.internal.TestMethodWorker.run(TestMethodWorker.java:109)
at org.testng.TestRunner.privateRun(TestRunner.java:648)
at org.testng.TestRunner.run(TestRunner.java:505)
at org.testng.SuiteRunner.runTest(SuiteRunner.java:455)
at org.testng.SuiteRunner.runSequentially(SuiteRunner.java:450)
at org.testng.SuiteRunner.privateRun(SuiteRunner.java:415)
at org.testng.SuiteRunner.run(SuiteRunner.java:364)
at org.testng.SuiteRunnerWorker.runSuite(SuiteRunnerWorker.java:52)
at org.testng.SuiteRunnerWorker.run(SuiteRunnerWorker.java:84)
at org.testng.TestNG.runSuitesSequentially(TestNG.java:1208)
at org.testng.TestNG.runSuitesLocally(TestNG.java:1137)
at org.testng.TestNG.runSuites(TestNG.java:1049)
at org.testng.TestNG.run(TestNG.java:1017)
at org.testng.remote.AbstractRemoteTestNG.run(AbstractRemoteTestNG.java:114)
at org.testng.remote.RemoteTestNG.initAndRun(RemoteTestNG.java:251)
at org.testng.remote.RemoteTestNG.main(RemoteTestNG.java:77)
]]>
    </failure>
  </testcase> <!-- getSteps -->
  <testcase name="getSteps" time="1.577" classname="Executer.Execute"/>
  <testcase name="getSteps" time="2.023" classname="Executer.Execute"/>
  <testcase name="getSteps" time="1.805" classname="Executer.Execute"/>
  <testcase name="getSteps" time="1.535" classname="Executer.Execute"/>
  <testcase name="getSteps" time="2.766" classname="Executer.Execute"/>
  <testcase name="getSteps" time="1.641" classname="Executer.Execute"/>
  <testcase name="getSteps" time="1.679" classname="Executer.Execute"/>
  <testcase name="getSteps" time="1.474" classname="Executer.Execute"/>
  <testcase name="getSteps" time="2.644" classname="Executer.Execute"/>
  <testcase name="getSteps" time="1.688" classname="Executer.Execute"/>
  <testcase name="getSteps" time="1.624" classname="Executer.Execute"/>
  <testcase name="getSteps" time="1.499" classname="Executer.Execute"/>
  <testcase name="getSteps" time="2.761" classname="Executer.Execute"/>
  <testcase name="getSteps" time="1.576" classname="Executer.Execute"/>
  <testcase name="getSteps" time="1.621" classname="Executer.Execute"/>
  <testcase name="getSteps" time="1.346" classname="Executer.Execute"/>
  <testcase name="getSteps" time="1.219" classname="Executer.Execute"/>
  <testcase name="getSteps" time="1.252" classname="Executer.Execute"/>
  <testcase name="getSteps" time="0.848" classname="Executer.Execute"/>
  <testcase name="getSteps" time="1.465" classname="Executer.Execute"/>
  <testcase name="getSteps" time="0.864" classname="Executer.Execute"/>
  <testcase name="getSteps" time="0.654" classname="Executer.Execute"/>
  <testcase name="getSteps" time="1.195" classname="Executer.Execute"/>
  <testcase name="getSteps" time="0.966" classname="Executer.Execute"/>
  <testcase name="getSteps" time="0.992" classname="Executer.Execute"/>
  <testcase name="getSteps" time="1.058" classname="Executer.Execute"/>
  <testcase name="getSteps" time="1.941" classname="Executer.Execute"/>
  <testcase name="getSteps" time="1.746" classname="Executer.Execute"/>
  <testcase name="getSteps" time="21.33" classname="Executer.Execute"/>
  <testcase name="getSteps" time="4.526" classname="Executer.Execute"/>
  <testcase name="getSteps" time="1.258" classname="Executer.Execute"/>
  <testcase name="getSteps" time="6.492" classname="Executer.Execute"/>
  <testcase name="getSteps" time="0.833" classname="Executer.Execute"/>
  <testcase name="getSteps" time="1.168" classname="Executer.Execute"/>
  <testcase name="getSteps" time="1.202" classname="Executer.Execute"/>
  <testcase name="getSteps" time="0.955" classname="Executer.Execute">
    <failure type="org.openqa.selenium.InvalidSelectorException" message="invalid selector: Unable to locate an element with the xpath expression REIMBURSEMENTOFEXPENSES/DISBURSEMENTS because of the following error:
SyntaxError: Failed to execute &amp;apos;evaluate&amp;apos; on &amp;apos;Document&amp;apos;: The string &amp;apos;REIMBURSEMENTOFEXPENSES/DISBURSEMENTS&amp;apos; is not a valid XPath expression.
  (Session info: chrome=66.0.3359.181)
  (Driver info: chromedriver=2.36.540470 (e522d04694c7ebea4ba8821272dbef4f9b818c91),platform=Windows NT 6.1.7601 SP1 x86_64) (WARNING: The server did not provide any stacktrace information)
Command duration or timeout: 59 milliseconds
For documentation on this error, please visit: http://seleniumhq.org/exceptions/invalid_selector_exception.html
Build info: version: &amp;apos;2.48.2&amp;apos;, revision: &amp;apos;41bccdd10cf2c0560f637404c2d96164b67d9d67&amp;apos;, time: &amp;apos;2015-10-09 13:08:06&amp;apos;
System info: host: &amp;apos;SDF4110IPM096&amp;apos;, ip: &amp;apos;10.254.19.60&amp;apos;, os.name: &amp;apos;Windows 7&amp;apos;, os.arch: &amp;apos;amd64&amp;apos;, os.version: &amp;apos;6.1&amp;apos;, java.version: &amp;apos;1.8.0_171&amp;apos;
Driver info: org.openqa.selenium.chrome.ChromeDriver
Capabilities [{applicationCacheEnabled=false, rotatable=false, mobileEmulationEnabled=false, networkConnectionEnabled=false, chrome={chromedriverVersion=2.36.540470 (e522d04694c7ebea4ba8821272dbef4f9b818c91), userDataDir=C:\Users\JAIN~1.ANU\AppData\Local\Temp\scoped_dir8032_18635}, takesHeapSnapshot=true, pageLoadStrategy=normal, databaseEnabled=false, handlesAlerts=true, hasTouchScreen=false, version=66.0.3359.181, platform=XP, browserConnectionEnabled=false, nativeEvents=true, acceptSslCerts=false, acceptInsecureCerts=false, locationContextEnabled=true, webStorageEnabled=true, browserName=chrome, takesScreenshot=true, javascriptEnabled=true, cssSelectorsEnabled=true, setWindowRect=true, unexpectedAlertBehaviour=}]
Session ID: 7f3b98f391126e5dec0821c3b3652777
*** Element info: {Using=xpath, value=REIMBURSEMENTOFEXPENSES/DISBURSEMENTS}">
      <![CDATA[org.openqa.selenium.InvalidSelectorException: invalid selector: Unable to locate an element with the xpath expression REIMBURSEMENTOFEXPENSES/DISBURSEMENTS because of the following error:
SyntaxError: Failed to execute 'evaluate' on 'Document': The string 'REIMBURSEMENTOFEXPENSES/DISBURSEMENTS' is not a valid XPath expression.
  (Session info: chrome=66.0.3359.181)
  (Driver info: chromedriver=2.36.540470 (e522d04694c7ebea4ba8821272dbef4f9b818c91),platform=Windows NT 6.1.7601 SP1 x86_64) (WARNING: The server did not provide any stacktrace information)
Command duration or timeout: 59 milliseconds
For documentation on this error, please visit: http://seleniumhq.org/exceptions/invalid_selector_exception.html
Build info: version: '2.48.2', revision: '41bccdd10cf2c0560f637404c2d96164b67d9d67', time: '2015-10-09 13:08:06'
System info: host: 'SDF4110IPM096', ip: '10.254.19.60', os.name: 'Windows 7', os.arch: 'amd64', os.version: '6.1', java.version: '1.8.0_171'
Driver info: org.openqa.selenium.chrome.ChromeDriver
Capabilities [{applicationCacheEnabled=false, rotatable=false, mobileEmulationEnabled=false, networkConnectionEnabled=false, chrome={chromedriverVersion=2.36.540470 (e522d04694c7ebea4ba8821272dbef4f9b818c91), userDataDir=C:\Users\JAIN~1.ANU\AppData\Local\Temp\scoped_dir8032_18635}, takesHeapSnapshot=true, pageLoadStrategy=normal, databaseEnabled=false, handlesAlerts=true, hasTouchScreen=false, version=66.0.3359.181, platform=XP, browserConnectionEnabled=false, nativeEvents=true, acceptSslCerts=false, acceptInsecureCerts=false, locationContextEnabled=true, webStorageEnabled=true, browserName=chrome, takesScreenshot=true, javascriptEnabled=true, cssSelectorsEnabled=true, setWindowRect=true, unexpectedAlertBehaviour=}]
Session ID: 7f3b98f391126e5dec0821c3b3652777
*** Element info: {Using=xpath, value=REIMBURSEMENTOFEXPENSES/DISBURSEMENTS}
at sun.reflect.NativeConstructorAccessorImpl.newInstance0(Native Method)
at sun.reflect.NativeConstructorAccessorImpl.newInstance(NativeConstructorAccessorImpl.java:62)
at sun.reflect.DelegatingConstructorAccessorImpl.newInstance(DelegatingConstructorAccessorImpl.java:45)
at java.lang.reflect.Constructor.newInstance(Constructor.java:423)
at org.openqa.selenium.remote.ErrorHandler.createThrowable(ErrorHandler.java:206)
at org.openqa.selenium.remote.ErrorHandler.throwIfResponseFailed(ErrorHandler.java:158)
at org.openqa.selenium.remote.RemoteWebDriver.execute(RemoteWebDriver.java:647)
at org.openqa.selenium.remote.RemoteWebDriver.findElements(RemoteWebDriver.java:378)
at org.openqa.selenium.remote.RemoteWebDriver.findElementsByXPath(RemoteWebDriver.java:494)
at org.openqa.selenium.By$ByXPath.findElements(By.java:356)
at org.openqa.selenium.remote.RemoteWebDriver.findElements(RemoteWebDriver.java:341)
at Keywords.Table.GetDataFromTable(Table.java:23)
at Executer.ExecuteKeywords.ExecuteTheKeywords(ExecuteKeywords.java:154)
at Executer.Execute.getSteps(Execute.java:26)
at sun.reflect.GeneratedMethodAccessor2.invoke(Unknown Source)
at sun.reflect.DelegatingMethodAccessorImpl.invoke(DelegatingMethodAccessorImpl.java:43)
at java.lang.reflect.Method.invoke(Method.java:498)
at org.testng.internal.MethodInvocationHelper.invokeMethod(MethodInvocationHelper.java:124)
at org.testng.internal.Invoker.invokeMethod(Invoker.java:580)
at org.testng.internal.Invoker.invokeTestMethod(Invoker.java:716)
at org.testng.internal.Invoker.invokeTestMethods(Invoker.java:988)
at org.testng.internal.TestMethodWorker.invokeTestMethods(TestMethodWorker.java:125)
at org.testng.internal.TestMethodWorker.run(TestMethodWorker.java:109)
at org.testng.TestRunner.privateRun(TestRunner.java:648)
at org.testng.TestRunner.run(TestRunner.java:505)
at org.testng.SuiteRunner.runTest(SuiteRunner.java:455)
at org.testng.SuiteRunner.runSequentially(SuiteRunner.java:450)
at org.testng.SuiteRunner.privateRun(SuiteRunner.java:415)
at org.testng.SuiteRunner.run(SuiteRunner.java:364)
at org.testng.SuiteRunnerWorker.runSuite(SuiteRunnerWorker.java:52)
at org.testng.SuiteRunnerWorker.run(SuiteRunnerWorker.java:84)
at org.testng.TestNG.runSuitesSequentially(TestNG.java:1208)
at org.testng.TestNG.runSuitesLocally(TestNG.java:1137)
at org.testng.TestNG.runSuites(TestNG.java:1049)
at org.testng.TestNG.run(TestNG.java:1017)
at org.testng.remote.AbstractRemoteTestNG.run(AbstractRemoteTestNG.java:114)
at org.testng.remote.RemoteTestNG.initAndRun(RemoteTestNG.java:251)
at org.testng.remote.RemoteTestNG.main(RemoteTestNG.java:77)
]]>
    </failure>
  </testcase> <!-- getSteps -->
  <testcase name="getSteps" time="0.77" classname="Executer.Execute"/>
  <testcase name="getSteps" time="1.057" classname="Executer.Execute"/>
  <testcase name="getSteps" time="6.509" classname="Executer.Execute"/>
  <testcase name="getSteps" time="0.596" classname="Executer.Execute"/>
  <testcase name="getSteps" time="1.2" classname="Executer.Execute"/>
  <testcase name="getSteps" time="0.473" classname="Executer.Execute">
    <failure type="org.openqa.selenium.UnhandledAlertException" message="unexpected alert open: {Alert text : Transaction save successfully}
  (Session info: chrome=66.0.3359.181)
  (Driver info: chromedriver=2.36.540470 (e522d04694c7ebea4ba8821272dbef4f9b818c91),platform=Windows NT 6.1.7601 SP1 x86_64) (WARNING: The server did not provide any stacktrace information)
Command duration or timeout: 4 milliseconds: null
Build info: version: &amp;apos;2.48.2&amp;apos;, revision: &amp;apos;41bccdd10cf2c0560f637404c2d96164b67d9d67&amp;apos;, time: &amp;apos;2015-10-09 13:08:06&amp;apos;
System info: host: &amp;apos;SDF4110IPM096&amp;apos;, ip: &amp;apos;10.254.19.60&amp;apos;, os.name: &amp;apos;Windows 7&amp;apos;, os.arch: &amp;apos;amd64&amp;apos;, os.version: &amp;apos;6.1&amp;apos;, java.version: &amp;apos;1.8.0_171&amp;apos;
Driver info: org.openqa.selenium.chrome.ChromeDriver
Capabilities [{applicationCacheEnabled=false, rotatable=false, mobileEmulationEnabled=false, networkConnectionEnabled=false, chrome={chromedriverVersion=2.36.540470 (e522d04694c7ebea4ba8821272dbef4f9b818c91), userDataDir=C:\Users\JAIN~1.ANU\AppData\Local\Temp\scoped_dir8032_18635}, takesHeapSnapshot=true, pageLoadStrategy=normal, databaseEnabled=false, handlesAlerts=true, hasTouchScreen=false, version=66.0.3359.181, platform=XP, browserConnectionEnabled=false, nativeEvents=true, acceptSslCerts=false, acceptInsecureCerts=false, locationContextEnabled=true, webStorageEnabled=true, browserName=chrome, takesScreenshot=true, javascriptEnabled=true, cssSelectorsEnabled=true, setWindowRect=true, unexpectedAlertBehaviour=}]
Session ID: 7f3b98f391126e5dec0821c3b3652777">
      <![CDATA[org.openqa.selenium.UnhandledAlertException: unexpected alert open: {Alert text : Transaction save successfully}
  (Session info: chrome=66.0.3359.181)
  (Driver info: chromedriver=2.36.540470 (e522d04694c7ebea4ba8821272dbef4f9b818c91),platform=Windows NT 6.1.7601 SP1 x86_64) (WARNING: The server did not provide any stacktrace information)
Command duration or timeout: 4 milliseconds: null
Build info: version: '2.48.2', revision: '41bccdd10cf2c0560f637404c2d96164b67d9d67', time: '2015-10-09 13:08:06'
System info: host: 'SDF4110IPM096', ip: '10.254.19.60', os.name: 'Windows 7', os.arch: 'amd64', os.version: '6.1', java.version: '1.8.0_171'
Driver info: org.openqa.selenium.chrome.ChromeDriver
Capabilities [{applicationCacheEnabled=false, rotatable=false, mobileEmulationEnabled=false, networkConnectionEnabled=false, chrome={chromedriverVersion=2.36.540470 (e522d04694c7ebea4ba8821272dbef4f9b818c91), userDataDir=C:\Users\JAIN~1.ANU\AppData\Local\Temp\scoped_dir8032_18635}, takesHeapSnapshot=true, pageLoadStrategy=normal, databaseEnabled=false, handlesAlerts=true, hasTouchScreen=false, version=66.0.3359.181, platform=XP, browserConnectionEnabled=false, nativeEvents=true, acceptSslCerts=false, acceptInsecureCerts=false, locationContextEnabled=true, webStorageEnabled=true, browserName=chrome, takesScreenshot=true, javascriptEnabled=true, cssSelectorsEnabled=true, setWindowRect=true, unexpectedAlertBehaviour=}]
Session ID: 7f3b98f391126e5dec0821c3b3652777
at sun.reflect.NativeConstructorAccessorImpl.newInstance0(Native Method)
at sun.reflect.NativeConstructorAccessorImpl.newInstance(NativeConstructorAccessorImpl.java:62)
at sun.reflect.DelegatingConstructorAccessorImpl.newInstance(DelegatingConstructorAccessorImpl.java:45)
at java.lang.reflect.Constructor.newInstance(Constructor.java:423)
at org.openqa.selenium.remote.ErrorHandler.createThrowable(ErrorHandler.java:206)
at org.openqa.selenium.remote.ErrorHandler.throwIfResponseFailed(ErrorHandler.java:164)
at org.openqa.selenium.remote.RemoteWebDriver.execute(RemoteWebDriver.java:647)
at org.openqa.selenium.remote.RemoteWebDriver.executeScript(RemoteWebDriver.java:556)
at Keywords.Logout.LoginLogoutVerify(Logout.java:14)
at Executer.ExecuteKeywords.ExecuteTheKeywords(ExecuteKeywords.java:86)
at Executer.Execute.getSteps(Execute.java:26)
at sun.reflect.GeneratedMethodAccessor2.invoke(Unknown Source)
at sun.reflect.DelegatingMethodAccessorImpl.invoke(DelegatingMethodAccessorImpl.java:43)
at java.lang.reflect.Method.invoke(Method.java:498)
at org.testng.internal.MethodInvocationHelper.invokeMethod(MethodInvocationHelper.java:124)
at org.testng.internal.Invoker.invokeMethod(Invoker.java:580)
at org.testng.internal.Invoker.invokeTestMethod(Invoker.java:716)
at org.testng.internal.Invoker.invokeTestMethods(Invoker.java:988)
at org.testng.internal.TestMethodWorker.invokeTestMethods(TestMethodWorker.java:125)
at org.testng.internal.TestMethodWorker.run(TestMethodWorker.java:109)
at org.testng.TestRunner.privateRun(TestRunner.java:648)
at org.testng.TestRunner.run(TestRunner.java:505)
at org.testng.SuiteRunner.runTest(SuiteRunner.java:455)
at org.testng.SuiteRunner.runSequentially(SuiteRunner.java:450)
at org.testng.SuiteRunner.privateRun(SuiteRunner.java:415)
at org.testng.SuiteRunner.run(SuiteRunner.java:364)
at org.testng.SuiteRunnerWorker.runSuite(SuiteRunnerWorker.java:52)
at org.testng.SuiteRunnerWorker.run(SuiteRunnerWorker.java:84)
at org.testng.TestNG.runSuitesSequentially(TestNG.java:1208)
at org.testng.TestNG.runSuitesLocally(TestNG.java:1137)
at org.testng.TestNG.runSuites(TestNG.java:1049)
at org.testng.TestNG.run(TestNG.java:1017)
at org.testng.remote.AbstractRemoteTestNG.run(AbstractRemoteTestNG.java:114)
at org.testng.remote.RemoteTestNG.initAndRun(RemoteTestNG.java:251)
at org.testng.remote.RemoteTestNG.main(RemoteTestNG.java:77)
]]>
    </failure>
  </testcase> <!-- getSteps -->
  <testcase name="getSteps" time="2.294" classname="Executer.Execute"/>
  <testcase name="getSteps" time="5.989" classname="Executer.Execute"/>
  <testcase name="getSteps" time="0.972" classname="Executer.Execute"/>
  <testcase name="getSteps" time="11.952" classname="Executer.Execute">
    <failure type="org.openqa.selenium.NoSuchElementException" message="no such element: Unable to locate element: {&amp;quot;method&amp;quot;:&amp;quot;xpath&amp;quot;,&amp;quot;selector&amp;quot;:&amp;quot;.//*[@id=&amp;apos;choice1&amp;apos;]&amp;quot;}
  (Session info: chrome=66.0.3359.181)
  (Driver info: chromedriver=2.36.540470 (e522d04694c7ebea4ba8821272dbef4f9b818c91),platform=Windows NT 6.1.7601 SP1 x86_64) (WARNING: The server did not provide any stacktrace information)
Command duration or timeout: 10.94 seconds
For documentation on this error, please visit: http://seleniumhq.org/exceptions/no_such_element.html
Build info: version: &amp;apos;2.48.2&amp;apos;, revision: &amp;apos;41bccdd10cf2c0560f637404c2d96164b67d9d67&amp;apos;, time: &amp;apos;2015-10-09 13:08:06&amp;apos;
System info: host: &amp;apos;SDF4110IPM096&amp;apos;, ip: &amp;apos;10.254.19.60&amp;apos;, os.name: &amp;apos;Windows 7&amp;apos;, os.arch: &amp;apos;amd64&amp;apos;, os.version: &amp;apos;6.1&amp;apos;, java.version: &amp;apos;1.8.0_171&amp;apos;
Driver info: org.openqa.selenium.chrome.ChromeDriver
Capabilities [{applicationCacheEnabled=false, rotatable=false, mobileEmulationEnabled=false, networkConnectionEnabled=false, chrome={chromedriverVersion=2.36.540470 (e522d04694c7ebea4ba8821272dbef4f9b818c91), userDataDir=C:\Users\JAIN~1.ANU\AppData\Local\Temp\scoped_dir6736_11954}, takesHeapSnapshot=true, pageLoadStrategy=normal, databaseEnabled=false, handlesAlerts=true, hasTouchScreen=false, version=66.0.3359.181, platform=XP, browserConnectionEnabled=false, nativeEvents=true, acceptSslCerts=false, acceptInsecureCerts=false, locationContextEnabled=true, webStorageEnabled=true, browserName=chrome, takesScreenshot=true, javascriptEnabled=true, cssSelectorsEnabled=true, setWindowRect=true, unexpectedAlertBehaviour=}]
Session ID: b30359f8972e6d5c5c333426d3af5675
*** Element info: {Using=xpath, value=.//*[@id=&amp;apos;choice1&amp;apos;]}">
      <![CDATA[org.openqa.selenium.NoSuchElementException: no such element: Unable to locate element: {"method":"xpath","selector":".//*[@id='choice1']"}
  (Session info: chrome=66.0.3359.181)
  (Driver info: chromedriver=2.36.540470 (e522d04694c7ebea4ba8821272dbef4f9b818c91),platform=Windows NT 6.1.7601 SP1 x86_64) (WARNING: The server did not provide any stacktrace information)
Command duration or timeout: 10.94 seconds
For documentation on this error, please visit: http://seleniumhq.org/exceptions/no_such_element.html
Build info: version: '2.48.2', revision: '41bccdd10cf2c0560f637404c2d96164b67d9d67', time: '2015-10-09 13:08:06'
System info: host: 'SDF4110IPM096', ip: '10.254.19.60', os.name: 'Windows 7', os.arch: 'amd64', os.version: '6.1', java.version: '1.8.0_171'
Driver info: org.openqa.selenium.chrome.ChromeDriver
Capabilities [{applicationCacheEnabled=false, rotatable=false, mobileEmulationEnabled=false, networkConnectionEnabled=false, chrome={chromedriverVersion=2.36.540470 (e522d04694c7ebea4ba8821272dbef4f9b818c91), userDataDir=C:\Users\JAIN~1.ANU\AppData\Local\Temp\scoped_dir6736_11954}, takesHeapSnapshot=true, pageLoadStrategy=normal, databaseEnabled=false, handlesAlerts=true, hasTouchScreen=false, version=66.0.3359.181, platform=XP, browserConnectionEnabled=false, nativeEvents=true, acceptSslCerts=false, acceptInsecureCerts=false, locationContextEnabled=true, webStorageEnabled=true, browserName=chrome, takesScreenshot=true, javascriptEnabled=true, cssSelectorsEnabled=true, setWindowRect=true, unexpectedAlertBehaviour=}]
Session ID: b30359f8972e6d5c5c333426d3af5675
*** Element info: {Using=xpath, value=.//*[@id='choice1']}
at sun.reflect.NativeConstructorAccessorImpl.newInstance0(Native Method)
at sun.reflect.NativeConstructorAccessorImpl.newInstance(NativeConstructorAccessorImpl.java:62)
at sun.reflect.DelegatingConstructorAccessorImpl.newInstance(DelegatingConstructorAccessorImpl.java:45)
at java.lang.reflect.Constructor.newInstance(Constructor.java:423)
at org.openqa.selenium.remote.ErrorHandler.createThrowable(ErrorHandler.java:206)
at org.openqa.selenium.remote.ErrorHandler.throwIfResponseFailed(ErrorHandler.java:158)
at org.openqa.selenium.remote.RemoteWebDriver.execute(RemoteWebDriver.java:647)
at org.openqa.selenium.remote.RemoteWebDriver.findElement(RemoteWebDriver.java:353)
at org.openqa.selenium.remote.RemoteWebDriver.findElementByXPath(RemoteWebDriver.java:490)
at org.openqa.selenium.By$ByXPath.findElement(By.java:361)
at org.openqa.selenium.remote.RemoteWebDriver.findElement(RemoteWebDriver.java:345)
at Keywords.click.clickTheButton(click.java:14)
at Executer.ExecuteKeywords.ExecuteTheKeywords(ExecuteKeywords.java:66)
at Executer.Execute.getSteps(Execute.java:26)
at sun.reflect.GeneratedMethodAccessor2.invoke(Unknown Source)
at sun.reflect.DelegatingMethodAccessorImpl.invoke(DelegatingMethodAccessorImpl.java:43)
at java.lang.reflect.Method.invoke(Method.java:498)
at org.testng.internal.MethodInvocationHelper.invokeMethod(MethodInvocationHelper.java:124)
at org.testng.internal.Invoker.invokeMethod(Invoker.java:580)
at org.testng.internal.Invoker.invokeTestMethod(Invoker.java:716)
at org.testng.internal.Invoker.invokeTestMethods(Invoker.java:988)
at org.testng.internal.TestMethodWorker.invokeTestMethods(TestMethodWorker.java:125)
at org.testng.internal.TestMethodWorker.run(TestMethodWorker.java:109)
at org.testng.TestRunner.privateRun(TestRunner.java:648)
at org.testng.TestRunner.run(TestRunner.java:505)
at org.testng.SuiteRunner.runTest(SuiteRunner.java:455)
at org.testng.SuiteRunner.runSequentially(SuiteRunner.java:450)
at org.testng.SuiteRunner.privateRun(SuiteRunner.java:415)
at org.testng.SuiteRunner.run(SuiteRunner.java:364)
at org.testng.SuiteRunnerWorker.runSuite(SuiteRunnerWorker.java:52)
at org.testng.SuiteRunnerWorker.run(SuiteRunnerWorker.java:84)
at org.testng.TestNG.runSuitesSequentially(TestNG.java:1208)
at org.testng.TestNG.runSuitesLocally(TestNG.java:1137)
at org.testng.TestNG.runSuites(TestNG.java:1049)
at org.testng.TestNG.run(TestNG.java:1017)
at org.testng.remote.AbstractRemoteTestNG.run(AbstractRemoteTestNG.java:114)
at org.testng.remote.RemoteTestNG.initAndRun(RemoteTestNG.java:251)
at org.testng.remote.RemoteTestNG.main(RemoteTestNG.java:77)
]]>
    </failure>
  </testcase> <!-- getSteps -->
  <testcase name="getSteps" time="10.578" classname="Executer.Execute">
    <failure type="org.openqa.selenium.NoSuchElementException" message="no such element: Unable to locate element: {&amp;quot;method&amp;quot;:&amp;quot;xpath&amp;quot;,&amp;quot;selector&amp;quot;:&amp;quot;.//*[@id=&amp;apos;btnSubmit&amp;apos;]&amp;quot;}
  (Session info: chrome=66.0.3359.181)
  (Driver info: chromedriver=2.36.540470 (e522d04694c7ebea4ba8821272dbef4f9b818c91),platform=Windows NT 6.1.7601 SP1 x86_64) (WARNING: The server did not provide any stacktrace information)
Command duration or timeout: 10.07 seconds
For documentation on this error, please visit: http://seleniumhq.org/exceptions/no_such_element.html
Build info: version: &amp;apos;2.48.2&amp;apos;, revision: &amp;apos;41bccdd10cf2c0560f637404c2d96164b67d9d67&amp;apos;, time: &amp;apos;2015-10-09 13:08:06&amp;apos;
System info: host: &amp;apos;SDF4110IPM096&amp;apos;, ip: &amp;apos;10.254.19.60&amp;apos;, os.name: &amp;apos;Windows 7&amp;apos;, os.arch: &amp;apos;amd64&amp;apos;, os.version: &amp;apos;6.1&amp;apos;, java.version: &amp;apos;1.8.0_171&amp;apos;
Driver info: org.openqa.selenium.chrome.ChromeDriver
Capabilities [{applicationCacheEnabled=false, rotatable=false, mobileEmulationEnabled=false, networkConnectionEnabled=false, chrome={chromedriverVersion=2.36.540470 (e522d04694c7ebea4ba8821272dbef4f9b818c91), userDataDir=C:\Users\JAIN~1.ANU\AppData\Local\Temp\scoped_dir6736_11954}, takesHeapSnapshot=true, pageLoadStrategy=normal, databaseEnabled=false, handlesAlerts=true, hasTouchScreen=false, version=66.0.3359.181, platform=XP, browserConnectionEnabled=false, nativeEvents=true, acceptSslCerts=false, acceptInsecureCerts=false, locationContextEnabled=true, webStorageEnabled=true, browserName=chrome, takesScreenshot=true, javascriptEnabled=true, cssSelectorsEnabled=true, setWindowRect=true, unexpectedAlertBehaviour=}]
Session ID: b30359f8972e6d5c5c333426d3af5675
*** Element info: {Using=xpath, value=.//*[@id=&amp;apos;btnSubmit&amp;apos;]}">
      <![CDATA[org.openqa.selenium.NoSuchElementException: no such element: Unable to locate element: {"method":"xpath","selector":".//*[@id='btnSubmit']"}
  (Session info: chrome=66.0.3359.181)
  (Driver info: chromedriver=2.36.540470 (e522d04694c7ebea4ba8821272dbef4f9b818c91),platform=Windows NT 6.1.7601 SP1 x86_64) (WARNING: The server did not provide any stacktrace information)
Command duration or timeout: 10.07 seconds
For documentation on this error, please visit: http://seleniumhq.org/exceptions/no_such_element.html
Build info: version: '2.48.2', revision: '41bccdd10cf2c0560f637404c2d96164b67d9d67', time: '2015-10-09 13:08:06'
System info: host: 'SDF4110IPM096', ip: '10.254.19.60', os.name: 'Windows 7', os.arch: 'amd64', os.version: '6.1', java.version: '1.8.0_171'
Driver info: org.openqa.selenium.chrome.ChromeDriver
Capabilities [{applicationCacheEnabled=false, rotatable=false, mobileEmulationEnabled=false, networkConnectionEnabled=false, chrome={chromedriverVersion=2.36.540470 (e522d04694c7ebea4ba8821272dbef4f9b818c91), userDataDir=C:\Users\JAIN~1.ANU\AppData\Local\Temp\scoped_dir6736_11954}, takesHeapSnapshot=true, pageLoadStrategy=normal, databaseEnabled=false, handlesAlerts=true, hasTouchScreen=false, version=66.0.3359.181, platform=XP, browserConnectionEnabled=false, nativeEvents=true, acceptSslCerts=false, acceptInsecureCerts=false, locationContextEnabled=true, webStorageEnabled=true, browserName=chrome, takesScreenshot=true, javascriptEnabled=true, cssSelectorsEnabled=true, setWindowRect=true, unexpectedAlertBehaviour=}]
Session ID: b30359f8972e6d5c5c333426d3af5675
*** Element info: {Using=xpath, value=.//*[@id='btnSubmit']}
at sun.reflect.NativeConstructorAccessorImpl.newInstance0(Native Method)
at sun.reflect.NativeConstructorAccessorImpl.newInstance(NativeConstructorAccessorImpl.java:62)
at sun.reflect.DelegatingConstructorAccessorImpl.newInstance(DelegatingConstructorAccessorImpl.java:45)
at java.lang.reflect.Constructor.newInstance(Constructor.java:423)
at org.openqa.selenium.remote.ErrorHandler.createThrowable(ErrorHandler.java:206)
at org.openqa.selenium.remote.ErrorHandler.throwIfResponseFailed(ErrorHandler.java:158)
at org.openqa.selenium.remote.RemoteWebDriver.execute(RemoteWebDriver.java:647)
at org.openqa.selenium.remote.RemoteWebDriver.findElement(RemoteWebDriver.java:353)
at org.openqa.selenium.remote.RemoteWebDriver.findElementByXPath(RemoteWebDriver.java:490)
at org.openqa.selenium.By$ByXPath.findElement(By.java:361)
at org.openqa.selenium.remote.RemoteWebDriver.findElement(RemoteWebDriver.java:345)
at Keywords.click.clickTheButton(click.java:14)
at Executer.ExecuteKeywords.ExecuteTheKeywords(ExecuteKeywords.java:66)
at Executer.Execute.getSteps(Execute.java:26)
at sun.reflect.GeneratedMethodAccessor2.invoke(Unknown Source)
at sun.reflect.DelegatingMethodAccessorImpl.invoke(DelegatingMethodAccessorImpl.java:43)
at java.lang.reflect.Method.invoke(Method.java:498)
at org.testng.internal.MethodInvocationHelper.invokeMethod(MethodInvocationHelper.java:124)
at org.testng.internal.Invoker.invokeMethod(Invoker.java:580)
at org.testng.internal.Invoker.invokeTestMethod(Invoker.java:716)
at org.testng.internal.Invoker.invokeTestMethods(Invoker.java:988)
at org.testng.internal.TestMethodWorker.invokeTestMethods(TestMethodWorker.java:125)
at org.testng.internal.TestMethodWorker.run(TestMethodWorker.java:109)
at org.testng.TestRunner.privateRun(TestRunner.java:648)
at org.testng.TestRunner.run(TestRunner.java:505)
at org.testng.SuiteRunner.runTest(SuiteRunner.java:455)
at org.testng.SuiteRunner.runSequentially(SuiteRunner.java:450)
at org.testng.SuiteRunner.privateRun(SuiteRunner.java:415)
at org.testng.SuiteRunner.run(SuiteRunner.java:364)
at org.testng.SuiteRunnerWorker.runSuite(SuiteRunnerWorker.java:52)
at org.testng.SuiteRunnerWorker.run(SuiteRunnerWorker.java:84)
at org.testng.TestNG.runSuitesSequentially(TestNG.java:1208)
at org.testng.TestNG.runSuitesLocally(TestNG.java:1137)
at org.testng.TestNG.runSuites(TestNG.java:1049)
at org.testng.TestNG.run(TestNG.java:1017)
at org.testng.remote.AbstractRemoteTestNG.run(AbstractRemoteTestNG.java:114)
at org.testng.remote.RemoteTestNG.initAndRun(RemoteTestNG.java:251)
at org.testng.remote.RemoteTestNG.main(RemoteTestNG.java:77)
]]>
    </failure>
  </testcase> <!-- getSteps -->
  <testcase name="getSteps" time="2.448" classname="Executer.Execute"/>
  <testcase name="getSteps" time="0.599" classname="Executer.Execute"/>
  <testcase name="getSteps" time="1.837" classname="Executer.Execute"/>
  <testcase name="getSteps" time="0.665" classname="Executer.Execute"/>
  <testcase name="getSteps" time="0.862" classname="Executer.Execute"/>
  <testcase name="getSteps" time="6.501" classname="Executer.Execute"/>
  <testcase name="getSteps" time="0.534" classname="Executer.Execute"/>
  <testcase name="getSteps" time="1.395" classname="Executer.Execute"/>
  <testcase name="getSteps" time="0.598" classname="Executer.Execute"/>
  <testcase name="getSteps" time="2.483" classname="Executer.Execute"/>
  <testcase name="getSteps" time="1.122" classname="Executer.Execute"/>
  <testcase name="getSteps" time="6.475" classname="Executer.Execute"/>
  <testcase name="getSteps" time="1.302" classname="Executer.Execute"/>
  <testcase name="getSteps" time="3.52" classname="Executer.Execute"/>
  <testcase name="getSteps" time="2.385" classname="Executer.Execute"/>
  <testcase name="getSteps" time="0.082" classname="Executer.Execute"/>
  <testcase name="getSteps" time="0.075" classname="Executer.Execute"/>
  <testcase name="getSteps" time="0.076" classname="Executer.Execute"/>
  <testcase name="getSteps" time="0.077" classname="Executer.Execute"/>
  <testcase name="getSteps" time="0.075" classname="Executer.Execute"/>
  <testcase name="getSteps" time="0.078" classname="Executer.Execute"/>
  <testcase name="getSteps" time="0.078" classname="Executer.Execute"/>
  <testcase name="getSteps" time="0.082" classname="Executer.Execute"/>
  <testcase name="getSteps" time="0.079" classname="Executer.Execute"/>
  <testcase name="getSteps" time="0.077" classname="Executer.Execute"/>
  <testcase name="getSteps" time="0.078" classname="Executer.Execute"/>
  <testcase name="getSteps" time="0.095" classname="Executer.Execute"/>
  <testcase name="getSteps" time="0.083" classname="Executer.Execute"/>
  <testcase name="getSteps" time="0.079" classname="Executer.Execute"/>
  <testcase name="getSteps" time="0.084" classname="Executer.Execute"/>
  <testcase name="getSteps" time="0.081" classname="Executer.Execute"/>
  <testcase name="getSteps" time="0.077" classname="Executer.Execute"/>
  <testcase name="getSteps" time="0.074" classname="Executer.Execute"/>
  <testcase name="getSteps" time="0.086" classname="Executer.Execute"/>
  <testcase name="getSteps" time="0.073" classname="Executer.Execute"/>
  <testcase name="getSteps" time="0.077" classname="Executer.Execute"/>
  <testcase name="getSteps" time="0.076" classname="Executer.Execute"/>
  <testcase name="getSteps" time="0.076" classname="Executer.Execute"/>
  <testcase name="getSteps" time="0.078" classname="Executer.Execute"/>
  <testcase name="getSteps" time="0.075" classname="Executer.Execute"/>
  <testcase name="getSteps" time="0.091" classname="Executer.Execute"/>
  <testcase name="getSteps" time="0.079" classname="Executer.Execute"/>
  <testcase name="getSteps" time="0.078" classname="Executer.Execute"/>
  <testcase name="getSteps" time="0.079" classname="Executer.Execute"/>
  <testcase name="getSteps" time="0.075" classname="Executer.Execute"/>
  <testcase name="getSteps" time="0.078" classname="Executer.Execute"/>
  <testcase name="getSteps" time="0.077" classname="Executer.Execute"/>
  <testcase name="getSteps" time="0.073" classname="Executer.Execute"/>
  <testcase name="getSteps" time="0.075" classname="Executer.Execute"/>
  <testcase name="getSteps" time="0.077" classname="Executer.Execute"/>
  <testcase name="getSteps" time="0.077" classname="Executer.Execute"/>
  <testcase name="getSteps" time="0.076" classname="Executer.Execute"/>
  <testcase name="getSteps" time="0.076" classname="Executer.Execute"/>
  <testcase name="getSteps" time="0.076" classname="Executer.Execute"/>
  <testcase name="getSteps" time="0.079" classname="Executer.Execute"/>
  <testcase name="getSteps" time="0.076" classname="Executer.Execute"/>
  <testcase name="getSteps" time="0.075" classname="Executer.Execute"/>
  <testcase name="getSteps" time="0.086" classname="Executer.Execute"/>
  <testcase name="getSteps" time="0.081" classname="Executer.Execute"/>
  <testcase name="getSteps" time="0.079" classname="Executer.Execute"/>
  <testcase name="getSteps" time="0.075" classname="Executer.Execute"/>
  <testcase name="getSteps" time="0.075" classname="Executer.Execute"/>
  <testcase name="getSteps" time="0.089" classname="Executer.Execute"/>
  <testcase name="getSteps" time="0.084" classname="Executer.Execute"/>
  <testcase name="getSteps" time="0.076" classname="Executer.Execute"/>
  <testcase name="getSteps" time="0.075" classname="Executer.Execute"/>
  <testcase name="getSteps" time="0.077" classname="Executer.Execute"/>
  <testcase name="getSteps" time="0.072" classname="Executer.Execute"/>
  <testcase name="getSteps" time="0.086" classname="Executer.Execute"/>
  <testcase name="getSteps" time="0.096" classname="Executer.Execute"/>
  <testcase name="getSteps" time="0.078" classname="Executer.Execute"/>
  <testcase name="getSteps" time="0.08" classname="Executer.Execute"/>
  <testcase name="getSteps" time="0.074" classname="Executer.Execute"/>
  <testcase name="getSteps" time="0.084" classname="Executer.Execute"/>
  <testcase name="getSteps" time="0.083" classname="Executer.Execute"/>
  <testcase name="getSteps" time="0.085" classname="Executer.Execute"/>
  <testcase name="getSteps" time="0.085" classname="Executer.Execute"/>
  <testcase name="getSteps" time="0.083" classname="Executer.Execute"/>
  <testcase name="getSteps" time="1.104" classname="Executer.Execute">
    <failure type="com.microsoft.sqlserver.jdbc.SQLServerException" message="Login failed for user &amp;apos;sa&amp;apos;. ClientConnectionId:99b1586f-fbda-43fe-ad2b-482004602edf">
      <![CDATA[com.microsoft.sqlserver.jdbc.SQLServerException: Login failed for user 'sa'. ClientConnectionId:99b1586f-fbda-43fe-ad2b-482004602edf
at com.microsoft.sqlserver.jdbc.SQLServerException.makeFromDatabaseError(SQLServerException.java:232)
at com.microsoft.sqlserver.jdbc.TDSTokenHandler.onEOF(tdsparser.java:291)
at com.microsoft.sqlserver.jdbc.TDSParser.parse(tdsparser.java:111)
at com.microsoft.sqlserver.jdbc.SQLServerConnection.sendLogon(SQLServerConnection.java:4376)
at com.microsoft.sqlserver.jdbc.SQLServerConnection.logon(SQLServerConnection.java:3188)
at com.microsoft.sqlserver.jdbc.SQLServerConnection.access$100(SQLServerConnection.java:61)
at com.microsoft.sqlserver.jdbc.SQLServerConnection$LogonCommand.doExecute(SQLServerConnection.java:3151)
at com.microsoft.sqlserver.jdbc.TDSCommand.execute(IOBuffer.java:7535)
at com.microsoft.sqlserver.jdbc.SQLServerConnection.executeCommand(SQLServerConnection.java:2438)
at com.microsoft.sqlserver.jdbc.SQLServerConnection.connectHelper(SQLServerConnection.java:1973)
at com.microsoft.sqlserver.jdbc.SQLServerConnection.login(SQLServerConnection.java:1616)
at com.microsoft.sqlserver.jdbc.SQLServerConnection.connectInternal(SQLServerConnection.java:1447)
at com.microsoft.sqlserver.jdbc.SQLServerConnection.connect(SQLServerConnection.java:788)
at com.microsoft.sqlserver.jdbc.SQLServerDriver.connect(SQLServerDriver.java:1187)
at java.sql.DriverManager.getConnection(DriverManager.java:664)
at java.sql.DriverManager.getConnection(DriverManager.java:247)
at Keywords.DBConnection.ConnectionToDB(DBConnection.java:25)
at Executer.ExecuteKeywords.ExecuteTheKeywords(ExecuteKeywords.java:142)
at Executer.Execute.getSteps(Execute.java:26)
at sun.reflect.GeneratedMethodAccessor2.invoke(Unknown Source)
at sun.reflect.DelegatingMethodAccessorImpl.invoke(DelegatingMethodAccessorImpl.java:43)
at java.lang.reflect.Method.invoke(Method.java:498)
at org.testng.internal.MethodInvocationHelper.invokeMethod(MethodInvocationHelper.java:124)
at org.testng.internal.Invoker.invokeMethod(Invoker.java:580)
at org.testng.internal.Invoker.invokeTestMethod(Invoker.java:716)
at org.testng.internal.Invoker.invokeTestMethods(Invoker.java:988)
at org.testng.internal.TestMethodWorker.invokeTestMethods(TestMethodWorker.java:125)
at org.testng.internal.TestMethodWorker.run(TestMethodWorker.java:109)
at org.testng.TestRunner.privateRun(TestRunner.java:648)
at org.testng.TestRunner.run(TestRunner.java:505)
at org.testng.SuiteRunner.runTest(SuiteRunner.java:455)
at org.testng.SuiteRunner.runSequentially(SuiteRunner.java:450)
at org.testng.SuiteRunner.privateRun(SuiteRunner.java:415)
at org.testng.SuiteRunner.run(SuiteRunner.java:364)
at org.testng.SuiteRunnerWorker.runSuite(SuiteRunnerWorker.java:52)
at org.testng.SuiteRunnerWorker.run(SuiteRunnerWorker.java:84)
at org.testng.TestNG.runSuitesSequentially(TestNG.java:1208)
at org.testng.TestNG.runSuitesLocally(TestNG.java:1137)
at org.testng.TestNG.runSuites(TestNG.java:1049)
at org.testng.TestNG.run(TestNG.java:1017)
at org.testng.remote.AbstractRemoteTestNG.run(AbstractRemoteTestNG.java:114)
at org.testng.remote.RemoteTestNG.initAndRun(RemoteTestNG.java:251)
at org.testng.remote.RemoteTestNG.main(RemoteTestNG.java:77)
]]>
    </failure>
  </testcase> <!-- getSteps -->
  <testcase name="getSteps" time="0.087" classname="Executer.Execute"/>
  <testcase name="getSteps" time="0.081" classname="Executer.Execute"/>
  <testcase name="getSteps" time="0.083" classname="Executer.Execute"/>
  <testcase name="getSteps" time="0.083" classname="Executer.Execute"/>
  <testcase name="getSteps" time="0.087" classname="Executer.Execute"/>
  <testcase name="getSteps" time="0.074" classname="Executer.Execute"/>
  <testcase name="getSteps" time="0.078" classname="Executer.Execute"/>
  <testcase name="getSteps" time="0.088" classname="Executer.Execute"/>
  <testcase name="getSteps" time="0.082" classname="Executer.Execute"/>
  <testcase name="getSteps" time="0.08" classname="Executer.Execute"/>
  <testcase name="getSteps" time="0.084" classname="Executer.Execute"/>
  <testcase name="getSteps" time="0.078" classname="Executer.Execute"/>
  <testcase name="getSteps" time="0.082" classname="Executer.Execute"/>
  <testcase name="getSteps" time="0.078" classname="Executer.Execute"/>
  <testcase name="getSteps" time="0.077" classname="Executer.Execute"/>
  <testcase name="getSteps" time="0.123" classname="Executer.Execute"/>
  <testcase name="getSteps" time="0.077" classname="Executer.Execute"/>
  <testcase name="getSteps" time="0.083" classname="Executer.Execute"/>
  <testcase name="getSteps" time="0.077" classname="Executer.Execute"/>
  <testcase name="getSteps" time="0.075" classname="Executer.Execute"/>
  <testcase name="getSteps" time="0.079" classname="Executer.Execute"/>
  <testcase name="getSteps" time="0.075" classname="Executer.Execute"/>
  <testcase name="getSteps" time="0.073" classname="Executer.Execute"/>
  <testcase name="getSteps" time="0.106" classname="Executer.Execute"/>
  <testcase name="getSteps" time="0.085" classname="Executer.Execute"/>
  <testcase name="getSteps" time="0.083" classname="Executer.Execute"/>
  <testcase name="getSteps" time="0.1" classname="Executer.Execute"/>
  <testcase name="getSteps" time="0.075" classname="Executer.Execute"/>
  <testcase name="getSteps" time="0.075" classname="Executer.Execute"/>
  <testcase name="getSteps" time="0.075" classname="Executer.Execute"/>
  <testcase name="getSteps" time="0.076" classname="Executer.Execute"/>
  <testcase name="getSteps" time="0.09" classname="Executer.Execute"/>
  <testcase name="getSteps" time="0.092" classname="Executer.Execute"/>
  <testcase name="getSteps" time="0.089" classname="Executer.Execute"/>
  <testcase name="getSteps" time="0.09" classname="Executer.Execute"/>
  <testcase name="getSteps" time="0.09" classname="Executer.Execute"/>
  <testcase name="getSteps" time="0.097" classname="Executer.Execute"/>
  <testcase name="getSteps" time="0.086" classname="Executer.Execute"/>
  <testcase name="getSteps" time="0.083" classname="Executer.Execute"/>
  <testcase name="getSteps" time="0.093" classname="Executer.Execute"/>
  <testcase name="getSteps" time="0.086" classname="Executer.Execute"/>
  <testcase name="getSteps" time="0.086" classname="Executer.Execute"/>
  <testcase name="getSteps" time="0.198" classname="Executer.Execute"/>
  <testcase name="getSteps" time="0.103" classname="Executer.Execute"/>
  <testcase name="getSteps" time="0.098" classname="Executer.Execute"/>
  <testcase name="getSteps" time="0.092" classname="Executer.Execute"/>
  <testcase name="getSteps" time="0.101" classname="Executer.Execute"/>
  <testcase name="getSteps" time="0.094" classname="Executer.Execute"/>
  <testcase name="getSteps" time="0.101" classname="Executer.Execute"/>
  <testcase name="getSteps" time="0.08" classname="Executer.Execute"/>
  <testcase name="getSteps" time="0.083" classname="Executer.Execute"/>
  <testcase name="getSteps" time="0.098" classname="Executer.Execute"/>
  <testcase name="getSteps" time="0.096" classname="Executer.Execute"/>
  <testcase name="getSteps" time="0.098" classname="Executer.Execute"/>
  <testcase name="getSteps" time="0.109" classname="Executer.Execute"/>
  <testcase name="getSteps" time="0.119" classname="Executer.Execute"/>
  <testcase name="getSteps" time="0.141" classname="Executer.Execute"/>
  <testcase name="getSteps" time="0.211" classname="Executer.Execute"/>
  <testcase name="getSteps" time="0.176" classname="Executer.Execute"/>
  <testcase name="getSteps" time="0.158" classname="Executer.Execute"/>
  <testcase name="getSteps" time="0.077" classname="Executer.Execute"/>
  <testcase name="getSteps" time="0.091" classname="Executer.Execute"/>
  <testcase name="getSteps" time="0.074" classname="Executer.Execute"/>
  <testcase name="getSteps" time="0.076" classname="Executer.Execute"/>
  <testcase name="getSteps" time="0.076" classname="Executer.Execute"/>
  <testcase name="getSteps" time="0.077" classname="Executer.Execute"/>
  <testcase name="getSteps" time="0.082" classname="Executer.Execute"/>
  <testcase name="getSteps" time="0.081" classname="Executer.Execute"/>
  <testcase name="getSteps" time="0.075" classname="Executer.Execute"/>
  <testcase name="getSteps" time="0.076" classname="Executer.Execute"/>
  <testcase name="getSteps" time="0.08" classname="Executer.Execute"/>
  <testcase name="getSteps" time="0.087" classname="Executer.Execute"/>
  <testcase name="getSteps" time="0.079" classname="Executer.Execute"/>
  <testcase name="getSteps" time="0.1" classname="Executer.Execute"/>
  <testcase name="getSteps" time="0.093" classname="Executer.Execute"/>
  <testcase name="getSteps" time="0.095" classname="Executer.Execute"/>
  <testcase name="getSteps" time="0.107" classname="Executer.Execute"/>
  <testcase name="getSteps" time="0.093" classname="Executer.Execute"/>
  <testcase name="getSteps" time="0.075" classname="Executer.Execute"/>
  <testcase name="getSteps" time="0.075" classname="Executer.Execute"/>
  <testcase name="getSteps" time="0.073" classname="Executer.Execute"/>
  <testcase name="getSteps" time="0.076" classname="Executer.Execute"/>
  <testcase name="getSteps" time="0.075" classname="Executer.Execute"/>
  <testcase name="getSteps" time="0.074" classname="Executer.Execute"/>
  <testcase name="getSteps" time="0.082" classname="Executer.Execute"/>
  <testcase name="getSteps" time="0.076" classname="Executer.Execute"/>
  <testcase name="getSteps" time="0.076" classname="Executer.Execute"/>
  <testcase name="getSteps" time="0.073" classname="Executer.Execute"/>
  <testcase name="getSteps" time="0.077" classname="Executer.Execute"/>
  <testcase name="getSteps" time="0.09" classname="Executer.Execute"/>
  <testcase name="getSteps" time="0.093" classname="Executer.Execute"/>
  <testcase name="getSteps" time="0.106" classname="Executer.Execute"/>
  <testcase name="getSteps" time="0.081" classname="Executer.Execute"/>
  <testcase name="getSteps" time="0.076" classname="Executer.Execute"/>
  <testcase name="getSteps" time="0.085" classname="Executer.Execute"/>
  <testcase name="getSteps" time="0.075" classname="Executer.Execute"/>
  <testcase name="getSteps" time="0.074" classname="Executer.Execute"/>
  <testcase name="getSteps" time="0.077" classname="Executer.Execute"/>
  <testcase name="getSteps" time="0.073" classname="Executer.Execute"/>
  <testcase name="getSteps" time="0.073" classname="Executer.Execute"/>
  <testcase name="getSteps" time="0.075" classname="Executer.Execute"/>
  <testcase name="getSteps" time="0.081" classname="Executer.Execute"/>
  <testcase name="getSteps" time="0.088" classname="Executer.Execute"/>
  <testcase name="getSteps" time="0.077" classname="Executer.Execute"/>
  <testcase name="getSteps" time="0.087" classname="Executer.Execute"/>
  <testcase name="getSteps" time="0.075" classname="Executer.Execute"/>
  <testcase name="getSteps" time="0.081" classname="Executer.Execute"/>
  <testcase name="getSteps" time="0.097" classname="Executer.Execute"/>
  <testcase name="getSteps" time="0.094" classname="Executer.Execute"/>
  <testcase name="getSteps" time="0.074" classname="Executer.Execute"/>
  <testcase name="getSteps" time="0.079" classname="Executer.Execute"/>
  <testcase name="getSteps" time="0.083" classname="Executer.Execute"/>
  <testcase name="getSteps" time="0.074" classname="Executer.Execute"/>
  <testcase name="getSteps" time="0.074" classname="Executer.Execute"/>
  <testcase name="getSteps" time="0.081" classname="Executer.Execute"/>
  <testcase name="getSteps" time="0.078" classname="Executer.Execute"/>
  <testcase name="getSteps" time="0.077" classname="Executer.Execute"/>
  <testcase name="getSteps" time="0.085" classname="Executer.Execute"/>
  <testcase name="getSteps" time="0.09" classname="Executer.Execute"/>
  <testcase name="getSteps" time="0.102" classname="Executer.Execute"/>
  <testcase name="getSteps" time="0.09" classname="Executer.Execute"/>
  <testcase name="getSteps" time="0.08" classname="Executer.Execute"/>
  <testcase name="getSteps" time="0.086" classname="Executer.Execute"/>
  <testcase name="getSteps" time="0.077" classname="Executer.Execute"/>
  <testcase name="getSteps" time="0.079" classname="Executer.Execute"/>
  <testcase name="getSteps" time="0.075" classname="Executer.Execute"/>
  <testcase name="getSteps" time="0.079" classname="Executer.Execute"/>
  <testcase name="getSteps" time="0.092" classname="Executer.Execute"/>
  <testcase name="getSteps" time="0.082" classname="Executer.Execute"/>
  <testcase name="getSteps" time="0.084" classname="Executer.Execute"/>
  <testcase name="getSteps" time="0.079" classname="Executer.Execute"/>
  <testcase name="getSteps" time="0.077" classname="Executer.Execute"/>
  <testcase name="getSteps" time="0.081" classname="Executer.Execute"/>
  <testcase name="getSteps" time="0.101" classname="Executer.Execute"/>
  <testcase name="getSteps" time="0.079" classname="Executer.Execute"/>
  <testcase name="getSteps" time="0.131" classname="Executer.Execute"/>
  <testcase name="getSteps" time="0.245" classname="Executer.Execute"/>
  <testcase name="getSteps" time="0.132" classname="Executer.Execute"/>
  <testcase name="getSteps" time="0.134" classname="Executer.Execute"/>
  <testcase name="getSteps" time="0.152" classname="Executer.Execute"/>
  <testcase name="getSteps" time="0.109" classname="Executer.Execute"/>
  <testcase name="getSteps" time="0.104" classname="Executer.Execute"/>
  <testcase name="getSteps" time="0.09" classname="Executer.Execute"/>
  <testcase name="getSteps" time="0.086" classname="Executer.Execute"/>
  <testcase name="getSteps" time="0.081" classname="Executer.Execute"/>
  <testcase name="getSteps" time="0.083" classname="Executer.Execute"/>
  <testcase name="getSteps" time="0.08" classname="Executer.Execute"/>
  <testcase name="getSteps" time="0.081" classname="Executer.Execute"/>
  <testcase name="getSteps" time="0.078" classname="Executer.Execute"/>
  <testcase name="getSteps" time="0.081" classname="Executer.Execute"/>
  <testcase name="getSteps" time="0.08" classname="Executer.Execute"/>
  <testcase name="getSteps" time="0.08" classname="Executer.Execute"/>
  <testcase name="getSteps" time="0.08" classname="Executer.Execute"/>
  <testcase name="getSteps" time="0.094" classname="Executer.Execute"/>
  <testcase name="getSteps" time="0.11" classname="Executer.Execute"/>
  <testcase name="getSteps" time="0.09" classname="Executer.Execute"/>
  <testcase name="getSteps" time="0.1" classname="Executer.Execute"/>
  <testcase name="getSteps" time="0.103" classname="Executer.Execute"/>
  <testcase name="getSteps" time="0.093" classname="Executer.Execute"/>
  <testcase name="getSteps" time="0.086" classname="Executer.Execute"/>
  <testcase name="getSteps" time="0.084" classname="Executer.Execute"/>
  <testcase name="getSteps" time="0.1" classname="Executer.Execute"/>
  <testcase name="getSteps" time="0.158" classname="Executer.Execute"/>
  <testcase name="getSteps" time="0.09" classname="Executer.Execute"/>
  <testcase name="getSteps" time="0.092" classname="Executer.Execute"/>
  <testcase name="getSteps" time="0.162" classname="Executer.Execute"/>
  <testcase name="getSteps" time="0.1" classname="Executer.Execute"/>
  <testcase name="getSteps" time="0.103" classname="Executer.Execute"/>
  <testcase name="getSteps" time="0.091" classname="Executer.Execute"/>
  <testcase name="getSteps" time="0.111" classname="Executer.Execute"/>
  <testcase name="getSteps" time="0.097" classname="Executer.Execute"/>
  <testcase name="getSteps" time="0.219" classname="Executer.Execute"/>
  <testcase name="getSteps" time="0.138" classname="Executer.Execute"/>
  <testcase name="getSteps" time="0.077" classname="Executer.Execute"/>
  <testcase name="getSteps" time="0.074" classname="Executer.Execute"/>
  <testcase name="getSteps" time="0.074" classname="Executer.Execute"/>
  <testcase name="getSteps" time="0.074" classname="Executer.Execute"/>
  <testcase name="getSteps" time="0.075" classname="Executer.Execute"/>
  <testcase name="getSteps" time="0.076" classname="Executer.Execute"/>
  <testcase name="getSteps" time="0.083" classname="Executer.Execute"/>
  <testcase name="getSteps" time="0.078" classname="Executer.Execute"/>
  <testcase name="getSteps" time="0.12" classname="Executer.Execute"/>
  <testcase name="getSteps" time="0.102" classname="Executer.Execute"/>
  <testcase name="getSteps" time="0.087" classname="Executer.Execute"/>
  <testcase name="getSteps" time="0.075" classname="Executer.Execute"/>
  <testcase name="getSteps" time="0.099" classname="Executer.Execute"/>
  <testcase name="getSteps" time="0.077" classname="Executer.Execute"/>
  <testcase name="getSteps" time="0.076" classname="Executer.Execute"/>
  <testcase name="getSteps" time="0.073" classname="Executer.Execute"/>
  <testcase name="getSteps" time="0.076" classname="Executer.Execute"/>
  <testcase name="getSteps" time="0.072" classname="Executer.Execute"/>
  <testcase name="getSteps" time="0.073" classname="Executer.Execute"/>
  <testcase name="getSteps" time="0.075" classname="Executer.Execute"/>
  <testcase name="getSteps" time="0.073" classname="Executer.Execute"/>
  <testcase name="getSteps" time="0.078" classname="Executer.Execute"/>
  <testcase name="getSteps" time="0.076" classname="Executer.Execute"/>
  <testcase name="getSteps" time="0.076" classname="Executer.Execute"/>
  <testcase name="getSteps" time="0.072" classname="Executer.Execute"/>
  <testcase name="getSteps" time="0.078" classname="Executer.Execute"/>
  <testcase name="getSteps" time="0.073" classname="Executer.Execute"/>
  <testcase name="getSteps" time="0.491" classname="Executer.Execute">
    <failure type="com.microsoft.sqlserver.jdbc.SQLServerException" message="Login failed for user &amp;apos;sa&amp;apos;. ClientConnectionId:1ef5f918-74c8-4eff-a985-b6b3319ff5f4">
      <![CDATA[com.microsoft.sqlserver.jdbc.SQLServerException: Login failed for user 'sa'. ClientConnectionId:1ef5f918-74c8-4eff-a985-b6b3319ff5f4
at com.microsoft.sqlserver.jdbc.SQLServerException.makeFromDatabaseError(SQLServerException.java:232)
at com.microsoft.sqlserver.jdbc.TDSTokenHandler.onEOF(tdsparser.java:291)
at com.microsoft.sqlserver.jdbc.TDSParser.parse(tdsparser.java:111)
at com.microsoft.sqlserver.jdbc.SQLServerConnection.sendLogon(SQLServerConnection.java:4376)
at com.microsoft.sqlserver.jdbc.SQLServerConnection.logon(SQLServerConnection.java:3188)
at com.microsoft.sqlserver.jdbc.SQLServerConnection.access$100(SQLServerConnection.java:61)
at com.microsoft.sqlserver.jdbc.SQLServerConnection$LogonCommand.doExecute(SQLServerConnection.java:3151)
at com.microsoft.sqlserver.jdbc.TDSCommand.execute(IOBuffer.java:7535)
at com.microsoft.sqlserver.jdbc.SQLServerConnection.executeCommand(SQLServerConnection.java:2438)
at com.microsoft.sqlserver.jdbc.SQLServerConnection.connectHelper(SQLServerConnection.java:1973)
at com.microsoft.sqlserver.jdbc.SQLServerConnection.login(SQLServerConnection.java:1616)
at com.microsoft.sqlserver.jdbc.SQLServerConnection.connectInternal(SQLServerConnection.java:1447)
at com.microsoft.sqlserver.jdbc.SQLServerConnection.connect(SQLServerConnection.java:788)
at com.microsoft.sqlserver.jdbc.SQLServerDriver.connect(SQLServerDriver.java:1187)
at java.sql.DriverManager.getConnection(DriverManager.java:664)
at java.sql.DriverManager.getConnection(DriverManager.java:247)
at Keywords.DBConnection.ConnectionToDB(DBConnection.java:25)
at Executer.ExecuteKeywords.ExecuteTheKeywords(ExecuteKeywords.java:142)
at Executer.Execute.getSteps(Execute.java:26)
at sun.reflect.GeneratedMethodAccessor2.invoke(Unknown Source)
at sun.reflect.DelegatingMethodAccessorImpl.invoke(DelegatingMethodAccessorImpl.java:43)
at java.lang.reflect.Method.invoke(Method.java:498)
at org.testng.internal.MethodInvocationHelper.invokeMethod(MethodInvocationHelper.java:124)
at org.testng.internal.Invoker.invokeMethod(Invoker.java:580)
at org.testng.internal.Invoker.invokeTestMethod(Invoker.java:716)
at org.testng.internal.Invoker.invokeTestMethods(Invoker.java:988)
at org.testng.internal.TestMethodWorker.invokeTestMethods(TestMethodWorker.java:125)
at org.testng.internal.TestMethodWorker.run(TestMethodWorker.java:109)
at org.testng.TestRunner.privateRun(TestRunner.java:648)
at org.testng.TestRunner.run(TestRunner.java:505)
at org.testng.SuiteRunner.runTest(SuiteRunner.java:455)
at org.testng.SuiteRunner.runSequentially(SuiteRunner.java:450)
at org.testng.SuiteRunner.privateRun(SuiteRunner.java:415)
at org.testng.SuiteRunner.run(SuiteRunner.java:364)
at org.testng.SuiteRunnerWorker.runSuite(SuiteRunnerWorker.java:52)
at org.testng.SuiteRunnerWorker.run(SuiteRunnerWorker.java:84)
at org.testng.TestNG.runSuitesSequentially(TestNG.java:1208)
at org.testng.TestNG.runSuitesLocally(TestNG.java:1137)
at org.testng.TestNG.runSuites(TestNG.java:1049)
at org.testng.TestNG.run(TestNG.java:1017)
at org.testng.remote.AbstractRemoteTestNG.run(AbstractRemoteTestNG.java:114)
at org.testng.remote.RemoteTestNG.initAndRun(RemoteTestNG.java:251)
at org.testng.remote.RemoteTestNG.main(RemoteTestNG.java:77)
]]>
    </failure>
  </testcase> <!-- getSteps -->
  <testcase name="getSteps" time="0.08" classname="Executer.Execute"/>
  <testcase name="getSteps" time="0.08" classname="Executer.Execute"/>
  <testcase name="getSteps" time="0.073" classname="Executer.Execute"/>
  <testcase name="getSteps" time="0.074" classname="Executer.Execute"/>
  <testcase name="getSteps" time="0.074" classname="Executer.Execute"/>
  <testcase name="getSteps" time="0.077" classname="Executer.Execute"/>
  <testcase name="getSteps" time="0.075" classname="Executer.Execute"/>
  <testcase name="getSteps" time="0.073" classname="Executer.Execute"/>
  <testcase name="getSteps" time="0.073" classname="Executer.Execute"/>
  <testcase name="getSteps" time="0.088" classname="Executer.Execute"/>
  <testcase name="getSteps" time="0.095" classname="Executer.Execute"/>
  <testcase name="getSteps" time="0.087" classname="Executer.Execute"/>
  <testcase name="getSteps" time="0.077" classname="Executer.Execute"/>
  <testcase name="getSteps" time="0.093" classname="Executer.Execute"/>
  <testcase name="getSteps" time="0.08" classname="Executer.Execute"/>
  <testcase name="getSteps" time="0.073" classname="Executer.Execute"/>
  <testcase name="getSteps" time="0.082" classname="Executer.Execute"/>
  <testcase name="getSteps" time="0.077" classname="Executer.Execute"/>
  <testcase name="getSteps" time="0.074" classname="Executer.Execute"/>
  <testcase name="getSteps" time="0.074" classname="Executer.Execute"/>
  <testcase name="getSteps" time="0.074" classname="Executer.Execute"/>
  <testcase name="getSteps" time="0.074" classname="Executer.Execute"/>
  <testcase name="getSteps" time="0.075" classname="Executer.Execute"/>
  <testcase name="getSteps" time="0.073" classname="Executer.Execute"/>
  <testcase name="getSteps" time="0.079" classname="Executer.Execute"/>
  <testcase name="getSteps" time="0.075" classname="Executer.Execute"/>
  <testcase name="getSteps" time="0.581" classname="Executer.Execute">
    <failure type="com.microsoft.sqlserver.jdbc.SQLServerException" message="Login failed for user &amp;apos;sa&amp;apos;. ClientConnectionId:df18ebe6-fe4c-446e-8c5a-101dbffb99c7">
      <![CDATA[com.microsoft.sqlserver.jdbc.SQLServerException: Login failed for user 'sa'. ClientConnectionId:df18ebe6-fe4c-446e-8c5a-101dbffb99c7
at com.microsoft.sqlserver.jdbc.SQLServerException.makeFromDatabaseError(SQLServerException.java:232)
at com.microsoft.sqlserver.jdbc.TDSTokenHandler.onEOF(tdsparser.java:291)
at com.microsoft.sqlserver.jdbc.TDSParser.parse(tdsparser.java:111)
at com.microsoft.sqlserver.jdbc.SQLServerConnection.sendLogon(SQLServerConnection.java:4376)
at com.microsoft.sqlserver.jdbc.SQLServerConnection.logon(SQLServerConnection.java:3188)
at com.microsoft.sqlserver.jdbc.SQLServerConnection.access$100(SQLServerConnection.java:61)
at com.microsoft.sqlserver.jdbc.SQLServerConnection$LogonCommand.doExecute(SQLServerConnection.java:3151)
at com.microsoft.sqlserver.jdbc.TDSCommand.execute(IOBuffer.java:7535)
at com.microsoft.sqlserver.jdbc.SQLServerConnection.executeCommand(SQLServerConnection.java:2438)
at com.microsoft.sqlserver.jdbc.SQLServerConnection.connectHelper(SQLServerConnection.java:1973)
at com.microsoft.sqlserver.jdbc.SQLServerConnection.login(SQLServerConnection.java:1616)
at com.microsoft.sqlserver.jdbc.SQLServerConnection.connectInternal(SQLServerConnection.java:1447)
at com.microsoft.sqlserver.jdbc.SQLServerConnection.connect(SQLServerConnection.java:788)
at com.microsoft.sqlserver.jdbc.SQLServerDriver.connect(SQLServerDriver.java:1187)
at java.sql.DriverManager.getConnection(DriverManager.java:664)
at java.sql.DriverManager.getConnection(DriverManager.java:247)
at Keywords.DBConnection.ConnectionToDB(DBConnection.java:25)
at Executer.ExecuteKeywords.ExecuteTheKeywords(ExecuteKeywords.java:142)
at Executer.Execute.getSteps(Execute.java:26)
at sun.reflect.GeneratedMethodAccessor2.invoke(Unknown Source)
at sun.reflect.DelegatingMethodAccessorImpl.invoke(DelegatingMethodAccessorImpl.java:43)
at java.lang.reflect.Method.invoke(Method.java:498)
at org.testng.internal.MethodInvocationHelper.invokeMethod(MethodInvocationHelper.java:124)
at org.testng.internal.Invoker.invokeMethod(Invoker.java:580)
at org.testng.internal.Invoker.invokeTestMethod(Invoker.java:716)
at org.testng.internal.Invoker.invokeTestMethods(Invoker.java:988)
at org.testng.internal.TestMethodWorker.invokeTestMethods(TestMethodWorker.java:125)
at org.testng.internal.TestMethodWorker.run(TestMethodWorker.java:109)
at org.testng.TestRunner.privateRun(TestRunner.java:648)
at org.testng.TestRunner.run(TestRunner.java:505)
at org.testng.SuiteRunner.runTest(SuiteRunner.java:455)
at org.testng.SuiteRunner.runSequentially(SuiteRunner.java:450)
at org.testng.SuiteRunner.privateRun(SuiteRunner.java:415)
at org.testng.SuiteRunner.run(SuiteRunner.java:364)
at org.testng.SuiteRunnerWorker.runSuite(SuiteRunnerWorker.java:52)
at org.testng.SuiteRunnerWorker.run(SuiteRunnerWorker.java:84)
at org.testng.TestNG.runSuitesSequentially(TestNG.java:1208)
at org.testng.TestNG.runSuitesLocally(TestNG.java:1137)
at org.testng.TestNG.runSuites(TestNG.java:1049)
at org.testng.TestNG.run(TestNG.java:1017)
at org.testng.remote.AbstractRemoteTestNG.run(AbstractRemoteTestNG.java:114)
at org.testng.remote.RemoteTestNG.initAndRun(RemoteTestNG.java:251)
at org.testng.remote.RemoteTestNG.main(RemoteTestNG.java:77)
]]>
    </failure>
  </testcase> <!-- getSteps -->
  <testcase name="getSteps" time="0.099" classname="Executer.Execute"/>
  <testcase name="getSteps" time="0.085" classname="Executer.Execute"/>
  <testcase name="getSteps" time="0.084" classname="Executer.Execute"/>
  <testcase name="getSteps" time="0.085" classname="Executer.Execute"/>
  <testcase name="getSteps" time="0.086" classname="Executer.Execute"/>
  <testcase name="getSteps" time="0.083" classname="Executer.Execute"/>
  <testcase name="getSteps" time="0.075" classname="Executer.Execute"/>
  <testcase name="getSteps" time="0.079" classname="Executer.Execute"/>
  <testcase name="getSteps" time="0.078" classname="Executer.Execute"/>
  <testcase name="getSteps" time="0.075" classname="Executer.Execute"/>
  <testcase name="getSteps" time="0.078" classname="Executer.Execute"/>
  <testcase name="getSteps" time="0.075" classname="Executer.Execute"/>
  <testcase name="getSteps" time="0.072" classname="Executer.Execute"/>
  <testcase name="getSteps" time="0.074" classname="Executer.Execute"/>
  <testcase name="getSteps" time="0.075" classname="Executer.Execute"/>
  <testcase name="getSteps" time="0.072" classname="Executer.Execute"/>
  <testcase name="getSteps" time="0.078" classname="Executer.Execute"/>
  <testcase name="getSteps" time="0.072" classname="Executer.Execute"/>
  <testcase name="getSteps" time="0.074" classname="Executer.Execute"/>
  <testcase name="getSteps" time="0.075" classname="Executer.Execute"/>
  <testcase name="getSteps" time="0.075" classname="Executer.Execute"/>
  <testcase name="getSteps" time="0.074" classname="Executer.Execute"/>
  <testcase name="getSteps" time="0.086" classname="Executer.Execute"/>
  <testcase name="getSteps" time="0.074" classname="Executer.Execute"/>
  <testcase name="getSteps" time="0.074" classname="Executer.Execute"/>
  <testcase name="getSteps" time="0.093" classname="Executer.Execute"/>
  <testcase name="getSteps" time="0.073" classname="Executer.Execute"/>
  <testcase name="getSteps" time="0.073" classname="Executer.Execute"/>
  <testcase name="getSteps" time="0.077" classname="Executer.Execute"/>
  <testcase name="getSteps" time="0.073" classname="Executer.Execute"/>
  <testcase name="getSteps" time="0.074" classname="Executer.Execute"/>
  <testcase name="getSteps" time="0.076" classname="Executer.Execute"/>
  <testcase name="getSteps" time="0.073" classname="Executer.Execute"/>
  <testcase name="getSteps" time="0.087" classname="Executer.Execute"/>
  <testcase name="getSteps" time="0.08" classname="Executer.Execute"/>
  <testcase name="getSteps" time="0.074" classname="Executer.Execute"/>
  <testcase name="getSteps" time="0.075" classname="Executer.Execute"/>
  <testcase name="getSteps" time="0.083" classname="Executer.Execute"/>
  <testcase name="getSteps" time="0.081" classname="Executer.Execute"/>
  <testcase name="getSteps" time="0.072" classname="Executer.Execute"/>
  <testcase name="getSteps" time="0.076" classname="Executer.Execute"/>
  <testcase name="getSteps" time="0.079" classname="Executer.Execute"/>
  <testcase name="getSteps" time="0.089" classname="Executer.Execute"/>
  <testcase name="getSteps" time="0.074" classname="Executer.Execute"/>
  <testcase name="getSteps" time="0.078" classname="Executer.Execute"/>
  <testcase name="getSteps" time="0.075" classname="Executer.Execute"/>
  <testcase name="getSteps" time="0.078" classname="Executer.Execute"/>
  <testcase name="getSteps" time="0.082" classname="Executer.Execute"/>
  <testcase name="getSteps" time="0.073" classname="Executer.Execute"/>
  <testcase name="getSteps" time="0.076" classname="Executer.Execute"/>
  <testcase name="getSteps" time="0.075" classname="Executer.Execute"/>
  <testcase name="getSteps" time="0.074" classname="Executer.Execute"/>
  <testcase name="getSteps" time="0.075" classname="Executer.Execute"/>
  <testcase name="getSteps" time="0.073" classname="Executer.Execute"/>
  <testcase name="getSteps" time="0.076" classname="Executer.Execute"/>
  <testcase name="getSteps" time="0.077" classname="Executer.Execute"/>
  <testcase name="getSteps" time="0.073" classname="Executer.Execute"/>
  <testcase name="getSteps" time="0.076" classname="Executer.Execute"/>
  <testcase name="getSteps" time="0.084" classname="Executer.Execute"/>
  <testcase name="getSteps" time="0.075" classname="Executer.Execute"/>
  <testcase name="getSteps" time="0.076" classname="Executer.Execute"/>
  <testcase name="getSteps" time="0.075" classname="Executer.Execute"/>
  <testcase name="getSteps" time="0.072" classname="Executer.Execute"/>
  <testcase name="getSteps" time="0.073" classname="Executer.Execute"/>
  <testcase name="getSteps" time="0.075" classname="Executer.Execute"/>
  <testcase name="getSteps" time="0.129" classname="Executer.Execute"/>
  <testcase name="getSteps" time="0.072" classname="Executer.Execute"/>
  <testcase name="getSteps" time="0.08" classname="Executer.Execute"/>
  <testcase name="getSteps" time="0.073" classname="Executer.Execute"/>
  <testcase name="getSteps" time="0.074" classname="Executer.Execute"/>
  <testcase name="getSteps" time="0.074" classname="Executer.Execute"/>
  <testcase name="getSteps" time="0.073" classname="Executer.Execute"/>
  <testcase name="getSteps" time="0.096" classname="Executer.Execute"/>
  <testcase name="getSteps" time="0.074" classname="Executer.Execute"/>
  <testcase name="getSteps" time="0.073" classname="Executer.Execute"/>
  <testcase name="getSteps" time="0.075" classname="Executer.Execute"/>
  <testcase name="getSteps" time="0.076" classname="Executer.Execute"/>
  <testcase name="getSteps" time="0.073" classname="Executer.Execute"/>
  <testcase name="getSteps" time="0.074" classname="Executer.Execute"/>
  <testcase name="getSteps" time="0.076" classname="Executer.Execute"/>
  <testcase name="getSteps" time="0.077" classname="Executer.Execute"/>
  <testcase name="getSteps" time="0.072" classname="Executer.Execute"/>
  <testcase name="getSteps" time="0.081" classname="Executer.Execute"/>
  <testcase name="getSteps" time="0.085" classname="Executer.Execute"/>
  <testcase name="getSteps" time="0.088" classname="Executer.Execute"/>
  <testcase name="getSteps" time="0.088" classname="Executer.Execute"/>
  <testcase name="getSteps" time="0.076" classname="Executer.Execute"/>
  <testcase name="getSteps" time="0.074" classname="Executer.Execute"/>
  <testcase name="getSteps" time="0.079" classname="Executer.Execute"/>
  <testcase name="getSteps" time="0.072" classname="Executer.Execute"/>
  <testcase name="getSteps" time="0.075" classname="Executer.Execute"/>
  <testcase name="getSteps" time="0.079" classname="Executer.Execute"/>
  <testcase name="getSteps" time="0.077" classname="Executer.Execute"/>
  <testcase name="getSteps" time="0.074" classname="Executer.Execute"/>
  <testcase name="getSteps" time="0.079" classname="Executer.Execute"/>
  <testcase name="getSteps" time="0.072" classname="Executer.Execute"/>
  <testcase name="getSteps" time="0.074" classname="Executer.Execute"/>
  <testcase name="getSteps" time="0.076" classname="Executer.Execute"/>
  <testcase name="getSteps" time="0.076" classname="Executer.Execute"/>
  <testcase name="getSteps" time="0.075" classname="Executer.Execute"/>
  <testcase name="getSteps" time="0.073" classname="Executer.Execute"/>
  <testcase name="getSteps" time="0.074" classname="Executer.Execute"/>
  <testcase name="getSteps" time="0.073" classname="Executer.Execute"/>
  <testcase name="getSteps" time="0.086" classname="Executer.Execute"/>
  <testcase name="getSteps" time="0.072" classname="Executer.Execute"/>
  <testcase name="getSteps" time="0.075" classname="Executer.Execute"/>
  <testcase name="getSteps" time="0.074" classname="Executer.Execute"/>
  <testcase name="getSteps" time="0.075" classname="Executer.Execute"/>
  <testcase name="getSteps" time="0.076" classname="Executer.Execute"/>
  <testcase name="getSteps" time="0.083" classname="Executer.Execute"/>
  <testcase name="getSteps" time="0.074" classname="Executer.Execute"/>
  <testcase name="getSteps" time="0.077" classname="Executer.Execute"/>
  <testcase name="getSteps" time="0.075" classname="Executer.Execute"/>
  <testcase name="getSteps" time="0.074" classname="Executer.Execute"/>
  <testcase name="getSteps" time="0.076" classname="Executer.Execute"/>
  <testcase name="getSteps" time="0.072" classname="Executer.Execute"/>
  <testcase name="getSteps" time="0.076" classname="Executer.Execute"/>
  <testcase name="getSteps" time="0.074" classname="Executer.Execute"/>
  <testcase name="getSteps" time="0.075" classname="Executer.Execute"/>
  <testcase name="getSteps" time="0.086" classname="Executer.Execute"/>
  <testcase name="getSteps" time="0.074" classname="Executer.Execute"/>
  <testcase name="getSteps" time="0.076" classname="Executer.Execute"/>
  <testcase name="getSteps" time="0.077" classname="Executer.Execute"/>
  <testcase name="getSteps" time="0.079" classname="Executer.Execute"/>
  <testcase name="getSteps" time="0.072" classname="Executer.Execute"/>
  <testcase name="getSteps" time="0.075" classname="Executer.Execute"/>
  <testcase name="getSteps" time="0.075" classname="Executer.Execute"/>
  <testcase name="getSteps" time="0.076" classname="Executer.Execute"/>
  <testcase name="getSteps" time="0.075" classname="Executer.Execute"/>
  <testcase name="getSteps" time="0.074" classname="Executer.Execute"/>
  <testcase name="getSteps" time="0.075" classname="Executer.Execute"/>
  <testcase name="getSteps" time="0.076" classname="Executer.Execute"/>
  <testcase name="getSteps" time="0.074" classname="Executer.Execute"/>
  <testcase name="getSteps" time="0.074" classname="Executer.Execute"/>
  <testcase name="getSteps" time="0.078" classname="Executer.Execute"/>
  <testcase name="getSteps" time="0.077" classname="Executer.Execute"/>
  <testcase name="getSteps" time="0.075" classname="Executer.Execute"/>
  <testcase name="getSteps" time="0.075" classname="Executer.Execute"/>
  <testcase name="getSteps" time="0.073" classname="Executer.Execute"/>
  <testcase name="getSteps" time="0.074" classname="Executer.Execute"/>
  <testcase name="getSteps" time="0.076" classname="Executer.Execute"/>
  <testcase name="getSteps" time="0.072" classname="Executer.Execute"/>
  <testcase name="getSteps" time="0.076" classname="Executer.Execute"/>
  <testcase name="getSteps" time="0.072" classname="Executer.Execute"/>
  <testcase name="getSteps" time="0.077" classname="Executer.Execute"/>
  <testcase name="getSteps" time="0.075" classname="Executer.Execute"/>
  <testcase name="getSteps" time="0.072" classname="Executer.Execute"/>
  <testcase name="getSteps" time="0.076" classname="Executer.Execute"/>
  <testcase name="getSteps" time="0.072" classname="Executer.Execute"/>
  <testcase name="getSteps" time="0.074" classname="Executer.Execute"/>
  <testcase name="getSteps" time="0.091" classname="Executer.Execute"/>
  <testcase name="getSteps" time="0.073" classname="Executer.Execute"/>
  <testcase name="getSteps" time="0.074" classname="Executer.Execute"/>
  <testcase name="getSteps" time="0.075" classname="Executer.Execute"/>
  <testcase name="getSteps" time="0.078" classname="Executer.Execute"/>
  <testcase name="getSteps" time="0.072" classname="Executer.Execute"/>
  <testcase name="getSteps" time="0.073" classname="Executer.Execute"/>
  <testcase name="getSteps" time="0.094" classname="Executer.Execute"/>
  <testcase name="getSteps" time="0.074" classname="Executer.Execute"/>
  <testcase name="getSteps" time="0.073" classname="Executer.Execute"/>
  <testcase name="getSteps" time="0.077" classname="Executer.Execute"/>
  <testcase name="getSteps" time="0.072" classname="Executer.Execute"/>
  <testcase name="getSteps" time="0.079" classname="Executer.Execute"/>
  <testcase name="getSteps" time="0.075" classname="Executer.Execute"/>
  <testcase name="getSteps" time="0.074" classname="Executer.Execute"/>
  <testcase name="getSteps" time="0.076" classname="Executer.Execute"/>
  <testcase name="getSteps" time="0.098" classname="Executer.Execute"/>
  <testcase name="getSteps" time="0.076" classname="Executer.Execute"/>
  <testcase name="getSteps" time="0.077" classname="Executer.Execute"/>
  <testcase name="getSteps" time="0.073" classname="Executer.Execute"/>
  <testcase name="getSteps" time="0.078" classname="Executer.Execute"/>
  <testcase name="getSteps" time="0.073" classname="Executer.Execute"/>
  <testcase name="getSteps" time="0.075" classname="Executer.Execute"/>
  <testcase name="getSteps" time="0.074" classname="Executer.Execute"/>
  <testcase name="getSteps" time="0.074" classname="Executer.Execute"/>
  <testcase name="getSteps" time="0.076" classname="Executer.Execute"/>
  <testcase name="getSteps" time="0.072" classname="Executer.Execute"/>
  <testcase name="getSteps" time="0.073" classname="Executer.Execute"/>
  <testcase name="getSteps" time="0.075" classname="Executer.Execute"/>
  <testcase name="getSteps" time="0.073" classname="Executer.Execute"/>
  <testcase name="getSteps" time="0.077" classname="Executer.Execute"/>
  <testcase name="getSteps" time="0.097" classname="Executer.Execute"/>
  <testcase name="getSteps" time="0.08" classname="Executer.Execute"/>
  <testcase name="getSteps" time="0.076" classname="Executer.Execute"/>
  <testcase name="getSteps" time="0.073" classname="Executer.Execute"/>
  <testcase name="getSteps" time="0.073" classname="Executer.Execute"/>
  <testcase name="getSteps" time="0.075" classname="Executer.Execute"/>
  <testcase name="getSteps" time="0.074" classname="Executer.Execute"/>
  <testcase name="getSteps" time="0.08" classname="Executer.Execute"/>
  <testcase name="getSteps" time="0.076" classname="Executer.Execute"/>
  <testcase name="getSteps" time="0.079" classname="Executer.Execute"/>
  <testcase name="getSteps" time="0.073" classname="Executer.Execute"/>
  <testcase name="getSteps" time="0.074" classname="Executer.Execute"/>
  <testcase name="getSteps" time="0.075" classname="Executer.Execute"/>
  <testcase name="getSteps" time="0.073" classname="Executer.Execute"/>
  <testcase name="getSteps" time="0.075" classname="Executer.Execute"/>
  <testcase name="getSteps" time="0.072" classname="Executer.Execute"/>
  <testcase name="getSteps" time="0.088" classname="Executer.Execute"/>
  <testcase name="getSteps" time="0.073" classname="Executer.Execute"/>
  <testcase name="getSteps" time="0.073" classname="Executer.Execute"/>
  <testcase name="getSteps" time="0.074" classname="Executer.Execute"/>
  <testcase name="getSteps" time="0.073" classname="Executer.Execute"/>
  <testcase name="getSteps" time="0.08" classname="Executer.Execute"/>
  <testcase name="getSteps" time="0.073" classname="Executer.Execute"/>
  <testcase name="getSteps" time="0.074" classname="Executer.Execute"/>
  <testcase name="getSteps" time="0.076" classname="Executer.Execute"/>
  <testcase name="getSteps" time="0.073" classname="Executer.Execute"/>
  <testcase name="getSteps" time="0.076" classname="Executer.Execute"/>
  <testcase name="getSteps" time="0.076" classname="Executer.Execute"/>
  <testcase name="getSteps" time="0.074" classname="Executer.Execute"/>
  <testcase name="getSteps" time="0.074" classname="Executer.Execute"/>
  <testcase name="getSteps" time="0.079" classname="Executer.Execute"/>
  <testcase name="getSteps" time="0.077" classname="Executer.Execute"/>
  <testcase name="getSteps" time="0.079" classname="Executer.Execute"/>
  <testcase name="getSteps" time="0.078" classname="Executer.Execute"/>
  <testcase name="getSteps" time="0.079" classname="Executer.Execute"/>
  <testcase name="getSteps" time="0.075" classname="Executer.Execute"/>
  <testcase name="getSteps" time="0.076" classname="Executer.Execute"/>
  <testcase name="getSteps" time="0.074" classname="Executer.Execute"/>
  <testcase name="getSteps" time="0.076" classname="Executer.Execute"/>
  <testcase name="getSteps" time="0.074" classname="Executer.Execute"/>
  <testcase name="getSteps" time="0.074" classname="Executer.Execute"/>
  <testcase name="getSteps" time="0.074" classname="Executer.Execute"/>
  <testcase name="getSteps" time="0.074" classname="Executer.Execute"/>
  <testcase name="getSteps" time="0.085" classname="Executer.Execute"/>
  <testcase name="getSteps" time="0.082" classname="Executer.Execute"/>
  <testcase name="getSteps" time="0.072" classname="Executer.Execute"/>
  <testcase name="getSteps" time="0.074" classname="Executer.Execute"/>
  <testcase name="getSteps" time="0.086" classname="Executer.Execute"/>
  <testcase name="getSteps" time="0.075" classname="Executer.Execute"/>
  <testcase name="getSteps" time="0.085" classname="Executer.Execute"/>
  <testcase name="getSteps" time="0.105" classname="Executer.Execute"/>
  <testcase name="getSteps" time="0.1" classname="Executer.Execute"/>
  <testcase name="getSteps" time="0.1" classname="Executer.Execute"/>
  <testcase name="getSteps" time="0.126" classname="Executer.Execute"/>
  <testcase name="getSteps" time="0.09" classname="Executer.Execute"/>
  <testcase name="getSteps" time="0.082" classname="Executer.Execute"/>
  <testcase name="getSteps" time="0.087" classname="Executer.Execute"/>
  <testcase name="getSteps" time="0.075" classname="Executer.Execute"/>
  <testcase name="getSteps" time="0.079" classname="Executer.Execute"/>
  <testcase name="getSteps" time="0.074" classname="Executer.Execute"/>
  <testcase name="getSteps" time="0.074" classname="Executer.Execute"/>
  <testcase name="getSteps" time="0.076" classname="Executer.Execute"/>
  <testcase name="getSteps" time="0.075" classname="Executer.Execute"/>
  <testcase name="getSteps" time="0.106" classname="Executer.Execute"/>
  <testcase name="getSteps" time="0.097" classname="Executer.Execute"/>
  <testcase name="getSteps" time="0.101" classname="Executer.Execute"/>
  <testcase name="getSteps" time="0.089" classname="Executer.Execute"/>
  <testcase name="getSteps" time="0.074" classname="Executer.Execute"/>
  <testcase name="getSteps" time="0.076" classname="Executer.Execute"/>
  <testcase name="getSteps" time="0.08" classname="Executer.Execute"/>
  <testcase name="getSteps" time="0.077" classname="Executer.Execute"/>
  <testcase name="getSteps" time="0.086" classname="Executer.Execute"/>
  <testcase name="getSteps" time="0.131" classname="Executer.Execute"/>
  <testcase name="getSteps" time="0.204" classname="Executer.Execute"/>
  <testcase name="getSteps" time="0.1" classname="Executer.Execute"/>
  <testcase name="getSteps" time="0.131" classname="Executer.Execute"/>
  <testcase name="getSteps" time="0.131" classname="Executer.Execute"/>
  <testcase name="getSteps" time="0.116" classname="Executer.Execute"/>
  <testcase name="getSteps" time="0.134" classname="Executer.Execute"/>
  <testcase name="getSteps" time="0.155" classname="Executer.Execute"/>
  <testcase name="getSteps" time="0.114" classname="Executer.Execute"/>
  <testcase name="getSteps" time="0.154" classname="Executer.Execute"/>
  <testcase name="getSteps" time="0.083" classname="Executer.Execute"/>
  <testcase name="getSteps" time="0.094" classname="Executer.Execute"/>
  <testcase name="getSteps" time="0.086" classname="Executer.Execute"/>
  <testcase name="getSteps" time="0.097" classname="Executer.Execute"/>
  <testcase name="getSteps" time="0.083" classname="Executer.Execute"/>
  <testcase name="getSteps" time="0.191" classname="Executer.Execute"/>
  <testcase name="getSteps" time="0.148" classname="Executer.Execute"/>
  <testcase name="getSteps" time="0.102" classname="Executer.Execute"/>
  <testcase name="getSteps" time="0.189" classname="Executer.Execute"/>
  <testcase name="getSteps" time="0.083" classname="Executer.Execute"/>
  <testcase name="getSteps" time="0.097" classname="Executer.Execute"/>
  <testcase name="getSteps" time="0.095" classname="Executer.Execute"/>
  <testcase name="getSteps" time="0.093" classname="Executer.Execute"/>
  <testcase name="getSteps" time="0.077" classname="Executer.Execute"/>
  <testcase name="getSteps" time="0.084" classname="Executer.Execute"/>
  <testcase name="getSteps" time="0.082" classname="Executer.Execute"/>
  <testcase name="getSteps" time="0.095" classname="Executer.Execute"/>
  <testcase name="getSteps" time="0.08" classname="Executer.Execute"/>
  <testcase name="getSteps" time="0.089" classname="Executer.Execute"/>
  <testcase name="getSteps" time="0.078" classname="Executer.Execute"/>
  <testcase name="getSteps" time="0.076" classname="Executer.Execute"/>
  <testcase name="getSteps" time="0.088" classname="Executer.Execute"/>
  <testcase name="getSteps" time="0.091" classname="Executer.Execute"/>
  <testcase name="getSteps" time="0.078" classname="Executer.Execute"/>
  <testcase name="getSteps" time="0.076" classname="Executer.Execute"/>
  <testcase name="getSteps" time="0.103" classname="Executer.Execute"/>
  <testcase name="getSteps" time="0.09" classname="Executer.Execute"/>
  <testcase name="getSteps" time="0.097" classname="Executer.Execute"/>
  <testcase name="getSteps" time="0.371" classname="Executer.Execute"/>
  <testcase name="getSteps" time="0.241" classname="Executer.Execute"/>
  <testcase name="getSteps" time="0.1" classname="Executer.Execute"/>
  <testcase name="getSteps" time="0.093" classname="Executer.Execute"/>
  <testcase name="getSteps" time="0.099" classname="Executer.Execute"/>
  <testcase name="getSteps" time="0.085" classname="Executer.Execute"/>
  <testcase name="getSteps" time="0.077" classname="Executer.Execute"/>
  <testcase name="getSteps" time="0.109" classname="Executer.Execute"/>
  <testcase name="getSteps" time="0.117" classname="Executer.Execute"/>
  <testcase name="getSteps" time="0.079" classname="Executer.Execute"/>
  <testcase name="getSteps" time="0.078" classname="Executer.Execute"/>
  <testcase name="getSteps" time="0.075" classname="Executer.Execute"/>
  <testcase name="getSteps" time="0.073" classname="Executer.Execute"/>
  <testcase name="getSteps" time="0.077" classname="Executer.Execute"/>
  <testcase name="getSteps" time="0.076" classname="Executer.Execute"/>
  <testcase name="getSteps" time="0.072" classname="Executer.Execute"/>
  <testcase name="getSteps" time="0.079" classname="Executer.Execute"/>
  <testcase name="getSteps" time="0.073" classname="Executer.Execute"/>
  <testcase name="getSteps" time="0.073" classname="Executer.Execute"/>
  <testcase name="getSteps" time="0.074" classname="Executer.Execute"/>
  <testcase name="getSteps" time="0.073" classname="Executer.Execute"/>
  <testcase name="getSteps" time="0.074" classname="Executer.Execute"/>
  <testcase name="getSteps" time="0.075" classname="Executer.Execute"/>
  <testcase name="getSteps" time="0.074" classname="Executer.Execute"/>
  <testcase name="getSteps" time="0.074" classname="Executer.Execute"/>
  <testcase name="getSteps" time="0.073" classname="Executer.Execute"/>
  <testcase name="getSteps" time="0.078" classname="Executer.Execute"/>
  <testcase name="getSteps" time="0.077" classname="Executer.Execute"/>
  <testcase name="getSteps" time="0.105" classname="Executer.Execute"/>
  <testcase name="getSteps" time="0.075" classname="Executer.Execute"/>
  <testcase name="getSteps" time="0.074" classname="Executer.Execute"/>
  <testcase name="getSteps" time="0.109" classname="Executer.Execute"/>
  <testcase name="getSteps" time="0.09" classname="Executer.Execute"/>
  <testcase name="getSteps" time="0.074" classname="Executer.Execute"/>
  <testcase name="getSteps" time="0.074" classname="Executer.Execute"/>
  <testcase name="getSteps" time="0.073" classname="Executer.Execute"/>
  <testcase name="getSteps" time="0.08" classname="Executer.Execute"/>
  <testcase name="getSteps" time="0.081" classname="Executer.Execute"/>
  <testcase name="getSteps" time="0.075" classname="Executer.Execute"/>
  <testcase name="getSteps" time="0.082" classname="Executer.Execute"/>
  <testcase name="getSteps" time="0.083" classname="Executer.Execute"/>
  <testcase name="getSteps" time="0.073" classname="Executer.Execute"/>
  <testcase name="getSteps" time="0.088" classname="Executer.Execute"/>
  <testcase name="getSteps" time="0.075" classname="Executer.Execute"/>
  <testcase name="getSteps" time="0.085" classname="Executer.Execute"/>
  <testcase name="getSteps" time="0.076" classname="Executer.Execute"/>
  <testcase name="getSteps" time="0.073" classname="Executer.Execute"/>
  <testcase name="getSteps" time="0.09" classname="Executer.Execute"/>
  <testcase name="getSteps" time="0.074" classname="Executer.Execute"/>
  <testcase name="getSteps" time="0.075" classname="Executer.Execute"/>
  <testcase name="getSteps" time="0.076" classname="Executer.Execute"/>
  <testcase name="getSteps" time="0.079" classname="Executer.Execute"/>
  <testcase name="getSteps" time="0.083" classname="Executer.Execute"/>
  <testcase name="getSteps" time="0.117" classname="Executer.Execute"/>
  <testcase name="getSteps" time="0.086" classname="Executer.Execute"/>
  <testcase name="getSteps" time="0.085" classname="Executer.Execute"/>
  <testcase name="getSteps" time="0.084" classname="Executer.Execute"/>
  <testcase name="getSteps" time="0.081" classname="Executer.Execute"/>
  <testcase name="getSteps" time="0.079" classname="Executer.Execute"/>
  <testcase name="getSteps" time="0.095" classname="Executer.Execute"/>
  <testcase name="getSteps" time="0.202" classname="Executer.Execute"/>
  <testcase name="getSteps" time="0.097" classname="Executer.Execute"/>
  <testcase name="getSteps" time="0.089" classname="Executer.Execute"/>
  <testcase name="getSteps" time="0.078" classname="Executer.Execute"/>
  <testcase name="getSteps" time="0.075" classname="Executer.Execute"/>
  <testcase name="getSteps" time="0.08" classname="Executer.Execute"/>
  <testcase name="getSteps" time="0.098" classname="Executer.Execute"/>
  <testcase name="getSteps" time="0.075" classname="Executer.Execute"/>
  <testcase name="getSteps" time="0.119" classname="Executer.Execute"/>
  <testcase name="getSteps" time="0.186" classname="Executer.Execute"/>
  <testcase name="getSteps" time="0.08" classname="Executer.Execute"/>
  <testcase name="getSteps" time="0.177" classname="Executer.Execute"/>
  <testcase name="getSteps" time="0.127" classname="Executer.Execute"/>
  <testcase name="getSteps" time="0.094" classname="Executer.Execute"/>
  <testcase name="getSteps" time="0.099" classname="Executer.Execute"/>
  <testcase name="getSteps" time="0.128" classname="Executer.Execute"/>
  <testcase name="getSteps" time="0.133" classname="Executer.Execute"/>
  <testcase name="getSteps" time="0.129" classname="Executer.Execute"/>
  <testcase name="getSteps" time="0.088" classname="Executer.Execute"/>
  <testcase name="getSteps" time="0.099" classname="Executer.Execute"/>
  <testcase name="getSteps" time="0.093" classname="Executer.Execute"/>
  <testcase name="getSteps" time="0.098" classname="Executer.Execute"/>
  <testcase name="getSteps" time="0.112" classname="Executer.Execute"/>
  <testcase name="getSteps" time="0.192" classname="Executer.Execute"/>
  <testcase name="getSteps" time="0.087" classname="Executer.Execute"/>
  <testcase name="getSteps" time="0.08" classname="Executer.Execute"/>
  <testcase name="getSteps" time="0.08" classname="Executer.Execute"/>
  <testcase name="getSteps" time="0.078" classname="Executer.Execute"/>
  <testcase name="getSteps" time="0.075" classname="Executer.Execute"/>
  <testcase name="getSteps" time="0.078" classname="Executer.Execute"/>
  <testcase name="getSteps" time="0.091" classname="Executer.Execute"/>
  <testcase name="getSteps" time="0.085" classname="Executer.Execute"/>
  <testcase name="getSteps" time="0.101" classname="Executer.Execute"/>
  <testcase name="getSteps" time="0.075" classname="Executer.Execute"/>
  <testcase name="getSteps" time="0.087" classname="Executer.Execute"/>
  <testcase name="getSteps" time="0.073" classname="Executer.Execute"/>
  <testcase name="getSteps" time="0.074" classname="Executer.Execute"/>
  <testcase name="getSteps" time="0.075" classname="Executer.Execute"/>
  <testcase name="getSteps" time="0.073" classname="Executer.Execute"/>
  <testcase name="getSteps" time="0.076" classname="Executer.Execute"/>
  <testcase name="getSteps" time="0.074" classname="Executer.Execute"/>
  <testcase name="getSteps" time="0.081" classname="Executer.Execute"/>
  <testcase name="getSteps" time="0.073" classname="Executer.Execute"/>
  <testcase name="getSteps" time="0.075" classname="Executer.Execute"/>
  <testcase name="getSteps" time="0.074" classname="Executer.Execute"/>
  <testcase name="getSteps" time="0.074" classname="Executer.Execute"/>
  <testcase name="getSteps" time="0.075" classname="Executer.Execute"/>
  <testcase name="getSteps" time="0.073" classname="Executer.Execute"/>
  <testcase name="getSteps" time="0.077" classname="Executer.Execute"/>
  <testcase name="getSteps" time="0.076" classname="Executer.Execute"/>
  <testcase name="getSteps" time="0.088" classname="Executer.Execute"/>
  <testcase name="getSteps" time="0.074" classname="Executer.Execute"/>
  <testcase name="getSteps" time="0.073" classname="Executer.Execute"/>
  <testcase name="getSteps" time="0.073" classname="Executer.Execute"/>
  <testcase name="getSteps" time="0.077" classname="Executer.Execute"/>
  <testcase name="getSteps" time="0.075" classname="Executer.Execute"/>
  <testcase name="getSteps" time="0.074" classname="Executer.Execute"/>
  <testcase name="getSteps" time="0.076" classname="Executer.Execute"/>
  <testcase name="getSteps" time="0.076" classname="Executer.Execute"/>
  <testcase name="getSteps" time="0.073" classname="Executer.Execute"/>
  <testcase name="getSteps" time="0.073" classname="Executer.Execute"/>
  <testcase name="getSteps" time="0.074" classname="Executer.Execute"/>
  <testcase name="getSteps" time="0.072" classname="Executer.Execute"/>
  <testcase name="getSteps" time="0.083" classname="Executer.Execute"/>
  <testcase name="getSteps" time="0.079" classname="Executer.Execute"/>
  <testcase name="getSteps" time="0.086" classname="Executer.Execute"/>
  <testcase name="getSteps" time="0.08" classname="Executer.Execute"/>
  <testcase name="getSteps" time="0.076" classname="Executer.Execute"/>
  <testcase name="getSteps" time="0.077" classname="Executer.Execute"/>
  <testcase name="getSteps" time="0.088" classname="Executer.Execute"/>
  <testcase name="getSteps" time="0.17" classname="Executer.Execute"/>
  <testcase name="getSteps" time="0.135" classname="Executer.Execute"/>
  <testcase name="getSteps" time="0.164" classname="Executer.Execute"/>
  <testcase name="getSteps" time="0.13" classname="Executer.Execute"/>
  <testcase name="getSteps" time="0.097" classname="Executer.Execute"/>
  <testcase name="getSteps" time="0.1" classname="Executer.Execute"/>
  <testcase name="getSteps" time="0.091" classname="Executer.Execute"/>
  <testcase name="getSteps" time="0.161" classname="Executer.Execute"/>
  <testcase name="getSteps" time="0.147" classname="Executer.Execute"/>
  <testcase name="getSteps" time="0.113" classname="Executer.Execute"/>
  <testcase name="getSteps" time="0.077" classname="Executer.Execute"/>
  <testcase name="getSteps" time="0.104" classname="Executer.Execute"/>
  <testcase name="getSteps" time="0.079" classname="Executer.Execute"/>
  <testcase name="getSteps" time="0.086" classname="Executer.Execute"/>
  <testcase name="getSteps" time="0.086" classname="Executer.Execute"/>
  <testcase name="getSteps" time="0.085" classname="Executer.Execute"/>
  <testcase name="getSteps" time="0.084" classname="Executer.Execute"/>
  <testcase name="getSteps" time="0.08" classname="Executer.Execute"/>
  <testcase name="getSteps" time="0.077" classname="Executer.Execute"/>
  <testcase name="getSteps" time="0.077" classname="Executer.Execute"/>
  <testcase name="getSteps" time="0.092" classname="Executer.Execute"/>
  <testcase name="getSteps" time="0.079" classname="Executer.Execute"/>
  <testcase name="getSteps" time="0.082" classname="Executer.Execute"/>
  <testcase name="getSteps" time="0.09" classname="Executer.Execute"/>
  <testcase name="getSteps" time="0.08" classname="Executer.Execute"/>
  <testcase name="getSteps" time="0.073" classname="Executer.Execute"/>
  <testcase name="getSteps" time="0.078" classname="Executer.Execute"/>
  <testcase name="getSteps" time="0.111" classname="Executer.Execute"/>
  <testcase name="getSteps" time="0.076" classname="Executer.Execute"/>
  <testcase name="getSteps" time="0.077" classname="Executer.Execute"/>
  <testcase name="getSteps" time="0.096" classname="Executer.Execute"/>
  <testcase name="getSteps" time="0.073" classname="Executer.Execute"/>
  <testcase name="getSteps" time="0.073" classname="Executer.Execute"/>
  <testcase name="getSteps" time="0.075" classname="Executer.Execute"/>
  <testcase name="getSteps" time="0.074" classname="Executer.Execute"/>
  <testcase name="getSteps" time="0.075" classname="Executer.Execute"/>
  <testcase name="getSteps" time="0.075" classname="Executer.Execute"/>
  <testcase name="getSteps" time="0.072" classname="Executer.Execute"/>
  <testcase name="getSteps" time="0.077" classname="Executer.Execute"/>
  <testcase name="getSteps" time="0.072" classname="Executer.Execute"/>
  <testcase name="getSteps" time="0.087" classname="Executer.Execute"/>
  <testcase name="getSteps" time="0.103" classname="Executer.Execute"/>
  <testcase name="getSteps" time="0.075" classname="Executer.Execute"/>
  <testcase name="getSteps" time="0.098" classname="Executer.Execute"/>
  <testcase name="getSteps" time="0.157" classname="Executer.Execute"/>
  <testcase name="getSteps" time="0.123" classname="Executer.Execute"/>
  <testcase name="getSteps" time="0.11" classname="Executer.Execute"/>
  <testcase name="getSteps" time="0.13" classname="Executer.Execute"/>
</testsuite> <!-- Default test -->
