<?xml version="1.0" encoding="UTF-8"?>
<testng-results skipped="0" failed="0" ignored="0" total="1" passed="1">
  <reporter-output>
  </reporter-output>
  <suite name="Default suite" duration-ms="13744" started-at="2017-09-18T09:14:14Z" finished-at="2017-09-18T09:14:27Z">
    <groups>
    </groups>
    <test name="Default test" duration-ms="13744" started-at="2017-09-18T09:14:14Z" finished-at="2017-09-18T09:14:27Z">
      <class name="com.test.henniges.henniges.login.TC_001_VerifyLoginWithValidCredentials">
        <test-method status="PASS" signature="setup()[pri:0, instance:com.test.henniges.henniges.login.TC_001_VerifyLoginWithValidCredentials@6fa38a]" name="setup" is-config="true" duration-ms="7984" started-at="2017-09-18T14:44:14Z" finished-at="2017-09-18T14:44:22Z">
          <reporter-output>
          </reporter-output>
        </test-method> <!-- setup -->
        <test-method status="PASS" signature="verifyLoginWithInvalidCredentials()[pri:0, instance:com.test.henniges.henniges.login.TC_001_VerifyLoginWithValidCredentials@6fa38a]" name="verifyLoginWithInvalidCredentials" duration-ms="5703" started-at="2017-09-18T14:44:22Z" finished-at="2017-09-18T14:44:27Z">
          <reporter-output>
          </reporter-output>
        </test-method> <!-- verifyLoginWithInvalidCredentials -->
      </class> <!-- com.test.henniges.henniges.login.TC_001_VerifyLoginWithValidCredentials -->
    </test> <!-- Default test -->
  </suite> <!-- Default suite -->
</testng-results>
