<?xml version="1.0" encoding="UTF-8"?>
<!-- Generated by org.testng.reporters.JUnitXMLReporter -->
<testsuite hostname="SDF4110IPM096" ignored="1" name="Default test" tests="1" failures="0" timestamp="03 Apr 2019 06:36:03 GMT" time="23.493" errors="0">
  <testcase name="FetchAllDataFromDropdown" time="16.984" classname="selenium.VerifyElementPresent"/>
  <testcase name="VerifyElementonLoginPage" time="0.0" classname="selenium.VerifyElementPresent">
    <ignored/>
  </testcase> <!-- VerifyElementonLoginPage -->
</testsuite> <!-- Default test -->
