<?xml version="1.0" encoding="UTF-8"?>
<!-- Generated by org.testng.reporters.JUnitReportReporter -->
<testsuite skipped="0" hostname="SDF4110IPM096" name="Executer.Execute" tests="897" failures="0" timestamp="14 May 2018 07:01:53 GMT" time="417.803" errors="16">
  <testcase name="getSteps" time="0.114" classname="Executer.Execute"/>
  <testcase name="getSteps" time="0.072" classname="Executer.Execute"/>
  <testcase name="getSteps" time="0.072" classname="Executer.Execute"/>
  <testcase name="getSteps" time="0.086" classname="Executer.Execute"/>
  <testcase name="getSteps" time="0.079" classname="Executer.Execute"/>
  <testcase name="getSteps" time="0.089" classname="Executer.Execute"/>
  <testcase name="getSteps" time="0.069" classname="Executer.Execute"/>
  <testcase name="getSteps" time="0.073" classname="Executer.Execute"/>
  <testcase name="getSteps" time="0.573" classname="Executer.Execute"/>
  <testcase name="getSteps" time="0.074" classname="Executer.Execute"/>
  <testcase name="getSteps" time="0.070" classname="Executer.Execute"/>
  <testcase name="getSteps" time="0.101" classname="Executer.Execute"/>
  <testcase name="getSteps" time="0.075" classname="Executer.Execute"/>
  <testcase name="getSteps" time="0.076" classname="Executer.Execute"/>
  <testcase name="getSteps" time="0.079" classname="Executer.Execute"/>
  <testcase name="getSteps" time="0.070" classname="Executer.Execute"/>
  <testcase name="getSteps" time="0.087" classname="Executer.Execute"/>
  <testcase name="getSteps" time="0.088" classname="Executer.Execute"/>
  <testcase name="getSteps" time="0.071" classname="Executer.Execute"/>
  <testcase name="getSteps" time="0.073" classname="Executer.Execute"/>
  <testcase name="getSteps" time="0.071" classname="Executer.Execute"/>
  <testcase name="getSteps" time="0.070" classname="Executer.Execute"/>
  <testcase name="getSteps" time="0.072" classname="Executer.Execute"/>
  <testcase name="getSteps" time="0.070" classname="Executer.Execute"/>
  <testcase name="getSteps" time="0.077" classname="Executer.Execute"/>
  <testcase name="getSteps" time="0.072" classname="Executer.Execute"/>
  <testcase name="getSteps" time="0.089" classname="Executer.Execute"/>
  <testcase name="getSteps" time="0.072" classname="Executer.Execute"/>
  <testcase name="getSteps" time="0.073" classname="Executer.Execute"/>
  <testcase name="getSteps" time="1.816" classname="Executer.Execute"/>
  <testcase name="getSteps" time="0.076" classname="Executer.Execute"/>
  <testcase name="getSteps" time="0.070" classname="Executer.Execute"/>
  <testcase name="getSteps" time="0.075" classname="Executer.Execute"/>
  <testcase name="getSteps" time="0.073" classname="Executer.Execute"/>
  <testcase name="getSteps" time="0.092" classname="Executer.Execute"/>
  <testcase name="getSteps" time="0.070" classname="Executer.Execute"/>
  <testcase name="getSteps" time="0.071" classname="Executer.Execute"/>
  <testcase name="getSteps" time="0.071" classname="Executer.Execute"/>
  <testcase name="getSteps" time="0.075" classname="Executer.Execute"/>
  <testcase name="getSteps" time="0.078" classname="Executer.Execute"/>
  <testcase name="getSteps" time="0.079" classname="Executer.Execute"/>
  <testcase name="getSteps" time="0.080" classname="Executer.Execute"/>
  <testcase name="getSteps" time="0.078" classname="Executer.Execute"/>
  <testcase name="getSteps" time="1.838" classname="Executer.Execute"/>
  <testcase name="getSteps" time="0.167" classname="Executer.Execute"/>
  <testcase name="getSteps" time="1.817" classname="Executer.Execute"/>
  <testcase name="getSteps" time="0.077" classname="Executer.Execute"/>
  <testcase name="getSteps" time="0.072" classname="Executer.Execute"/>
  <testcase name="getSteps" time="0.070" classname="Executer.Execute"/>
  <testcase name="getSteps" time="0.772" classname="Executer.Execute"/>
  <testcase name="getSteps" time="0.087" classname="Executer.Execute"/>
  <testcase name="getSteps" time="0.450" classname="Executer.Execute">
    <error type="com.microsoft.sqlserver.jdbc.SQLServerException" message="Login failed for user &#039;sa&#039;. ClientConnectionId:224d5115-23ee-456d-a6e6-f783ec5180bb">
      <![CDATA[com.microsoft.sqlserver.jdbc.SQLServerException: Login failed for user 'sa'. ClientConnectionId:224d5115-23ee-456d-a6e6-f783ec5180bb
at com.microsoft.sqlserver.jdbc.SQLServerException.makeFromDatabaseError(SQLServerException.java:232)
at com.microsoft.sqlserver.jdbc.TDSTokenHandler.onEOF(tdsparser.java:291)
at com.microsoft.sqlserver.jdbc.TDSParser.parse(tdsparser.java:111)
at com.microsoft.sqlserver.jdbc.SQLServerConnection.sendLogon(SQLServerConnection.java:4376)
at com.microsoft.sqlserver.jdbc.SQLServerConnection.logon(SQLServerConnection.java:3188)
at com.microsoft.sqlserver.jdbc.SQLServerConnection.access$100(SQLServerConnection.java:61)
at com.microsoft.sqlserver.jdbc.SQLServerConnection$LogonCommand.doExecute(SQLServerConnection.java:3151)
at com.microsoft.sqlserver.jdbc.TDSCommand.execute(IOBuffer.java:7535)
at com.microsoft.sqlserver.jdbc.SQLServerConnection.executeCommand(SQLServerConnection.java:2438)
at com.microsoft.sqlserver.jdbc.SQLServerConnection.connectHelper(SQLServerConnection.java:1973)
at com.microsoft.sqlserver.jdbc.SQLServerConnection.login(SQLServerConnection.java:1616)
at com.microsoft.sqlserver.jdbc.SQLServerConnection.connectInternal(SQLServerConnection.java:1447)
at com.microsoft.sqlserver.jdbc.SQLServerConnection.connect(SQLServerConnection.java:788)
at com.microsoft.sqlserver.jdbc.SQLServerDriver.connect(SQLServerDriver.java:1187)
at java.sql.DriverManager.getConnection(DriverManager.java:664)
at java.sql.DriverManager.getConnection(DriverManager.java:247)
at Keywords.DBConnection.ConnectionToDB(DBConnection.java:25)
at Executer.ExecuteKeywords.ExecuteTheKeywords(ExecuteKeywords.java:142)
at Executer.Execute.getSteps(Execute.java:26)
at sun.reflect.GeneratedMethodAccessor2.invoke(Unknown Source)
at sun.reflect.DelegatingMethodAccessorImpl.invoke(DelegatingMethodAccessorImpl.java:43)
at java.lang.reflect.Method.invoke(Method.java:498)
at org.testng.internal.MethodInvocationHelper.invokeMethod(MethodInvocationHelper.java:124)
at org.testng.internal.Invoker.invokeMethod(Invoker.java:580)
at org.testng.internal.Invoker.invokeTestMethod(Invoker.java:716)
at org.testng.internal.Invoker.invokeTestMethods(Invoker.java:988)
at org.testng.internal.TestMethodWorker.invokeTestMethods(TestMethodWorker.java:125)
at org.testng.internal.TestMethodWorker.run(TestMethodWorker.java:109)
at org.testng.TestRunner.privateRun(TestRunner.java:648)
at org.testng.TestRunner.run(TestRunner.java:505)
at org.testng.SuiteRunner.runTest(SuiteRunner.java:455)
at org.testng.SuiteRunner.runSequentially(SuiteRunner.java:450)
at org.testng.SuiteRunner.privateRun(SuiteRunner.java:415)
at org.testng.SuiteRunner.run(SuiteRunner.java:364)
at org.testng.SuiteRunnerWorker.runSuite(SuiteRunnerWorker.java:52)
at org.testng.SuiteRunnerWorker.run(SuiteRunnerWorker.java:84)
at org.testng.TestNG.runSuitesSequentially(TestNG.java:1208)
at org.testng.TestNG.runSuitesLocally(TestNG.java:1137)
at org.testng.TestNG.runSuites(TestNG.java:1049)
at org.testng.TestNG.run(TestNG.java:1017)
at org.testng.remote.AbstractRemoteTestNG.run(AbstractRemoteTestNG.java:114)
at org.testng.remote.RemoteTestNG.initAndRun(RemoteTestNG.java:251)
at org.testng.remote.RemoteTestNG.main(RemoteTestNG.java:77)
]]>
    </error>
  </testcase> <!-- getSteps -->
  <testcase name="getSteps" time="0.072" classname="Executer.Execute"/>
  <testcase name="getSteps" time="0.076" classname="Executer.Execute"/>
  <testcase name="getSteps" time="0.095" classname="Executer.Execute"/>
  <testcase name="getSteps" time="0.077" classname="Executer.Execute"/>
  <testcase name="getSteps" time="0.088" classname="Executer.Execute"/>
  <testcase name="getSteps" time="0.073" classname="Executer.Execute"/>
  <testcase name="getSteps" time="0.071" classname="Executer.Execute"/>
  <testcase name="getSteps" time="0.070" classname="Executer.Execute"/>
  <testcase name="getSteps" time="0.071" classname="Executer.Execute"/>
  <testcase name="getSteps" time="0.070" classname="Executer.Execute"/>
  <testcase name="getSteps" time="0.070" classname="Executer.Execute"/>
  <testcase name="getSteps" time="0.098" classname="Executer.Execute"/>
  <testcase name="getSteps" time="0.072" classname="Executer.Execute"/>
  <testcase name="getSteps" time="0.073" classname="Executer.Execute"/>
  <testcase name="getSteps" time="0.071" classname="Executer.Execute"/>
  <testcase name="getSteps" time="0.081" classname="Executer.Execute"/>
  <testcase name="getSteps" time="0.073" classname="Executer.Execute"/>
  <testcase name="getSteps" time="0.073" classname="Executer.Execute"/>
  <testcase name="getSteps" time="0.099" classname="Executer.Execute"/>
  <testcase name="getSteps" time="0.073" classname="Executer.Execute"/>
  <testcase name="getSteps" time="0.073" classname="Executer.Execute"/>
  <testcase name="getSteps" time="0.074" classname="Executer.Execute"/>
  <testcase name="getSteps" time="0.071" classname="Executer.Execute"/>
  <testcase name="getSteps" time="2.563" classname="Executer.Execute"/>
  <testcase name="getSteps" time="0.071" classname="Executer.Execute"/>
  <testcase name="getSteps" time="0.106" classname="Executer.Execute"/>
  <testcase name="getSteps" time="0.075" classname="Executer.Execute"/>
  <testcase name="getSteps" time="0.071" classname="Executer.Execute"/>
  <testcase name="getSteps" time="0.070" classname="Executer.Execute"/>
  <testcase name="getSteps" time="0.105" classname="Executer.Execute"/>
  <testcase name="getSteps" time="0.070" classname="Executer.Execute"/>
  <testcase name="getSteps" time="0.070" classname="Executer.Execute"/>
  <testcase name="getSteps" time="0.072" classname="Executer.Execute"/>
  <testcase name="getSteps" time="0.073" classname="Executer.Execute"/>
  <testcase name="getSteps" time="0.069" classname="Executer.Execute"/>
  <testcase name="getSteps" time="0.070" classname="Executer.Execute"/>
  <testcase name="getSteps" time="0.071" classname="Executer.Execute"/>
  <testcase name="getSteps" time="0.071" classname="Executer.Execute"/>
  <testcase name="getSteps" time="0.070" classname="Executer.Execute"/>
  <testcase name="getSteps" time="0.074" classname="Executer.Execute"/>
  <testcase name="getSteps" time="0.070" classname="Executer.Execute"/>
  <testcase name="getSteps" time="0.070" classname="Executer.Execute"/>
  <testcase name="getSteps" time="0.072" classname="Executer.Execute"/>
  <testcase name="getSteps" time="3.500" classname="Executer.Execute"/>
  <testcase name="getSteps" time="2.609" classname="Executer.Execute"/>
  <testcase name="getSteps" time="0.071" classname="Executer.Execute"/>
  <testcase name="getSteps" time="0.927" classname="Executer.Execute"/>
  <testcase name="getSteps" time="0.076" classname="Executer.Execute"/>
  <testcase name="getSteps" time="0.787" classname="Executer.Execute"/>
  <testcase name="getSteps" time="1.516" classname="Executer.Execute"/>
  <testcase name="getSteps" time="0.070" classname="Executer.Execute"/>
  <testcase name="getSteps" time="0.071" classname="Executer.Execute"/>
  <testcase name="getSteps" time="0.076" classname="Executer.Execute"/>
  <testcase name="getSteps" time="0.069" classname="Executer.Execute"/>
  <testcase name="getSteps" time="0.071" classname="Executer.Execute"/>
  <testcase name="getSteps" time="0.069" classname="Executer.Execute"/>
  <testcase name="getSteps" time="0.077" classname="Executer.Execute"/>
  <testcase name="getSteps" time="10.543" classname="Executer.Execute">
    <error type="org.openqa.selenium.NoSuchElementException" message="no such element: Unable to locate element: {&quot;method&quot;:&quot;xpath&quot;,&quot;selector&quot;:&quot;.//*[@id=&#039;btnSubmit&#039;]&quot;}
  (Session info: chrome=66.0.3359.139)
  (Driver info: chromedriver=2.36.540470 (e522d04694c7ebea4ba8821272dbef4f9b818c91),platform=Windows NT 6.1.7601 SP1 x86_64) (WARNING: The server did not provide any stacktrace information)
Command duration or timeout: 10.07 seconds
For documentation on this error, please visit: http://seleniumhq.org/exceptions/no_such_element.html
Build info: version: &#039;2.48.2&#039;, revision: &#039;41bccdd10cf2c0560f637404c2d96164b67d9d67&#039;, time: &#039;2015-10-09 13:08:06&#039;
System info: host: &#039;SDF4110IPM096&#039;, ip: &#039;10.254.19.60&#039;, os.name: &#039;Windows 7&#039;, os.arch: &#039;amd64&#039;, os.version: &#039;6.1&#039;, java.version: &#039;1.8.0_171&#039;
Driver info: org.openqa.selenium.chrome.ChromeDriver
Capabilities [{applicationCacheEnabled=false, rotatable=false, mobileEmulationEnabled=false, networkConnectionEnabled=false, chrome={chromedriverVersion=2.36.540470 (e522d04694c7ebea4ba8821272dbef4f9b818c91), userDataDir=C:\Users\JAIN~1.ANU\AppData\Local\Temp\scoped_dir2684_27627}, takesHeapSnapshot=true, pageLoadStrategy=normal, databaseEnabled=false, handlesAlerts=true, hasTouchScreen=false, version=66.0.3359.139, platform=XP, browserConnectionEnabled=false, nativeEvents=true, acceptSslCerts=false, acceptInsecureCerts=false, locationContextEnabled=true, webStorageEnabled=true, browserName=chrome, takesScreenshot=true, javascriptEnabled=true, cssSelectorsEnabled=true, setWindowRect=true, unexpectedAlertBehaviour=}]
Session ID: 2a403a1df2e40b1638af2e2db7b2b704
*** Element info: {Using=xpath, value=.//*[@id=&#039;btnSubmit&#039;]}">
      <![CDATA[org.openqa.selenium.NoSuchElementException: no such element: Unable to locate element: {"method":"xpath","selector":".//*[@id='btnSubmit']"}
  (Session info: chrome=66.0.3359.139)
  (Driver info: chromedriver=2.36.540470 (e522d04694c7ebea4ba8821272dbef4f9b818c91),platform=Windows NT 6.1.7601 SP1 x86_64) (WARNING: The server did not provide any stacktrace information)
Command duration or timeout: 10.07 seconds
For documentation on this error, please visit: http://seleniumhq.org/exceptions/no_such_element.html
Build info: version: '2.48.2', revision: '41bccdd10cf2c0560f637404c2d96164b67d9d67', time: '2015-10-09 13:08:06'
System info: host: 'SDF4110IPM096', ip: '10.254.19.60', os.name: 'Windows 7', os.arch: 'amd64', os.version: '6.1', java.version: '1.8.0_171'
Driver info: org.openqa.selenium.chrome.ChromeDriver
Capabilities [{applicationCacheEnabled=false, rotatable=false, mobileEmulationEnabled=false, networkConnectionEnabled=false, chrome={chromedriverVersion=2.36.540470 (e522d04694c7ebea4ba8821272dbef4f9b818c91), userDataDir=C:\Users\JAIN~1.ANU\AppData\Local\Temp\scoped_dir2684_27627}, takesHeapSnapshot=true, pageLoadStrategy=normal, databaseEnabled=false, handlesAlerts=true, hasTouchScreen=false, version=66.0.3359.139, platform=XP, browserConnectionEnabled=false, nativeEvents=true, acceptSslCerts=false, acceptInsecureCerts=false, locationContextEnabled=true, webStorageEnabled=true, browserName=chrome, takesScreenshot=true, javascriptEnabled=true, cssSelectorsEnabled=true, setWindowRect=true, unexpectedAlertBehaviour=}]
Session ID: 2a403a1df2e40b1638af2e2db7b2b704
*** Element info: {Using=xpath, value=.//*[@id='btnSubmit']}
at sun.reflect.NativeConstructorAccessorImpl.newInstance0(Native Method)
at sun.reflect.NativeConstructorAccessorImpl.newInstance(NativeConstructorAccessorImpl.java:62)
at sun.reflect.DelegatingConstructorAccessorImpl.newInstance(DelegatingConstructorAccessorImpl.java:45)
at java.lang.reflect.Constructor.newInstance(Constructor.java:423)
at org.openqa.selenium.remote.ErrorHandler.createThrowable(ErrorHandler.java:206)
at org.openqa.selenium.remote.ErrorHandler.throwIfResponseFailed(ErrorHandler.java:158)
at org.openqa.selenium.remote.RemoteWebDriver.execute(RemoteWebDriver.java:647)
at org.openqa.selenium.remote.RemoteWebDriver.findElement(RemoteWebDriver.java:353)
at org.openqa.selenium.remote.RemoteWebDriver.findElementByXPath(RemoteWebDriver.java:490)
at org.openqa.selenium.By$ByXPath.findElement(By.java:361)
at org.openqa.selenium.remote.RemoteWebDriver.findElement(RemoteWebDriver.java:345)
at Keywords.click.clickTheButton(click.java:14)
at Executer.ExecuteKeywords.ExecuteTheKeywords(ExecuteKeywords.java:66)
at Executer.Execute.getSteps(Execute.java:26)
at sun.reflect.GeneratedMethodAccessor2.invoke(Unknown Source)
at sun.reflect.DelegatingMethodAccessorImpl.invoke(DelegatingMethodAccessorImpl.java:43)
at java.lang.reflect.Method.invoke(Method.java:498)
at org.testng.internal.MethodInvocationHelper.invokeMethod(MethodInvocationHelper.java:124)
at org.testng.internal.Invoker.invokeMethod(Invoker.java:580)
at org.testng.internal.Invoker.invokeTestMethod(Invoker.java:716)
at org.testng.internal.Invoker.invokeTestMethods(Invoker.java:988)
at org.testng.internal.TestMethodWorker.invokeTestMethods(TestMethodWorker.java:125)
at org.testng.internal.TestMethodWorker.run(TestMethodWorker.java:109)
at org.testng.TestRunner.privateRun(TestRunner.java:648)
at org.testng.TestRunner.run(TestRunner.java:505)
at org.testng.SuiteRunner.runTest(SuiteRunner.java:455)
at org.testng.SuiteRunner.runSequentially(SuiteRunner.java:450)
at org.testng.SuiteRunner.privateRun(SuiteRunner.java:415)
at org.testng.SuiteRunner.run(SuiteRunner.java:364)
at org.testng.SuiteRunnerWorker.runSuite(SuiteRunnerWorker.java:52)
at org.testng.SuiteRunnerWorker.run(SuiteRunnerWorker.java:84)
at org.testng.TestNG.runSuitesSequentially(TestNG.java:1208)
at org.testng.TestNG.runSuitesLocally(TestNG.java:1137)
at org.testng.TestNG.runSuites(TestNG.java:1049)
at org.testng.TestNG.run(TestNG.java:1017)
at org.testng.remote.AbstractRemoteTestNG.run(AbstractRemoteTestNG.java:114)
at org.testng.remote.RemoteTestNG.initAndRun(RemoteTestNG.java:251)
at org.testng.remote.RemoteTestNG.main(RemoteTestNG.java:77)
]]>
    </error>
  </testcase> <!-- getSteps -->
  <testcase name="getSteps" time="0.129" classname="Executer.Execute"/>
  <testcase name="getSteps" time="0.071" classname="Executer.Execute"/>
  <testcase name="getSteps" time="0.071" classname="Executer.Execute"/>
  <testcase name="getSteps" time="0.071" classname="Executer.Execute"/>
  <testcase name="getSteps" time="0.072" classname="Executer.Execute"/>
  <testcase name="getSteps" time="0.073" classname="Executer.Execute"/>
  <testcase name="getSteps" time="0.100" classname="Executer.Execute"/>
  <testcase name="getSteps" time="0.073" classname="Executer.Execute"/>
  <testcase name="getSteps" time="0.085" classname="Executer.Execute"/>
  <testcase name="getSteps" time="0.070" classname="Executer.Execute"/>
  <testcase name="getSteps" time="0.088" classname="Executer.Execute"/>
  <testcase name="getSteps" time="0.664" classname="Executer.Execute"/>
  <testcase name="getSteps" time="0.798" classname="Executer.Execute"/>
  <testcase name="getSteps" time="0.070" classname="Executer.Execute"/>
  <testcase name="getSteps" time="0.078" classname="Executer.Execute"/>
  <testcase name="getSteps" time="0.072" classname="Executer.Execute"/>
  <testcase name="getSteps" time="0.070" classname="Executer.Execute"/>
  <testcase name="getSteps" time="0.074" classname="Executer.Execute"/>
  <testcase name="getSteps" time="0.863" classname="Executer.Execute">
    <error type="com.microsoft.sqlserver.jdbc.SQLServerException" message="Login failed for user &#039;sa&#039;. ClientConnectionId:7bcf31b1-10b9-4a24-8fe8-57f7af9ec2e3">
      <![CDATA[com.microsoft.sqlserver.jdbc.SQLServerException: Login failed for user 'sa'. ClientConnectionId:7bcf31b1-10b9-4a24-8fe8-57f7af9ec2e3
at com.microsoft.sqlserver.jdbc.SQLServerException.makeFromDatabaseError(SQLServerException.java:232)
at com.microsoft.sqlserver.jdbc.TDSTokenHandler.onEOF(tdsparser.java:291)
at com.microsoft.sqlserver.jdbc.TDSParser.parse(tdsparser.java:111)
at com.microsoft.sqlserver.jdbc.SQLServerConnection.sendLogon(SQLServerConnection.java:4376)
at com.microsoft.sqlserver.jdbc.SQLServerConnection.logon(SQLServerConnection.java:3188)
at com.microsoft.sqlserver.jdbc.SQLServerConnection.access$100(SQLServerConnection.java:61)
at com.microsoft.sqlserver.jdbc.SQLServerConnection$LogonCommand.doExecute(SQLServerConnection.java:3151)
at com.microsoft.sqlserver.jdbc.TDSCommand.execute(IOBuffer.java:7535)
at com.microsoft.sqlserver.jdbc.SQLServerConnection.executeCommand(SQLServerConnection.java:2438)
at com.microsoft.sqlserver.jdbc.SQLServerConnection.connectHelper(SQLServerConnection.java:1973)
at com.microsoft.sqlserver.jdbc.SQLServerConnection.login(SQLServerConnection.java:1616)
at com.microsoft.sqlserver.jdbc.SQLServerConnection.connectInternal(SQLServerConnection.java:1447)
at com.microsoft.sqlserver.jdbc.SQLServerConnection.connect(SQLServerConnection.java:788)
at com.microsoft.sqlserver.jdbc.SQLServerDriver.connect(SQLServerDriver.java:1187)
at java.sql.DriverManager.getConnection(DriverManager.java:664)
at java.sql.DriverManager.getConnection(DriverManager.java:247)
at Keywords.DBConnection.ConnectionToDB(DBConnection.java:25)
at Executer.ExecuteKeywords.ExecuteTheKeywords(ExecuteKeywords.java:142)
at Executer.Execute.getSteps(Execute.java:26)
at sun.reflect.GeneratedMethodAccessor2.invoke(Unknown Source)
at sun.reflect.DelegatingMethodAccessorImpl.invoke(DelegatingMethodAccessorImpl.java:43)
at java.lang.reflect.Method.invoke(Method.java:498)
at org.testng.internal.MethodInvocationHelper.invokeMethod(MethodInvocationHelper.java:124)
at org.testng.internal.Invoker.invokeMethod(Invoker.java:580)
at org.testng.internal.Invoker.invokeTestMethod(Invoker.java:716)
at org.testng.internal.Invoker.invokeTestMethods(Invoker.java:988)
at org.testng.internal.TestMethodWorker.invokeTestMethods(TestMethodWorker.java:125)
at org.testng.internal.TestMethodWorker.run(TestMethodWorker.java:109)
at org.testng.TestRunner.privateRun(TestRunner.java:648)
at org.testng.TestRunner.run(TestRunner.java:505)
at org.testng.SuiteRunner.runTest(SuiteRunner.java:455)
at org.testng.SuiteRunner.runSequentially(SuiteRunner.java:450)
at org.testng.SuiteRunner.privateRun(SuiteRunner.java:415)
at org.testng.SuiteRunner.run(SuiteRunner.java:364)
at org.testng.SuiteRunnerWorker.runSuite(SuiteRunnerWorker.java:52)
at org.testng.SuiteRunnerWorker.run(SuiteRunnerWorker.java:84)
at org.testng.TestNG.runSuitesSequentially(TestNG.java:1208)
at org.testng.TestNG.runSuitesLocally(TestNG.java:1137)
at org.testng.TestNG.runSuites(TestNG.java:1049)
at org.testng.TestNG.run(TestNG.java:1017)
at org.testng.remote.AbstractRemoteTestNG.run(AbstractRemoteTestNG.java:114)
at org.testng.remote.RemoteTestNG.initAndRun(RemoteTestNG.java:251)
at org.testng.remote.RemoteTestNG.main(RemoteTestNG.java:77)
]]>
    </error>
  </testcase> <!-- getSteps -->
  <testcase name="getSteps" time="0.087" classname="Executer.Execute"/>
  <testcase name="getSteps" time="0.081" classname="Executer.Execute"/>
  <testcase name="getSteps" time="0.080" classname="Executer.Execute"/>
  <testcase name="getSteps" time="0.071" classname="Executer.Execute"/>
  <testcase name="getSteps" time="0.078" classname="Executer.Execute"/>
  <testcase name="getSteps" time="0.075" classname="Executer.Execute"/>
  <testcase name="getSteps" time="0.077" classname="Executer.Execute"/>
  <testcase name="getSteps" time="0.901" classname="Executer.Execute"/>
  <testcase name="getSteps" time="0.074" classname="Executer.Execute"/>
  <testcase name="getSteps" time="0.078" classname="Executer.Execute"/>
  <testcase name="getSteps" time="0.070" classname="Executer.Execute"/>
  <testcase name="getSteps" time="0.073" classname="Executer.Execute"/>
  <testcase name="getSteps" time="0.071" classname="Executer.Execute"/>
  <testcase name="getSteps" time="0.604" classname="Executer.Execute"/>
  <testcase name="getSteps" time="0.071" classname="Executer.Execute"/>
  <testcase name="getSteps" time="1.698" classname="Executer.Execute"/>
  <testcase name="getSteps" time="0.075" classname="Executer.Execute"/>
  <testcase name="getSteps" time="0.075" classname="Executer.Execute"/>
  <testcase name="getSteps" time="0.070" classname="Executer.Execute"/>
  <testcase name="getSteps" time="0.071" classname="Executer.Execute"/>
  <testcase name="getSteps" time="0.070" classname="Executer.Execute"/>
  <testcase name="getSteps" time="0.074" classname="Executer.Execute"/>
  <testcase name="getSteps" time="0.069" classname="Executer.Execute"/>
  <testcase name="getSteps" time="0.076" classname="Executer.Execute"/>
  <testcase name="getSteps" time="0.079" classname="Executer.Execute"/>
  <testcase name="getSteps" time="0.078" classname="Executer.Execute"/>
  <testcase name="getSteps" time="0.071" classname="Executer.Execute"/>
  <testcase name="getSteps" time="0.080" classname="Executer.Execute"/>
  <testcase name="getSteps" time="0.075" classname="Executer.Execute"/>
  <testcase name="getSteps" time="0.073" classname="Executer.Execute"/>
  <testcase name="getSteps" time="0.078" classname="Executer.Execute"/>
  <testcase name="getSteps" time="0.091" classname="Executer.Execute"/>
  <testcase name="getSteps" time="0.070" classname="Executer.Execute"/>
  <testcase name="getSteps" time="0.070" classname="Executer.Execute"/>
  <testcase name="getSteps" time="0.102" classname="Executer.Execute"/>
  <testcase name="getSteps" time="0.071" classname="Executer.Execute"/>
  <testcase name="getSteps" time="0.072" classname="Executer.Execute"/>
  <testcase name="getSteps" time="0.082" classname="Executer.Execute"/>
  <testcase name="getSteps" time="0.071" classname="Executer.Execute"/>
  <testcase name="getSteps" time="0.088" classname="Executer.Execute"/>
  <testcase name="getSteps" time="0.070" classname="Executer.Execute"/>
  <testcase name="getSteps" time="0.070" classname="Executer.Execute"/>
  <testcase name="getSteps" time="0.075" classname="Executer.Execute"/>
  <testcase name="getSteps" time="0.088" classname="Executer.Execute"/>
  <testcase name="getSteps" time="0.082" classname="Executer.Execute"/>
  <testcase name="getSteps" time="0.073" classname="Executer.Execute"/>
  <testcase name="getSteps" time="0.070" classname="Executer.Execute"/>
  <testcase name="getSteps" time="0.071" classname="Executer.Execute"/>
  <testcase name="getSteps" time="0.071" classname="Executer.Execute"/>
  <testcase name="getSteps" time="0.071" classname="Executer.Execute"/>
  <testcase name="getSteps" time="0.132" classname="Executer.Execute"/>
  <testcase name="getSteps" time="0.102" classname="Executer.Execute"/>
  <testcase name="getSteps" time="0.073" classname="Executer.Execute"/>
  <testcase name="getSteps" time="0.070" classname="Executer.Execute"/>
  <testcase name="getSteps" time="0.079" classname="Executer.Execute"/>
  <testcase name="getSteps" time="0.071" classname="Executer.Execute"/>
  <testcase name="getSteps" time="0.071" classname="Executer.Execute"/>
  <testcase name="getSteps" time="0.127" classname="Executer.Execute"/>
  <testcase name="getSteps" time="0.070" classname="Executer.Execute"/>
  <testcase name="getSteps" time="0.076" classname="Executer.Execute"/>
  <testcase name="getSteps" time="0.070" classname="Executer.Execute"/>
  <testcase name="getSteps" time="0.070" classname="Executer.Execute"/>
  <testcase name="getSteps" time="0.073" classname="Executer.Execute"/>
  <testcase name="getSteps" time="0.072" classname="Executer.Execute"/>
  <testcase name="getSteps" time="0.082" classname="Executer.Execute"/>
  <testcase name="getSteps" time="0.114" classname="Executer.Execute"/>
  <testcase name="getSteps" time="0.077" classname="Executer.Execute"/>
  <testcase name="getSteps" time="0.084" classname="Executer.Execute"/>
  <testcase name="getSteps" time="0.766" classname="Executer.Execute"/>
  <testcase name="getSteps" time="0.073" classname="Executer.Execute"/>
  <testcase name="getSteps" time="0.090" classname="Executer.Execute"/>
  <testcase name="getSteps" time="0.075" classname="Executer.Execute"/>
  <testcase name="getSteps" time="6.484" classname="Executer.Execute"/>
  <testcase name="getSteps" time="0.089" classname="Executer.Execute"/>
  <testcase name="getSteps" time="0.086" classname="Executer.Execute"/>
  <testcase name="getSteps" time="0.072" classname="Executer.Execute"/>
  <testcase name="getSteps" time="0.072" classname="Executer.Execute"/>
  <testcase name="getSteps" time="0.093" classname="Executer.Execute"/>
  <testcase name="getSteps" time="3.479" classname="Executer.Execute"/>
  <testcase name="getSteps" time="0.071" classname="Executer.Execute"/>
  <testcase name="getSteps" time="0.075" classname="Executer.Execute"/>
  <testcase name="getSteps" time="0.100" classname="Executer.Execute"/>
  <testcase name="getSteps" time="0.081" classname="Executer.Execute"/>
  <testcase name="getSteps" time="0.089" classname="Executer.Execute"/>
  <testcase name="getSteps" time="0.068" classname="Executer.Execute"/>
  <testcase name="getSteps" time="3.623" classname="Executer.Execute"/>
  <testcase name="getSteps" time="0.070" classname="Executer.Execute"/>
  <testcase name="getSteps" time="0.151" classname="Executer.Execute"/>
  <testcase name="getSteps" time="0.077" classname="Executer.Execute"/>
  <testcase name="getSteps" time="0.132" classname="Executer.Execute"/>
  <testcase name="getSteps" time="0.123" classname="Executer.Execute"/>
  <testcase name="getSteps" time="0.074" classname="Executer.Execute"/>
  <testcase name="getSteps" time="1.603" classname="Executer.Execute"/>
  <testcase name="getSteps" time="0.071" classname="Executer.Execute"/>
  <testcase name="getSteps" time="0.071" classname="Executer.Execute"/>
  <testcase name="getSteps" time="0.071" classname="Executer.Execute"/>
  <testcase name="getSteps" time="0.071" classname="Executer.Execute"/>
  <testcase name="getSteps" time="0.073" classname="Executer.Execute"/>
  <testcase name="getSteps" time="0.071" classname="Executer.Execute"/>
  <testcase name="getSteps" time="0.073" classname="Executer.Execute"/>
  <testcase name="getSteps" time="0.071" classname="Executer.Execute"/>
  <testcase name="getSteps" time="0.071" classname="Executer.Execute"/>
  <testcase name="getSteps" time="0.070" classname="Executer.Execute"/>
  <testcase name="getSteps" time="0.076" classname="Executer.Execute"/>
  <testcase name="getSteps" time="0.072" classname="Executer.Execute"/>
  <testcase name="getSteps" time="0.073" classname="Executer.Execute"/>
  <testcase name="getSteps" time="0.181" classname="Executer.Execute"/>
  <testcase name="getSteps" time="0.084" classname="Executer.Execute"/>
  <testcase name="getSteps" time="0.078" classname="Executer.Execute"/>
  <testcase name="getSteps" time="0.078" classname="Executer.Execute"/>
  <testcase name="getSteps" time="0.096" classname="Executer.Execute"/>
  <testcase name="getSteps" time="0.104" classname="Executer.Execute"/>
  <testcase name="getSteps" time="0.070" classname="Executer.Execute"/>
  <testcase name="getSteps" time="0.084" classname="Executer.Execute"/>
  <testcase name="getSteps" time="0.079" classname="Executer.Execute"/>
  <testcase name="getSteps" time="0.075" classname="Executer.Execute"/>
  <testcase name="getSteps" time="0.083" classname="Executer.Execute"/>
  <testcase name="getSteps" time="0.071" classname="Executer.Execute"/>
  <testcase name="getSteps" time="0.118" classname="Executer.Execute"/>
  <testcase name="getSteps" time="0.134" classname="Executer.Execute"/>
  <testcase name="getSteps" time="0.615" classname="Executer.Execute"/>
  <testcase name="getSteps" time="0.082" classname="Executer.Execute"/>
  <testcase name="getSteps" time="0.071" classname="Executer.Execute"/>
  <testcase name="getSteps" time="0.080" classname="Executer.Execute"/>
  <testcase name="getSteps" time="0.074" classname="Executer.Execute"/>
  <testcase name="getSteps" time="0.070" classname="Executer.Execute"/>
  <testcase name="getSteps" time="6.475" classname="Executer.Execute"/>
  <testcase name="getSteps" time="0.069" classname="Executer.Execute"/>
  <testcase name="getSteps" time="0.721" classname="Executer.Execute"/>
  <testcase name="getSteps" time="0.071" classname="Executer.Execute"/>
  <testcase name="getSteps" time="2.392" classname="Executer.Execute"/>
  <testcase name="getSteps" time="0.085" classname="Executer.Execute"/>
  <testcase name="getSteps" time="0.073" classname="Executer.Execute"/>
  <testcase name="getSteps" time="0.081" classname="Executer.Execute"/>
  <testcase name="getSteps" time="0.094" classname="Executer.Execute"/>
  <testcase name="getSteps" time="0.139" classname="Executer.Execute"/>
  <testcase name="getSteps" time="0.070" classname="Executer.Execute"/>
  <testcase name="getSteps" time="0.072" classname="Executer.Execute"/>
  <testcase name="getSteps" time="0.071" classname="Executer.Execute"/>
  <testcase name="getSteps" time="0.079" classname="Executer.Execute"/>
  <testcase name="getSteps" time="0.072" classname="Executer.Execute"/>
  <testcase name="getSteps" time="0.076" classname="Executer.Execute"/>
  <testcase name="getSteps" time="0.071" classname="Executer.Execute"/>
  <testcase name="getSteps" time="0.083" classname="Executer.Execute"/>
  <testcase name="getSteps" time="0.074" classname="Executer.Execute"/>
  <testcase name="getSteps" time="0.070" classname="Executer.Execute"/>
  <testcase name="getSteps" time="2.158" classname="Executer.Execute"/>
  <testcase name="getSteps" time="0.077" classname="Executer.Execute"/>
  <testcase name="getSteps" time="0.072" classname="Executer.Execute"/>
  <testcase name="getSteps" time="0.126" classname="Executer.Execute"/>
  <testcase name="getSteps" time="0.071" classname="Executer.Execute"/>
  <testcase name="getSteps" time="0.076" classname="Executer.Execute"/>
  <testcase name="getSteps" time="0.077" classname="Executer.Execute"/>
  <testcase name="getSteps" time="0.070" classname="Executer.Execute"/>
  <testcase name="getSteps" time="0.069" classname="Executer.Execute"/>
  <testcase name="getSteps" time="0.083" classname="Executer.Execute"/>
  <testcase name="getSteps" time="0.073" classname="Executer.Execute"/>
  <testcase name="getSteps" time="0.070" classname="Executer.Execute"/>
  <testcase name="getSteps" time="0.110" classname="Executer.Execute"/>
  <testcase name="getSteps" time="0.874" classname="Executer.Execute"/>
  <testcase name="getSteps" time="0.072" classname="Executer.Execute"/>
  <testcase name="getSteps" time="0.103" classname="Executer.Execute"/>
  <testcase name="getSteps" time="0.070" classname="Executer.Execute"/>
  <testcase name="getSteps" time="0.070" classname="Executer.Execute"/>
  <testcase name="getSteps" time="0.088" classname="Executer.Execute"/>
  <testcase name="getSteps" time="0.072" classname="Executer.Execute"/>
  <testcase name="getSteps" time="0.087" classname="Executer.Execute"/>
  <testcase name="getSteps" time="0.070" classname="Executer.Execute"/>
  <testcase name="getSteps" time="0.071" classname="Executer.Execute"/>
  <testcase name="getSteps" time="0.659" classname="Executer.Execute"/>
  <testcase name="getSteps" time="0.073" classname="Executer.Execute"/>
  <testcase name="getSteps" time="0.070" classname="Executer.Execute"/>
  <testcase name="getSteps" time="0.073" classname="Executer.Execute"/>
  <testcase name="getSteps" time="0.914" classname="Executer.Execute"/>
  <testcase name="getSteps" time="0.069" classname="Executer.Execute"/>
  <testcase name="getSteps" time="0.070" classname="Executer.Execute"/>
  <testcase name="getSteps" time="0.089" classname="Executer.Execute"/>
  <testcase name="getSteps" time="0.673" classname="Executer.Execute"/>
  <testcase name="getSteps" time="1.031" classname="Executer.Execute"/>
  <testcase name="getSteps" time="0.072" classname="Executer.Execute"/>
  <testcase name="getSteps" time="0.073" classname="Executer.Execute"/>
  <testcase name="getSteps" time="0.075" classname="Executer.Execute"/>
  <testcase name="getSteps" time="0.070" classname="Executer.Execute"/>
  <testcase name="getSteps" time="0.928" classname="Executer.Execute"/>
  <testcase name="getSteps" time="0.078" classname="Executer.Execute"/>
  <testcase name="getSteps" time="0.071" classname="Executer.Execute"/>
  <testcase name="getSteps" time="11.739" classname="Executer.Execute"/>
  <testcase name="getSteps" time="0.070" classname="Executer.Execute"/>
  <testcase name="getSteps" time="11.470" classname="Executer.Execute">
    <error type="org.openqa.selenium.NoSuchElementException" message="no such element: Unable to locate element: {&quot;method&quot;:&quot;xpath&quot;,&quot;selector&quot;:&quot;.//*[@id=&#039;choice1&#039;]&quot;}
  (Session info: chrome=66.0.3359.139)
  (Driver info: chromedriver=2.36.540470 (e522d04694c7ebea4ba8821272dbef4f9b818c91),platform=Windows NT 6.1.7601 SP1 x86_64) (WARNING: The server did not provide any stacktrace information)
Command duration or timeout: 10.53 seconds
For documentation on this error, please visit: http://seleniumhq.org/exceptions/no_such_element.html
Build info: version: &#039;2.48.2&#039;, revision: &#039;41bccdd10cf2c0560f637404c2d96164b67d9d67&#039;, time: &#039;2015-10-09 13:08:06&#039;
System info: host: &#039;SDF4110IPM096&#039;, ip: &#039;10.254.19.60&#039;, os.name: &#039;Windows 7&#039;, os.arch: &#039;amd64&#039;, os.version: &#039;6.1&#039;, java.version: &#039;1.8.0_171&#039;
Driver info: org.openqa.selenium.chrome.ChromeDriver
Capabilities [{applicationCacheEnabled=false, rotatable=false, mobileEmulationEnabled=false, networkConnectionEnabled=false, chrome={chromedriverVersion=2.36.540470 (e522d04694c7ebea4ba8821272dbef4f9b818c91), userDataDir=C:\Users\JAIN~1.ANU\AppData\Local\Temp\scoped_dir2684_27627}, takesHeapSnapshot=true, pageLoadStrategy=normal, databaseEnabled=false, handlesAlerts=true, hasTouchScreen=false, version=66.0.3359.139, platform=XP, browserConnectionEnabled=false, nativeEvents=true, acceptSslCerts=false, acceptInsecureCerts=false, locationContextEnabled=true, webStorageEnabled=true, browserName=chrome, takesScreenshot=true, javascriptEnabled=true, cssSelectorsEnabled=true, setWindowRect=true, unexpectedAlertBehaviour=}]
Session ID: 2a403a1df2e40b1638af2e2db7b2b704
*** Element info: {Using=xpath, value=.//*[@id=&#039;choice1&#039;]}">
      <![CDATA[org.openqa.selenium.NoSuchElementException: no such element: Unable to locate element: {"method":"xpath","selector":".//*[@id='choice1']"}
  (Session info: chrome=66.0.3359.139)
  (Driver info: chromedriver=2.36.540470 (e522d04694c7ebea4ba8821272dbef4f9b818c91),platform=Windows NT 6.1.7601 SP1 x86_64) (WARNING: The server did not provide any stacktrace information)
Command duration or timeout: 10.53 seconds
For documentation on this error, please visit: http://seleniumhq.org/exceptions/no_such_element.html
Build info: version: '2.48.2', revision: '41bccdd10cf2c0560f637404c2d96164b67d9d67', time: '2015-10-09 13:08:06'
System info: host: 'SDF4110IPM096', ip: '10.254.19.60', os.name: 'Windows 7', os.arch: 'amd64', os.version: '6.1', java.version: '1.8.0_171'
Driver info: org.openqa.selenium.chrome.ChromeDriver
Capabilities [{applicationCacheEnabled=false, rotatable=false, mobileEmulationEnabled=false, networkConnectionEnabled=false, chrome={chromedriverVersion=2.36.540470 (e522d04694c7ebea4ba8821272dbef4f9b818c91), userDataDir=C:\Users\JAIN~1.ANU\AppData\Local\Temp\scoped_dir2684_27627}, takesHeapSnapshot=true, pageLoadStrategy=normal, databaseEnabled=false, handlesAlerts=true, hasTouchScreen=false, version=66.0.3359.139, platform=XP, browserConnectionEnabled=false, nativeEvents=true, acceptSslCerts=false, acceptInsecureCerts=false, locationContextEnabled=true, webStorageEnabled=true, browserName=chrome, takesScreenshot=true, javascriptEnabled=true, cssSelectorsEnabled=true, setWindowRect=true, unexpectedAlertBehaviour=}]
Session ID: 2a403a1df2e40b1638af2e2db7b2b704
*** Element info: {Using=xpath, value=.//*[@id='choice1']}
at sun.reflect.NativeConstructorAccessorImpl.newInstance0(Native Method)
at sun.reflect.NativeConstructorAccessorImpl.newInstance(NativeConstructorAccessorImpl.java:62)
at sun.reflect.DelegatingConstructorAccessorImpl.newInstance(DelegatingConstructorAccessorImpl.java:45)
at java.lang.reflect.Constructor.newInstance(Constructor.java:423)
at org.openqa.selenium.remote.ErrorHandler.createThrowable(ErrorHandler.java:206)
at org.openqa.selenium.remote.ErrorHandler.throwIfResponseFailed(ErrorHandler.java:158)
at org.openqa.selenium.remote.RemoteWebDriver.execute(RemoteWebDriver.java:647)
at org.openqa.selenium.remote.RemoteWebDriver.findElement(RemoteWebDriver.java:353)
at org.openqa.selenium.remote.RemoteWebDriver.findElementByXPath(RemoteWebDriver.java:490)
at org.openqa.selenium.By$ByXPath.findElement(By.java:361)
at org.openqa.selenium.remote.RemoteWebDriver.findElement(RemoteWebDriver.java:345)
at Keywords.click.clickTheButton(click.java:14)
at Executer.ExecuteKeywords.ExecuteTheKeywords(ExecuteKeywords.java:66)
at Executer.Execute.getSteps(Execute.java:26)
at sun.reflect.GeneratedMethodAccessor2.invoke(Unknown Source)
at sun.reflect.DelegatingMethodAccessorImpl.invoke(DelegatingMethodAccessorImpl.java:43)
at java.lang.reflect.Method.invoke(Method.java:498)
at org.testng.internal.MethodInvocationHelper.invokeMethod(MethodInvocationHelper.java:124)
at org.testng.internal.Invoker.invokeMethod(Invoker.java:580)
at org.testng.internal.Invoker.invokeTestMethod(Invoker.java:716)
at org.testng.internal.Invoker.invokeTestMethods(Invoker.java:988)
at org.testng.internal.TestMethodWorker.invokeTestMethods(TestMethodWorker.java:125)
at org.testng.internal.TestMethodWorker.run(TestMethodWorker.java:109)
at org.testng.TestRunner.privateRun(TestRunner.java:648)
at org.testng.TestRunner.run(TestRunner.java:505)
at org.testng.SuiteRunner.runTest(SuiteRunner.java:455)
at org.testng.SuiteRunner.runSequentially(SuiteRunner.java:450)
at org.testng.SuiteRunner.privateRun(SuiteRunner.java:415)
at org.testng.SuiteRunner.run(SuiteRunner.java:364)
at org.testng.SuiteRunnerWorker.runSuite(SuiteRunnerWorker.java:52)
at org.testng.SuiteRunnerWorker.run(SuiteRunnerWorker.java:84)
at org.testng.TestNG.runSuitesSequentially(TestNG.java:1208)
at org.testng.TestNG.runSuitesLocally(TestNG.java:1137)
at org.testng.TestNG.runSuites(TestNG.java:1049)
at org.testng.TestNG.run(TestNG.java:1017)
at org.testng.remote.AbstractRemoteTestNG.run(AbstractRemoteTestNG.java:114)
at org.testng.remote.RemoteTestNG.initAndRun(RemoteTestNG.java:251)
at org.testng.remote.RemoteTestNG.main(RemoteTestNG.java:77)
]]>
    </error>
  </testcase> <!-- getSteps -->
  <testcase name="getSteps" time="0.071" classname="Executer.Execute"/>
  <testcase name="getSteps" time="0.083" classname="Executer.Execute"/>
  <testcase name="getSteps" time="0.079" classname="Executer.Execute"/>
  <testcase name="getSteps" time="0.070" classname="Executer.Execute"/>
  <testcase name="getSteps" time="10.492" classname="Executer.Execute">
    <error type="org.openqa.selenium.NoSuchElementException" message="no such element: Unable to locate element: {&quot;method&quot;:&quot;xpath&quot;,&quot;selector&quot;:&quot;.//*[@id=&#039;btnSubmit&#039;]&quot;}
  (Session info: chrome=66.0.3359.139)
  (Driver info: chromedriver=2.36.540470 (e522d04694c7ebea4ba8821272dbef4f9b818c91),platform=Windows NT 6.1.7601 SP1 x86_64) (WARNING: The server did not provide any stacktrace information)
Command duration or timeout: 10.05 seconds
For documentation on this error, please visit: http://seleniumhq.org/exceptions/no_such_element.html
Build info: version: &#039;2.48.2&#039;, revision: &#039;41bccdd10cf2c0560f637404c2d96164b67d9d67&#039;, time: &#039;2015-10-09 13:08:06&#039;
System info: host: &#039;SDF4110IPM096&#039;, ip: &#039;10.254.19.60&#039;, os.name: &#039;Windows 7&#039;, os.arch: &#039;amd64&#039;, os.version: &#039;6.1&#039;, java.version: &#039;1.8.0_171&#039;
Driver info: org.openqa.selenium.chrome.ChromeDriver
Capabilities [{applicationCacheEnabled=false, rotatable=false, mobileEmulationEnabled=false, networkConnectionEnabled=false, chrome={chromedriverVersion=2.36.540470 (e522d04694c7ebea4ba8821272dbef4f9b818c91), userDataDir=C:\Users\JAIN~1.ANU\AppData\Local\Temp\scoped_dir7040_14135}, takesHeapSnapshot=true, pageLoadStrategy=normal, databaseEnabled=false, handlesAlerts=true, hasTouchScreen=false, version=66.0.3359.139, platform=XP, browserConnectionEnabled=false, nativeEvents=true, acceptSslCerts=false, acceptInsecureCerts=false, locationContextEnabled=true, webStorageEnabled=true, browserName=chrome, takesScreenshot=true, javascriptEnabled=true, cssSelectorsEnabled=true, setWindowRect=true, unexpectedAlertBehaviour=}]
Session ID: c32c1eeca07a9e17ac4fa9f04f0fcd64
*** Element info: {Using=xpath, value=.//*[@id=&#039;btnSubmit&#039;]}">
      <![CDATA[org.openqa.selenium.NoSuchElementException: no such element: Unable to locate element: {"method":"xpath","selector":".//*[@id='btnSubmit']"}
  (Session info: chrome=66.0.3359.139)
  (Driver info: chromedriver=2.36.540470 (e522d04694c7ebea4ba8821272dbef4f9b818c91),platform=Windows NT 6.1.7601 SP1 x86_64) (WARNING: The server did not provide any stacktrace information)
Command duration or timeout: 10.05 seconds
For documentation on this error, please visit: http://seleniumhq.org/exceptions/no_such_element.html
Build info: version: '2.48.2', revision: '41bccdd10cf2c0560f637404c2d96164b67d9d67', time: '2015-10-09 13:08:06'
System info: host: 'SDF4110IPM096', ip: '10.254.19.60', os.name: 'Windows 7', os.arch: 'amd64', os.version: '6.1', java.version: '1.8.0_171'
Driver info: org.openqa.selenium.chrome.ChromeDriver
Capabilities [{applicationCacheEnabled=false, rotatable=false, mobileEmulationEnabled=false, networkConnectionEnabled=false, chrome={chromedriverVersion=2.36.540470 (e522d04694c7ebea4ba8821272dbef4f9b818c91), userDataDir=C:\Users\JAIN~1.ANU\AppData\Local\Temp\scoped_dir7040_14135}, takesHeapSnapshot=true, pageLoadStrategy=normal, databaseEnabled=false, handlesAlerts=true, hasTouchScreen=false, version=66.0.3359.139, platform=XP, browserConnectionEnabled=false, nativeEvents=true, acceptSslCerts=false, acceptInsecureCerts=false, locationContextEnabled=true, webStorageEnabled=true, browserName=chrome, takesScreenshot=true, javascriptEnabled=true, cssSelectorsEnabled=true, setWindowRect=true, unexpectedAlertBehaviour=}]
Session ID: c32c1eeca07a9e17ac4fa9f04f0fcd64
*** Element info: {Using=xpath, value=.//*[@id='btnSubmit']}
at sun.reflect.NativeConstructorAccessorImpl.newInstance0(Native Method)
at sun.reflect.NativeConstructorAccessorImpl.newInstance(NativeConstructorAccessorImpl.java:62)
at sun.reflect.DelegatingConstructorAccessorImpl.newInstance(DelegatingConstructorAccessorImpl.java:45)
at java.lang.reflect.Constructor.newInstance(Constructor.java:423)
at org.openqa.selenium.remote.ErrorHandler.createThrowable(ErrorHandler.java:206)
at org.openqa.selenium.remote.ErrorHandler.throwIfResponseFailed(ErrorHandler.java:158)
at org.openqa.selenium.remote.RemoteWebDriver.execute(RemoteWebDriver.java:647)
at org.openqa.selenium.remote.RemoteWebDriver.findElement(RemoteWebDriver.java:353)
at org.openqa.selenium.remote.RemoteWebDriver.findElementByXPath(RemoteWebDriver.java:490)
at org.openqa.selenium.By$ByXPath.findElement(By.java:361)
at org.openqa.selenium.remote.RemoteWebDriver.findElement(RemoteWebDriver.java:345)
at Keywords.click.clickTheButton(click.java:14)
at Executer.ExecuteKeywords.ExecuteTheKeywords(ExecuteKeywords.java:66)
at Executer.Execute.getSteps(Execute.java:26)
at sun.reflect.GeneratedMethodAccessor2.invoke(Unknown Source)
at sun.reflect.DelegatingMethodAccessorImpl.invoke(DelegatingMethodAccessorImpl.java:43)
at java.lang.reflect.Method.invoke(Method.java:498)
at org.testng.internal.MethodInvocationHelper.invokeMethod(MethodInvocationHelper.java:124)
at org.testng.internal.Invoker.invokeMethod(Invoker.java:580)
at org.testng.internal.Invoker.invokeTestMethod(Invoker.java:716)
at org.testng.internal.Invoker.invokeTestMethods(Invoker.java:988)
at org.testng.internal.TestMethodWorker.invokeTestMethods(TestMethodWorker.java:125)
at org.testng.internal.TestMethodWorker.run(TestMethodWorker.java:109)
at org.testng.TestRunner.privateRun(TestRunner.java:648)
at org.testng.TestRunner.run(TestRunner.java:505)
at org.testng.SuiteRunner.runTest(SuiteRunner.java:455)
at org.testng.SuiteRunner.runSequentially(SuiteRunner.java:450)
at org.testng.SuiteRunner.privateRun(SuiteRunner.java:415)
at org.testng.SuiteRunner.run(SuiteRunner.java:364)
at org.testng.SuiteRunnerWorker.runSuite(SuiteRunnerWorker.java:52)
at org.testng.SuiteRunnerWorker.run(SuiteRunnerWorker.java:84)
at org.testng.TestNG.runSuitesSequentially(TestNG.java:1208)
at org.testng.TestNG.runSuitesLocally(TestNG.java:1137)
at org.testng.TestNG.runSuites(TestNG.java:1049)
at org.testng.TestNG.run(TestNG.java:1017)
at org.testng.remote.AbstractRemoteTestNG.run(AbstractRemoteTestNG.java:114)
at org.testng.remote.RemoteTestNG.initAndRun(RemoteTestNG.java:251)
at org.testng.remote.RemoteTestNG.main(RemoteTestNG.java:77)
]]>
    </error>
  </testcase> <!-- getSteps -->
  <testcase name="getSteps" time="3.481" classname="Executer.Execute"/>
  <testcase name="getSteps" time="0.070" classname="Executer.Execute"/>
  <testcase name="getSteps" time="0.074" classname="Executer.Execute"/>
  <testcase name="getSteps" time="0.070" classname="Executer.Execute"/>
  <testcase name="getSteps" time="0.074" classname="Executer.Execute"/>
  <testcase name="getSteps" time="0.072" classname="Executer.Execute"/>
  <testcase name="getSteps" time="0.092" classname="Executer.Execute"/>
  <testcase name="getSteps" time="0.071" classname="Executer.Execute"/>
  <testcase name="getSteps" time="0.070" classname="Executer.Execute"/>
  <testcase name="getSteps" time="0.069" classname="Executer.Execute"/>
  <testcase name="getSteps" time="0.069" classname="Executer.Execute"/>
  <testcase name="getSteps" time="0.073" classname="Executer.Execute"/>
  <testcase name="getSteps" time="0.076" classname="Executer.Execute"/>
  <testcase name="getSteps" time="0.075" classname="Executer.Execute"/>
  <testcase name="getSteps" time="0.078" classname="Executer.Execute"/>
  <testcase name="getSteps" time="0.074" classname="Executer.Execute"/>
  <testcase name="getSteps" time="0.095" classname="Executer.Execute"/>
  <testcase name="getSteps" time="0.082" classname="Executer.Execute"/>
  <testcase name="getSteps" time="0.080" classname="Executer.Execute"/>
  <testcase name="getSteps" time="0.070" classname="Executer.Execute"/>
  <testcase name="getSteps" time="0.079" classname="Executer.Execute"/>
  <testcase name="getSteps" time="0.587" classname="Executer.Execute"/>
  <testcase name="getSteps" time="0.780" classname="Executer.Execute"/>
  <testcase name="getSteps" time="0.644" classname="Executer.Execute"/>
  <testcase name="getSteps" time="0.073" classname="Executer.Execute"/>
  <testcase name="getSteps" time="0.071" classname="Executer.Execute"/>
  <testcase name="getSteps" time="0.084" classname="Executer.Execute"/>
  <testcase name="getSteps" time="0.090" classname="Executer.Execute"/>
  <testcase name="getSteps" time="0.081" classname="Executer.Execute"/>
  <testcase name="getSteps" time="6.484" classname="Executer.Execute"/>
  <testcase name="getSteps" time="1.672" classname="Executer.Execute"/>
  <testcase name="getSteps" time="0.078" classname="Executer.Execute"/>
  <testcase name="getSteps" time="0.084" classname="Executer.Execute"/>
  <testcase name="getSteps" time="0.070" classname="Executer.Execute"/>
  <testcase name="getSteps" time="0.069" classname="Executer.Execute"/>
  <testcase name="getSteps" time="0.070" classname="Executer.Execute"/>
  <testcase name="getSteps" time="0.614" classname="Executer.Execute"/>
  <testcase name="getSteps" time="0.070" classname="Executer.Execute"/>
  <testcase name="getSteps" time="5.377" classname="Executer.Execute"/>
  <testcase name="getSteps" time="1.651" classname="Executer.Execute"/>
  <testcase name="getSteps" time="0.078" classname="Executer.Execute"/>
  <testcase name="getSteps" time="6.911" classname="Executer.Execute"/>
  <testcase name="getSteps" time="0.072" classname="Executer.Execute"/>
  <testcase name="getSteps" time="0.071" classname="Executer.Execute"/>
  <testcase name="getSteps" time="0.134" classname="Executer.Execute"/>
  <testcase name="getSteps" time="0.070" classname="Executer.Execute"/>
  <testcase name="getSteps" time="0.071" classname="Executer.Execute"/>
  <testcase name="getSteps" time="0.074" classname="Executer.Execute"/>
  <testcase name="getSteps" time="0.600" classname="Executer.Execute"/>
  <testcase name="getSteps" time="1.344" classname="Executer.Execute"/>
  <testcase name="getSteps" time="0.071" classname="Executer.Execute"/>
  <testcase name="getSteps" time="0.071" classname="Executer.Execute"/>
  <testcase name="getSteps" time="0.071" classname="Executer.Execute"/>
  <testcase name="getSteps" time="0.069" classname="Executer.Execute"/>
  <testcase name="getSteps" time="0.072" classname="Executer.Execute"/>
  <testcase name="getSteps" time="0.094" classname="Executer.Execute"/>
  <testcase name="getSteps" time="0.077" classname="Executer.Execute"/>
  <testcase name="getSteps" time="0.114" classname="Executer.Execute"/>
  <testcase name="getSteps" time="0.071" classname="Executer.Execute"/>
  <testcase name="getSteps" time="2.084" classname="Executer.Execute"/>
  <testcase name="getSteps" time="0.083" classname="Executer.Execute"/>
  <testcase name="getSteps" time="0.081" classname="Executer.Execute"/>
  <testcase name="getSteps" time="0.078" classname="Executer.Execute"/>
  <testcase name="getSteps" time="0.071" classname="Executer.Execute"/>
  <testcase name="getSteps" time="2.581" classname="Executer.Execute"/>
  <testcase name="getSteps" time="0.071" classname="Executer.Execute"/>
  <testcase name="getSteps" time="0.076" classname="Executer.Execute"/>
  <testcase name="getSteps" time="0.070" classname="Executer.Execute"/>
  <testcase name="getSteps" time="0.079" classname="Executer.Execute"/>
  <testcase name="getSteps" time="6.508" classname="Executer.Execute"/>
  <testcase name="getSteps" time="0.078" classname="Executer.Execute"/>
  <testcase name="getSteps" time="0.069" classname="Executer.Execute"/>
  <testcase name="getSteps" time="0.074" classname="Executer.Execute"/>
  <testcase name="getSteps" time="10.495" classname="Executer.Execute">
    <error type="org.openqa.selenium.NoSuchElementException" message="no such element: Unable to locate element: {&quot;method&quot;:&quot;xpath&quot;,&quot;selector&quot;:&quot;.//*[@id=&#039;RedirectonClose2&#039;]&quot;}
  (Session info: chrome=66.0.3359.139)
  (Driver info: chromedriver=2.36.540470 (e522d04694c7ebea4ba8821272dbef4f9b818c91),platform=Windows NT 6.1.7601 SP1 x86_64) (WARNING: The server did not provide any stacktrace information)
Command duration or timeout: 10.03 seconds
For documentation on this error, please visit: http://seleniumhq.org/exceptions/no_such_element.html
Build info: version: &#039;2.48.2&#039;, revision: &#039;41bccdd10cf2c0560f637404c2d96164b67d9d67&#039;, time: &#039;2015-10-09 13:08:06&#039;
System info: host: &#039;SDF4110IPM096&#039;, ip: &#039;10.254.19.60&#039;, os.name: &#039;Windows 7&#039;, os.arch: &#039;amd64&#039;, os.version: &#039;6.1&#039;, java.version: &#039;1.8.0_171&#039;
Driver info: org.openqa.selenium.chrome.ChromeDriver
Capabilities [{applicationCacheEnabled=false, rotatable=false, mobileEmulationEnabled=false, networkConnectionEnabled=false, chrome={chromedriverVersion=2.36.540470 (e522d04694c7ebea4ba8821272dbef4f9b818c91), userDataDir=C:\Users\JAIN~1.ANU\AppData\Local\Temp\scoped_dir6548_10858}, takesHeapSnapshot=true, pageLoadStrategy=normal, databaseEnabled=false, handlesAlerts=true, hasTouchScreen=false, version=66.0.3359.139, platform=XP, browserConnectionEnabled=false, nativeEvents=true, acceptSslCerts=false, acceptInsecureCerts=false, locationContextEnabled=true, webStorageEnabled=true, browserName=chrome, takesScreenshot=true, javascriptEnabled=true, cssSelectorsEnabled=true, setWindowRect=true, unexpectedAlertBehaviour=}]
Session ID: 83a937091f481aea647c525b32557181
*** Element info: {Using=xpath, value=.//*[@id=&#039;RedirectonClose2&#039;]}">
      <![CDATA[org.openqa.selenium.NoSuchElementException: no such element: Unable to locate element: {"method":"xpath","selector":".//*[@id='RedirectonClose2']"}
  (Session info: chrome=66.0.3359.139)
  (Driver info: chromedriver=2.36.540470 (e522d04694c7ebea4ba8821272dbef4f9b818c91),platform=Windows NT 6.1.7601 SP1 x86_64) (WARNING: The server did not provide any stacktrace information)
Command duration or timeout: 10.03 seconds
For documentation on this error, please visit: http://seleniumhq.org/exceptions/no_such_element.html
Build info: version: '2.48.2', revision: '41bccdd10cf2c0560f637404c2d96164b67d9d67', time: '2015-10-09 13:08:06'
System info: host: 'SDF4110IPM096', ip: '10.254.19.60', os.name: 'Windows 7', os.arch: 'amd64', os.version: '6.1', java.version: '1.8.0_171'
Driver info: org.openqa.selenium.chrome.ChromeDriver
Capabilities [{applicationCacheEnabled=false, rotatable=false, mobileEmulationEnabled=false, networkConnectionEnabled=false, chrome={chromedriverVersion=2.36.540470 (e522d04694c7ebea4ba8821272dbef4f9b818c91), userDataDir=C:\Users\JAIN~1.ANU\AppData\Local\Temp\scoped_dir6548_10858}, takesHeapSnapshot=true, pageLoadStrategy=normal, databaseEnabled=false, handlesAlerts=true, hasTouchScreen=false, version=66.0.3359.139, platform=XP, browserConnectionEnabled=false, nativeEvents=true, acceptSslCerts=false, acceptInsecureCerts=false, locationContextEnabled=true, webStorageEnabled=true, browserName=chrome, takesScreenshot=true, javascriptEnabled=true, cssSelectorsEnabled=true, setWindowRect=true, unexpectedAlertBehaviour=}]
Session ID: 83a937091f481aea647c525b32557181
*** Element info: {Using=xpath, value=.//*[@id='RedirectonClose2']}
at sun.reflect.NativeConstructorAccessorImpl.newInstance0(Native Method)
at sun.reflect.NativeConstructorAccessorImpl.newInstance(NativeConstructorAccessorImpl.java:62)
at sun.reflect.DelegatingConstructorAccessorImpl.newInstance(DelegatingConstructorAccessorImpl.java:45)
at java.lang.reflect.Constructor.newInstance(Constructor.java:423)
at org.openqa.selenium.remote.ErrorHandler.createThrowable(ErrorHandler.java:206)
at org.openqa.selenium.remote.ErrorHandler.throwIfResponseFailed(ErrorHandler.java:158)
at org.openqa.selenium.remote.RemoteWebDriver.execute(RemoteWebDriver.java:647)
at org.openqa.selenium.remote.RemoteWebDriver.findElement(RemoteWebDriver.java:353)
at org.openqa.selenium.remote.RemoteWebDriver.findElementByXPath(RemoteWebDriver.java:490)
at org.openqa.selenium.By$ByXPath.findElement(By.java:361)
at org.openqa.selenium.remote.RemoteWebDriver.findElement(RemoteWebDriver.java:345)
at Keywords.click.clickTheButton(click.java:14)
at Executer.ExecuteKeywords.ExecuteTheKeywords(ExecuteKeywords.java:66)
at Executer.Execute.getSteps(Execute.java:26)
at sun.reflect.GeneratedMethodAccessor2.invoke(Unknown Source)
at sun.reflect.DelegatingMethodAccessorImpl.invoke(DelegatingMethodAccessorImpl.java:43)
at java.lang.reflect.Method.invoke(Method.java:498)
at org.testng.internal.MethodInvocationHelper.invokeMethod(MethodInvocationHelper.java:124)
at org.testng.internal.Invoker.invokeMethod(Invoker.java:580)
at org.testng.internal.Invoker.invokeTestMethod(Invoker.java:716)
at org.testng.internal.Invoker.invokeTestMethods(Invoker.java:988)
at org.testng.internal.TestMethodWorker.invokeTestMethods(TestMethodWorker.java:125)
at org.testng.internal.TestMethodWorker.run(TestMethodWorker.java:109)
at org.testng.TestRunner.privateRun(TestRunner.java:648)
at org.testng.TestRunner.run(TestRunner.java:505)
at org.testng.SuiteRunner.runTest(SuiteRunner.java:455)
at org.testng.SuiteRunner.runSequentially(SuiteRunner.java:450)
at org.testng.SuiteRunner.privateRun(SuiteRunner.java:415)
at org.testng.SuiteRunner.run(SuiteRunner.java:364)
at org.testng.SuiteRunnerWorker.runSuite(SuiteRunnerWorker.java:52)
at org.testng.SuiteRunnerWorker.run(SuiteRunnerWorker.java:84)
at org.testng.TestNG.runSuitesSequentially(TestNG.java:1208)
at org.testng.TestNG.runSuitesLocally(TestNG.java:1137)
at org.testng.TestNG.runSuites(TestNG.java:1049)
at org.testng.TestNG.run(TestNG.java:1017)
at org.testng.remote.AbstractRemoteTestNG.run(AbstractRemoteTestNG.java:114)
at org.testng.remote.RemoteTestNG.initAndRun(RemoteTestNG.java:251)
at org.testng.remote.RemoteTestNG.main(RemoteTestNG.java:77)
]]>
    </error>
  </testcase> <!-- getSteps -->
  <testcase name="getSteps" time="0.130" classname="Executer.Execute"/>
  <testcase name="getSteps" time="0.074" classname="Executer.Execute"/>
  <testcase name="getSteps" time="0.070" classname="Executer.Execute"/>
  <testcase name="getSteps" time="0.076" classname="Executer.Execute"/>
  <testcase name="getSteps" time="0.071" classname="Executer.Execute"/>
  <testcase name="getSteps" time="0.073" classname="Executer.Execute"/>
  <testcase name="getSteps" time="0.077" classname="Executer.Execute"/>
  <testcase name="getSteps" time="0.103" classname="Executer.Execute"/>
  <testcase name="getSteps" time="0.084" classname="Executer.Execute"/>
  <testcase name="getSteps" time="0.081" classname="Executer.Execute"/>
  <testcase name="getSteps" time="0.072" classname="Executer.Execute"/>
  <testcase name="getSteps" time="0.071" classname="Executer.Execute"/>
  <testcase name="getSteps" time="0.070" classname="Executer.Execute"/>
  <testcase name="getSteps" time="0.071" classname="Executer.Execute"/>
  <testcase name="getSteps" time="0.069" classname="Executer.Execute"/>
  <testcase name="getSteps" time="0.134" classname="Executer.Execute"/>
  <testcase name="getSteps" time="0.110" classname="Executer.Execute"/>
  <testcase name="getSteps" time="0.071" classname="Executer.Execute"/>
  <testcase name="getSteps" time="0.071" classname="Executer.Execute"/>
  <testcase name="getSteps" time="0.079" classname="Executer.Execute"/>
  <testcase name="getSteps" time="0.081" classname="Executer.Execute"/>
  <testcase name="getSteps" time="0.079" classname="Executer.Execute"/>
  <testcase name="getSteps" time="0.074" classname="Executer.Execute"/>
  <testcase name="getSteps" time="0.070" classname="Executer.Execute"/>
  <testcase name="getSteps" time="0.089" classname="Executer.Execute"/>
  <testcase name="getSteps" time="0.076" classname="Executer.Execute"/>
  <testcase name="getSteps" time="0.070" classname="Executer.Execute"/>
  <testcase name="getSteps" time="0.081" classname="Executer.Execute"/>
  <testcase name="getSteps" time="0.998" classname="Executer.Execute"/>
  <testcase name="getSteps" time="0.098" classname="Executer.Execute"/>
  <testcase name="getSteps" time="0.079" classname="Executer.Execute"/>
  <testcase name="getSteps" time="0.087" classname="Executer.Execute"/>
  <testcase name="getSteps" time="0.085" classname="Executer.Execute"/>
  <testcase name="getSteps" time="0.130" classname="Executer.Execute"/>
  <testcase name="getSteps" time="0.072" classname="Executer.Execute"/>
  <testcase name="getSteps" time="0.071" classname="Executer.Execute"/>
  <testcase name="getSteps" time="0.071" classname="Executer.Execute"/>
  <testcase name="getSteps" time="0.084" classname="Executer.Execute"/>
  <testcase name="getSteps" time="0.070" classname="Executer.Execute"/>
  <testcase name="getSteps" time="0.070" classname="Executer.Execute"/>
  <testcase name="getSteps" time="0.069" classname="Executer.Execute"/>
  <testcase name="getSteps" time="0.070" classname="Executer.Execute"/>
  <testcase name="getSteps" time="0.070" classname="Executer.Execute"/>
  <testcase name="getSteps" time="0.082" classname="Executer.Execute"/>
  <testcase name="getSteps" time="0.087" classname="Executer.Execute"/>
  <testcase name="getSteps" time="0.073" classname="Executer.Execute"/>
  <testcase name="getSteps" time="0.069" classname="Executer.Execute"/>
  <testcase name="getSteps" time="0.069" classname="Executer.Execute"/>
  <testcase name="getSteps" time="1.723" classname="Executer.Execute"/>
  <testcase name="getSteps" time="0.070" classname="Executer.Execute"/>
  <testcase name="getSteps" time="0.076" classname="Executer.Execute"/>
  <testcase name="getSteps" time="0.073" classname="Executer.Execute"/>
  <testcase name="getSteps" time="0.072" classname="Executer.Execute"/>
  <testcase name="getSteps" time="1.451" classname="Executer.Execute"/>
  <testcase name="getSteps" time="0.070" classname="Executer.Execute"/>
  <testcase name="getSteps" time="0.646" classname="Executer.Execute">
    <error type="java.lang.NumberFormatException" message="For input string: &quot;NA&quot;">
      <![CDATA[java.lang.NumberFormatException: For input string: "NA"
at java.lang.NumberFormatException.forInputString(NumberFormatException.java:65)
at java.lang.Integer.parseInt(Integer.java:580)
at java.lang.Integer.parseInt(Integer.java:615)
at Keywords.getText.getnumber(getText.java:54)
at Keywords.wait.waitForTime(wait.java:8)
at Executer.ExecuteKeywords.ExecuteTheKeywords(ExecuteKeywords.java:106)
at Executer.Execute.getSteps(Execute.java:26)
at sun.reflect.GeneratedMethodAccessor2.invoke(Unknown Source)
at sun.reflect.DelegatingMethodAccessorImpl.invoke(DelegatingMethodAccessorImpl.java:43)
at java.lang.reflect.Method.invoke(Method.java:498)
at org.testng.internal.MethodInvocationHelper.invokeMethod(MethodInvocationHelper.java:124)
at org.testng.internal.Invoker.invokeMethod(Invoker.java:580)
at org.testng.internal.Invoker.invokeTestMethod(Invoker.java:716)
at org.testng.internal.Invoker.invokeTestMethods(Invoker.java:988)
at org.testng.internal.TestMethodWorker.invokeTestMethods(TestMethodWorker.java:125)
at org.testng.internal.TestMethodWorker.run(TestMethodWorker.java:109)
at org.testng.TestRunner.privateRun(TestRunner.java:648)
at org.testng.TestRunner.run(TestRunner.java:505)
at org.testng.SuiteRunner.runTest(SuiteRunner.java:455)
at org.testng.SuiteRunner.runSequentially(SuiteRunner.java:450)
at org.testng.SuiteRunner.privateRun(SuiteRunner.java:415)
at org.testng.SuiteRunner.run(SuiteRunner.java:364)
at org.testng.SuiteRunnerWorker.runSuite(SuiteRunnerWorker.java:52)
at org.testng.SuiteRunnerWorker.run(SuiteRunnerWorker.java:84)
at org.testng.TestNG.runSuitesSequentially(TestNG.java:1208)
at org.testng.TestNG.runSuitesLocally(TestNG.java:1137)
at org.testng.TestNG.runSuites(TestNG.java:1049)
at org.testng.TestNG.run(TestNG.java:1017)
at org.testng.remote.AbstractRemoteTestNG.run(AbstractRemoteTestNG.java:114)
at org.testng.remote.RemoteTestNG.initAndRun(RemoteTestNG.java:251)
at org.testng.remote.RemoteTestNG.main(RemoteTestNG.java:77)
]]>
    </error>
  </testcase> <!-- getSteps -->
  <testcase name="getSteps" time="0.080" classname="Executer.Execute"/>
  <testcase name="getSteps" time="0.076" classname="Executer.Execute"/>
  <testcase name="getSteps" time="3.516" classname="Executer.Execute"/>
  <testcase name="getSteps" time="0.073" classname="Executer.Execute"/>
  <testcase name="getSteps" time="0.071" classname="Executer.Execute"/>
  <testcase name="getSteps" time="0.070" classname="Executer.Execute"/>
  <testcase name="getSteps" time="1.022" classname="Executer.Execute"/>
  <testcase name="getSteps" time="11.906" classname="Executer.Execute">
    <error type="org.openqa.selenium.NoSuchElementException" message="no such element: Unable to locate element: {&quot;method&quot;:&quot;xpath&quot;,&quot;selector&quot;:&quot;.//*[@id=&#039;choice1&#039;]&quot;}
  (Session info: chrome=66.0.3359.139)
  (Driver info: chromedriver=2.36.540470 (e522d04694c7ebea4ba8821272dbef4f9b818c91),platform=Windows NT 6.1.7601 SP1 x86_64) (WARNING: The server did not provide any stacktrace information)
Command duration or timeout: 11.12 seconds
For documentation on this error, please visit: http://seleniumhq.org/exceptions/no_such_element.html
Build info: version: &#039;2.48.2&#039;, revision: &#039;41bccdd10cf2c0560f637404c2d96164b67d9d67&#039;, time: &#039;2015-10-09 13:08:06&#039;
System info: host: &#039;SDF4110IPM096&#039;, ip: &#039;10.254.19.60&#039;, os.name: &#039;Windows 7&#039;, os.arch: &#039;amd64&#039;, os.version: &#039;6.1&#039;, java.version: &#039;1.8.0_171&#039;
Driver info: org.openqa.selenium.chrome.ChromeDriver
Capabilities [{applicationCacheEnabled=false, rotatable=false, mobileEmulationEnabled=false, networkConnectionEnabled=false, chrome={chromedriverVersion=2.36.540470 (e522d04694c7ebea4ba8821272dbef4f9b818c91), userDataDir=C:\Users\JAIN~1.ANU\AppData\Local\Temp\scoped_dir7040_14135}, takesHeapSnapshot=true, pageLoadStrategy=normal, databaseEnabled=false, handlesAlerts=true, hasTouchScreen=false, version=66.0.3359.139, platform=XP, browserConnectionEnabled=false, nativeEvents=true, acceptSslCerts=false, acceptInsecureCerts=false, locationContextEnabled=true, webStorageEnabled=true, browserName=chrome, takesScreenshot=true, javascriptEnabled=true, cssSelectorsEnabled=true, setWindowRect=true, unexpectedAlertBehaviour=}]
Session ID: c32c1eeca07a9e17ac4fa9f04f0fcd64
*** Element info: {Using=xpath, value=.//*[@id=&#039;choice1&#039;]}">
      <![CDATA[org.openqa.selenium.NoSuchElementException: no such element: Unable to locate element: {"method":"xpath","selector":".//*[@id='choice1']"}
  (Session info: chrome=66.0.3359.139)
  (Driver info: chromedriver=2.36.540470 (e522d04694c7ebea4ba8821272dbef4f9b818c91),platform=Windows NT 6.1.7601 SP1 x86_64) (WARNING: The server did not provide any stacktrace information)
Command duration or timeout: 11.12 seconds
For documentation on this error, please visit: http://seleniumhq.org/exceptions/no_such_element.html
Build info: version: '2.48.2', revision: '41bccdd10cf2c0560f637404c2d96164b67d9d67', time: '2015-10-09 13:08:06'
System info: host: 'SDF4110IPM096', ip: '10.254.19.60', os.name: 'Windows 7', os.arch: 'amd64', os.version: '6.1', java.version: '1.8.0_171'
Driver info: org.openqa.selenium.chrome.ChromeDriver
Capabilities [{applicationCacheEnabled=false, rotatable=false, mobileEmulationEnabled=false, networkConnectionEnabled=false, chrome={chromedriverVersion=2.36.540470 (e522d04694c7ebea4ba8821272dbef4f9b818c91), userDataDir=C:\Users\JAIN~1.ANU\AppData\Local\Temp\scoped_dir7040_14135}, takesHeapSnapshot=true, pageLoadStrategy=normal, databaseEnabled=false, handlesAlerts=true, hasTouchScreen=false, version=66.0.3359.139, platform=XP, browserConnectionEnabled=false, nativeEvents=true, acceptSslCerts=false, acceptInsecureCerts=false, locationContextEnabled=true, webStorageEnabled=true, browserName=chrome, takesScreenshot=true, javascriptEnabled=true, cssSelectorsEnabled=true, setWindowRect=true, unexpectedAlertBehaviour=}]
Session ID: c32c1eeca07a9e17ac4fa9f04f0fcd64
*** Element info: {Using=xpath, value=.//*[@id='choice1']}
at sun.reflect.NativeConstructorAccessorImpl.newInstance0(Native Method)
at sun.reflect.NativeConstructorAccessorImpl.newInstance(NativeConstructorAccessorImpl.java:62)
at sun.reflect.DelegatingConstructorAccessorImpl.newInstance(DelegatingConstructorAccessorImpl.java:45)
at java.lang.reflect.Constructor.newInstance(Constructor.java:423)
at org.openqa.selenium.remote.ErrorHandler.createThrowable(ErrorHandler.java:206)
at org.openqa.selenium.remote.ErrorHandler.throwIfResponseFailed(ErrorHandler.java:158)
at org.openqa.selenium.remote.RemoteWebDriver.execute(RemoteWebDriver.java:647)
at org.openqa.selenium.remote.RemoteWebDriver.findElement(RemoteWebDriver.java:353)
at org.openqa.selenium.remote.RemoteWebDriver.findElementByXPath(RemoteWebDriver.java:490)
at org.openqa.selenium.By$ByXPath.findElement(By.java:361)
at org.openqa.selenium.remote.RemoteWebDriver.findElement(RemoteWebDriver.java:345)
at Keywords.click.clickTheButton(click.java:14)
at Executer.ExecuteKeywords.ExecuteTheKeywords(ExecuteKeywords.java:66)
at Executer.Execute.getSteps(Execute.java:26)
at sun.reflect.GeneratedMethodAccessor2.invoke(Unknown Source)
at sun.reflect.DelegatingMethodAccessorImpl.invoke(DelegatingMethodAccessorImpl.java:43)
at java.lang.reflect.Method.invoke(Method.java:498)
at org.testng.internal.MethodInvocationHelper.invokeMethod(MethodInvocationHelper.java:124)
at org.testng.internal.Invoker.invokeMethod(Invoker.java:580)
at org.testng.internal.Invoker.invokeTestMethod(Invoker.java:716)
at org.testng.internal.Invoker.invokeTestMethods(Invoker.java:988)
at org.testng.internal.TestMethodWorker.invokeTestMethods(TestMethodWorker.java:125)
at org.testng.internal.TestMethodWorker.run(TestMethodWorker.java:109)
at org.testng.TestRunner.privateRun(TestRunner.java:648)
at org.testng.TestRunner.run(TestRunner.java:505)
at org.testng.SuiteRunner.runTest(SuiteRunner.java:455)
at org.testng.SuiteRunner.runSequentially(SuiteRunner.java:450)
at org.testng.SuiteRunner.privateRun(SuiteRunner.java:415)
at org.testng.SuiteRunner.run(SuiteRunner.java:364)
at org.testng.SuiteRunnerWorker.runSuite(SuiteRunnerWorker.java:52)
at org.testng.SuiteRunnerWorker.run(SuiteRunnerWorker.java:84)
at org.testng.TestNG.runSuitesSequentially(TestNG.java:1208)
at org.testng.TestNG.runSuitesLocally(TestNG.java:1137)
at org.testng.TestNG.runSuites(TestNG.java:1049)
at org.testng.TestNG.run(TestNG.java:1017)
at org.testng.remote.AbstractRemoteTestNG.run(AbstractRemoteTestNG.java:114)
at org.testng.remote.RemoteTestNG.initAndRun(RemoteTestNG.java:251)
at org.testng.remote.RemoteTestNG.main(RemoteTestNG.java:77)
]]>
    </error>
  </testcase> <!-- getSteps -->
  <testcase name="getSteps" time="0.084" classname="Executer.Execute"/>
  <testcase name="getSteps" time="0.072" classname="Executer.Execute"/>
  <testcase name="getSteps" time="0.070" classname="Executer.Execute"/>
  <testcase name="getSteps" time="0.086" classname="Executer.Execute"/>
  <testcase name="getSteps" time="0.077" classname="Executer.Execute"/>
  <testcase name="getSteps" time="0.071" classname="Executer.Execute"/>
  <testcase name="getSteps" time="0.088" classname="Executer.Execute"/>
  <testcase name="getSteps" time="0.072" classname="Executer.Execute"/>
  <testcase name="getSteps" time="1.974" classname="Executer.Execute"/>
  <testcase name="getSteps" time="0.088" classname="Executer.Execute"/>
  <testcase name="getSteps" time="0.083" classname="Executer.Execute"/>
  <testcase name="getSteps" time="0.078" classname="Executer.Execute"/>
  <testcase name="getSteps" time="0.080" classname="Executer.Execute"/>
  <testcase name="getSteps" time="0.069" classname="Executer.Execute"/>
  <testcase name="getSteps" time="0.072" classname="Executer.Execute"/>
  <testcase name="getSteps" time="0.078" classname="Executer.Execute"/>
  <testcase name="getSteps" time="1.341" classname="Executer.Execute"/>
  <testcase name="getSteps" time="0.070" classname="Executer.Execute"/>
  <testcase name="getSteps" time="1.787" classname="Executer.Execute"/>
  <testcase name="getSteps" time="1.949" classname="Executer.Execute"/>
  <testcase name="getSteps" time="0.075" classname="Executer.Execute"/>
  <testcase name="getSteps" time="0.070" classname="Executer.Execute"/>
  <testcase name="getSteps" time="0.073" classname="Executer.Execute"/>
  <testcase name="getSteps" time="0.072" classname="Executer.Execute"/>
  <testcase name="getSteps" time="0.070" classname="Executer.Execute"/>
  <testcase name="getSteps" time="0.095" classname="Executer.Execute"/>
  <testcase name="getSteps" time="0.073" classname="Executer.Execute"/>
  <testcase name="getSteps" time="0.773" classname="Executer.Execute"/>
  <testcase name="getSteps" time="0.069" classname="Executer.Execute"/>
  <testcase name="getSteps" time="0.077" classname="Executer.Execute"/>
  <testcase name="getSteps" time="0.070" classname="Executer.Execute"/>
  <testcase name="getSteps" time="0.070" classname="Executer.Execute"/>
  <testcase name="getSteps" time="0.086" classname="Executer.Execute"/>
  <testcase name="getSteps" time="0.082" classname="Executer.Execute"/>
  <testcase name="getSteps" time="0.087" classname="Executer.Execute"/>
  <testcase name="getSteps" time="0.077" classname="Executer.Execute"/>
  <testcase name="getSteps" time="0.108" classname="Executer.Execute"/>
  <testcase name="getSteps" time="0.069" classname="Executer.Execute"/>
  <testcase name="getSteps" time="0.084" classname="Executer.Execute"/>
  <testcase name="getSteps" time="0.075" classname="Executer.Execute"/>
  <testcase name="getSteps" time="0.071" classname="Executer.Execute"/>
  <testcase name="getSteps" time="0.084" classname="Executer.Execute"/>
  <testcase name="getSteps" time="0.072" classname="Executer.Execute"/>
  <testcase name="getSteps" time="0.072" classname="Executer.Execute"/>
  <testcase name="getSteps" time="0.112" classname="Executer.Execute"/>
  <testcase name="getSteps" time="0.083" classname="Executer.Execute"/>
  <testcase name="getSteps" time="0.072" classname="Executer.Execute"/>
  <testcase name="getSteps" time="1.182" classname="Executer.Execute"/>
  <testcase name="getSteps" time="0.070" classname="Executer.Execute"/>
  <testcase name="getSteps" time="0.070" classname="Executer.Execute"/>
  <testcase name="getSteps" time="0.094" classname="Executer.Execute"/>
  <testcase name="getSteps" time="6.522" classname="Executer.Execute"/>
  <testcase name="getSteps" time="0.073" classname="Executer.Execute"/>
  <testcase name="getSteps" time="0.106" classname="Executer.Execute"/>
  <testcase name="getSteps" time="0.087" classname="Executer.Execute"/>
  <testcase name="getSteps" time="0.531" classname="Executer.Execute"/>
  <testcase name="getSteps" time="1.052" classname="Executer.Execute"/>
  <testcase name="getSteps" time="0.076" classname="Executer.Execute"/>
  <testcase name="getSteps" time="0.079" classname="Executer.Execute"/>
  <testcase name="getSteps" time="0.075" classname="Executer.Execute"/>
  <testcase name="getSteps" time="0.070" classname="Executer.Execute"/>
  <testcase name="getSteps" time="0.072" classname="Executer.Execute"/>
  <testcase name="getSteps" time="0.070" classname="Executer.Execute"/>
  <testcase name="getSteps" time="0.069" classname="Executer.Execute"/>
  <testcase name="getSteps" time="0.087" classname="Executer.Execute"/>
  <testcase name="getSteps" time="5.191" classname="Executer.Execute"/>
  <testcase name="getSteps" time="0.093" classname="Executer.Execute"/>
  <testcase name="getSteps" time="1.136" classname="Executer.Execute"/>
  <testcase name="getSteps" time="1.725" classname="Executer.Execute"/>
  <testcase name="getSteps" time="0.082" classname="Executer.Execute"/>
  <testcase name="getSteps" time="0.086" classname="Executer.Execute"/>
  <testcase name="getSteps" time="3.464" classname="Executer.Execute"/>
  <testcase name="getSteps" time="0.072" classname="Executer.Execute"/>
  <testcase name="getSteps" time="1.967" classname="Executer.Execute"/>
  <testcase name="getSteps" time="0.083" classname="Executer.Execute"/>
  <testcase name="getSteps" time="0.086" classname="Executer.Execute"/>
  <testcase name="getSteps" time="0.071" classname="Executer.Execute"/>
  <testcase name="getSteps" time="0.071" classname="Executer.Execute"/>
  <testcase name="getSteps" time="0.091" classname="Executer.Execute"/>
  <testcase name="getSteps" time="0.078" classname="Executer.Execute"/>
  <testcase name="getSteps" time="0.074" classname="Executer.Execute"/>
  <testcase name="getSteps" time="0.087" classname="Executer.Execute"/>
  <testcase name="getSteps" time="0.071" classname="Executer.Execute"/>
  <testcase name="getSteps" time="0.072" classname="Executer.Execute"/>
  <testcase name="getSteps" time="0.074" classname="Executer.Execute"/>
  <testcase name="getSteps" time="7.797" classname="Executer.Execute"/>
  <testcase name="getSteps" time="0.070" classname="Executer.Execute"/>
  <testcase name="getSteps" time="1.085" classname="Executer.Execute"/>
  <testcase name="getSteps" time="0.071" classname="Executer.Execute"/>
  <testcase name="getSteps" time="0.073" classname="Executer.Execute"/>
  <testcase name="getSteps" time="0.073" classname="Executer.Execute"/>
  <testcase name="getSteps" time="0.094" classname="Executer.Execute"/>
  <testcase name="getSteps" time="0.069" classname="Executer.Execute"/>
  <testcase name="getSteps" time="0.612" classname="Executer.Execute"/>
  <testcase name="getSteps" time="1.135" classname="Executer.Execute"/>
  <testcase name="getSteps" time="0.070" classname="Executer.Execute"/>
  <testcase name="getSteps" time="0.796" classname="Executer.Execute"/>
  <testcase name="getSteps" time="0.096" classname="Executer.Execute"/>
  <testcase name="getSteps" time="0.117" classname="Executer.Execute"/>
  <testcase name="getSteps" time="1.906" classname="Executer.Execute"/>
  <testcase name="getSteps" time="0.071" classname="Executer.Execute"/>
  <testcase name="getSteps" time="0.077" classname="Executer.Execute"/>
  <testcase name="getSteps" time="0.080" classname="Executer.Execute"/>
  <testcase name="getSteps" time="0.071" classname="Executer.Execute"/>
  <testcase name="getSteps" time="0.080" classname="Executer.Execute"/>
  <testcase name="getSteps" time="0.077" classname="Executer.Execute"/>
  <testcase name="getSteps" time="0.072" classname="Executer.Execute"/>
  <testcase name="getSteps" time="0.070" classname="Executer.Execute"/>
  <testcase name="getSteps" time="0.129" classname="Executer.Execute"/>
  <testcase name="getSteps" time="0.080" classname="Executer.Execute"/>
  <testcase name="getSteps" time="0.076" classname="Executer.Execute"/>
  <testcase name="getSteps" time="0.070" classname="Executer.Execute"/>
  <testcase name="getSteps" time="0.070" classname="Executer.Execute"/>
  <testcase name="getSteps" time="0.071" classname="Executer.Execute"/>
  <testcase name="getSteps" time="0.110" classname="Executer.Execute"/>
  <testcase name="getSteps" time="1.532" classname="Executer.Execute"/>
  <testcase name="getSteps" time="0.071" classname="Executer.Execute"/>
  <testcase name="getSteps" time="0.080" classname="Executer.Execute"/>
  <testcase name="getSteps" time="0.074" classname="Executer.Execute"/>
  <testcase name="getSteps" time="0.073" classname="Executer.Execute"/>
  <testcase name="getSteps" time="0.084" classname="Executer.Execute"/>
  <testcase name="getSteps" time="0.080" classname="Executer.Execute"/>
  <testcase name="getSteps" time="0.071" classname="Executer.Execute"/>
  <testcase name="getSteps" time="0.070" classname="Executer.Execute"/>
  <testcase name="getSteps" time="0.073" classname="Executer.Execute"/>
  <testcase name="getSteps" time="0.072" classname="Executer.Execute"/>
  <testcase name="getSteps" time="0.072" classname="Executer.Execute"/>
  <testcase name="getSteps" time="0.072" classname="Executer.Execute"/>
  <testcase name="getSteps" time="0.072" classname="Executer.Execute"/>
  <testcase name="getSteps" time="0.081" classname="Executer.Execute"/>
  <testcase name="getSteps" time="0.070" classname="Executer.Execute"/>
  <testcase name="getSteps" time="0.073" classname="Executer.Execute"/>
  <testcase name="getSteps" time="0.081" classname="Executer.Execute"/>
  <testcase name="getSteps" time="0.070" classname="Executer.Execute"/>
  <testcase name="getSteps" time="0.073" classname="Executer.Execute"/>
  <testcase name="getSteps" time="0.074" classname="Executer.Execute"/>
  <testcase name="getSteps" time="1.612" classname="Executer.Execute"/>
  <testcase name="getSteps" time="0.077" classname="Executer.Execute"/>
  <testcase name="getSteps" time="0.772" classname="Executer.Execute"/>
  <testcase name="getSteps" time="0.070" classname="Executer.Execute"/>
  <testcase name="getSteps" time="0.107" classname="Executer.Execute"/>
  <testcase name="getSteps" time="0.072" classname="Executer.Execute"/>
  <testcase name="getSteps" time="0.070" classname="Executer.Execute"/>
  <testcase name="getSteps" time="0.083" classname="Executer.Execute"/>
  <testcase name="getSteps" time="0.071" classname="Executer.Execute"/>
  <testcase name="getSteps" time="2.291" classname="Executer.Execute"/>
  <testcase name="getSteps" time="10.509" classname="Executer.Execute"/>
  <testcase name="getSteps" time="0.087" classname="Executer.Execute"/>
  <testcase name="getSteps" time="0.076" classname="Executer.Execute"/>
  <testcase name="getSteps" time="0.069" classname="Executer.Execute"/>
  <testcase name="getSteps" time="1.769" classname="Executer.Execute"/>
  <testcase name="getSteps" time="1.991" classname="Executer.Execute"/>
  <testcase name="getSteps" time="0.089" classname="Executer.Execute"/>
  <testcase name="getSteps" time="0.084" classname="Executer.Execute"/>
  <testcase name="getSteps" time="0.090" classname="Executer.Execute"/>
  <testcase name="getSteps" time="0.076" classname="Executer.Execute"/>
  <testcase name="getSteps" time="1.002" classname="Executer.Execute"/>
  <testcase name="getSteps" time="0.071" classname="Executer.Execute"/>
  <testcase name="getSteps" time="0.093" classname="Executer.Execute"/>
  <testcase name="getSteps" time="0.116" classname="Executer.Execute"/>
  <testcase name="getSteps" time="0.076" classname="Executer.Execute"/>
  <testcase name="getSteps" time="0.072" classname="Executer.Execute"/>
  <testcase name="getSteps" time="0.075" classname="Executer.Execute"/>
  <testcase name="getSteps" time="0.071" classname="Executer.Execute"/>
  <testcase name="getSteps" time="1.443" classname="Executer.Execute"/>
  <testcase name="getSteps" time="0.074" classname="Executer.Execute"/>
  <testcase name="getSteps" time="0.071" classname="Executer.Execute"/>
  <testcase name="getSteps" time="0.075" classname="Executer.Execute"/>
  <testcase name="getSteps" time="0.078" classname="Executer.Execute"/>
  <testcase name="getSteps" time="0.101" classname="Executer.Execute"/>
  <testcase name="getSteps" time="1.290" classname="Executer.Execute"/>
  <testcase name="getSteps" time="0.072" classname="Executer.Execute"/>
  <testcase name="getSteps" time="0.070" classname="Executer.Execute"/>
  <testcase name="getSteps" time="0.073" classname="Executer.Execute"/>
  <testcase name="getSteps" time="0.075" classname="Executer.Execute"/>
  <testcase name="getSteps" time="0.087" classname="Executer.Execute"/>
  <testcase name="getSteps" time="0.106" classname="Executer.Execute"/>
  <testcase name="getSteps" time="0.073" classname="Executer.Execute"/>
  <testcase name="getSteps" time="0.069" classname="Executer.Execute"/>
  <testcase name="getSteps" time="0.070" classname="Executer.Execute"/>
  <testcase name="getSteps" time="0.089" classname="Executer.Execute"/>
  <testcase name="getSteps" time="0.077" classname="Executer.Execute"/>
  <testcase name="getSteps" time="0.938" classname="Executer.Execute">
    <error type="org.openqa.selenium.InvalidSelectorException" message="invalid selector: Unable to locate an element with the xpath expression REIMBURSEMENTOFEXPENSES/DISBURSEMENTS because of the following error:
SyntaxError: Failed to execute &#039;evaluate&#039; on &#039;Document&#039;: The string &#039;REIMBURSEMENTOFEXPENSES/DISBURSEMENTS&#039; is not a valid XPath expression.
  (Session info: chrome=66.0.3359.139)
  (Driver info: chromedriver=2.36.540470 (e522d04694c7ebea4ba8821272dbef4f9b818c91),platform=Windows NT 6.1.7601 SP1 x86_64) (WARNING: The server did not provide any stacktrace information)
Command duration or timeout: 27 milliseconds
For documentation on this error, please visit: http://seleniumhq.org/exceptions/invalid_selector_exception.html
Build info: version: &#039;2.48.2&#039;, revision: &#039;41bccdd10cf2c0560f637404c2d96164b67d9d67&#039;, time: &#039;2015-10-09 13:08:06&#039;
System info: host: &#039;SDF4110IPM096&#039;, ip: &#039;10.254.19.60&#039;, os.name: &#039;Windows 7&#039;, os.arch: &#039;amd64&#039;, os.version: &#039;6.1&#039;, java.version: &#039;1.8.0_171&#039;
Driver info: org.openqa.selenium.chrome.ChromeDriver
Capabilities [{applicationCacheEnabled=false, rotatable=false, mobileEmulationEnabled=false, networkConnectionEnabled=false, chrome={chromedriverVersion=2.36.540470 (e522d04694c7ebea4ba8821272dbef4f9b818c91), userDataDir=C:\Users\JAIN~1.ANU\AppData\Local\Temp\scoped_dir2684_27627}, takesHeapSnapshot=true, pageLoadStrategy=normal, databaseEnabled=false, handlesAlerts=true, hasTouchScreen=false, version=66.0.3359.139, platform=XP, browserConnectionEnabled=false, nativeEvents=true, acceptSslCerts=false, acceptInsecureCerts=false, locationContextEnabled=true, webStorageEnabled=true, browserName=chrome, takesScreenshot=true, javascriptEnabled=true, cssSelectorsEnabled=true, setWindowRect=true, unexpectedAlertBehaviour=}]
Session ID: 2a403a1df2e40b1638af2e2db7b2b704
*** Element info: {Using=xpath, value=REIMBURSEMENTOFEXPENSES/DISBURSEMENTS}">
      <![CDATA[org.openqa.selenium.InvalidSelectorException: invalid selector: Unable to locate an element with the xpath expression REIMBURSEMENTOFEXPENSES/DISBURSEMENTS because of the following error:
SyntaxError: Failed to execute 'evaluate' on 'Document': The string 'REIMBURSEMENTOFEXPENSES/DISBURSEMENTS' is not a valid XPath expression.
  (Session info: chrome=66.0.3359.139)
  (Driver info: chromedriver=2.36.540470 (e522d04694c7ebea4ba8821272dbef4f9b818c91),platform=Windows NT 6.1.7601 SP1 x86_64) (WARNING: The server did not provide any stacktrace information)
Command duration or timeout: 27 milliseconds
For documentation on this error, please visit: http://seleniumhq.org/exceptions/invalid_selector_exception.html
Build info: version: '2.48.2', revision: '41bccdd10cf2c0560f637404c2d96164b67d9d67', time: '2015-10-09 13:08:06'
System info: host: 'SDF4110IPM096', ip: '10.254.19.60', os.name: 'Windows 7', os.arch: 'amd64', os.version: '6.1', java.version: '1.8.0_171'
Driver info: org.openqa.selenium.chrome.ChromeDriver
Capabilities [{applicationCacheEnabled=false, rotatable=false, mobileEmulationEnabled=false, networkConnectionEnabled=false, chrome={chromedriverVersion=2.36.540470 (e522d04694c7ebea4ba8821272dbef4f9b818c91), userDataDir=C:\Users\JAIN~1.ANU\AppData\Local\Temp\scoped_dir2684_27627}, takesHeapSnapshot=true, pageLoadStrategy=normal, databaseEnabled=false, handlesAlerts=true, hasTouchScreen=false, version=66.0.3359.139, platform=XP, browserConnectionEnabled=false, nativeEvents=true, acceptSslCerts=false, acceptInsecureCerts=false, locationContextEnabled=true, webStorageEnabled=true, browserName=chrome, takesScreenshot=true, javascriptEnabled=true, cssSelectorsEnabled=true, setWindowRect=true, unexpectedAlertBehaviour=}]
Session ID: 2a403a1df2e40b1638af2e2db7b2b704
*** Element info: {Using=xpath, value=REIMBURSEMENTOFEXPENSES/DISBURSEMENTS}
at sun.reflect.NativeConstructorAccessorImpl.newInstance0(Native Method)
at sun.reflect.NativeConstructorAccessorImpl.newInstance(NativeConstructorAccessorImpl.java:62)
at sun.reflect.DelegatingConstructorAccessorImpl.newInstance(DelegatingConstructorAccessorImpl.java:45)
at java.lang.reflect.Constructor.newInstance(Constructor.java:423)
at org.openqa.selenium.remote.ErrorHandler.createThrowable(ErrorHandler.java:206)
at org.openqa.selenium.remote.ErrorHandler.throwIfResponseFailed(ErrorHandler.java:158)
at org.openqa.selenium.remote.RemoteWebDriver.execute(RemoteWebDriver.java:647)
at org.openqa.selenium.remote.RemoteWebDriver.findElements(RemoteWebDriver.java:378)
at org.openqa.selenium.remote.RemoteWebDriver.findElementsByXPath(RemoteWebDriver.java:494)
at org.openqa.selenium.By$ByXPath.findElements(By.java:356)
at org.openqa.selenium.remote.RemoteWebDriver.findElements(RemoteWebDriver.java:341)
at Keywords.Table.GetDataFromTable(Table.java:23)
at Executer.ExecuteKeywords.ExecuteTheKeywords(ExecuteKeywords.java:154)
at Executer.Execute.getSteps(Execute.java:26)
at sun.reflect.GeneratedMethodAccessor2.invoke(Unknown Source)
at sun.reflect.DelegatingMethodAccessorImpl.invoke(DelegatingMethodAccessorImpl.java:43)
at java.lang.reflect.Method.invoke(Method.java:498)
at org.testng.internal.MethodInvocationHelper.invokeMethod(MethodInvocationHelper.java:124)
at org.testng.internal.Invoker.invokeMethod(Invoker.java:580)
at org.testng.internal.Invoker.invokeTestMethod(Invoker.java:716)
at org.testng.internal.Invoker.invokeTestMethods(Invoker.java:988)
at org.testng.internal.TestMethodWorker.invokeTestMethods(TestMethodWorker.java:125)
at org.testng.internal.TestMethodWorker.run(TestMethodWorker.java:109)
at org.testng.TestRunner.privateRun(TestRunner.java:648)
at org.testng.TestRunner.run(TestRunner.java:505)
at org.testng.SuiteRunner.runTest(SuiteRunner.java:455)
at org.testng.SuiteRunner.runSequentially(SuiteRunner.java:450)
at org.testng.SuiteRunner.privateRun(SuiteRunner.java:415)
at org.testng.SuiteRunner.run(SuiteRunner.java:364)
at org.testng.SuiteRunnerWorker.runSuite(SuiteRunnerWorker.java:52)
at org.testng.SuiteRunnerWorker.run(SuiteRunnerWorker.java:84)
at org.testng.TestNG.runSuitesSequentially(TestNG.java:1208)
at org.testng.TestNG.runSuitesLocally(TestNG.java:1137)
at org.testng.TestNG.runSuites(TestNG.java:1049)
at org.testng.TestNG.run(TestNG.java:1017)
at org.testng.remote.AbstractRemoteTestNG.run(AbstractRemoteTestNG.java:114)
at org.testng.remote.RemoteTestNG.initAndRun(RemoteTestNG.java:251)
at org.testng.remote.RemoteTestNG.main(RemoteTestNG.java:77)
]]>
    </error>
  </testcase> <!-- getSteps -->
  <testcase name="getSteps" time="0.075" classname="Executer.Execute"/>
  <testcase name="getSteps" time="0.070" classname="Executer.Execute"/>
  <testcase name="getSteps" time="0.590" classname="Executer.Execute">
    <error type="org.openqa.selenium.ElementNotVisibleException" message="element not visible
  (Session info: chrome=66.0.3359.139)
  (Driver info: chromedriver=2.36.540470 (e522d04694c7ebea4ba8821272dbef4f9b818c91),platform=Windows NT 6.1.7601 SP1 x86_64) (WARNING: The server did not provide any stacktrace information)
Command duration or timeout: 88 milliseconds
Build info: version: &#039;2.48.2&#039;, revision: &#039;41bccdd10cf2c0560f637404c2d96164b67d9d67&#039;, time: &#039;2015-10-09 13:08:06&#039;
System info: host: &#039;SDF4110IPM096&#039;, ip: &#039;10.254.19.60&#039;, os.name: &#039;Windows 7&#039;, os.arch: &#039;amd64&#039;, os.version: &#039;6.1&#039;, java.version: &#039;1.8.0_171&#039;
Driver info: org.openqa.selenium.chrome.ChromeDriver
Capabilities [{applicationCacheEnabled=false, rotatable=false, mobileEmulationEnabled=false, networkConnectionEnabled=false, chrome={chromedriverVersion=2.36.540470 (e522d04694c7ebea4ba8821272dbef4f9b818c91), userDataDir=C:\Users\JAIN~1.ANU\AppData\Local\Temp\scoped_dir6548_10858}, takesHeapSnapshot=true, pageLoadStrategy=normal, databaseEnabled=false, handlesAlerts=true, hasTouchScreen=false, version=66.0.3359.139, platform=XP, browserConnectionEnabled=false, nativeEvents=true, acceptSslCerts=false, acceptInsecureCerts=false, locationContextEnabled=true, webStorageEnabled=true, browserName=chrome, takesScreenshot=true, javascriptEnabled=true, cssSelectorsEnabled=true, setWindowRect=true, unexpectedAlertBehaviour=}]
Session ID: 83a937091f481aea647c525b32557181">
      <![CDATA[org.openqa.selenium.ElementNotVisibleException: element not visible
  (Session info: chrome=66.0.3359.139)
  (Driver info: chromedriver=2.36.540470 (e522d04694c7ebea4ba8821272dbef4f9b818c91),platform=Windows NT 6.1.7601 SP1 x86_64) (WARNING: The server did not provide any stacktrace information)
Command duration or timeout: 88 milliseconds
Build info: version: '2.48.2', revision: '41bccdd10cf2c0560f637404c2d96164b67d9d67', time: '2015-10-09 13:08:06'
System info: host: 'SDF4110IPM096', ip: '10.254.19.60', os.name: 'Windows 7', os.arch: 'amd64', os.version: '6.1', java.version: '1.8.0_171'
Driver info: org.openqa.selenium.chrome.ChromeDriver
Capabilities [{applicationCacheEnabled=false, rotatable=false, mobileEmulationEnabled=false, networkConnectionEnabled=false, chrome={chromedriverVersion=2.36.540470 (e522d04694c7ebea4ba8821272dbef4f9b818c91), userDataDir=C:\Users\JAIN~1.ANU\AppData\Local\Temp\scoped_dir6548_10858}, takesHeapSnapshot=true, pageLoadStrategy=normal, databaseEnabled=false, handlesAlerts=true, hasTouchScreen=false, version=66.0.3359.139, platform=XP, browserConnectionEnabled=false, nativeEvents=true, acceptSslCerts=false, acceptInsecureCerts=false, locationContextEnabled=true, webStorageEnabled=true, browserName=chrome, takesScreenshot=true, javascriptEnabled=true, cssSelectorsEnabled=true, setWindowRect=true, unexpectedAlertBehaviour=}]
Session ID: 83a937091f481aea647c525b32557181
at sun.reflect.NativeConstructorAccessorImpl.newInstance0(Native Method)
at sun.reflect.NativeConstructorAccessorImpl.newInstance(NativeConstructorAccessorImpl.java:62)
at sun.reflect.DelegatingConstructorAccessorImpl.newInstance(DelegatingConstructorAccessorImpl.java:45)
at java.lang.reflect.Constructor.newInstance(Constructor.java:423)
at org.openqa.selenium.remote.ErrorHandler.createThrowable(ErrorHandler.java:206)
at org.openqa.selenium.remote.ErrorHandler.throwIfResponseFailed(ErrorHandler.java:158)
at org.openqa.selenium.remote.RemoteWebDriver.execute(RemoteWebDriver.java:647)
at org.openqa.selenium.remote.RemoteWebElement.execute(RemoteWebElement.java:326)
at org.openqa.selenium.remote.RemoteWebElement.click(RemoteWebElement.java:84)
at Keywords.click.clickTheButton(click.java:14)
at Executer.ExecuteKeywords.ExecuteTheKeywords(ExecuteKeywords.java:66)
at Executer.Execute.getSteps(Execute.java:26)
at sun.reflect.GeneratedMethodAccessor2.invoke(Unknown Source)
at sun.reflect.DelegatingMethodAccessorImpl.invoke(DelegatingMethodAccessorImpl.java:43)
at java.lang.reflect.Method.invoke(Method.java:498)
at org.testng.internal.MethodInvocationHelper.invokeMethod(MethodInvocationHelper.java:124)
at org.testng.internal.Invoker.invokeMethod(Invoker.java:580)
at org.testng.internal.Invoker.invokeTestMethod(Invoker.java:716)
at org.testng.internal.Invoker.invokeTestMethods(Invoker.java:988)
at org.testng.internal.TestMethodWorker.invokeTestMethods(TestMethodWorker.java:125)
at org.testng.internal.TestMethodWorker.run(TestMethodWorker.java:109)
at org.testng.TestRunner.privateRun(TestRunner.java:648)
at org.testng.TestRunner.run(TestRunner.java:505)
at org.testng.SuiteRunner.runTest(SuiteRunner.java:455)
at org.testng.SuiteRunner.runSequentially(SuiteRunner.java:450)
at org.testng.SuiteRunner.privateRun(SuiteRunner.java:415)
at org.testng.SuiteRunner.run(SuiteRunner.java:364)
at org.testng.SuiteRunnerWorker.runSuite(SuiteRunnerWorker.java:52)
at org.testng.SuiteRunnerWorker.run(SuiteRunnerWorker.java:84)
at org.testng.TestNG.runSuitesSequentially(TestNG.java:1208)
at org.testng.TestNG.runSuitesLocally(TestNG.java:1137)
at org.testng.TestNG.runSuites(TestNG.java:1049)
at org.testng.TestNG.run(TestNG.java:1017)
at org.testng.remote.AbstractRemoteTestNG.run(AbstractRemoteTestNG.java:114)
at org.testng.remote.RemoteTestNG.initAndRun(RemoteTestNG.java:251)
at org.testng.remote.RemoteTestNG.main(RemoteTestNG.java:77)
]]>
    </error>
  </testcase> <!-- getSteps -->
  <testcase name="getSteps" time="0.071" classname="Executer.Execute"/>
  <testcase name="getSteps" time="0.070" classname="Executer.Execute"/>
  <testcase name="getSteps" time="0.071" classname="Executer.Execute"/>
  <testcase name="getSteps" time="0.078" classname="Executer.Execute"/>
  <testcase name="getSteps" time="0.069" classname="Executer.Execute"/>
  <testcase name="getSteps" time="0.071" classname="Executer.Execute"/>
  <testcase name="getSteps" time="0.074" classname="Executer.Execute"/>
  <testcase name="getSteps" time="0.072" classname="Executer.Execute"/>
  <testcase name="getSteps" time="0.070" classname="Executer.Execute"/>
  <testcase name="getSteps" time="0.072" classname="Executer.Execute"/>
  <testcase name="getSteps" time="0.084" classname="Executer.Execute"/>
  <testcase name="getSteps" time="0.073" classname="Executer.Execute"/>
  <testcase name="getSteps" time="0.070" classname="Executer.Execute"/>
  <testcase name="getSteps" time="0.081" classname="Executer.Execute"/>
  <testcase name="getSteps" time="0.069" classname="Executer.Execute"/>
  <testcase name="getSteps" time="0.071" classname="Executer.Execute"/>
  <testcase name="getSteps" time="0.070" classname="Executer.Execute"/>
  <testcase name="getSteps" time="0.070" classname="Executer.Execute"/>
  <testcase name="getSteps" time="0.104" classname="Executer.Execute"/>
  <testcase name="getSteps" time="0.133" classname="Executer.Execute"/>
  <testcase name="getSteps" time="0.077" classname="Executer.Execute"/>
  <testcase name="getSteps" time="0.149" classname="Executer.Execute"/>
  <testcase name="getSteps" time="0.070" classname="Executer.Execute"/>
  <testcase name="getSteps" time="0.071" classname="Executer.Execute"/>
  <testcase name="getSteps" time="0.072" classname="Executer.Execute"/>
  <testcase name="getSteps" time="0.072" classname="Executer.Execute"/>
  <testcase name="getSteps" time="0.071" classname="Executer.Execute"/>
  <testcase name="getSteps" time="0.071" classname="Executer.Execute"/>
  <testcase name="getSteps" time="0.075" classname="Executer.Execute"/>
  <testcase name="getSteps" time="2.427" classname="Executer.Execute"/>
  <testcase name="getSteps" time="0.070" classname="Executer.Execute"/>
  <testcase name="getSteps" time="0.079" classname="Executer.Execute"/>
  <testcase name="getSteps" time="0.073" classname="Executer.Execute"/>
  <testcase name="getSteps" time="0.082" classname="Executer.Execute"/>
  <testcase name="getSteps" time="1.944" classname="Executer.Execute"/>
  <testcase name="getSteps" time="0.098" classname="Executer.Execute"/>
  <testcase name="getSteps" time="0.079" classname="Executer.Execute"/>
  <testcase name="getSteps" time="0.744" classname="Executer.Execute">
    <error type="org.openqa.selenium.WebDriverException" message="unknown error: Element &lt;a href=&quot;/IPPGeneric/Login/Logout&quot; class=&quot;k-link&quot;&gt;...&lt;/a&gt; is not clickable at point (1045, 29). Other element would receive the click: &lt;span class=&quot;k-link k-state-active k-state-border-down&quot;&gt;...&lt;/span&gt;
  (Session info: chrome=66.0.3359.139)
  (Driver info: chromedriver=2.36.540470 (e522d04694c7ebea4ba8821272dbef4f9b818c91),platform=Windows NT 6.1.7601 SP1 x86_64) (WARNING: The server did not provide any stacktrace information)
Command duration or timeout: 68 milliseconds
Build info: version: &#039;2.48.2&#039;, revision: &#039;41bccdd10cf2c0560f637404c2d96164b67d9d67&#039;, time: &#039;2015-10-09 13:08:06&#039;
System info: host: &#039;SDF4110IPM096&#039;, ip: &#039;10.254.19.60&#039;, os.name: &#039;Windows 7&#039;, os.arch: &#039;amd64&#039;, os.version: &#039;6.1&#039;, java.version: &#039;1.8.0_171&#039;
Driver info: org.openqa.selenium.chrome.ChromeDriver
Capabilities [{applicationCacheEnabled=false, rotatable=false, mobileEmulationEnabled=false, networkConnectionEnabled=false, chrome={chromedriverVersion=2.36.540470 (e522d04694c7ebea4ba8821272dbef4f9b818c91), userDataDir=C:\Users\JAIN~1.ANU\AppData\Local\Temp\scoped_dir7040_14135}, takesHeapSnapshot=true, pageLoadStrategy=normal, databaseEnabled=false, handlesAlerts=true, hasTouchScreen=false, version=66.0.3359.139, platform=XP, browserConnectionEnabled=false, nativeEvents=true, acceptSslCerts=false, acceptInsecureCerts=false, locationContextEnabled=true, webStorageEnabled=true, browserName=chrome, takesScreenshot=true, javascriptEnabled=true, cssSelectorsEnabled=true, setWindowRect=true, unexpectedAlertBehaviour=}]
Session ID: c32c1eeca07a9e17ac4fa9f04f0fcd64">
      <![CDATA[org.openqa.selenium.WebDriverException: unknown error: Element <a href="/IPPGeneric/Login/Logout" class="k-link">...</a> is not clickable at point (1045, 29). Other element would receive the click: <span class="k-link k-state-active k-state-border-down">...</span>
  (Session info: chrome=66.0.3359.139)
  (Driver info: chromedriver=2.36.540470 (e522d04694c7ebea4ba8821272dbef4f9b818c91),platform=Windows NT 6.1.7601 SP1 x86_64) (WARNING: The server did not provide any stacktrace information)
Command duration or timeout: 68 milliseconds
Build info: version: '2.48.2', revision: '41bccdd10cf2c0560f637404c2d96164b67d9d67', time: '2015-10-09 13:08:06'
System info: host: 'SDF4110IPM096', ip: '10.254.19.60', os.name: 'Windows 7', os.arch: 'amd64', os.version: '6.1', java.version: '1.8.0_171'
Driver info: org.openqa.selenium.chrome.ChromeDriver
Capabilities [{applicationCacheEnabled=false, rotatable=false, mobileEmulationEnabled=false, networkConnectionEnabled=false, chrome={chromedriverVersion=2.36.540470 (e522d04694c7ebea4ba8821272dbef4f9b818c91), userDataDir=C:\Users\JAIN~1.ANU\AppData\Local\Temp\scoped_dir7040_14135}, takesHeapSnapshot=true, pageLoadStrategy=normal, databaseEnabled=false, handlesAlerts=true, hasTouchScreen=false, version=66.0.3359.139, platform=XP, browserConnectionEnabled=false, nativeEvents=true, acceptSslCerts=false, acceptInsecureCerts=false, locationContextEnabled=true, webStorageEnabled=true, browserName=chrome, takesScreenshot=true, javascriptEnabled=true, cssSelectorsEnabled=true, setWindowRect=true, unexpectedAlertBehaviour=}]
Session ID: c32c1eeca07a9e17ac4fa9f04f0fcd64
at sun.reflect.NativeConstructorAccessorImpl.newInstance0(Native Method)
at sun.reflect.NativeConstructorAccessorImpl.newInstance(NativeConstructorAccessorImpl.java:62)
at sun.reflect.DelegatingConstructorAccessorImpl.newInstance(DelegatingConstructorAccessorImpl.java:45)
at java.lang.reflect.Constructor.newInstance(Constructor.java:423)
at org.openqa.selenium.remote.ErrorHandler.createThrowable(ErrorHandler.java:206)
at org.openqa.selenium.remote.ErrorHandler.throwIfResponseFailed(ErrorHandler.java:158)
at org.openqa.selenium.remote.RemoteWebDriver.execute(RemoteWebDriver.java:647)
at org.openqa.selenium.remote.RemoteWebElement.execute(RemoteWebElement.java:326)
at org.openqa.selenium.remote.RemoteWebElement.click(RemoteWebElement.java:84)
at Keywords.Logout.LoginLogoutVerify(Logout.java:17)
at Executer.ExecuteKeywords.ExecuteTheKeywords(ExecuteKeywords.java:86)
at Executer.Execute.getSteps(Execute.java:26)
at sun.reflect.GeneratedMethodAccessor2.invoke(Unknown Source)
at sun.reflect.DelegatingMethodAccessorImpl.invoke(DelegatingMethodAccessorImpl.java:43)
at java.lang.reflect.Method.invoke(Method.java:498)
at org.testng.internal.MethodInvocationHelper.invokeMethod(MethodInvocationHelper.java:124)
at org.testng.internal.Invoker.invokeMethod(Invoker.java:580)
at org.testng.internal.Invoker.invokeTestMethod(Invoker.java:716)
at org.testng.internal.Invoker.invokeTestMethods(Invoker.java:988)
at org.testng.internal.TestMethodWorker.invokeTestMethods(TestMethodWorker.java:125)
at org.testng.internal.TestMethodWorker.run(TestMethodWorker.java:109)
at org.testng.TestRunner.privateRun(TestRunner.java:648)
at org.testng.TestRunner.run(TestRunner.java:505)
at org.testng.SuiteRunner.runTest(SuiteRunner.java:455)
at org.testng.SuiteRunner.runSequentially(SuiteRunner.java:450)
at org.testng.SuiteRunner.privateRun(SuiteRunner.java:415)
at org.testng.SuiteRunner.run(SuiteRunner.java:364)
at org.testng.SuiteRunnerWorker.runSuite(SuiteRunnerWorker.java:52)
at org.testng.SuiteRunnerWorker.run(SuiteRunnerWorker.java:84)
at org.testng.TestNG.runSuitesSequentially(TestNG.java:1208)
at org.testng.TestNG.runSuitesLocally(TestNG.java:1137)
at org.testng.TestNG.runSuites(TestNG.java:1049)
at org.testng.TestNG.run(TestNG.java:1017)
at org.testng.remote.AbstractRemoteTestNG.run(AbstractRemoteTestNG.java:114)
at org.testng.remote.RemoteTestNG.initAndRun(RemoteTestNG.java:251)
at org.testng.remote.RemoteTestNG.main(RemoteTestNG.java:77)
]]>
    </error>
  </testcase> <!-- getSteps -->
  <testcase name="getSteps" time="1.620" classname="Executer.Execute"/>
  <testcase name="getSteps" time="0.080" classname="Executer.Execute"/>
  <testcase name="getSteps" time="0.071" classname="Executer.Execute"/>
  <testcase name="getSteps" time="6.472" classname="Executer.Execute"/>
  <testcase name="getSteps" time="0.091" classname="Executer.Execute"/>
  <testcase name="getSteps" time="0.098" classname="Executer.Execute"/>
  <testcase name="getSteps" time="0.085" classname="Executer.Execute"/>
  <testcase name="getSteps" time="0.988" classname="Executer.Execute"/>
  <testcase name="getSteps" time="0.090" classname="Executer.Execute"/>
  <testcase name="getSteps" time="0.071" classname="Executer.Execute"/>
  <testcase name="getSteps" time="0.071" classname="Executer.Execute"/>
  <testcase name="getSteps" time="0.077" classname="Executer.Execute"/>
  <testcase name="getSteps" time="0.081" classname="Executer.Execute"/>
  <testcase name="getSteps" time="0.069" classname="Executer.Execute"/>
  <testcase name="getSteps" time="0.070" classname="Executer.Execute"/>
  <testcase name="getSteps" time="0.081" classname="Executer.Execute"/>
  <testcase name="getSteps" time="0.071" classname="Executer.Execute"/>
  <testcase name="getSteps" time="0.077" classname="Executer.Execute"/>
  <testcase name="getSteps" time="0.709" classname="Executer.Execute"/>
  <testcase name="getSteps" time="0.072" classname="Executer.Execute"/>
  <testcase name="getSteps" time="1.144" classname="Executer.Execute"/>
  <testcase name="getSteps" time="0.078" classname="Executer.Execute"/>
  <testcase name="getSteps" time="0.071" classname="Executer.Execute"/>
  <testcase name="getSteps" time="0.113" classname="Executer.Execute"/>
  <testcase name="getSteps" time="0.071" classname="Executer.Execute"/>
  <testcase name="getSteps" time="0.070" classname="Executer.Execute"/>
  <testcase name="getSteps" time="0.070" classname="Executer.Execute"/>
  <testcase name="getSteps" time="0.073" classname="Executer.Execute"/>
  <testcase name="getSteps" time="0.070" classname="Executer.Execute"/>
  <testcase name="getSteps" time="0.128" classname="Executer.Execute"/>
  <testcase name="getSteps" time="0.087" classname="Executer.Execute"/>
  <testcase name="getSteps" time="0.073" classname="Executer.Execute"/>
  <testcase name="getSteps" time="0.105" classname="Executer.Execute"/>
  <testcase name="getSteps" time="0.074" classname="Executer.Execute"/>
  <testcase name="getSteps" time="0.094" classname="Executer.Execute"/>
  <testcase name="getSteps" time="0.072" classname="Executer.Execute"/>
  <testcase name="getSteps" time="0.154" classname="Executer.Execute"/>
  <testcase name="getSteps" time="12.292" classname="Executer.Execute"/>
  <testcase name="getSteps" time="0.106" classname="Executer.Execute"/>
  <testcase name="getSteps" time="1.291" classname="Executer.Execute"/>
  <testcase name="getSteps" time="0.081" classname="Executer.Execute"/>
  <testcase name="getSteps" time="0.089" classname="Executer.Execute"/>
  <testcase name="getSteps" time="0.071" classname="Executer.Execute"/>
  <testcase name="getSteps" time="0.079" classname="Executer.Execute"/>
  <testcase name="getSteps" time="1.705" classname="Executer.Execute"/>
  <testcase name="getSteps" time="10.493" classname="Executer.Execute">
    <error type="org.openqa.selenium.NoSuchElementException" message="no such element: Unable to locate element: {&quot;method&quot;:&quot;xpath&quot;,&quot;selector&quot;:&quot;.//*[@id=&#039;btnSubmit&#039;]&quot;}
  (Session info: chrome=66.0.3359.139)
  (Driver info: chromedriver=2.36.540470 (e522d04694c7ebea4ba8821272dbef4f9b818c91),platform=Windows NT 6.1.7601 SP1 x86_64) (WARNING: The server did not provide any stacktrace information)
Command duration or timeout: 10.04 seconds
For documentation on this error, please visit: http://seleniumhq.org/exceptions/no_such_element.html
Build info: version: &#039;2.48.2&#039;, revision: &#039;41bccdd10cf2c0560f637404c2d96164b67d9d67&#039;, time: &#039;2015-10-09 13:08:06&#039;
System info: host: &#039;SDF4110IPM096&#039;, ip: &#039;10.254.19.60&#039;, os.name: &#039;Windows 7&#039;, os.arch: &#039;amd64&#039;, os.version: &#039;6.1&#039;, java.version: &#039;1.8.0_171&#039;
Driver info: org.openqa.selenium.chrome.ChromeDriver
Capabilities [{applicationCacheEnabled=false, rotatable=false, mobileEmulationEnabled=false, networkConnectionEnabled=false, chrome={chromedriverVersion=2.36.540470 (e522d04694c7ebea4ba8821272dbef4f9b818c91), userDataDir=C:\Users\JAIN~1.ANU\AppData\Local\Temp\scoped_dir2400_14516}, takesHeapSnapshot=true, pageLoadStrategy=normal, databaseEnabled=false, handlesAlerts=true, hasTouchScreen=false, version=66.0.3359.139, platform=XP, browserConnectionEnabled=false, nativeEvents=true, acceptSslCerts=false, acceptInsecureCerts=false, locationContextEnabled=true, webStorageEnabled=true, browserName=chrome, takesScreenshot=true, javascriptEnabled=true, cssSelectorsEnabled=true, setWindowRect=true, unexpectedAlertBehaviour=}]
Session ID: 4c81b7b87f7ff42df4fcee421f25ccb3
*** Element info: {Using=xpath, value=.//*[@id=&#039;btnSubmit&#039;]}">
      <![CDATA[org.openqa.selenium.NoSuchElementException: no such element: Unable to locate element: {"method":"xpath","selector":".//*[@id='btnSubmit']"}
  (Session info: chrome=66.0.3359.139)
  (Driver info: chromedriver=2.36.540470 (e522d04694c7ebea4ba8821272dbef4f9b818c91),platform=Windows NT 6.1.7601 SP1 x86_64) (WARNING: The server did not provide any stacktrace information)
Command duration or timeout: 10.04 seconds
For documentation on this error, please visit: http://seleniumhq.org/exceptions/no_such_element.html
Build info: version: '2.48.2', revision: '41bccdd10cf2c0560f637404c2d96164b67d9d67', time: '2015-10-09 13:08:06'
System info: host: 'SDF4110IPM096', ip: '10.254.19.60', os.name: 'Windows 7', os.arch: 'amd64', os.version: '6.1', java.version: '1.8.0_171'
Driver info: org.openqa.selenium.chrome.ChromeDriver
Capabilities [{applicationCacheEnabled=false, rotatable=false, mobileEmulationEnabled=false, networkConnectionEnabled=false, chrome={chromedriverVersion=2.36.540470 (e522d04694c7ebea4ba8821272dbef4f9b818c91), userDataDir=C:\Users\JAIN~1.ANU\AppData\Local\Temp\scoped_dir2400_14516}, takesHeapSnapshot=true, pageLoadStrategy=normal, databaseEnabled=false, handlesAlerts=true, hasTouchScreen=false, version=66.0.3359.139, platform=XP, browserConnectionEnabled=false, nativeEvents=true, acceptSslCerts=false, acceptInsecureCerts=false, locationContextEnabled=true, webStorageEnabled=true, browserName=chrome, takesScreenshot=true, javascriptEnabled=true, cssSelectorsEnabled=true, setWindowRect=true, unexpectedAlertBehaviour=}]
Session ID: 4c81b7b87f7ff42df4fcee421f25ccb3
*** Element info: {Using=xpath, value=.//*[@id='btnSubmit']}
at sun.reflect.NativeConstructorAccessorImpl.newInstance0(Native Method)
at sun.reflect.NativeConstructorAccessorImpl.newInstance(NativeConstructorAccessorImpl.java:62)
at sun.reflect.DelegatingConstructorAccessorImpl.newInstance(DelegatingConstructorAccessorImpl.java:45)
at java.lang.reflect.Constructor.newInstance(Constructor.java:423)
at org.openqa.selenium.remote.ErrorHandler.createThrowable(ErrorHandler.java:206)
at org.openqa.selenium.remote.ErrorHandler.throwIfResponseFailed(ErrorHandler.java:158)
at org.openqa.selenium.remote.RemoteWebDriver.execute(RemoteWebDriver.java:647)
at org.openqa.selenium.remote.RemoteWebDriver.findElement(RemoteWebDriver.java:353)
at org.openqa.selenium.remote.RemoteWebDriver.findElementByXPath(RemoteWebDriver.java:490)
at org.openqa.selenium.By$ByXPath.findElement(By.java:361)
at org.openqa.selenium.remote.RemoteWebDriver.findElement(RemoteWebDriver.java:345)
at Keywords.click.clickTheButton(click.java:14)
at Executer.ExecuteKeywords.ExecuteTheKeywords(ExecuteKeywords.java:66)
at Executer.Execute.getSteps(Execute.java:26)
at sun.reflect.GeneratedMethodAccessor2.invoke(Unknown Source)
at sun.reflect.DelegatingMethodAccessorImpl.invoke(DelegatingMethodAccessorImpl.java:43)
at java.lang.reflect.Method.invoke(Method.java:498)
at org.testng.internal.MethodInvocationHelper.invokeMethod(MethodInvocationHelper.java:124)
at org.testng.internal.Invoker.invokeMethod(Invoker.java:580)
at org.testng.internal.Invoker.invokeTestMethod(Invoker.java:716)
at org.testng.internal.Invoker.invokeTestMethods(Invoker.java:988)
at org.testng.internal.TestMethodWorker.invokeTestMethods(TestMethodWorker.java:125)
at org.testng.internal.TestMethodWorker.run(TestMethodWorker.java:109)
at org.testng.TestRunner.privateRun(TestRunner.java:648)
at org.testng.TestRunner.run(TestRunner.java:505)
at org.testng.SuiteRunner.runTest(SuiteRunner.java:455)
at org.testng.SuiteRunner.runSequentially(SuiteRunner.java:450)
at org.testng.SuiteRunner.privateRun(SuiteRunner.java:415)
at org.testng.SuiteRunner.run(SuiteRunner.java:364)
at org.testng.SuiteRunnerWorker.runSuite(SuiteRunnerWorker.java:52)
at org.testng.SuiteRunnerWorker.run(SuiteRunnerWorker.java:84)
at org.testng.TestNG.runSuitesSequentially(TestNG.java:1208)
at org.testng.TestNG.runSuitesLocally(TestNG.java:1137)
at org.testng.TestNG.runSuites(TestNG.java:1049)
at org.testng.TestNG.run(TestNG.java:1017)
at org.testng.remote.AbstractRemoteTestNG.run(AbstractRemoteTestNG.java:114)
at org.testng.remote.RemoteTestNG.initAndRun(RemoteTestNG.java:251)
at org.testng.remote.RemoteTestNG.main(RemoteTestNG.java:77)
]]>
    </error>
  </testcase> <!-- getSteps -->
  <testcase name="getSteps" time="0.084" classname="Executer.Execute"/>
  <testcase name="getSteps" time="0.946" classname="Executer.Execute"/>
  <testcase name="getSteps" time="1.643" classname="Executer.Execute"/>
  <testcase name="getSteps" time="0.073" classname="Executer.Execute"/>
  <testcase name="getSteps" time="1.437" classname="Executer.Execute"/>
  <testcase name="getSteps" time="2.628" classname="Executer.Execute"/>
  <testcase name="getSteps" time="3.530" classname="Executer.Execute"/>
  <testcase name="getSteps" time="0.085" classname="Executer.Execute"/>
  <testcase name="getSteps" time="0.885" classname="Executer.Execute"/>
  <testcase name="getSteps" time="0.074" classname="Executer.Execute"/>
  <testcase name="getSteps" time="2.654" classname="Executer.Execute"/>
  <testcase name="getSteps" time="0.069" classname="Executer.Execute"/>
  <testcase name="getSteps" time="0.084" classname="Executer.Execute"/>
  <testcase name="getSteps" time="0.097" classname="Executer.Execute"/>
  <testcase name="getSteps" time="0.078" classname="Executer.Execute"/>
  <testcase name="getSteps" time="0.072" classname="Executer.Execute"/>
  <testcase name="getSteps" time="0.081" classname="Executer.Execute"/>
  <testcase name="getSteps" time="0.099" classname="Executer.Execute"/>
  <testcase name="getSteps" time="0.073" classname="Executer.Execute"/>
  <testcase name="getSteps" time="11.663" classname="Executer.Execute">
    <error type="org.openqa.selenium.NoSuchElementException" message="no such element: Unable to locate element: {&quot;method&quot;:&quot;xpath&quot;,&quot;selector&quot;:&quot;.//*[@id=&#039;choice1&#039;]&quot;}
  (Session info: chrome=66.0.3359.139)
  (Driver info: chromedriver=2.36.540470 (e522d04694c7ebea4ba8821272dbef4f9b818c91),platform=Windows NT 6.1.7601 SP1 x86_64) (WARNING: The server did not provide any stacktrace information)
Command duration or timeout: 10.86 seconds
For documentation on this error, please visit: http://seleniumhq.org/exceptions/no_such_element.html
Build info: version: &#039;2.48.2&#039;, revision: &#039;41bccdd10cf2c0560f637404c2d96164b67d9d67&#039;, time: &#039;2015-10-09 13:08:06&#039;
System info: host: &#039;SDF4110IPM096&#039;, ip: &#039;10.254.19.60&#039;, os.name: &#039;Windows 7&#039;, os.arch: &#039;amd64&#039;, os.version: &#039;6.1&#039;, java.version: &#039;1.8.0_171&#039;
Driver info: org.openqa.selenium.chrome.ChromeDriver
Capabilities [{applicationCacheEnabled=false, rotatable=false, mobileEmulationEnabled=false, networkConnectionEnabled=false, chrome={chromedriverVersion=2.36.540470 (e522d04694c7ebea4ba8821272dbef4f9b818c91), userDataDir=C:\Users\JAIN~1.ANU\AppData\Local\Temp\scoped_dir2400_14516}, takesHeapSnapshot=true, pageLoadStrategy=normal, databaseEnabled=false, handlesAlerts=true, hasTouchScreen=false, version=66.0.3359.139, platform=XP, browserConnectionEnabled=false, nativeEvents=true, acceptSslCerts=false, acceptInsecureCerts=false, locationContextEnabled=true, webStorageEnabled=true, browserName=chrome, takesScreenshot=true, javascriptEnabled=true, cssSelectorsEnabled=true, setWindowRect=true, unexpectedAlertBehaviour=}]
Session ID: 4c81b7b87f7ff42df4fcee421f25ccb3
*** Element info: {Using=xpath, value=.//*[@id=&#039;choice1&#039;]}">
      <![CDATA[org.openqa.selenium.NoSuchElementException: no such element: Unable to locate element: {"method":"xpath","selector":".//*[@id='choice1']"}
  (Session info: chrome=66.0.3359.139)
  (Driver info: chromedriver=2.36.540470 (e522d04694c7ebea4ba8821272dbef4f9b818c91),platform=Windows NT 6.1.7601 SP1 x86_64) (WARNING: The server did not provide any stacktrace information)
Command duration or timeout: 10.86 seconds
For documentation on this error, please visit: http://seleniumhq.org/exceptions/no_such_element.html
Build info: version: '2.48.2', revision: '41bccdd10cf2c0560f637404c2d96164b67d9d67', time: '2015-10-09 13:08:06'
System info: host: 'SDF4110IPM096', ip: '10.254.19.60', os.name: 'Windows 7', os.arch: 'amd64', os.version: '6.1', java.version: '1.8.0_171'
Driver info: org.openqa.selenium.chrome.ChromeDriver
Capabilities [{applicationCacheEnabled=false, rotatable=false, mobileEmulationEnabled=false, networkConnectionEnabled=false, chrome={chromedriverVersion=2.36.540470 (e522d04694c7ebea4ba8821272dbef4f9b818c91), userDataDir=C:\Users\JAIN~1.ANU\AppData\Local\Temp\scoped_dir2400_14516}, takesHeapSnapshot=true, pageLoadStrategy=normal, databaseEnabled=false, handlesAlerts=true, hasTouchScreen=false, version=66.0.3359.139, platform=XP, browserConnectionEnabled=false, nativeEvents=true, acceptSslCerts=false, acceptInsecureCerts=false, locationContextEnabled=true, webStorageEnabled=true, browserName=chrome, takesScreenshot=true, javascriptEnabled=true, cssSelectorsEnabled=true, setWindowRect=true, unexpectedAlertBehaviour=}]
Session ID: 4c81b7b87f7ff42df4fcee421f25ccb3
*** Element info: {Using=xpath, value=.//*[@id='choice1']}
at sun.reflect.NativeConstructorAccessorImpl.newInstance0(Native Method)
at sun.reflect.NativeConstructorAccessorImpl.newInstance(NativeConstructorAccessorImpl.java:62)
at sun.reflect.DelegatingConstructorAccessorImpl.newInstance(DelegatingConstructorAccessorImpl.java:45)
at java.lang.reflect.Constructor.newInstance(Constructor.java:423)
at org.openqa.selenium.remote.ErrorHandler.createThrowable(ErrorHandler.java:206)
at org.openqa.selenium.remote.ErrorHandler.throwIfResponseFailed(ErrorHandler.java:158)
at org.openqa.selenium.remote.RemoteWebDriver.execute(RemoteWebDriver.java:647)
at org.openqa.selenium.remote.RemoteWebDriver.findElement(RemoteWebDriver.java:353)
at org.openqa.selenium.remote.RemoteWebDriver.findElementByXPath(RemoteWebDriver.java:490)
at org.openqa.selenium.By$ByXPath.findElement(By.java:361)
at org.openqa.selenium.remote.RemoteWebDriver.findElement(RemoteWebDriver.java:345)
at Keywords.click.clickTheButton(click.java:14)
at Executer.ExecuteKeywords.ExecuteTheKeywords(ExecuteKeywords.java:66)
at Executer.Execute.getSteps(Execute.java:26)
at sun.reflect.GeneratedMethodAccessor2.invoke(Unknown Source)
at sun.reflect.DelegatingMethodAccessorImpl.invoke(DelegatingMethodAccessorImpl.java:43)
at java.lang.reflect.Method.invoke(Method.java:498)
at org.testng.internal.MethodInvocationHelper.invokeMethod(MethodInvocationHelper.java:124)
at org.testng.internal.Invoker.invokeMethod(Invoker.java:580)
at org.testng.internal.Invoker.invokeTestMethod(Invoker.java:716)
at org.testng.internal.Invoker.invokeTestMethods(Invoker.java:988)
at org.testng.internal.TestMethodWorker.invokeTestMethods(TestMethodWorker.java:125)
at org.testng.internal.TestMethodWorker.run(TestMethodWorker.java:109)
at org.testng.TestRunner.privateRun(TestRunner.java:648)
at org.testng.TestRunner.run(TestRunner.java:505)
at org.testng.SuiteRunner.runTest(SuiteRunner.java:455)
at org.testng.SuiteRunner.runSequentially(SuiteRunner.java:450)
at org.testng.SuiteRunner.privateRun(SuiteRunner.java:415)
at org.testng.SuiteRunner.run(SuiteRunner.java:364)
at org.testng.SuiteRunnerWorker.runSuite(SuiteRunnerWorker.java:52)
at org.testng.SuiteRunnerWorker.run(SuiteRunnerWorker.java:84)
at org.testng.TestNG.runSuitesSequentially(TestNG.java:1208)
at org.testng.TestNG.runSuitesLocally(TestNG.java:1137)
at org.testng.TestNG.runSuites(TestNG.java:1049)
at org.testng.TestNG.run(TestNG.java:1017)
at org.testng.remote.AbstractRemoteTestNG.run(AbstractRemoteTestNG.java:114)
at org.testng.remote.RemoteTestNG.initAndRun(RemoteTestNG.java:251)
at org.testng.remote.RemoteTestNG.main(RemoteTestNG.java:77)
]]>
    </error>
  </testcase> <!-- getSteps -->
  <testcase name="getSteps" time="0.070" classname="Executer.Execute"/>
  <testcase name="getSteps" time="0.069" classname="Executer.Execute"/>
  <testcase name="getSteps" time="0.077" classname="Executer.Execute"/>
  <testcase name="getSteps" time="0.070" classname="Executer.Execute"/>
  <testcase name="getSteps" time="0.075" classname="Executer.Execute"/>
  <testcase name="getSteps" time="1.115" classname="Executer.Execute"/>
  <testcase name="getSteps" time="0.070" classname="Executer.Execute"/>
  <testcase name="getSteps" time="0.076" classname="Executer.Execute"/>
  <testcase name="getSteps" time="0.843" classname="Executer.Execute"/>
  <testcase name="getSteps" time="1.838" classname="Executer.Execute"/>
  <testcase name="getSteps" time="0.238" classname="Executer.Execute"/>
  <testcase name="getSteps" time="0.070" classname="Executer.Execute"/>
  <testcase name="getSteps" time="0.070" classname="Executer.Execute"/>
  <testcase name="getSteps" time="0.078" classname="Executer.Execute"/>
  <testcase name="getSteps" time="0.076" classname="Executer.Execute"/>
  <testcase name="getSteps" time="0.603" classname="Executer.Execute">
    <error type="org.openqa.selenium.WebDriverException" message="unknown error: Element &lt;a href=&quot;&quot; tabindex=&quot;0&quot; class=&quot;k-button k-button-icontext&quot; id=&quot;viewTransaction&quot; data-uid=&quot;cf54a458-6c0c-475d-bb87-b079c4353a3a&quot; data-overflow=&quot;auto&quot; style=&quot;visibility: visible;&quot;&gt;...&lt;/a&gt; is not clickable at point (501, 172). Other element would receive the click: &lt;div id=&quot;vbasic&quot; class=&quot;formcss vactive&quot;&gt;...&lt;/div&gt;
  (Session info: chrome=66.0.3359.139)
  (Driver info: chromedriver=2.36.540470 (e522d04694c7ebea4ba8821272dbef4f9b818c91),platform=Windows NT 6.1.7601 SP1 x86_64) (WARNING: The server did not provide any stacktrace information)
Command duration or timeout: 62 milliseconds
Build info: version: &#039;2.48.2&#039;, revision: &#039;41bccdd10cf2c0560f637404c2d96164b67d9d67&#039;, time: &#039;2015-10-09 13:08:06&#039;
System info: host: &#039;SDF4110IPM096&#039;, ip: &#039;10.254.19.60&#039;, os.name: &#039;Windows 7&#039;, os.arch: &#039;amd64&#039;, os.version: &#039;6.1&#039;, java.version: &#039;1.8.0_171&#039;
Driver info: org.openqa.selenium.chrome.ChromeDriver
Capabilities [{applicationCacheEnabled=false, rotatable=false, mobileEmulationEnabled=false, networkConnectionEnabled=false, chrome={chromedriverVersion=2.36.540470 (e522d04694c7ebea4ba8821272dbef4f9b818c91), userDataDir=C:\Users\JAIN~1.ANU\AppData\Local\Temp\scoped_dir6548_10858}, takesHeapSnapshot=true, pageLoadStrategy=normal, databaseEnabled=false, handlesAlerts=true, hasTouchScreen=false, version=66.0.3359.139, platform=XP, browserConnectionEnabled=false, nativeEvents=true, acceptSslCerts=false, acceptInsecureCerts=false, locationContextEnabled=true, webStorageEnabled=true, browserName=chrome, takesScreenshot=true, javascriptEnabled=true, cssSelectorsEnabled=true, setWindowRect=true, unexpectedAlertBehaviour=}]
Session ID: 83a937091f481aea647c525b32557181">
      <![CDATA[org.openqa.selenium.WebDriverException: unknown error: Element <a href="" tabindex="0" class="k-button k-button-icontext" id="viewTransaction" data-uid="cf54a458-6c0c-475d-bb87-b079c4353a3a" data-overflow="auto" style="visibility: visible;">...</a> is not clickable at point (501, 172). Other element would receive the click: <div id="vbasic" class="formcss vactive">...</div>
  (Session info: chrome=66.0.3359.139)
  (Driver info: chromedriver=2.36.540470 (e522d04694c7ebea4ba8821272dbef4f9b818c91),platform=Windows NT 6.1.7601 SP1 x86_64) (WARNING: The server did not provide any stacktrace information)
Command duration or timeout: 62 milliseconds
Build info: version: '2.48.2', revision: '41bccdd10cf2c0560f637404c2d96164b67d9d67', time: '2015-10-09 13:08:06'
System info: host: 'SDF4110IPM096', ip: '10.254.19.60', os.name: 'Windows 7', os.arch: 'amd64', os.version: '6.1', java.version: '1.8.0_171'
Driver info: org.openqa.selenium.chrome.ChromeDriver
Capabilities [{applicationCacheEnabled=false, rotatable=false, mobileEmulationEnabled=false, networkConnectionEnabled=false, chrome={chromedriverVersion=2.36.540470 (e522d04694c7ebea4ba8821272dbef4f9b818c91), userDataDir=C:\Users\JAIN~1.ANU\AppData\Local\Temp\scoped_dir6548_10858}, takesHeapSnapshot=true, pageLoadStrategy=normal, databaseEnabled=false, handlesAlerts=true, hasTouchScreen=false, version=66.0.3359.139, platform=XP, browserConnectionEnabled=false, nativeEvents=true, acceptSslCerts=false, acceptInsecureCerts=false, locationContextEnabled=true, webStorageEnabled=true, browserName=chrome, takesScreenshot=true, javascriptEnabled=true, cssSelectorsEnabled=true, setWindowRect=true, unexpectedAlertBehaviour=}]
Session ID: 83a937091f481aea647c525b32557181
at sun.reflect.NativeConstructorAccessorImpl.newInstance0(Native Method)
at sun.reflect.NativeConstructorAccessorImpl.newInstance(NativeConstructorAccessorImpl.java:62)
at sun.reflect.DelegatingConstructorAccessorImpl.newInstance(DelegatingConstructorAccessorImpl.java:45)
at java.lang.reflect.Constructor.newInstance(Constructor.java:423)
at org.openqa.selenium.remote.ErrorHandler.createThrowable(ErrorHandler.java:206)
at org.openqa.selenium.remote.ErrorHandler.throwIfResponseFailed(ErrorHandler.java:158)
at org.openqa.selenium.remote.RemoteWebDriver.execute(RemoteWebDriver.java:647)
at org.openqa.selenium.remote.RemoteWebElement.execute(RemoteWebElement.java:326)
at org.openqa.selenium.remote.RemoteWebElement.click(RemoteWebElement.java:84)
at Keywords.click.clickTheButton(click.java:14)
at Executer.ExecuteKeywords.ExecuteTheKeywords(ExecuteKeywords.java:66)
at Executer.Execute.getSteps(Execute.java:26)
at sun.reflect.GeneratedMethodAccessor2.invoke(Unknown Source)
at sun.reflect.DelegatingMethodAccessorImpl.invoke(DelegatingMethodAccessorImpl.java:43)
at java.lang.reflect.Method.invoke(Method.java:498)
at org.testng.internal.MethodInvocationHelper.invokeMethod(MethodInvocationHelper.java:124)
at org.testng.internal.Invoker.invokeMethod(Invoker.java:580)
at org.testng.internal.Invoker.invokeTestMethod(Invoker.java:716)
at org.testng.internal.Invoker.invokeTestMethods(Invoker.java:988)
at org.testng.internal.TestMethodWorker.invokeTestMethods(TestMethodWorker.java:125)
at org.testng.internal.TestMethodWorker.run(TestMethodWorker.java:109)
at org.testng.TestRunner.privateRun(TestRunner.java:648)
at org.testng.TestRunner.run(TestRunner.java:505)
at org.testng.SuiteRunner.runTest(SuiteRunner.java:455)
at org.testng.SuiteRunner.runSequentially(SuiteRunner.java:450)
at org.testng.SuiteRunner.privateRun(SuiteRunner.java:415)
at org.testng.SuiteRunner.run(SuiteRunner.java:364)
at org.testng.SuiteRunnerWorker.runSuite(SuiteRunnerWorker.java:52)
at org.testng.SuiteRunnerWorker.run(SuiteRunnerWorker.java:84)
at org.testng.TestNG.runSuitesSequentially(TestNG.java:1208)
at org.testng.TestNG.runSuitesLocally(TestNG.java:1137)
at org.testng.TestNG.runSuites(TestNG.java:1049)
at org.testng.TestNG.run(TestNG.java:1017)
at org.testng.remote.AbstractRemoteTestNG.run(AbstractRemoteTestNG.java:114)
at org.testng.remote.RemoteTestNG.initAndRun(RemoteTestNG.java:251)
at org.testng.remote.RemoteTestNG.main(RemoteTestNG.java:77)
]]>
    </error>
  </testcase> <!-- getSteps -->
  <testcase name="getSteps" time="0.080" classname="Executer.Execute"/>
  <testcase name="getSteps" time="0.072" classname="Executer.Execute"/>
  <testcase name="getSteps" time="0.074" classname="Executer.Execute"/>
  <testcase name="getSteps" time="1.132" classname="Executer.Execute"/>
  <testcase name="getSteps" time="0.094" classname="Executer.Execute"/>
  <testcase name="getSteps" time="0.085" classname="Executer.Execute"/>
  <testcase name="getSteps" time="0.443" classname="Executer.Execute">
    <error type="org.openqa.selenium.UnhandledAlertException" message="unexpected alert open: {Alert text : Transaction save successfully}
  (Session info: chrome=66.0.3359.139)
  (Driver info: chromedriver=2.36.540470 (e522d04694c7ebea4ba8821272dbef4f9b818c91),platform=Windows NT 6.1.7601 SP1 x86_64) (WARNING: The server did not provide any stacktrace information)
Command duration or timeout: 4 milliseconds: null
Build info: version: &#039;2.48.2&#039;, revision: &#039;41bccdd10cf2c0560f637404c2d96164b67d9d67&#039;, time: &#039;2015-10-09 13:08:06&#039;
System info: host: &#039;SDF4110IPM096&#039;, ip: &#039;10.254.19.60&#039;, os.name: &#039;Windows 7&#039;, os.arch: &#039;amd64&#039;, os.version: &#039;6.1&#039;, java.version: &#039;1.8.0_171&#039;
Driver info: org.openqa.selenium.chrome.ChromeDriver
Capabilities [{applicationCacheEnabled=false, rotatable=false, mobileEmulationEnabled=false, networkConnectionEnabled=false, chrome={chromedriverVersion=2.36.540470 (e522d04694c7ebea4ba8821272dbef4f9b818c91), userDataDir=C:\Users\JAIN~1.ANU\AppData\Local\Temp\scoped_dir2684_27627}, takesHeapSnapshot=true, pageLoadStrategy=normal, databaseEnabled=false, handlesAlerts=true, hasTouchScreen=false, version=66.0.3359.139, platform=XP, browserConnectionEnabled=false, nativeEvents=true, acceptSslCerts=false, acceptInsecureCerts=false, locationContextEnabled=true, webStorageEnabled=true, browserName=chrome, takesScreenshot=true, javascriptEnabled=true, cssSelectorsEnabled=true, setWindowRect=true, unexpectedAlertBehaviour=}]
Session ID: 2a403a1df2e40b1638af2e2db7b2b704">
      <![CDATA[org.openqa.selenium.UnhandledAlertException: unexpected alert open: {Alert text : Transaction save successfully}
  (Session info: chrome=66.0.3359.139)
  (Driver info: chromedriver=2.36.540470 (e522d04694c7ebea4ba8821272dbef4f9b818c91),platform=Windows NT 6.1.7601 SP1 x86_64) (WARNING: The server did not provide any stacktrace information)
Command duration or timeout: 4 milliseconds: null
Build info: version: '2.48.2', revision: '41bccdd10cf2c0560f637404c2d96164b67d9d67', time: '2015-10-09 13:08:06'
System info: host: 'SDF4110IPM096', ip: '10.254.19.60', os.name: 'Windows 7', os.arch: 'amd64', os.version: '6.1', java.version: '1.8.0_171'
Driver info: org.openqa.selenium.chrome.ChromeDriver
Capabilities [{applicationCacheEnabled=false, rotatable=false, mobileEmulationEnabled=false, networkConnectionEnabled=false, chrome={chromedriverVersion=2.36.540470 (e522d04694c7ebea4ba8821272dbef4f9b818c91), userDataDir=C:\Users\JAIN~1.ANU\AppData\Local\Temp\scoped_dir2684_27627}, takesHeapSnapshot=true, pageLoadStrategy=normal, databaseEnabled=false, handlesAlerts=true, hasTouchScreen=false, version=66.0.3359.139, platform=XP, browserConnectionEnabled=false, nativeEvents=true, acceptSslCerts=false, acceptInsecureCerts=false, locationContextEnabled=true, webStorageEnabled=true, browserName=chrome, takesScreenshot=true, javascriptEnabled=true, cssSelectorsEnabled=true, setWindowRect=true, unexpectedAlertBehaviour=}]
Session ID: 2a403a1df2e40b1638af2e2db7b2b704
at sun.reflect.NativeConstructorAccessorImpl.newInstance0(Native Method)
at sun.reflect.NativeConstructorAccessorImpl.newInstance(NativeConstructorAccessorImpl.java:62)
at sun.reflect.DelegatingConstructorAccessorImpl.newInstance(DelegatingConstructorAccessorImpl.java:45)
at java.lang.reflect.Constructor.newInstance(Constructor.java:423)
at org.openqa.selenium.remote.ErrorHandler.createThrowable(ErrorHandler.java:206)
at org.openqa.selenium.remote.ErrorHandler.throwIfResponseFailed(ErrorHandler.java:164)
at org.openqa.selenium.remote.RemoteWebDriver.execute(RemoteWebDriver.java:647)
at org.openqa.selenium.remote.RemoteWebDriver.executeScript(RemoteWebDriver.java:556)
at Keywords.Logout.LoginLogoutVerify(Logout.java:14)
at Executer.ExecuteKeywords.ExecuteTheKeywords(ExecuteKeywords.java:86)
at Executer.Execute.getSteps(Execute.java:26)
at sun.reflect.GeneratedMethodAccessor2.invoke(Unknown Source)
at sun.reflect.DelegatingMethodAccessorImpl.invoke(DelegatingMethodAccessorImpl.java:43)
at java.lang.reflect.Method.invoke(Method.java:498)
at org.testng.internal.MethodInvocationHelper.invokeMethod(MethodInvocationHelper.java:124)
at org.testng.internal.Invoker.invokeMethod(Invoker.java:580)
at org.testng.internal.Invoker.invokeTestMethod(Invoker.java:716)
at org.testng.internal.Invoker.invokeTestMethods(Invoker.java:988)
at org.testng.internal.TestMethodWorker.invokeTestMethods(TestMethodWorker.java:125)
at org.testng.internal.TestMethodWorker.run(TestMethodWorker.java:109)
at org.testng.TestRunner.privateRun(TestRunner.java:648)
at org.testng.TestRunner.run(TestRunner.java:505)
at org.testng.SuiteRunner.runTest(SuiteRunner.java:455)
at org.testng.SuiteRunner.runSequentially(SuiteRunner.java:450)
at org.testng.SuiteRunner.privateRun(SuiteRunner.java:415)
at org.testng.SuiteRunner.run(SuiteRunner.java:364)
at org.testng.SuiteRunnerWorker.runSuite(SuiteRunnerWorker.java:52)
at org.testng.SuiteRunnerWorker.run(SuiteRunnerWorker.java:84)
at org.testng.TestNG.runSuitesSequentially(TestNG.java:1208)
at org.testng.TestNG.runSuitesLocally(TestNG.java:1137)
at org.testng.TestNG.runSuites(TestNG.java:1049)
at org.testng.TestNG.run(TestNG.java:1017)
at org.testng.remote.AbstractRemoteTestNG.run(AbstractRemoteTestNG.java:114)
at org.testng.remote.RemoteTestNG.initAndRun(RemoteTestNG.java:251)
at org.testng.remote.RemoteTestNG.main(RemoteTestNG.java:77)
]]>
    </error>
  </testcase> <!-- getSteps -->
  <testcase name="getSteps" time="0.080" classname="Executer.Execute"/>
  <testcase name="getSteps" time="0.070" classname="Executer.Execute"/>
  <testcase name="getSteps" time="0.633" classname="Executer.Execute"/>
  <testcase name="getSteps" time="0.083" classname="Executer.Execute"/>
  <testcase name="getSteps" time="0.073" classname="Executer.Execute"/>
  <testcase name="getSteps" time="0.461" classname="Executer.Execute">
    <error type="com.microsoft.sqlserver.jdbc.SQLServerException" message="Login failed for user &#039;sa&#039;. ClientConnectionId:0ac747da-f221-44f5-ac23-b13e9252bb69">
      <![CDATA[com.microsoft.sqlserver.jdbc.SQLServerException: Login failed for user 'sa'. ClientConnectionId:0ac747da-f221-44f5-ac23-b13e9252bb69
at com.microsoft.sqlserver.jdbc.SQLServerException.makeFromDatabaseError(SQLServerException.java:232)
at com.microsoft.sqlserver.jdbc.TDSTokenHandler.onEOF(tdsparser.java:291)
at com.microsoft.sqlserver.jdbc.TDSParser.parse(tdsparser.java:111)
at com.microsoft.sqlserver.jdbc.SQLServerConnection.sendLogon(SQLServerConnection.java:4376)
at com.microsoft.sqlserver.jdbc.SQLServerConnection.logon(SQLServerConnection.java:3188)
at com.microsoft.sqlserver.jdbc.SQLServerConnection.access$100(SQLServerConnection.java:61)
at com.microsoft.sqlserver.jdbc.SQLServerConnection$LogonCommand.doExecute(SQLServerConnection.java:3151)
at com.microsoft.sqlserver.jdbc.TDSCommand.execute(IOBuffer.java:7535)
at com.microsoft.sqlserver.jdbc.SQLServerConnection.executeCommand(SQLServerConnection.java:2438)
at com.microsoft.sqlserver.jdbc.SQLServerConnection.connectHelper(SQLServerConnection.java:1973)
at com.microsoft.sqlserver.jdbc.SQLServerConnection.login(SQLServerConnection.java:1616)
at com.microsoft.sqlserver.jdbc.SQLServerConnection.connectInternal(SQLServerConnection.java:1447)
at com.microsoft.sqlserver.jdbc.SQLServerConnection.connect(SQLServerConnection.java:788)
at com.microsoft.sqlserver.jdbc.SQLServerDriver.connect(SQLServerDriver.java:1187)
at java.sql.DriverManager.getConnection(DriverManager.java:664)
at java.sql.DriverManager.getConnection(DriverManager.java:247)
at Keywords.DBConnection.ConnectionToDB(DBConnection.java:25)
at Executer.ExecuteKeywords.ExecuteTheKeywords(ExecuteKeywords.java:142)
at Executer.Execute.getSteps(Execute.java:26)
at sun.reflect.GeneratedMethodAccessor2.invoke(Unknown Source)
at sun.reflect.DelegatingMethodAccessorImpl.invoke(DelegatingMethodAccessorImpl.java:43)
at java.lang.reflect.Method.invoke(Method.java:498)
at org.testng.internal.MethodInvocationHelper.invokeMethod(MethodInvocationHelper.java:124)
at org.testng.internal.Invoker.invokeMethod(Invoker.java:580)
at org.testng.internal.Invoker.invokeTestMethod(Invoker.java:716)
at org.testng.internal.Invoker.invokeTestMethods(Invoker.java:988)
at org.testng.internal.TestMethodWorker.invokeTestMethods(TestMethodWorker.java:125)
at org.testng.internal.TestMethodWorker.run(TestMethodWorker.java:109)
at org.testng.TestRunner.privateRun(TestRunner.java:648)
at org.testng.TestRunner.run(TestRunner.java:505)
at org.testng.SuiteRunner.runTest(SuiteRunner.java:455)
at org.testng.SuiteRunner.runSequentially(SuiteRunner.java:450)
at org.testng.SuiteRunner.privateRun(SuiteRunner.java:415)
at org.testng.SuiteRunner.run(SuiteRunner.java:364)
at org.testng.SuiteRunnerWorker.runSuite(SuiteRunnerWorker.java:52)
at org.testng.SuiteRunnerWorker.run(SuiteRunnerWorker.java:84)
at org.testng.TestNG.runSuitesSequentially(TestNG.java:1208)
at org.testng.TestNG.runSuitesLocally(TestNG.java:1137)
at org.testng.TestNG.runSuites(TestNG.java:1049)
at org.testng.TestNG.run(TestNG.java:1017)
at org.testng.remote.AbstractRemoteTestNG.run(AbstractRemoteTestNG.java:114)
at org.testng.remote.RemoteTestNG.initAndRun(RemoteTestNG.java:251)
at org.testng.remote.RemoteTestNG.main(RemoteTestNG.java:77)
]]>
    </error>
  </testcase> <!-- getSteps -->
  <testcase name="getSteps" time="0.087" classname="Executer.Execute"/>
  <testcase name="getSteps" time="0.083" classname="Executer.Execute"/>
  <testcase name="getSteps" time="0.073" classname="Executer.Execute"/>
  <testcase name="getSteps" time="0.073" classname="Executer.Execute"/>
  <testcase name="getSteps" time="0.724" classname="Executer.Execute"/>
  <testcase name="getSteps" time="0.074" classname="Executer.Execute"/>
  <testcase name="getSteps" time="1.761" classname="Executer.Execute"/>
  <testcase name="getSteps" time="1.796" classname="Executer.Execute"/>
  <testcase name="getSteps" time="0.100" classname="Executer.Execute"/>
  <testcase name="getSteps" time="0.070" classname="Executer.Execute"/>
  <testcase name="getSteps" time="0.129" classname="Executer.Execute"/>
  <testcase name="getSteps" time="2.467" classname="Executer.Execute"/>
  <testcase name="getSteps" time="0.071" classname="Executer.Execute"/>
  <testcase name="getSteps" time="1.678" classname="Executer.Execute"/>
  <testcase name="getSteps" time="0.076" classname="Executer.Execute"/>
  <testcase name="getSteps" time="0.073" classname="Executer.Execute"/>
  <testcase name="getSteps" time="0.076" classname="Executer.Execute"/>
  <testcase name="getSteps" time="0.070" classname="Executer.Execute"/>
  <testcase name="getSteps" time="0.073" classname="Executer.Execute"/>
  <testcase name="getSteps" time="0.097" classname="Executer.Execute"/>
  <testcase name="getSteps" time="0.135" classname="Executer.Execute"/>
  <testcase name="getSteps" time="0.071" classname="Executer.Execute"/>
  <testcase name="getSteps" time="1.848" classname="Executer.Execute"/>
  <testcase name="getSteps" time="0.096" classname="Executer.Execute"/>
  <testcase name="getSteps" time="0.254" classname="Executer.Execute"/>
  <testcase name="getSteps" time="0.085" classname="Executer.Execute"/>
  <testcase name="getSteps" time="0.080" classname="Executer.Execute"/>
  <testcase name="getSteps" time="0.071" classname="Executer.Execute"/>
  <testcase name="getSteps" time="0.070" classname="Executer.Execute"/>
  <testcase name="getSteps" time="1.061" classname="Executer.Execute"/>
  <testcase name="getSteps" time="0.070" classname="Executer.Execute"/>
  <testcase name="getSteps" time="0.075" classname="Executer.Execute"/>
  <testcase name="getSteps" time="0.080" classname="Executer.Execute"/>
  <testcase name="getSteps" time="1.132" classname="Executer.Execute"/>
  <testcase name="getSteps" time="6.506" classname="Executer.Execute"/>
  <testcase name="getSteps" time="0.085" classname="Executer.Execute"/>
  <testcase name="getSteps" time="0.178" classname="Executer.Execute"/>
  <testcase name="getSteps" time="0.070" classname="Executer.Execute"/>
  <testcase name="getSteps" time="0.070" classname="Executer.Execute"/>
  <testcase name="getSteps" time="1.348" classname="Executer.Execute"/>
  <testcase name="getSteps" time="0.069" classname="Executer.Execute"/>
  <testcase name="getSteps" time="1.555" classname="Executer.Execute"/>
  <testcase name="getSteps" time="0.070" classname="Executer.Execute"/>
  <testcase name="getSteps" time="0.097" classname="Executer.Execute"/>
  <testcase name="getSteps" time="0.115" classname="Executer.Execute"/>
  <testcase name="getSteps" time="0.070" classname="Executer.Execute"/>
  <testcase name="getSteps" time="1.110" classname="Executer.Execute"/>
  <testcase name="getSteps" time="0.075" classname="Executer.Execute"/>
  <testcase name="getSteps" time="0.070" classname="Executer.Execute"/>
  <testcase name="getSteps" time="0.980" classname="Executer.Execute"/>
  <testcase name="getSteps" time="0.069" classname="Executer.Execute"/>
  <testcase name="getSteps" time="0.071" classname="Executer.Execute"/>
  <testcase name="getSteps" time="0.070" classname="Executer.Execute"/>
  <testcase name="getSteps" time="0.102" classname="Executer.Execute"/>
  <testcase name="getSteps" time="0.070" classname="Executer.Execute"/>
  <testcase name="getSteps" time="0.077" classname="Executer.Execute"/>
  <testcase name="getSteps" time="0.070" classname="Executer.Execute"/>
  <testcase name="getSteps" time="0.074" classname="Executer.Execute"/>
  <testcase name="getSteps" time="0.070" classname="Executer.Execute"/>
  <testcase name="getSteps" time="0.095" classname="Executer.Execute"/>
  <testcase name="getSteps" time="0.070" classname="Executer.Execute"/>
  <testcase name="getSteps" time="0.114" classname="Executer.Execute"/>
  <testcase name="getSteps" time="0.076" classname="Executer.Execute"/>
  <testcase name="getSteps" time="0.075" classname="Executer.Execute"/>
  <testcase name="getSteps" time="0.093" classname="Executer.Execute"/>
  <testcase name="getSteps" time="0.074" classname="Executer.Execute"/>
  <testcase name="getSteps" time="0.077" classname="Executer.Execute"/>
  <testcase name="getSteps" time="0.092" classname="Executer.Execute"/>
  <testcase name="getSteps" time="0.070" classname="Executer.Execute"/>
  <testcase name="getSteps" time="0.073" classname="Executer.Execute"/>
  <testcase name="getSteps" time="3.446" classname="Executer.Execute"/>
  <testcase name="getSteps" time="0.072" classname="Executer.Execute"/>
  <testcase name="getSteps" time="0.072" classname="Executer.Execute"/>
  <testcase name="getSteps" time="0.112" classname="Executer.Execute"/>
  <testcase name="getSteps" time="0.073" classname="Executer.Execute"/>
  <testcase name="getSteps" time="0.072" classname="Executer.Execute"/>
  <testcase name="getSteps" time="0.075" classname="Executer.Execute"/>
  <testcase name="getSteps" time="0.074" classname="Executer.Execute"/>
  <testcase name="getSteps" time="0.081" classname="Executer.Execute"/>
  <testcase name="getSteps" time="0.072" classname="Executer.Execute"/>
  <testcase name="getSteps" time="0.070" classname="Executer.Execute"/>
  <testcase name="getSteps" time="0.070" classname="Executer.Execute"/>
  <testcase name="getSteps" time="0.171" classname="Executer.Execute"/>
  <testcase name="getSteps" time="0.088" classname="Executer.Execute"/>
  <testcase name="getSteps" time="0.070" classname="Executer.Execute"/>
  <testcase name="getSteps" time="0.071" classname="Executer.Execute"/>
  <testcase name="getSteps" time="0.095" classname="Executer.Execute"/>
  <testcase name="getSteps" time="0.074" classname="Executer.Execute"/>
  <testcase name="getSteps" time="0.069" classname="Executer.Execute"/>
  <testcase name="getSteps" time="0.071" classname="Executer.Execute"/>
  <testcase name="getSteps" time="0.070" classname="Executer.Execute"/>
  <testcase name="getSteps" time="0.136" classname="Executer.Execute"/>
  <testcase name="getSteps" time="0.078" classname="Executer.Execute"/>
  <testcase name="getSteps" time="0.072" classname="Executer.Execute"/>
  <testcase name="getSteps" time="0.080" classname="Executer.Execute"/>
  <testcase name="getSteps" time="1.714" classname="Executer.Execute"/>
  <testcase name="getSteps" time="0.078" classname="Executer.Execute"/>
  <testcase name="getSteps" time="0.071" classname="Executer.Execute"/>
  <testcase name="getSteps" time="0.076" classname="Executer.Execute"/>
  <testcase name="getSteps" time="0.095" classname="Executer.Execute"/>
  <testcase name="getSteps" time="0.074" classname="Executer.Execute"/>
  <testcase name="getSteps" time="0.071" classname="Executer.Execute"/>
  <testcase name="getSteps" time="1.791" classname="Executer.Execute"/>
  <testcase name="getSteps" time="0.075" classname="Executer.Execute"/>
  <testcase name="getSteps" time="1.735" classname="Executer.Execute"/>
  <testcase name="getSteps" time="0.071" classname="Executer.Execute"/>
  <testcase name="getSteps" time="5.449" classname="Executer.Execute"/>
  <testcase name="getSteps" time="0.084" classname="Executer.Execute"/>
  <testcase name="getSteps" time="0.075" classname="Executer.Execute"/>
  <testcase name="getSteps" time="0.069" classname="Executer.Execute"/>
  <testcase name="getSteps" time="0.074" classname="Executer.Execute"/>
  <testcase name="getSteps" time="0.069" classname="Executer.Execute"/>
  <testcase name="getSteps" time="0.093" classname="Executer.Execute"/>
  <testcase name="getSteps" time="0.070" classname="Executer.Execute"/>
  <testcase name="getSteps" time="0.072" classname="Executer.Execute"/>
  <testcase name="getSteps" time="0.070" classname="Executer.Execute"/>
  <testcase name="getSteps" time="0.070" classname="Executer.Execute"/>
</testsuite> <!-- Executer.Execute -->
